#
# A fatal error has been detected by the Java Runtime Environment:
#
#  SIGSEGV (0xb) at pc=0x00007f4b5a0dcac7, pid=31714, tid=31719
#
# JRE version: Java(TM) SE Runtime Environment (9.0+11) (build 9.0.1+11)
# Java VM: Java HotSpot(TM) 64-Bit Server VM (9.0.1+11, mixed mode, tiered, compressed oops, g1 gc, linux-amd64)
# Problematic frame:
# C  [libtesseract.so.3.0.4+0x9dac7]  tesseract::Tesseract::recog_all_words(PAGE_RES*, ETEXT_DESC*, TBOX const*, char const*, int)+0x5e7
#
# Core dump will be written. Default location: Core dumps may be processed with "/usr/share/apport/apport %p %s %c %P" (or dumping to /home/yaw/Projects/ingrid/backend/core.31714)
#
# If you would like to submit a bug report, please visit:
#   http://bugreport.java.com/bugreport/crash.jsp
# The crash happened outside the Java Virtual Machine in native code.
# See problematic frame for where to report the bug.
#

---------------  S U M M A R Y ------------

Command Line: -Dfile.encoding=UTF-8 ch.ingrid.playground.TesseractExample

Host: Intel(R) Core(TM) i5-6260U CPU @ 1.80GHz, 4 cores, 15G, Ubuntu 16.04.3 LTS
Time: Thu Oct 19 23:16:28 2017 CEST elapsed time: 2 seconds (0d 0h 0m 2s)

---------------  T H R E A D  ---------------

Current thread (0x00007f4bdc012800):  JavaThread "main" [_thread_in_native, id=31719, stack(0x00007f4be5343000,0x00007f4be5443000)]

Stack: [0x00007f4be5343000,0x00007f4be5443000],  sp=0x00007f4be5440780,  free space=1013k
Native frames: (J=compiled Java code, A=aot compiled Java code, j=interpreted, Vv=VM code, C=native code)
C  [libtesseract.so.3.0.4+0x9dac7]  tesseract::Tesseract::recog_all_words(PAGE_RES*, ETEXT_DESC*, TBOX const*, char const*, int)+0x5e7

Java frames: (J=compiled Java code, j=interpreted, Vv=VM code)
j  com.sun.jna.Native.invokePointer(JI[Ljava/lang/Object;)J+0
j  com.sun.jna.Function.invokePointer(I[Ljava/lang/Object;)Lcom/sun/jna/Pointer;+6
j  com.sun.jna.Function.invoke([Ljava/lang/Object;Ljava/lang/Class;Z)Ljava/lang/Object;+426
j  com.sun.jna.Function.invoke(Ljava/lang/Class;[Ljava/lang/Object;Ljava/util/Map;)Ljava/lang/Object;+262
j  com.sun.jna.Library$Handler.invoke(Ljava/lang/Object;Ljava/lang/reflect/Method;[Ljava/lang/Object;)Ljava/lang/Object;+316
j  com.sun.proxy.$Proxy0.TessBaseAPIGetUTF8Text(Lnet/sourceforge/tess4j/ITessAPI$TessBaseAPI;)Lcom/sun/jna/Pointer;+16
j  net.sourceforge.tess4j.Tesseract.getOCRText(Ljava/lang/String;I)Ljava/lang/String;+62
j  net.sourceforge.tess4j.Tesseract.doOCR(Ljava/util/List;Ljava/lang/String;Ljava/awt/Rectangle;)Ljava/lang/String;+69
j  net.sourceforge.tess4j.Tesseract.doOCR(Ljava/io/File;Ljava/awt/Rectangle;)Ljava/lang/String;+10
j  net.sourceforge.tess4j.Tesseract.doOCR(Ljava/io/File;)Ljava/lang/String;+3
j  ch.ingrid.playground.TesseractExample.main([Ljava/lang/String;)V+20
v  ~StubRoutines::call_stub

siginfo: si_signo: 11 (SIGSEGV), si_code: 1 (SEGV_MAPERR), si_addr: 0x000000000000000c

Register to memory mapping:

RAX=0x0000000000000000 is an unknown value
RBX=0x00007f4be54407d0 is pointing into the stack for thread: 0x00007f4bdc012800
RCX=0x0000000000000000 is an unknown value
RDX=0x0000000000000000 is an unknown value
RSP=0x00007f4be5440780 is pointing into the stack for thread: 0x00007f4bdc012800
RBP=0x00007f4bdc8d1620 is an unknown value
RSI=0x0000000000000000 is an unknown value
RDI=0x00007f4be5440890 is pointing into the stack for thread: 0x00007f4bdc012800
R8 =0x0000000000000000 is an unknown value
R9 =0x0000000000000000 is an unknown value
R10=0x00000000ffff8001 is an unknown value
R11=0x00000000ffff8001 is an unknown value
R12=0x00007f4bdda6b5b0 is an unknown value
R13=0x0000000000000000 is an unknown value
R14=0x0000000000000000 is an unknown value
R15=0x00007f4bdda6b5b0 is an unknown value


Registers:
RAX=0x0000000000000000, RBX=0x00007f4be54407d0, RCX=0x0000000000000000, RDX=0x0000000000000000
RSP=0x00007f4be5440780, RBP=0x00007f4bdc8d1620, RSI=0x0000000000000000, RDI=0x00007f4be5440890
R8 =0x0000000000000000, R9 =0x0000000000000000, R10=0x00000000ffff8001, R11=0x00000000ffff8001
R12=0x00007f4bdda6b5b0, R13=0x0000000000000000, R14=0x0000000000000000, R15=0x00007f4bdda6b5b0
RIP=0x00007f4b5a0dcac7, EFLAGS=0x0000000000010246, CSGSFS=0x0000000000000033, ERR=0x0000000000000004
  TRAPNO=0x000000000000000e

Top of Stack: (sp=0x00007f4be5440780)
0x00007f4be5440780:   0000000000000000 0000000000000000
0x00007f4be5440790:   00007f4bdc979480 00007f4bdc979a90
0x00007f4be54407a0:   00007f4bddbc3510 00007f4bdc8c9df0
0x00007f4be54407b0:   0000000000000000 00007f4be54407e0 

Instructions: (pc=0x00007f4b5a0dcac7)
0x00007f4b5a0dcaa7:   13 00 00 41 83 fe 01 0f 84 ec fb ff ff e9 b9 fa
0x00007f4b5a0dcab7:   ff ff 0f 1f 80 00 00 00 00 48 8b 85 10 0b 00 00
0x00007f4b5a0dcac7:   80 78 0c 00 0f 84 9f fd ff ff 48 89 ef e8 17 82
0x00007f4b5a0dcad7:   0f 00 e9 92 fd ff ff 4c 89 e6 48 89 ef e8 e7 8b 


---------------  P R O C E S S  ---------------

Java Threads: ( => current thread )
  0x00007f4bdc5ea800 JavaThread "Java2D Disposer" daemon [_thread_blocked, id=31747, stack(0x00007f4b5ad42000,0x00007f4b5ae43000)]
  0x00007f4bdc2b4000 JavaThread "Service Thread" daemon [_thread_blocked, id=31745, stack(0x00007f4b8ca77000,0x00007f4b8cb78000)]
  0x00007f4bdc22c800 JavaThread "Common-Cleaner" daemon [_thread_blocked, id=31744, stack(0x00007f4b8cb78000,0x00007f4b8cc79000)]
  0x00007f4bdc200000 JavaThread "Sweeper thread" daemon [_thread_blocked, id=31743, stack(0x00007f4b8d0a1000,0x00007f4b8d1a2000)]
  0x00007f4bdc1fe000 JavaThread "C1 CompilerThread2" daemon [_thread_blocked, id=31742, stack(0x00007f4b8d1a2000,0x00007f4b8d2a3000)]
  0x00007f4bdc1fc000 JavaThread "C2 CompilerThread1" daemon [_thread_blocked, id=31741, stack(0x00007f4b8d2a3000,0x00007f4b8d3a4000)]
  0x00007f4bdc1fa000 JavaThread "C2 CompilerThread0" daemon [_thread_blocked, id=31740, stack(0x00007f4b9406d000,0x00007f4b9416e000)]
  0x00007f4bdc1f8000 JavaThread "Signal Dispatcher" daemon [_thread_blocked, id=31739, stack(0x00007f4b9416e000,0x00007f4b9426f000)]
  0x00007f4bdc1dd000 JavaThread "Finalizer" daemon [_thread_blocked, id=31738, stack(0x00007f4b9426f000,0x00007f4b94370000)]
  0x00007f4bdc1d4800 JavaThread "Reference Handler" daemon [_thread_blocked, id=31737, stack(0x00007f4bc000e000,0x00007f4bc010f000)]
=>0x00007f4bdc012800 JavaThread "main" [_thread_in_native, id=31719, stack(0x00007f4be5343000,0x00007f4be5443000)]

Other Threads:
  0x00007f4bdc1cb000 VMThread "VM Thread" [stack: 0x00007f4bc0110000,0x00007f4bc0210000] [id=31736]
  0x00007f4bdc2b7000 WatcherThread [stack: 0x00007f4b8c977000,0x00007f4b8ca77000] [id=31746]
  0x00007f4bdc02a000 GCTaskThread "GC Thread#0" [stack: 0x00007f4be1a11000,0x00007f4be1b11000] [id=31720]
  0x00007f4bdc02b000 GCTaskThread "GC Thread#1" [stack: 0x00007f4be1910000,0x00007f4be1a10000] [id=31721]
  0x00007f4bdc02d000 GCTaskThread "GC Thread#2" [stack: 0x00007f4be180f000,0x00007f4be190f000] [id=31722]
  0x00007f4bdc02e800 GCTaskThread "GC Thread#3" [stack: 0x00007f4be170e000,0x00007f4be180e000] [id=31723]
  0x00007f4bdc07e000 ConcurrentGCThread "G1 Main Marker" [stack: 0x00007f4be0441000,0x00007f4be0541000] [id=31732]
  0x00007f4bdc080000 ConcurrentGCThread "G1 Marker#0" [stack: 0x00007f4be0340000,0x00007f4be0440000] [id=31735]
  0x00007f4bdc036000 ConcurrentGCThread "G1 Refine#0" [stack: 0x00007f4be0f06000,0x00007f4be1006000] [id=31727]
  0x00007f4bdc034800 ConcurrentGCThread "G1 Refine#1" [stack: 0x00007f4be1007000,0x00007f4be1107000] [id=31726]
  0x00007f4bdc032800 ConcurrentGCThread "G1 Refine#2" [stack: 0x00007f4be1108000,0x00007f4be1208000] [id=31725]
  0x00007f4bdc030800 ConcurrentGCThread "G1 Refine#3" [stack: 0x00007f4be1209000,0x00007f4be1309000] [id=31724]
  0x00007f4bdc038000 ConcurrentGCThread "G1 Young RemSet Sampling" [stack: 0x00007f4be0e05000,0x00007f4be0f05000] [id=31728]

Threads with active compile tasks:

VM state:not at safepoint (normal execution)

VM Mutex/Monitor currently owned by a thread: None

Heap address: 0x00000006c6e00000, size: 3986 MB, Compressed Oops mode: Zero based, Oop shift amount: 3
Narrow klass base: 0x0000000000000000, Narrow klass shift: 3
Compressed class space size: 1073741824 Address: 0x00000007c0000000

Heap:
 garbage-first heap   total 256000K, used 104507K [0x00000006c6e00000, 0x00000006c6f007d0, 0x00000007c0000000)
  region size 1024K, 2 young (2048K), 1 survivors (1024K)
 Metaspace       used 13867K, capacity 14442K, committed 14592K, reserved 1062912K
  class space    used 1421K, capacity 1529K, committed 1536K, reserved 1048576K
Heap Regions: E=young(eden), S=young(survivor), O=old, HS=humongous(starts), HC=humongous(continues), CS=collection set, F=free, A=archive, TS=gc time stamp, AC=allocation context, TAMS=top-at-mark-start (previous, next)
|   0|0x00000006c6e00000, 0x00000006c6f00000, 0x00000006c6f00000|100%|HS|  |TS  0|AC  0|TAMS 0x00000006c6f00000, 0x00000006c6f00000|
|   1|0x00000006c6f00000, 0x00000006c7000000, 0x00000006c7000000|100%|HC|  |TS  0|AC  0|TAMS 0x00000006c7000000, 0x00000006c7000000|
|   2|0x00000006c7000000, 0x00000006c7100000, 0x00000006c7100000|100%|HC|  |TS  0|AC  0|TAMS 0x00000006c7100000, 0x00000006c7100000|
|   3|0x00000006c7100000, 0x00000006c7200000, 0x00000006c7200000|100%|HC|  |TS  0|AC  0|TAMS 0x00000006c7200000, 0x00000006c7200000|
|   4|0x00000006c7200000, 0x00000006c7300000, 0x00000006c7300000|100%|HC|  |TS  0|AC  0|TAMS 0x00000006c7300000, 0x00000006c7300000|
|   5|0x00000006c7300000, 0x00000006c7400000, 0x00000006c7400000|100%|HC|  |TS  0|AC  0|TAMS 0x00000006c7400000, 0x00000006c7400000|
|   6|0x00000006c7400000, 0x00000006c7500000, 0x00000006c7500000|100%|HC|  |TS  0|AC  0|TAMS 0x00000006c7500000, 0x00000006c7500000|
|   7|0x00000006c7500000, 0x00000006c7600000, 0x00000006c7600000|100%|HC|  |TS  0|AC  0|TAMS 0x00000006c7600000, 0x00000006c7600000|
|   8|0x00000006c7600000, 0x00000006c7700000, 0x00000006c7700000|100%|HC|  |TS  0|AC  0|TAMS 0x00000006c7700000, 0x00000006c7700000|
|   9|0x00000006c7700000, 0x00000006c7800000, 0x00000006c7800000|100%|HC|  |TS  0|AC  0|TAMS 0x00000006c7800000, 0x00000006c7800000|
|  10|0x00000006c7800000, 0x00000006c7900000, 0x00000006c7900000|100%|HC|  |TS  0|AC  0|TAMS 0x00000006c7900000, 0x00000006c7900000|
|  11|0x00000006c7900000, 0x00000006c7a00000, 0x00000006c7a00000|100%|HC|  |TS  0|AC  0|TAMS 0x00000006c7a00000, 0x00000006c7a00000|
|  12|0x00000006c7a00000, 0x00000006c7b00000, 0x00000006c7b00000|100%|HC|  |TS  0|AC  0|TAMS 0x00000006c7b00000, 0x00000006c7b00000|
|  13|0x00000006c7b00000, 0x00000006c7c00000, 0x00000006c7c00000|100%|HC|  |TS  0|AC  0|TAMS 0x00000006c7c00000, 0x00000006c7c00000|
|  14|0x00000006c7c00000, 0x00000006c7d00000, 0x00000006c7d00000|100%|HC|  |TS  0|AC  0|TAMS 0x00000006c7d00000, 0x00000006c7d00000|
|  15|0x00000006c7d00000, 0x00000006c7e00000, 0x00000006c7e00000|100%|HC|  |TS  0|AC  0|TAMS 0x00000006c7e00000, 0x00000006c7e00000|
|  16|0x00000006c7e00000, 0x00000006c7f00000, 0x00000006c7f00000|100%|HC|  |TS  0|AC  0|TAMS 0x00000006c7f00000, 0x00000006c7f00000|
|  17|0x00000006c7f00000, 0x00000006c8000000, 0x00000006c8000000|100%|HC|  |TS  0|AC  0|TAMS 0x00000006c8000000, 0x00000006c8000000|
|  18|0x00000006c8000000, 0x00000006c8100000, 0x00000006c8100000|100%|HC|  |TS  0|AC  0|TAMS 0x00000006c8100000, 0x00000006c8100000|
|  19|0x00000006c8100000, 0x00000006c8200000, 0x00000006c8200000|100%|HC|  |TS  0|AC  0|TAMS 0x00000006c8200000, 0x00000006c8200000|
|  20|0x00000006c8200000, 0x00000006c8300000, 0x00000006c8300000|100%|HC|  |TS  0|AC  0|TAMS 0x00000006c8300000, 0x00000006c8300000|
|  21|0x00000006c8300000, 0x00000006c8400000, 0x00000006c8400000|100%|HC|  |TS  0|AC  0|TAMS 0x00000006c8400000, 0x00000006c8400000|
|  22|0x00000006c8400000, 0x00000006c8500000, 0x00000006c8500000|100%|HC|  |TS  0|AC  0|TAMS 0x00000006c8500000, 0x00000006c8500000|
|  23|0x00000006c8500000, 0x00000006c8600000, 0x00000006c8600000|100%|HC|  |TS  0|AC  0|TAMS 0x00000006c8600000, 0x00000006c8600000|
|  24|0x00000006c8600000, 0x00000006c8700000, 0x00000006c8700000|100%| O|  |TS  0|AC  0|TAMS 0x00000006c8700000, 0x00000006c8700000|
|  25|0x00000006c8700000, 0x00000006c8800000, 0x00000006c8800000|100%| O|  |TS  0|AC  0|TAMS 0x00000006c8800000, 0x00000006c8800000|
|  26|0x00000006c8800000, 0x00000006c8900000, 0x00000006c8900000|100%| O|  |TS  0|AC  0|TAMS 0x00000006c8900000, 0x00000006c8900000|
|  27|0x00000006c8900000, 0x00000006c898e800, 0x00000006c8a00000| 55%| O|  |TS  0|AC  0|TAMS 0x00000006c898e800, 0x00000006c898e800|
|  28|0x00000006c8a00000, 0x00000006c8b00000, 0x00000006c8b00000|100%|HS|  |TS  0|AC  0|TAMS 0x00000006c8b00000, 0x00000006c8b00000|
|  29|0x00000006c8b00000, 0x00000006c8c00000, 0x00000006c8c00000|100%|HC|  |TS  0|AC  0|TAMS 0x00000006c8c00000, 0x00000006c8c00000|
|  30|0x00000006c8c00000, 0x00000006c8d00000, 0x00000006c8d00000|100%|HC|  |TS  0|AC  0|TAMS 0x00000006c8d00000, 0x00000006c8d00000|
|  31|0x00000006c8d00000, 0x00000006c8e00000, 0x00000006c8e00000|100%|HC|  |TS  0|AC  0|TAMS 0x00000006c8e00000, 0x00000006c8e00000|
|  32|0x00000006c8e00000, 0x00000006c8f00000, 0x00000006c8f00000|100%|HC|  |TS  0|AC  0|TAMS 0x00000006c8f00000, 0x00000006c8f00000|
|  33|0x00000006c8f00000, 0x00000006c9000000, 0x00000006c9000000|100%|HC|  |TS  0|AC  0|TAMS 0x00000006c9000000, 0x00000006c9000000|
|  34|0x00000006c9000000, 0x00000006c9100000, 0x00000006c9100000|100%|HC|  |TS  0|AC  0|TAMS 0x00000006c9100000, 0x00000006c9100000|
|  35|0x00000006c9100000, 0x00000006c9200000, 0x00000006c9200000|100%|HC|  |TS  0|AC  0|TAMS 0x00000006c9200000, 0x00000006c9200000|
|  36|0x00000006c9200000, 0x00000006c9300000, 0x00000006c9300000|100%|HC|  |TS  0|AC  0|TAMS 0x00000006c9300000, 0x00000006c9300000|
|  37|0x00000006c9300000, 0x00000006c9400000, 0x00000006c9400000|100%|HC|  |TS  0|AC  0|TAMS 0x00000006c9400000, 0x00000006c9400000|
|  38|0x00000006c9400000, 0x00000006c9500000, 0x00000006c9500000|100%|HC|  |TS  0|AC  0|TAMS 0x00000006c9500000, 0x00000006c9500000|
|  39|0x00000006c9500000, 0x00000006c9600000, 0x00000006c9600000|100%|HC|  |TS  0|AC  0|TAMS 0x00000006c9600000, 0x00000006c9600000|
|  40|0x00000006c9600000, 0x00000006c9700000, 0x00000006c9700000|100%|HC|  |TS  0|AC  0|TAMS 0x00000006c9700000, 0x00000006c9700000|
|  41|0x00000006c9700000, 0x00000006c9800000, 0x00000006c9800000|100%|HC|  |TS  0|AC  0|TAMS 0x00000006c9800000, 0x00000006c9800000|
|  42|0x00000006c9800000, 0x00000006c9900000, 0x00000006c9900000|100%|HC|  |TS  0|AC  0|TAMS 0x00000006c9900000, 0x00000006c9900000|
|  43|0x00000006c9900000, 0x00000006c9a00000, 0x00000006c9a00000|100%|HC|  |TS  0|AC  0|TAMS 0x00000006c9a00000, 0x00000006c9a00000|
|  44|0x00000006c9a00000, 0x00000006c9b00000, 0x00000006c9b00000|100%|HC|  |TS  0|AC  0|TAMS 0x00000006c9b00000, 0x00000006c9b00000|
|  45|0x00000006c9b00000, 0x00000006c9c00000, 0x00000006c9c00000|100%|HC|  |TS  0|AC  0|TAMS 0x00000006c9c00000, 0x00000006c9c00000|
|  46|0x00000006c9c00000, 0x00000006c9d00000, 0x00000006c9d00000|100%|HC|  |TS  0|AC  0|TAMS 0x00000006c9d00000, 0x00000006c9d00000|
|  47|0x00000006c9d00000, 0x00000006c9e00000, 0x00000006c9e00000|100%|HC|  |TS  0|AC  0|TAMS 0x00000006c9e00000, 0x00000006c9e00000|
|  48|0x00000006c9e00000, 0x00000006c9f00000, 0x00000006c9f00000|100%|HC|  |TS  0|AC  0|TAMS 0x00000006c9f00000, 0x00000006c9f00000|
|  49|0x00000006c9f00000, 0x00000006ca000000, 0x00000006ca000000|100%|HC|  |TS  0|AC  0|TAMS 0x00000006ca000000, 0x00000006ca000000|
|  50|0x00000006ca000000, 0x00000006ca100000, 0x00000006ca100000|100%|HC|  |TS  0|AC  0|TAMS 0x00000006ca100000, 0x00000006ca100000|
|  51|0x00000006ca100000, 0x00000006ca200000, 0x00000006ca200000|100%|HC|  |TS  0|AC  0|TAMS 0x00000006ca200000, 0x00000006ca200000|
|  52|0x00000006ca200000, 0x00000006ca200000, 0x00000006ca300000|  0%| F|  |TS  0|AC  0|TAMS 0x00000006ca200000, 0x00000006ca200000|
|  53|0x00000006ca300000, 0x00000006ca300000, 0x00000006ca400000|  0%| F|  |TS  0|AC  0|TAMS 0x00000006ca300000, 0x00000006ca300000|
|  54|0x00000006ca400000, 0x00000006ca400000, 0x00000006ca500000|  0%| F|  |TS  0|AC  0|TAMS 0x00000006ca400000, 0x00000006ca400000|
|  55|0x00000006ca500000, 0x00000006ca500000, 0x00000006ca600000|  0%| F|  |TS  0|AC  0|TAMS 0x00000006ca500000, 0x00000006ca500000|
|  56|0x00000006ca600000, 0x00000006ca600000, 0x00000006ca700000|  0%| F|  |TS  0|AC  0|TAMS 0x00000006ca600000, 0x00000006ca600000|
|  57|0x00000006ca700000, 0x00000006ca700000, 0x00000006ca800000|  0%| F|  |TS  0|AC  0|TAMS 0x00000006ca700000, 0x00000006ca700000|
|  58|0x00000006ca800000, 0x00000006ca800000, 0x00000006ca900000|  0%| F|  |TS  0|AC  0|TAMS 0x00000006ca800000, 0x00000006ca800000|
|  59|0x00000006ca900000, 0x00000006ca900000, 0x00000006caa00000|  0%| F|  |TS  0|AC  0|TAMS 0x00000006ca900000, 0x00000006ca900000|
|  60|0x00000006caa00000, 0x00000006caa00000, 0x00000006cab00000|  0%| F|  |TS  0|AC  0|TAMS 0x00000006caa00000, 0x00000006caa00000|
|  61|0x00000006cab00000, 0x00000006cab00000, 0x00000006cac00000|  0%| F|  |TS  0|AC  0|TAMS 0x00000006cab00000, 0x00000006cab00000|
|  62|0x00000006cac00000, 0x00000006cac00000, 0x00000006cad00000|  0%| F|  |TS  0|AC  0|TAMS 0x00000006cac00000, 0x00000006cac00000|
|  63|0x00000006cad00000, 0x00000006cad00000, 0x00000006cae00000|  0%| F|  |TS  0|AC  0|TAMS 0x00000006cad00000, 0x00000006cad00000|
|  64|0x00000006cae00000, 0x00000006cae00000, 0x00000006caf00000|  0%| F|  |TS  0|AC  0|TAMS 0x00000006cae00000, 0x00000006cae00000|
|  65|0x00000006caf00000, 0x00000006caf00000, 0x00000006cb000000|  0%| F|  |TS  0|AC  0|TAMS 0x00000006caf00000, 0x00000006caf00000|
|  66|0x00000006cb000000, 0x00000006cb000000, 0x00000006cb100000|  0%| F|  |TS  0|AC  0|TAMS 0x00000006cb000000, 0x00000006cb000000|
|  67|0x00000006cb100000, 0x00000006cb100000, 0x00000006cb200000|  0%| F|  |TS  0|AC  0|TAMS 0x00000006cb100000, 0x00000006cb100000|
|  68|0x00000006cb200000, 0x00000006cb200000, 0x00000006cb300000|  0%| F|  |TS  0|AC  0|TAMS 0x00000006cb200000, 0x00000006cb200000|
|  69|0x00000006cb300000, 0x00000006cb300000, 0x00000006cb400000|  0%| F|  |TS  0|AC  0|TAMS 0x00000006cb300000, 0x00000006cb300000|
|  70|0x00000006cb400000, 0x00000006cb400000, 0x00000006cb500000|  0%| F|  |TS  0|AC  0|TAMS 0x00000006cb400000, 0x00000006cb400000|
|  71|0x00000006cb500000, 0x00000006cb500000, 0x00000006cb600000|  0%| F|  |TS  0|AC  0|TAMS 0x00000006cb500000, 0x00000006cb500000|
|  72|0x00000006cb600000, 0x00000006cb700000, 0x00000006cb700000|100%|HS|  |TS  0|AC  0|TAMS 0x00000006cb700000, 0x00000006cb700000|
|  73|0x00000006cb700000, 0x00000006cb800000, 0x00000006cb800000|100%|HC|  |TS  0|AC  0|TAMS 0x00000006cb800000, 0x00000006cb800000|
|  74|0x00000006cb800000, 0x00000006cb900000, 0x00000006cb900000|100%|HC|  |TS  0|AC  0|TAMS 0x00000006cb900000, 0x00000006cb900000|
|  75|0x00000006cb900000, 0x00000006cba00000, 0x00000006cba00000|100%|HC|  |TS  0|AC  0|TAMS 0x00000006cba00000, 0x00000006cba00000|
|  76|0x00000006cba00000, 0x00000006cbb00000, 0x00000006cbb00000|100%|HC|  |TS  0|AC  0|TAMS 0x00000006cbb00000, 0x00000006cbb00000|
|  77|0x00000006cbb00000, 0x00000006cbc00000, 0x00000006cbc00000|100%|HC|  |TS  0|AC  0|TAMS 0x00000006cbc00000, 0x00000006cbc00000|
|  78|0x00000006cbc00000, 0x00000006cbd00000, 0x00000006cbd00000|100%|HC|  |TS  0|AC  0|TAMS 0x00000006cbd00000, 0x00000006cbd00000|
|  79|0x00000006cbd00000, 0x00000006cbe00000, 0x00000006cbe00000|100%|HC|  |TS  0|AC  0|TAMS 0x00000006cbe00000, 0x00000006cbe00000|
|  80|0x00000006cbe00000, 0x00000006cbf00000, 0x00000006cbf00000|100%|HC|  |TS  0|AC  0|TAMS 0x00000006cbf00000, 0x00000006cbf00000|
|  81|0x00000006cbf00000, 0x00000006cc000000, 0x00000006cc000000|100%|HC|  |TS  0|AC  0|TAMS 0x00000006cc000000, 0x00000006cc000000|
|  82|0x00000006cc000000, 0x00000006cc100000, 0x00000006cc100000|100%|HC|  |TS  0|AC  0|TAMS 0x00000006cc100000, 0x00000006cc100000|
|  83|0x00000006cc100000, 0x00000006cc200000, 0x00000006cc200000|100%|HC|  |TS  0|AC  0|TAMS 0x00000006cc200000, 0x00000006cc200000|
|  84|0x00000006cc200000, 0x00000006cc300000, 0x00000006cc300000|100%|HC|  |TS  0|AC  0|TAMS 0x00000006cc300000, 0x00000006cc300000|
|  85|0x00000006cc300000, 0x00000006cc400000, 0x00000006cc400000|100%|HC|  |TS  0|AC  0|TAMS 0x00000006cc400000, 0x00000006cc400000|
|  86|0x00000006cc400000, 0x00000006cc500000, 0x00000006cc500000|100%|HC|  |TS  0|AC  0|TAMS 0x00000006cc500000, 0x00000006cc500000|
|  87|0x00000006cc500000, 0x00000006cc600000, 0x00000006cc600000|100%|HC|  |TS  0|AC  0|TAMS 0x00000006cc600000, 0x00000006cc600000|
|  88|0x00000006cc600000, 0x00000006cc700000, 0x00000006cc700000|100%|HC|  |TS  0|AC  0|TAMS 0x00000006cc700000, 0x00000006cc700000|
|  89|0x00000006cc700000, 0x00000006cc800000, 0x00000006cc800000|100%|HS|  |TS  0|AC  0|TAMS 0x00000006cc700000, 0x00000006cc700000|
|  90|0x00000006cc800000, 0x00000006cc900000, 0x00000006cc900000|100%|HC|  |TS  0|AC  0|TAMS 0x00000006cc800000, 0x00000006cc800000|
|  91|0x00000006cc900000, 0x00000006cca00000, 0x00000006cca00000|100%|HC|  |TS  0|AC  0|TAMS 0x00000006cc900000, 0x00000006cc900000|
|  92|0x00000006cca00000, 0x00000006ccb00000, 0x00000006ccb00000|100%|HC|  |TS  0|AC  0|TAMS 0x00000006cca00000, 0x00000006cca00000|
|  93|0x00000006ccb00000, 0x00000006ccc00000, 0x00000006ccc00000|100%|HC|  |TS  0|AC  0|TAMS 0x00000006ccb00000, 0x00000006ccb00000|
|  94|0x00000006ccc00000, 0x00000006ccd00000, 0x00000006ccd00000|100%|HC|  |TS  0|AC  0|TAMS 0x00000006ccc00000, 0x00000006ccc00000|
|  95|0x00000006ccd00000, 0x00000006cce00000, 0x00000006cce00000|100%|HC|  |TS  0|AC  0|TAMS 0x00000006ccd00000, 0x00000006ccd00000|
|  96|0x00000006cce00000, 0x00000006ccf00000, 0x00000006ccf00000|100%|HC|  |TS  0|AC  0|TAMS 0x00000006cce00000, 0x00000006cce00000|
|  97|0x00000006ccf00000, 0x00000006cd000000, 0x00000006cd000000|100%|HC|  |TS  0|AC  0|TAMS 0x00000006ccf00000, 0x00000006ccf00000|
|  98|0x00000006cd000000, 0x00000006cd100000, 0x00000006cd100000|100%|HC|  |TS  0|AC  0|TAMS 0x00000006cd000000, 0x00000006cd000000|
|  99|0x00000006cd100000, 0x00000006cd200000, 0x00000006cd200000|100%|HC|  |TS  0|AC  0|TAMS 0x00000006cd100000, 0x00000006cd100000|
| 100|0x00000006cd200000, 0x00000006cd300000, 0x00000006cd300000|100%|HC|  |TS  0|AC  0|TAMS 0x00000006cd200000, 0x00000006cd200000|
| 101|0x00000006cd300000, 0x00000006cd400000, 0x00000006cd400000|100%|HC|  |TS  0|AC  0|TAMS 0x00000006cd300000, 0x00000006cd300000|
| 102|0x00000006cd400000, 0x00000006cd500000, 0x00000006cd500000|100%|HC|  |TS  0|AC  0|TAMS 0x00000006cd400000, 0x00000006cd400000|
| 103|0x00000006cd500000, 0x00000006cd600000, 0x00000006cd600000|100%|HC|  |TS  0|AC  0|TAMS 0x00000006cd500000, 0x00000006cd500000|
| 104|0x00000006cd600000, 0x00000006cd700000, 0x00000006cd700000|100%|HC|  |TS  0|AC  0|TAMS 0x00000006cd600000, 0x00000006cd600000|
| 105|0x00000006cd700000, 0x00000006cd800000, 0x00000006cd800000|100%|HC|  |TS  0|AC  0|TAMS 0x00000006cd700000, 0x00000006cd700000|
| 106|0x00000006cd800000, 0x00000006cd900000, 0x00000006cd900000|100%|HC|  |TS  0|AC  0|TAMS 0x00000006cd800000, 0x00000006cd800000|
| 107|0x00000006cd900000, 0x00000006cda00000, 0x00000006cda00000|100%|HC|  |TS  0|AC  0|TAMS 0x00000006cd900000, 0x00000006cd900000|
| 108|0x00000006cda00000, 0x00000006cdb00000, 0x00000006cdb00000|100%|HC|  |TS  0|AC  0|TAMS 0x00000006cda00000, 0x00000006cda00000|
| 109|0x00000006cdb00000, 0x00000006cdc00000, 0x00000006cdc00000|100%|HC|  |TS  0|AC  0|TAMS 0x00000006cdb00000, 0x00000006cdb00000|
| 110|0x00000006cdc00000, 0x00000006cdd00000, 0x00000006cdd00000|100%|HC|  |TS  0|AC  0|TAMS 0x00000006cdc00000, 0x00000006cdc00000|
| 111|0x00000006cdd00000, 0x00000006cde00000, 0x00000006cde00000|100%|HC|  |TS  0|AC  0|TAMS 0x00000006cdd00000, 0x00000006cdd00000|
| 112|0x00000006cde00000, 0x00000006cdf00000, 0x00000006cdf00000|100%|HC|  |TS  0|AC  0|TAMS 0x00000006cde00000, 0x00000006cde00000|
| 113|0x00000006cdf00000, 0x00000006ce000000, 0x00000006ce000000|100%|HC|  |TS  0|AC  0|TAMS 0x00000006cdf00000, 0x00000006cdf00000|
| 114|0x00000006ce000000, 0x00000006ce100000, 0x00000006ce100000|100%|HC|  |TS  0|AC  0|TAMS 0x00000006ce000000, 0x00000006ce000000|
| 115|0x00000006ce100000, 0x00000006ce200000, 0x00000006ce200000|100%|HC|  |TS  0|AC  0|TAMS 0x00000006ce100000, 0x00000006ce100000|
| 116|0x00000006ce200000, 0x00000006ce300000, 0x00000006ce300000|100%|HC|  |TS  0|AC  0|TAMS 0x00000006ce200000, 0x00000006ce200000|
| 117|0x00000006ce300000, 0x00000006ce400000, 0x00000006ce400000|100%|HC|  |TS  0|AC  0|TAMS 0x00000006ce300000, 0x00000006ce300000|
| 118|0x00000006ce400000, 0x00000006ce500000, 0x00000006ce500000|100%|HC|  |TS  0|AC  0|TAMS 0x00000006ce400000, 0x00000006ce400000|
| 119|0x00000006ce500000, 0x00000006ce600000, 0x00000006ce600000|100%|HC|  |TS  0|AC  0|TAMS 0x00000006ce500000, 0x00000006ce500000|
| 120|0x00000006ce600000, 0x00000006ce700000, 0x00000006ce700000|100%|HC|  |TS  0|AC  0|TAMS 0x00000006ce600000, 0x00000006ce600000|
| 121|0x00000006ce700000, 0x00000006ce800000, 0x00000006ce800000|100%|HC|  |TS  0|AC  0|TAMS 0x00000006ce700000, 0x00000006ce700000|
| 122|0x00000006ce800000, 0x00000006ce800000, 0x00000006ce900000|  0%| F|  |TS  0|AC  0|TAMS 0x00000006ce800000, 0x00000006ce800000|
| 123|0x00000006ce900000, 0x00000006ce900000, 0x00000006cea00000|  0%| F|  |TS  0|AC  0|TAMS 0x00000006ce900000, 0x00000006ce900000|
| 124|0x00000006cea00000, 0x00000006cea00000, 0x00000006ceb00000|  0%| F|  |TS  0|AC  0|TAMS 0x00000006cea00000, 0x00000006cea00000|
| 125|0x00000006ceb00000, 0x00000006ceb00000, 0x00000006cec00000|  0%| F|  |TS  0|AC  0|TAMS 0x00000006ceb00000, 0x00000006ceb00000|
| 126|0x00000006cec00000, 0x00000006cec00000, 0x00000006ced00000|  0%| F|  |TS  0|AC  0|TAMS 0x00000006cec00000, 0x00000006cec00000|
| 127|0x00000006ced00000, 0x00000006ced00000, 0x00000006cee00000|  0%| F|  |TS  0|AC  0|TAMS 0x00000006ced00000, 0x00000006ced00000|
| 128|0x00000006cee00000, 0x00000006cee00000, 0x00000006cef00000|  0%| F|  |TS  0|AC  0|TAMS 0x00000006cee00000, 0x00000006cee00000|
| 129|0x00000006cef00000, 0x00000006cef00000, 0x00000006cf000000|  0%| F|  |TS  0|AC  0|TAMS 0x00000006cef00000, 0x00000006cef00000|
| 130|0x00000006cf000000, 0x00000006cf000000, 0x00000006cf100000|  0%| F|  |TS  0|AC  0|TAMS 0x00000006cf000000, 0x00000006cf000000|
| 131|0x00000006cf100000, 0x00000006cf100000, 0x00000006cf200000|  0%| F|  |TS  0|AC  0|TAMS 0x00000006cf100000, 0x00000006cf100000|
| 132|0x00000006cf200000, 0x00000006cf200000, 0x00000006cf300000|  0%| F|  |TS  0|AC  0|TAMS 0x00000006cf200000, 0x00000006cf200000|
| 133|0x00000006cf300000, 0x00000006cf300000, 0x00000006cf400000|  0%| F|  |TS  0|AC  0|TAMS 0x00000006cf300000, 0x00000006cf300000|
| 134|0x00000006cf400000, 0x00000006cf400000, 0x00000006cf500000|  0%| F|  |TS  0|AC  0|TAMS 0x00000006cf400000, 0x00000006cf400000|
| 135|0x00000006cf500000, 0x00000006cf500000, 0x00000006cf600000|  0%| F|  |TS  0|AC  0|TAMS 0x00000006cf500000, 0x00000006cf500000|
| 136|0x00000006cf600000, 0x00000006cf600000, 0x00000006cf700000|  0%| F|  |TS  0|AC  0|TAMS 0x00000006cf600000, 0x00000006cf600000|
| 137|0x00000006cf700000, 0x00000006cf700000, 0x00000006cf800000|  0%| F|  |TS  0|AC  0|TAMS 0x00000006cf700000, 0x00000006cf700000|
| 138|0x00000006cf800000, 0x00000006cf800000, 0x00000006cf900000|  0%| F|  |TS  0|AC  0|TAMS 0x00000006cf800000, 0x00000006cf800000|
| 139|0x00000006cf900000, 0x00000006cf900000, 0x00000006cfa00000|  0%| F|  |TS  0|AC  0|TAMS 0x00000006cf900000, 0x00000006cf900000|
| 140|0x00000006cfa00000, 0x00000006cfa00000, 0x00000006cfb00000|  0%| F|  |TS  0|AC  0|TAMS 0x00000006cfa00000, 0x00000006cfa00000|
| 141|0x00000006cfb00000, 0x00000006cfb00000, 0x00000006cfc00000|  0%| F|  |TS  0|AC  0|TAMS 0x00000006cfb00000, 0x00000006cfb00000|
| 142|0x00000006cfc00000, 0x00000006cfc00000, 0x00000006cfd00000|  0%| F|  |TS  0|AC  0|TAMS 0x00000006cfc00000, 0x00000006cfc00000|
| 143|0x00000006cfd00000, 0x00000006cfd00000, 0x00000006cfe00000|  0%| F|  |TS  0|AC  0|TAMS 0x00000006cfd00000, 0x00000006cfd00000|
| 144|0x00000006cfe00000, 0x00000006cfe00000, 0x00000006cff00000|  0%| F|  |TS  0|AC  0|TAMS 0x00000006cfe00000, 0x00000006cfe00000|
| 145|0x00000006cff00000, 0x00000006cff00000, 0x00000006d0000000|  0%| F|  |TS  0|AC  0|TAMS 0x00000006cff00000, 0x00000006cff00000|
| 146|0x00000006d0000000, 0x00000006d0000000, 0x00000006d0100000|  0%| F|  |TS  0|AC  0|TAMS 0x00000006d0000000, 0x00000006d0000000|
| 147|0x00000006d0100000, 0x00000006d0100000, 0x00000006d0200000|  0%| F|  |TS  0|AC  0|TAMS 0x00000006d0100000, 0x00000006d0100000|
| 148|0x00000006d0200000, 0x00000006d0200000, 0x00000006d0300000|  0%| F|  |TS  0|AC  0|TAMS 0x00000006d0200000, 0x00000006d0200000|
| 149|0x00000006d0300000, 0x00000006d0300000, 0x00000006d0400000|  0%| F|  |TS  0|AC  0|TAMS 0x00000006d0300000, 0x00000006d0300000|
| 150|0x00000006d0400000, 0x00000006d0400000, 0x00000006d0500000|  0%| F|  |TS  0|AC  0|TAMS 0x00000006d0400000, 0x00000006d0400000|
| 151|0x00000006d0500000, 0x00000006d0500000, 0x00000006d0600000|  0%| F|  |TS  0|AC  0|TAMS 0x00000006d0500000, 0x00000006d0500000|
| 152|0x00000006d0600000, 0x00000006d0600000, 0x00000006d0700000|  0%| F|  |TS  0|AC  0|TAMS 0x00000006d0600000, 0x00000006d0600000|
| 153|0x00000006d0700000, 0x00000006d0700000, 0x00000006d0800000|  0%| F|  |TS  0|AC  0|TAMS 0x00000006d0700000, 0x00000006d0700000|
| 154|0x00000006d0800000, 0x00000006d0800000, 0x00000006d0900000|  0%| F|  |TS  0|AC  0|TAMS 0x00000006d0800000, 0x00000006d0800000|
| 155|0x00000006d0900000, 0x00000006d0900000, 0x00000006d0a00000|  0%| F|  |TS  0|AC  0|TAMS 0x00000006d0900000, 0x00000006d0900000|
| 156|0x00000006d0a00000, 0x00000006d0a00000, 0x00000006d0b00000|  0%| F|  |TS  0|AC  0|TAMS 0x00000006d0a00000, 0x00000006d0a00000|
| 157|0x00000006d0b00000, 0x00000006d0b00000, 0x00000006d0c00000|  0%| F|  |TS  0|AC  0|TAMS 0x00000006d0b00000, 0x00000006d0b00000|
| 158|0x00000006d0c00000, 0x00000006d0c00000, 0x00000006d0d00000|  0%| F|  |TS  0|AC  0|TAMS 0x00000006d0c00000, 0x00000006d0c00000|
| 159|0x00000006d0d00000, 0x00000006d0d00000, 0x00000006d0e00000|  0%| F|  |TS  0|AC  0|TAMS 0x00000006d0d00000, 0x00000006d0d00000|
| 160|0x00000006d0e00000, 0x00000006d0e00000, 0x00000006d0f00000|  0%| F|  |TS  0|AC  0|TAMS 0x00000006d0e00000, 0x00000006d0e00000|
| 161|0x00000006d0f00000, 0x00000006d0f00000, 0x00000006d1000000|  0%| F|  |TS  0|AC  0|TAMS 0x00000006d0f00000, 0x00000006d0f00000|
| 162|0x00000006d1000000, 0x00000006d1000000, 0x00000006d1100000|  0%| F|  |TS  0|AC  0|TAMS 0x00000006d1000000, 0x00000006d1000000|
| 163|0x00000006d1100000, 0x00000006d1100000, 0x00000006d1200000|  0%| F|  |TS  0|AC  0|TAMS 0x00000006d1100000, 0x00000006d1100000|
| 164|0x00000006d1200000, 0x00000006d1200000, 0x00000006d1300000|  0%| F|  |TS  0|AC  0|TAMS 0x00000006d1200000, 0x00000006d1200000|
| 165|0x00000006d1300000, 0x00000006d1300000, 0x00000006d1400000|  0%| F|  |TS  0|AC  0|TAMS 0x00000006d1300000, 0x00000006d1300000|
| 166|0x00000006d1400000, 0x00000006d1400000, 0x00000006d1500000|  0%| F|  |TS  0|AC  0|TAMS 0x00000006d1400000, 0x00000006d1400000|
| 167|0x00000006d1500000, 0x00000006d1500000, 0x00000006d1600000|  0%| F|  |TS  0|AC  0|TAMS 0x00000006d1500000, 0x00000006d1500000|
| 168|0x00000006d1600000, 0x00000006d1600000, 0x00000006d1700000|  0%| F|  |TS  0|AC  0|TAMS 0x00000006d1600000, 0x00000006d1600000|
| 169|0x00000006d1700000, 0x00000006d1700000, 0x00000006d1800000|  0%| F|  |TS  0|AC  0|TAMS 0x00000006d1700000, 0x00000006d1700000|
| 170|0x00000006d1800000, 0x00000006d1800000, 0x00000006d1900000|  0%| F|  |TS  0|AC  0|TAMS 0x00000006d1800000, 0x00000006d1800000|
| 171|0x00000006d1900000, 0x00000006d1900000, 0x00000006d1a00000|  0%| F|  |TS  0|AC  0|TAMS 0x00000006d1900000, 0x00000006d1900000|
| 172|0x00000006d1a00000, 0x00000006d1a00000, 0x00000006d1b00000|  0%| F|  |TS  0|AC  0|TAMS 0x00000006d1a00000, 0x00000006d1a00000|
| 173|0x00000006d1b00000, 0x00000006d1b00000, 0x00000006d1c00000|  0%| F|  |TS  0|AC  0|TAMS 0x00000006d1b00000, 0x00000006d1b00000|
| 174|0x00000006d1c00000, 0x00000006d1c00000, 0x00000006d1d00000|  0%| F|  |TS  0|AC  0|TAMS 0x00000006d1c00000, 0x00000006d1c00000|
| 175|0x00000006d1d00000, 0x00000006d1d00000, 0x00000006d1e00000|  0%| F|  |TS  0|AC  0|TAMS 0x00000006d1d00000, 0x00000006d1d00000|
| 176|0x00000006d1e00000, 0x00000006d1e00000, 0x00000006d1f00000|  0%| F|  |TS  0|AC  0|TAMS 0x00000006d1e00000, 0x00000006d1e00000|
| 177|0x00000006d1f00000, 0x00000006d1f00000, 0x00000006d2000000|  0%| F|  |TS  0|AC  0|TAMS 0x00000006d1f00000, 0x00000006d1f00000|
| 178|0x00000006d2000000, 0x00000006d2000000, 0x00000006d2100000|  0%| F|  |TS  0|AC  0|TAMS 0x00000006d2000000, 0x00000006d2000000|
| 179|0x00000006d2100000, 0x00000006d2100000, 0x00000006d2200000|  0%| F|  |TS  0|AC  0|TAMS 0x00000006d2100000, 0x00000006d2100000|
| 180|0x00000006d2200000, 0x00000006d2200000, 0x00000006d2300000|  0%| F|  |TS  0|AC  0|TAMS 0x00000006d2200000, 0x00000006d2200000|
| 181|0x00000006d2300000, 0x00000006d2300000, 0x00000006d2400000|  0%| F|  |TS  0|AC  0|TAMS 0x00000006d2300000, 0x00000006d2300000|
| 182|0x00000006d2400000, 0x00000006d2400000, 0x00000006d2500000|  0%| F|  |TS  0|AC  0|TAMS 0x00000006d2400000, 0x00000006d2400000|
| 183|0x00000006d2500000, 0x00000006d2500000, 0x00000006d2600000|  0%| F|  |TS  0|AC  0|TAMS 0x00000006d2500000, 0x00000006d2500000|
| 184|0x00000006d2600000, 0x00000006d2600000, 0x00000006d2700000|  0%| F|  |TS  0|AC  0|TAMS 0x00000006d2600000, 0x00000006d2600000|
| 185|0x00000006d2700000, 0x00000006d2700000, 0x00000006d2800000|  0%| F|  |TS  0|AC  0|TAMS 0x00000006d2700000, 0x00000006d2700000|
| 186|0x00000006d2800000, 0x00000006d2800000, 0x00000006d2900000|  0%| F|  |TS  0|AC  0|TAMS 0x00000006d2800000, 0x00000006d2800000|
| 187|0x00000006d2900000, 0x00000006d2900000, 0x00000006d2a00000|  0%| F|  |TS  0|AC  0|TAMS 0x00000006d2900000, 0x00000006d2900000|
| 188|0x00000006d2a00000, 0x00000006d2a00000, 0x00000006d2b00000|  0%| F|  |TS  0|AC  0|TAMS 0x00000006d2a00000, 0x00000006d2a00000|
| 189|0x00000006d2b00000, 0x00000006d2b00000, 0x00000006d2c00000|  0%| F|  |TS  0|AC  0|TAMS 0x00000006d2b00000, 0x00000006d2b00000|
| 190|0x00000006d2c00000, 0x00000006d2c00000, 0x00000006d2d00000|  0%| F|  |TS  0|AC  0|TAMS 0x00000006d2c00000, 0x00000006d2c00000|
| 191|0x00000006d2d00000, 0x00000006d2d00000, 0x00000006d2e00000|  0%| F|  |TS  0|AC  0|TAMS 0x00000006d2d00000, 0x00000006d2d00000|
| 192|0x00000006d2e00000, 0x00000006d2e00000, 0x00000006d2f00000|  0%| F|  |TS  0|AC  0|TAMS 0x00000006d2e00000, 0x00000006d2e00000|
| 193|0x00000006d2f00000, 0x00000006d2f00000, 0x00000006d3000000|  0%| F|  |TS  0|AC  0|TAMS 0x00000006d2f00000, 0x00000006d2f00000|
| 194|0x00000006d3000000, 0x00000006d3000000, 0x00000006d3100000|  0%| F|  |TS  0|AC  0|TAMS 0x00000006d3000000, 0x00000006d3000000|
| 195|0x00000006d3100000, 0x00000006d3100000, 0x00000006d3200000|  0%| F|  |TS  0|AC  0|TAMS 0x00000006d3100000, 0x00000006d3100000|
| 196|0x00000006d3200000, 0x00000006d3200000, 0x00000006d3300000|  0%| F|  |TS  0|AC  0|TAMS 0x00000006d3200000, 0x00000006d3200000|
| 197|0x00000006d3300000, 0x00000006d3300000, 0x00000006d3400000|  0%| F|  |TS  0|AC  0|TAMS 0x00000006d3300000, 0x00000006d3300000|
| 198|0x00000006d3400000, 0x00000006d3480490, 0x00000006d3500000| 50%| S|CS|TS  0|AC  0|TAMS 0x00000006d3400000, 0x00000006d3400000|
| 199|0x00000006d3500000, 0x00000006d3500000, 0x00000006d3600000|  0%| F|  |TS  0|AC  0|TAMS 0x00000006d3500000, 0x00000006d3500000|
| 200|0x00000006d3600000, 0x00000006d3600000, 0x00000006d3700000|  0%| F|  |TS  0|AC  0|TAMS 0x00000006d3600000, 0x00000006d3600000|
| 201|0x00000006d3700000, 0x00000006d3700000, 0x00000006d3800000|  0%| F|  |TS  0|AC  0|TAMS 0x00000006d3700000, 0x00000006d3700000|
| 202|0x00000006d3800000, 0x00000006d3800000, 0x00000006d3900000|  0%| F|  |TS  0|AC  0|TAMS 0x00000006d3800000, 0x00000006d3800000|
| 203|0x00000006d3900000, 0x00000006d3900000, 0x00000006d3a00000|  0%| F|  |TS  0|AC  0|TAMS 0x00000006d3900000, 0x00000006d3900000|
| 204|0x00000006d3a00000, 0x00000006d3a00000, 0x00000006d3b00000|  0%| F|  |TS  0|AC  0|TAMS 0x00000006d3a00000, 0x00000006d3a00000|
| 205|0x00000006d3b00000, 0x00000006d3b00000, 0x00000006d3c00000|  0%| F|  |TS  0|AC  0|TAMS 0x00000006d3b00000, 0x00000006d3b00000|
| 206|0x00000006d3c00000, 0x00000006d3c00000, 0x00000006d3d00000|  0%| F|  |TS  0|AC  0|TAMS 0x00000006d3c00000, 0x00000006d3c00000|
| 207|0x00000006d3d00000, 0x00000006d3d00000, 0x00000006d3e00000|  0%| F|  |TS  0|AC  0|TAMS 0x00000006d3d00000, 0x00000006d3d00000|
| 208|0x00000006d3e00000, 0x00000006d3e00000, 0x00000006d3f00000|  0%| F|  |TS  0|AC  0|TAMS 0x00000006d3e00000, 0x00000006d3e00000|
| 209|0x00000006d3f00000, 0x00000006d3f00000, 0x00000006d4000000|  0%| F|  |TS  0|AC  0|TAMS 0x00000006d3f00000, 0x00000006d3f00000|
| 210|0x00000006d4000000, 0x00000006d4000000, 0x00000006d4100000|  0%| F|  |TS  0|AC  0|TAMS 0x00000006d4000000, 0x00000006d4000000|
| 211|0x00000006d4100000, 0x00000006d4100000, 0x00000006d4200000|  0%| F|  |TS  0|AC  0|TAMS 0x00000006d4100000, 0x00000006d4100000|
| 212|0x00000006d4200000, 0x00000006d4200000, 0x00000006d4300000|  0%| F|  |TS  0|AC  0|TAMS 0x00000006d4200000, 0x00000006d4200000|
| 213|0x00000006d4300000, 0x00000006d4300000, 0x00000006d4400000|  0%| F|  |TS  0|AC  0|TAMS 0x00000006d4300000, 0x00000006d4300000|
| 214|0x00000006d4400000, 0x00000006d4400000, 0x00000006d4500000|  0%| F|  |TS  0|AC  0|TAMS 0x00000006d4400000, 0x00000006d4400000|
| 215|0x00000006d4500000, 0x00000006d4500000, 0x00000006d4600000|  0%| F|  |TS  0|AC  0|TAMS 0x00000006d4500000, 0x00000006d4500000|
| 216|0x00000006d4600000, 0x00000006d4600000, 0x00000006d4700000|  0%| F|  |TS  0|AC  0|TAMS 0x00000006d4600000, 0x00000006d4600000|
| 217|0x00000006d4700000, 0x00000006d4700000, 0x00000006d4800000|  0%| F|  |TS  0|AC  0|TAMS 0x00000006d4700000, 0x00000006d4700000|
| 218|0x00000006d4800000, 0x00000006d4800000, 0x00000006d4900000|  0%| F|  |TS  0|AC  0|TAMS 0x00000006d4800000, 0x00000006d4800000|
| 219|0x00000006d4900000, 0x00000006d4900000, 0x00000006d4a00000|  0%| F|  |TS  0|AC  0|TAMS 0x00000006d4900000, 0x00000006d4900000|
| 220|0x00000006d4a00000, 0x00000006d4a00000, 0x00000006d4b00000|  0%| F|  |TS  0|AC  0|TAMS 0x00000006d4a00000, 0x00000006d4a00000|
| 221|0x00000006d4b00000, 0x00000006d4b00000, 0x00000006d4c00000|  0%| F|  |TS  0|AC  0|TAMS 0x00000006d4b00000, 0x00000006d4b00000|
| 222|0x00000006d4c00000, 0x00000006d4c00000, 0x00000006d4d00000|  0%| F|  |TS  0|AC  0|TAMS 0x00000006d4c00000, 0x00000006d4c00000|
| 223|0x00000006d4d00000, 0x00000006d4d00000, 0x00000006d4e00000|  0%| F|  |TS  0|AC  0|TAMS 0x00000006d4d00000, 0x00000006d4d00000|
| 224|0x00000006d4e00000, 0x00000006d4e00000, 0x00000006d4f00000|  0%| F|  |TS  0|AC  0|TAMS 0x00000006d4e00000, 0x00000006d4e00000|
| 225|0x00000006d4f00000, 0x00000006d4f00000, 0x00000006d5000000|  0%| F|  |TS  0|AC  0|TAMS 0x00000006d4f00000, 0x00000006d4f00000|
| 226|0x00000006d5000000, 0x00000006d5000000, 0x00000006d5100000|  0%| F|  |TS  0|AC  0|TAMS 0x00000006d5000000, 0x00000006d5000000|
| 227|0x00000006d5100000, 0x00000006d5100000, 0x00000006d5200000|  0%| F|  |TS  0|AC  0|TAMS 0x00000006d5100000, 0x00000006d5100000|
| 228|0x00000006d5200000, 0x00000006d5200000, 0x00000006d5300000|  0%| F|  |TS  0|AC  0|TAMS 0x00000006d5200000, 0x00000006d5200000|
| 229|0x00000006d5300000, 0x00000006d5300000, 0x00000006d5400000|  0%| F|  |TS  0|AC  0|TAMS 0x00000006d5300000, 0x00000006d5300000|
| 230|0x00000006d5400000, 0x00000006d5400000, 0x00000006d5500000|  0%| F|  |TS  0|AC  0|TAMS 0x00000006d5400000, 0x00000006d5400000|
| 231|0x00000006d5500000, 0x00000006d5500000, 0x00000006d5600000|  0%| F|  |TS  0|AC  0|TAMS 0x00000006d5500000, 0x00000006d5500000|
| 232|0x00000006d5600000, 0x00000006d5600000, 0x00000006d5700000|  0%| F|  |TS  0|AC  0|TAMS 0x00000006d5600000, 0x00000006d5600000|
| 233|0x00000006d5700000, 0x00000006d5700000, 0x00000006d5800000|  0%| F|  |TS  0|AC  0|TAMS 0x00000006d5700000, 0x00000006d5700000|
| 234|0x00000006d5800000, 0x00000006d5800000, 0x00000006d5900000|  0%| F|  |TS  0|AC  0|TAMS 0x00000006d5800000, 0x00000006d5800000|
| 235|0x00000006d5900000, 0x00000006d5900000, 0x00000006d5a00000|  0%| F|  |TS  0|AC  0|TAMS 0x00000006d5900000, 0x00000006d5900000|
| 236|0x00000006d5a00000, 0x00000006d5a00000, 0x00000006d5b00000|  0%| F|  |TS  0|AC  0|TAMS 0x00000006d5a00000, 0x00000006d5a00000|
| 237|0x00000006d5b00000, 0x00000006d5b00000, 0x00000006d5c00000|  0%| F|  |TS  0|AC  0|TAMS 0x00000006d5b00000, 0x00000006d5b00000|
| 238|0x00000006d5c00000, 0x00000006d5c00000, 0x00000006d5d00000|  0%| F|  |TS  0|AC  0|TAMS 0x00000006d5c00000, 0x00000006d5c00000|
| 239|0x00000006d5d00000, 0x00000006d5d00000, 0x00000006d5e00000|  0%| F|  |TS  0|AC  0|TAMS 0x00000006d5d00000, 0x00000006d5d00000|
| 240|0x00000006d5e00000, 0x00000006d5e00000, 0x00000006d5f00000|  0%| F|  |TS  0|AC  0|TAMS 0x00000006d5e00000, 0x00000006d5e00000|
| 241|0x00000006d5f00000, 0x00000006d5f00000, 0x00000006d6000000|  0%| F|  |TS  0|AC  0|TAMS 0x00000006d5f00000, 0x00000006d5f00000|
| 242|0x00000006d6000000, 0x00000006d6000000, 0x00000006d6100000|  0%| F|  |TS  0|AC  0|TAMS 0x00000006d6000000, 0x00000006d6000000|
| 243|0x00000006d6100000, 0x00000006d6100000, 0x00000006d6200000|  0%| F|  |TS  0|AC  0|TAMS 0x00000006d6100000, 0x00000006d6100000|
| 244|0x00000006d6200000, 0x00000006d6200000, 0x00000006d6300000|  0%| F|  |TS  0|AC  0|TAMS 0x00000006d6200000, 0x00000006d6200000|
| 245|0x00000006d6300000, 0x00000006d6300000, 0x00000006d6400000|  0%| F|  |TS  0|AC  0|TAMS 0x00000006d6300000, 0x00000006d6300000|
| 246|0x00000006d6400000, 0x00000006d6400000, 0x00000006d6500000|  0%| F|  |TS  0|AC  0|TAMS 0x00000006d6400000, 0x00000006d6400000|
| 247|0x00000006d6500000, 0x00000006d6500000, 0x00000006d6600000|  0%| F|  |TS  0|AC  0|TAMS 0x00000006d6500000, 0x00000006d6500000|
| 248|0x00000006d6600000, 0x00000006d6600000, 0x00000006d6700000|  0%| F|  |TS  0|AC  0|TAMS 0x00000006d6600000, 0x00000006d6600000|
| 249|0x00000006d6700000, 0x00000006d6800000, 0x00000006d6800000|100%| E|  |TS  0|AC  0|TAMS 0x00000006d6700000, 0x00000006d6700000|

Card table byte_map: [0x00007f4bc0bab000,0x00007f4bc1374000] byte_map_base: 0x00007f4bbd574000

Marking Bits (Prev, Next): (CMBitMap*) 0x00007f4bdc07d568, (CMBitMap*) 0x00007f4bdc07d530
 Prev Bits: [0x00007f4b94370000, 0x00007f4b981b8000)
 Next Bits: [0x00007f4b981b8000, 0x00007f4b9c000000)

Polling page: 0x00007f4be5461000

CodeHeap 'non-profiled nmethods': size=120032Kb used=515Kb max_used=515Kb free=119516Kb
 bounds [0x00007f4bc9605000, 0x00007f4bc9875000, 0x00007f4bd0b3d000]
CodeHeap 'profiled nmethods': size=120032Kb used=2568Kb max_used=2568Kb free=117463Kb
 bounds [0x00007f4bc20cd000, 0x00007f4bc235d000, 0x00007f4bc9605000]
CodeHeap 'non-nmethods': size=5696Kb used=1247Kb max_used=1276Kb free=4448Kb
 bounds [0x00007f4bc1b3d000, 0x00007f4bc1dad000, 0x00007f4bc20cd000]
 total_blobs=2013 nmethods=1282 adapters=351
 compilation: enabled

Compilation events (10 events):
Event: 1,813 Thread 0x00007f4bdc1fa000 nmethod 1278 0x00007f4bc967b010 code [0x00007f4bc967b1a0, 0x00007f4bc967b218]
Event: 1,813 Thread 0x00007f4bdc1fa000 1279  s    4       java.io.ByteArrayOutputStream::write (66 bytes)
Event: 1,817 Thread 0x00007f4bdc1fa000 nmethod 1279 0x00007f4bc967b290 code [0x00007f4bc967b440, 0x00007f4bc967b8e8]
Event: 1,996 Thread 0x00007f4bdc1fe000 1280       3       java.io.OutputStream::flush (1 bytes)
Event: 1,996 Thread 0x00007f4bdc1fe000 nmethod 1280 0x00007f4bc234d410 code [0x00007f4bc234d5c0, 0x00007f4bc234d710]
Event: 2,010 Thread 0x00007f4bdc1fc000 nmethod 1133 0x00007f4bc967bb10 code [0x00007f4bc967c1a0, 0x00007f4bc9682460]
Event: 2,051 Thread 0x00007f4bdc1fe000 1281       3       jdk.internal.reflect.ClassFileAssembler::emitShort (24 bytes)
Event: 2,051 Thread 0x00007f4bdc1fe000 nmethod 1281 0x00007f4bc234d790 code [0x00007f4bc234d960, 0x00007f4bc234dc98]
Event: 2,051 Thread 0x00007f4bdc1fe000 1282       3       java.lang.PublicMethods$MethodList::filter (104 bytes)
Event: 2,052 Thread 0x00007f4bdc1fe000 nmethod 1282 0x00007f4bc234de10 code [0x00007f4bc234e080, 0x00007f4bc234edd8]

GC Heap History (8 events):
Event: 0,755 GC heap before
{Heap before GC invocations=0 (full 0):
 garbage-first heap   total 256000K, used 38912K [0x00000006c6e00000, 0x00000006c6f007d0, 0x00000007c0000000)
  region size 1024K, 14 young (14336K), 0 survivors (0K)
 Metaspace       used 11220K, capacity 11700K, committed 12032K, reserved 1060864K
  class space    used 1064K, capacity 1158K, committed 1280K, reserved 1048576K
}
Event: 0,762 GC heap after
{Heap after GC invocations=1 (full 0):
 garbage-first heap   total 256000K, used 28192K [0x00000006c6e00000, 0x00000006c6f007d0, 0x00000007c0000000)
  region size 1024K, 2 young (2048K), 2 survivors (2048K)
 Metaspace       used 11220K, capacity 11700K, committed 12032K, reserved 1060864K
  class space    used 1064K, capacity 1158K, committed 1280K, reserved 1048576K
}
Event: 0,980 GC heap before
{Heap before GC invocations=1 (full 0):
 garbage-first heap   total 256000K, used 41504K [0x00000006c6e00000, 0x00000006c6f007d0, 0x00000007c0000000)
  region size 1024K, 15 young (15360K), 2 survivors (2048K)
 Metaspace       used 11228K, capacity 11764K, committed 12032K, reserved 1060864K
  class space    used 1064K, capacity 1158K, committed 1280K, reserved 1048576K
}
Event: 0,985 GC heap after
{Heap after GC invocations=2 (full 0):
 garbage-first heap   total 256000K, used 28370K [0x00000006c6e00000, 0x00000006c6f007d0, 0x00000007c0000000)
  region size 1024K, 1 young (1024K), 1 survivors (1024K)
 Metaspace       used 11228K, capacity 11764K, committed 12032K, reserved 1060864K
  class space    used 1064K, capacity 1158K, committed 1280K, reserved 1048576K
}
Event: 1,514 GC heap before
{Heap before GC invocations=2 (full 0):
 garbage-first heap   total 256000K, used 61138K [0x00000006c6e00000, 0x00000006c6f007d0, 0x00000007c0000000)
  region size 1024K, 33 young (33792K), 1 survivors (1024K)
 Metaspace       used 13198K, capacity 13764K, committed 14080K, reserved 1062912K
  class space    used 1300K, capacity 1432K, committed 1536K, reserved 1048576K
}
Event: 1,518 GC heap after
{Heap after GC invocations=3 (full 0):
 garbage-first heap   total 256000K, used 29153K [0x00000006c6e00000, 0x00000006c6f007d0, 0x00000007c0000000)
  region size 1024K, 1 young (1024K), 1 survivors (1024K)
 Metaspace       used 13198K, capacity 13764K, committed 14080K, reserved 1062912K
  class space    used 1300K, capacity 1432K, committed 1536K, reserved 1048576K
}
Event: 1,893 GC heap before
{Heap before GC invocations=3 (full 0):
 garbage-first heap   total 256000K, used 141793K [0x00000006c6e00000, 0x00000006c6f007d0, 0x00000007c0000000)
  region size 1024K, 51 young (52224K), 1 survivors (1024K)
 Metaspace       used 13847K, capacity 14436K, committed 14592K, reserved 1062912K
  class space    used 1419K, capacity 1528K, committed 1536K, reserved 1048576K
}
Event: 1,951 GC heap after
{Heap after GC invocations=4 (full 0):
 garbage-first heap   total 256000K, used 70715K [0x00000006c6e00000, 0x00000006c6f007d0, 0x00000007c0000000)
  region size 1024K, 1 young (1024K), 1 survivors (1024K)
 Metaspace       used 13847K, capacity 14436K, committed 14592K, reserved 1062912K
  class space    used 1419K, capacity 1528K, committed 1536K, reserved 1048576K
}

Deoptimization events (10 events):
Event: 1,237 Thread 0x00007f4bdc012800 Uncommon trap: reason=class_check action=maybe_recompile pc=0x00007f4bc962eba4 method=java.util.HashMap.putVal(ILjava/lang/Object;Ljava/lang/Object;ZZ)Ljava/lang/Object; @ 253 c2
Event: 1,237 Thread 0x00007f4bdc012800 Uncommon trap: reason=class_check action=maybe_recompile pc=0x00007f4bc962eba4 method=java.util.HashMap.putVal(ILjava/lang/Object;Ljava/lang/Object;ZZ)Ljava/lang/Object; @ 253 c2
Event: 1,237 Thread 0x00007f4bdc012800 Uncommon trap: reason=class_check action=maybe_recompile pc=0x00007f4bc962eba4 method=java.util.HashMap.putVal(ILjava/lang/Object;Ljava/lang/Object;ZZ)Ljava/lang/Object; @ 253 c2
Event: 1,312 Thread 0x00007f4bdc012800 Uncommon trap: reason=unstable_if action=reinterpret pc=0x00007f4bc964db80 method=jdk.internal.org.objectweb.asm.Frame.execute(IILjdk/internal/org/objectweb/asm/ClassWriter;Ljdk/internal/org/objectweb/asm/Item;)V @ 2207 c2
Event: 1,312 Thread 0x00007f4bdc012800 Uncommon trap: reason=unstable_if action=reinterpret pc=0x00007f4bc964207c method=jdk.internal.org.objectweb.asm.Type.getArgumentsAndReturnSizes(Ljava/lang/String;)I @ 88 c2
Event: 1,320 Thread 0x00007f4bdc012800 Uncommon trap: reason=unstable_if action=reinterpret pc=0x00007f4bc9653158 method=java.util.HashMap.getNode(ILjava/lang/Object;)Ljava/util/HashMap$Node; @ 62 c2
Event: 1,320 Thread 0x00007f4bdc012800 Uncommon trap: reason=class_check action=maybe_recompile pc=0x00007f4bc965f270 method=java.util.HashMap.putVal(ILjava/lang/Object;Ljava/lang/Object;ZZ)Ljava/lang/Object; @ 91 c2
Event: 1,320 Thread 0x00007f4bdc012800 Uncommon trap: reason=unstable_if action=reinterpret pc=0x00007f4bc9652ae0 method=java.util.HashMap.getNode(ILjava/lang/Object;)Ljava/util/HashMap$Node; @ 62 c2
Event: 1,320 Thread 0x00007f4bdc012800 Uncommon trap: reason=class_check action=maybe_recompile pc=0x00007f4bc965f270 method=java.util.HashMap.putVal(ILjava/lang/Object;Ljava/lang/Object;ZZ)Ljava/lang/Object; @ 91 c2
Event: 1,996 Thread 0x00007f4bdc012800 Uncommon trap: reason=unstable_if action=reinterpret pc=0x00007f4bc967b1e8 method=java.lang.Math.min(JJ)J @ 3 c2

Classes redefined (0 events):
No events

Internal exceptions (10 events):
Event: 0,483 Thread 0x00007f4bdc012800 Exception <a 'java/lang/NoSuchMethodError'{0x00000006d5f461c0}: method resolution failed> (0x00000006d5f461c0) thrown at [/scratch/opt/mach5/mesos/work_dir/slaves/e72b529e-af37-4c00-b29e-141f3b57348c-S1075/frameworks/1735e8a2-a1db-478c-8104-60c8b0af87dd-0
Event: 0,485 Thread 0x00007f4bdc012800 Exception <a 'java/lang/NoSuchMethodError'{0x00000006d5f5ecf8}: method resolution failed> (0x00000006d5f5ecf8) thrown at [/scratch/opt/mach5/mesos/work_dir/slaves/e72b529e-af37-4c00-b29e-141f3b57348c-S1075/frameworks/1735e8a2-a1db-478c-8104-60c8b0af87dd-0
Event: 0,486 Thread 0x00007f4bdc012800 Exception <a 'java/io/FileNotFoundException'{0x00000006d5f68328}> (0x00000006d5f68328) thrown at [/scratch/opt/mach5/mesos/work_dir/slaves/e72b529e-af37-4c00-b29e-141f3b57348c-S1075/frameworks/1735e8a2-a1db-478c-8104-60c8b0af87dd-0196/executors/7e8c6d98-4
Event: 0,561 Thread 0x00007f4bdc012800 Exception <a 'java/lang/NoSuchMethodError'{0x00000006d5df88e8}: method resolution failed> (0x00000006d5df88e8) thrown at [/scratch/opt/mach5/mesos/work_dir/slaves/e72b529e-af37-4c00-b29e-141f3b57348c-S1075/frameworks/1735e8a2-a1db-478c-8104-60c8b0af87dd-0
Event: 0,562 Thread 0x00007f4bdc012800 Exception <a 'java/lang/NoSuchMethodError'{0x00000006d5dfbf98}: java.lang.invoke.DelegatingMethodHandle$Holder.reinvoke_L(Ljava/lang/Object;Ljava/lang/Object;ILjava/lang/Object;)Ljava/lang/Object;> (0x00000006d5dfbf98) thrown at [/scratch/opt/mach5/mesos/
Event: 1,259 Thread 0x00007f4bdc012800 Exception <a 'java/lang/UnsatisfiedLinkError'{0x00000006d5cecef8}: libtesseract.so: Kann die Shared-Object-Datei nicht ffnen: Datei oder Verzeichnis nicht gefunden> (0x00000006d5cecef8) thrown at [/scratch/opt/mach5/mesos/work_dir/slaves/e72b529e-af37-4
Event: 1,259 Thread 0x00007f4bdc012800 Exception <a 'java/lang/UnsatisfiedLinkError'{0x00000006d5cedd10}: libtesseract.so: Kann die Shared-Object-Datei nicht ffnen: Datei oder Verzeichnis nicht gefunden> (0x00000006d5cedd10) thrown at [/scratch/opt/mach5/mesos/work_dir/slaves/e72b529e-af37-4
Event: 1,301 Thread 0x00007f4bdc012800 Exception <a 'java/lang/NoSuchMethodError'{0x00000006d5bc6b20}: java.lang.invoke.DirectMethodHandle$Holder.invokeInterface(Ljava/lang/Object;Ljava/lang/Object;Ljava/lang/Object;)I> (0x00000006d5bc6b20) thrown at [/scratch/opt/mach5/mesos/work_dir/slaves/e
Event: 1,308 Thread 0x00007f4bdc012800 Exception <a 'java/lang/NoSuchMethodError'{0x00000006d5bf4af8}: java.lang.invoke.DirectMethodHandle$Holder.invokeStatic(Ljava/lang/Object;Ljava/lang/Object;)I> (0x00000006d5bf4af8) thrown at [/scratch/opt/mach5/mesos/work_dir/slaves/e72b529e-af37-4c00-b29
Event: 1,311 Thread 0x00007f4bdc012800 Exception <a 'java/lang/NoSuchMethodError'{0x00000006d5901bb0}: java.lang.Object.of([Ljava/lang/Object;)Ljava/util/stream/Stream;> (0x00000006d5901bb0) thrown at [/scratch/opt/mach5/mesos/work_dir/slaves/e72b529e-af37-4c00-b29e-141f3b57348c-S1075/framewor

Events (10 events):
Event: 1,981 Executing VM operation: CGC_Operation done
Event: 1,996 Thread 0x00007f4bdc012800 Uncommon trap: trap_request=0xffffff5d fr.pc=0x00007f4bc967b1e8 relative=0x0000000000000048
Event: 1,996 Thread 0x00007f4bdc012800 DEOPT PACKING pc=0x00007f4bc967b1e8 sp=0x00007f4be5441580
Event: 1,996 Thread 0x00007f4bdc012800 DEOPT UNPACKING pc=0x00007f4bc1b8ac9f sp=0x00007f4be5441540 mode 2
Event: 2,012 loading class java/nio/DirectByteBuffer$Deallocator
Event: 2,012 loading class java/nio/DirectByteBuffer$Deallocator done
Event: 2,017 loading class java/lang/StrictMath
Event: 2,017 loading class java/lang/StrictMath done
Event: 2,017 loading class com/sun/jna/Native$Buffers
Event: 2,017 loading class com/sun/jna/Native$Buffers done


Dynamic libraries:
00400000-00401000 r-xp 00000000 08:06 271746                             /usr/local/bin/jdk-9.0.1/bin/java
00600000-00601000 rw-p 00000000 08:06 271746                             /usr/local/bin/jdk-9.0.1/bin/java
021fe000-0221f000 rw-p 00000000 00:00 0                                  [heap]
6c6e00000-6d6800000 rw-p 00000000 00:00 0 
6d6800000-7c0000000 ---p 00000000 00:00 0 
7c0000000-7c0180000 rw-p 00000000 00:00 0 
7c0180000-800000000 ---p 00000000 00:00 0 
7f4b5089f000-7f4b54000000 rw-p 00000000 00:00 0 
7f4b54000000-7f4b54021000 rw-p 00000000 00:00 0 
7f4b54021000-7f4b58000000 ---p 00000000 00:00 0 
7f4b584af000-7f4b5856f000 rw-p 00000000 00:00 0 
7f4b5856f000-7f4b586af000 ---p 00000000 00:00 0 
7f4b586af000-7f4b586ba000 r-xp 00000000 08:06 270826                     /usr/lib/x86_64-linux-gnu/libjbig.so.0
7f4b586ba000-7f4b588b9000 ---p 0000b000 08:06 270826                     /usr/lib/x86_64-linux-gnu/libjbig.so.0
7f4b588b9000-7f4b588ba000 r--p 0000a000 08:06 270826                     /usr/lib/x86_64-linux-gnu/libjbig.so.0
7f4b588ba000-7f4b588bd000 rw-p 0000b000 08:06 270826                     /usr/lib/x86_64-linux-gnu/libjbig.so.0
7f4b588bd000-7f4b588de000 r-xp 00000000 08:06 19665337                   /lib/x86_64-linux-gnu/liblzma.so.5.0.0
7f4b588de000-7f4b58add000 ---p 00021000 08:06 19665337                   /lib/x86_64-linux-gnu/liblzma.so.5.0.0
7f4b58add000-7f4b58ade000 r--p 00020000 08:06 19665337                   /lib/x86_64-linux-gnu/liblzma.so.5.0.0
7f4b58ade000-7f4b58adf000 rw-p 00021000 08:06 19665337                   /lib/x86_64-linux-gnu/liblzma.so.5.0.0
7f4b58adf000-7f4b58b15000 r-xp 00000000 08:06 263737                     /usr/lib/x86_64-linux-gnu/libopenjp2.so.2.1.0
7f4b58b15000-7f4b58d14000 ---p 00036000 08:06 263737                     /usr/lib/x86_64-linux-gnu/libopenjp2.so.2.1.0
7f4b58d14000-7f4b58d15000 r--p 00035000 08:06 263737                     /usr/lib/x86_64-linux-gnu/libopenjp2.so.2.1.0
7f4b58d15000-7f4b58d16000 rw-p 00036000 08:06 263737                     /usr/lib/x86_64-linux-gnu/libopenjp2.so.2.1.0
7f4b58d16000-7f4b58d6f000 r-xp 00000000 08:06 271378                     /usr/lib/x86_64-linux-gnu/libwebp.so.5.0.4
7f4b58d6f000-7f4b58f6f000 ---p 00059000 08:06 271378                     /usr/lib/x86_64-linux-gnu/libwebp.so.5.0.4
7f4b58f6f000-7f4b58f70000 r--p 00059000 08:06 271378                     /usr/lib/x86_64-linux-gnu/libwebp.so.5.0.4
7f4b58f70000-7f4b58f72000 rw-p 0005a000 08:06 271378                     /usr/lib/x86_64-linux-gnu/libwebp.so.5.0.4
7f4b58f72000-7f4b58fe2000 r-xp 00000000 08:06 263801                     /usr/lib/x86_64-linux-gnu/libtiff.so.5.2.4
7f4b58fe2000-7f4b591e2000 ---p 00070000 08:06 263801                     /usr/lib/x86_64-linux-gnu/libtiff.so.5.2.4
7f4b591e2000-7f4b591e3000 r--p 00070000 08:06 263801                     /usr/lib/x86_64-linux-gnu/libtiff.so.5.2.4
7f4b591e3000-7f4b591e6000 rw-p 00071000 08:06 263801                     /usr/lib/x86_64-linux-gnu/libtiff.so.5.2.4
7f4b591e6000-7f4b5923d000 r-xp 00000000 08:06 270830                     /usr/lib/x86_64-linux-gnu/libjpeg.so.8.0.2
7f4b5923d000-7f4b5943d000 ---p 00057000 08:06 270830                     /usr/lib/x86_64-linux-gnu/libjpeg.so.8.0.2
7f4b5943d000-7f4b5943e000 r--p 00057000 08:06 270830                     /usr/lib/x86_64-linux-gnu/libjpeg.so.8.0.2
7f4b5943e000-7f4b5943f000 rw-p 00058000 08:06 270830                     /usr/lib/x86_64-linux-gnu/libjpeg.so.8.0.2
7f4b5943f000-7f4b59463000 r-xp 00000000 08:06 19665411                   /lib/x86_64-linux-gnu/libpng12.so.0.54.0
7f4b59463000-7f4b59662000 ---p 00024000 08:06 19665411                   /lib/x86_64-linux-gnu/libpng12.so.0.54.0
7f4b59662000-7f4b59663000 r--p 00023000 08:06 19665411                   /lib/x86_64-linux-gnu/libpng12.so.0.54.0
7f4b59663000-7f4b59664000 rw-p 00024000 08:06 19665411                   /lib/x86_64-linux-gnu/libpng12.so.0.54.0
7f4b59664000-7f4b5967a000 r-xp 00000000 08:06 19665308                   /lib/x86_64-linux-gnu/libgcc_s.so.1
7f4b5967a000-7f4b59879000 ---p 00016000 08:06 19665308                   /lib/x86_64-linux-gnu/libgcc_s.so.1
7f4b59879000-7f4b5987a000 rw-p 00015000 08:06 19665308                   /lib/x86_64-linux-gnu/libgcc_s.so.1
7f4b5987a000-7f4b599ec000 r-xp 00000000 08:06 264322                     /usr/lib/x86_64-linux-gnu/libstdc++.so.6.0.21
7f4b599ec000-7f4b59bec000 ---p 00172000 08:06 264322                     /usr/lib/x86_64-linux-gnu/libstdc++.so.6.0.21
7f4b59bec000-7f4b59bf6000 r--p 00172000 08:06 264322                     /usr/lib/x86_64-linux-gnu/libstdc++.so.6.0.21
7f4b59bf6000-7f4b59bf8000 rw-p 0017c000 08:06 264322                     /usr/lib/x86_64-linux-gnu/libstdc++.so.6.0.21
7f4b59bf8000-7f4b59bfc000 rw-p 00000000 00:00 0 
7f4b59bfc000-7f4b59e39000 r-xp 00000000 08:06 265316                     /usr/lib/liblept.so.5.0.0
7f4b59e39000-7f4b5a038000 ---p 0023d000 08:06 265316                     /usr/lib/liblept.so.5.0.0
7f4b5a038000-7f4b5a039000 r--p 0023c000 08:06 265316                     /usr/lib/liblept.so.5.0.0
7f4b5a039000-7f4b5a03f000 rw-p 0023d000 08:06 265316                     /usr/lib/liblept.so.5.0.0
7f4b5a03f000-7f4b5a328000 r-xp 00000000 08:06 266417                     /usr/lib/libtesseract.so.3.0.4
7f4b5a328000-7f4b5a528000 ---p 002e9000 08:06 266417                     /usr/lib/libtesseract.so.3.0.4
7f4b5a528000-7f4b5a52c000 r--p 002e9000 08:06 266417                     /usr/lib/libtesseract.so.3.0.4
7f4b5a52c000-7f4b5a52d000 rw-p 002ed000 08:06 266417                     /usr/lib/libtesseract.so.3.0.4
7f4b5a52d000-7f4b5a7c1000 rw-p 00000000 00:00 0 
7f4b5a7c1000-7f4b5a7d8000 r-xp 00000000 08:06 3019539                    /tmp/jna-119407/jna9372931726017402629.tmp (deleted)
7f4b5a7d8000-7f4b5a8d7000 ---p 00017000 08:06 3019539                    /tmp/jna-119407/jna9372931726017402629.tmp (deleted)
7f4b5a8d7000-7f4b5a8d9000 rw-p 00016000 08:06 3019539                    /tmp/jna-119407/jna9372931726017402629.tmp (deleted)
7f4b5a8d9000-7f4b5aad9000 rw-p 00000000 00:00 0 
7f4b5aad9000-7f4b5ab3d000 r-xp 00000000 08:06 271898                     /usr/local/bin/jdk-9.0.1/lib/liblcms.so
7f4b5ab3d000-7f4b5ad3d000 ---p 00064000 08:06 271898                     /usr/local/bin/jdk-9.0.1/lib/liblcms.so
7f4b5ad3d000-7f4b5ad42000 rw-p 00064000 08:06 271898                     /usr/local/bin/jdk-9.0.1/lib/liblcms.so
7f4b5ad42000-7f4b5ad46000 ---p 00000000 00:00 0 
7f4b5ad46000-7f4b5ae43000 rw-p 00000000 00:00 0 
7f4b5ae43000-7f4b5ae79000 r-xp 00000000 08:06 271913                     /usr/local/bin/jdk-9.0.1/lib/libjavajpeg.so
7f4b5ae79000-7f4b5b079000 ---p 00036000 08:06 271913                     /usr/local/bin/jdk-9.0.1/lib/libjavajpeg.so
7f4b5b079000-7f4b5b07a000 rw-p 00036000 08:06 271913                     /usr/local/bin/jdk-9.0.1/lib/libjavajpeg.so
7f4b5b07a000-7f4b5b07f000 r-xp 00000000 08:06 270107                     /usr/lib/x86_64-linux-gnu/libXdmcp.so.6.0.0
7f4b5b07f000-7f4b5b27e000 ---p 00005000 08:06 270107                     /usr/lib/x86_64-linux-gnu/libXdmcp.so.6.0.0
7f4b5b27e000-7f4b5b27f000 r--p 00004000 08:06 270107                     /usr/lib/x86_64-linux-gnu/libXdmcp.so.6.0.0
7f4b5b27f000-7f4b5b280000 rw-p 00005000 08:06 270107                     /usr/lib/x86_64-linux-gnu/libXdmcp.so.6.0.0
7f4b5b280000-7f4b5b282000 r-xp 00000000 08:06 270096                     /usr/lib/x86_64-linux-gnu/libXau.so.6.0.0
7f4b5b282000-7f4b5b482000 ---p 00002000 08:06 270096                     /usr/lib/x86_64-linux-gnu/libXau.so.6.0.0
7f4b5b482000-7f4b5b483000 r--p 00002000 08:06 270096                     /usr/lib/x86_64-linux-gnu/libXau.so.6.0.0
7f4b5b483000-7f4b5b484000 rw-p 00003000 08:06 270096                     /usr/lib/x86_64-linux-gnu/libXau.so.6.0.0
7f4b5b484000-7f4b5b4a5000 r-xp 00000000 08:06 271474                     /usr/lib/x86_64-linux-gnu/libxcb.so.1.1.0
7f4b5b4a5000-7f4b5b6a4000 ---p 00021000 08:06 271474                     /usr/lib/x86_64-linux-gnu/libxcb.so.1.1.0
7f4b5b6a4000-7f4b5b6a5000 r--p 00020000 08:06 271474                     /usr/lib/x86_64-linux-gnu/libxcb.so.1.1.0
7f4b5b6a5000-7f4b5b6a6000 rw-p 00021000 08:06 271474                     /usr/lib/x86_64-linux-gnu/libxcb.so.1.1.0
7f4b5b6a6000-7f4b5b6b5000 r-xp 00000000 08:06 270117                     /usr/lib/x86_64-linux-gnu/libXi.so.6.1.0
7f4b5b6b5000-7f4b5b8b4000 ---p 0000f000 08:06 270117                     /usr/lib/x86_64-linux-gnu/libXi.so.6.1.0
7f4b5b8b4000-7f4b5b8b5000 r--p 0000e000 08:06 270117                     /usr/lib/x86_64-linux-gnu/libXi.so.6.1.0
7f4b5b8b5000-7f4b5b8b6000 rw-p 0000f000 08:06 270117                     /usr/lib/x86_64-linux-gnu/libXi.so.6.1.0
7f4b5b8b6000-7f4b5b8bb000 r-xp 00000000 08:06 270135                     /usr/lib/x86_64-linux-gnu/libXtst.so.6.1.0
7f4b5b8bb000-7f4b5baba000 ---p 00005000 08:06 270135                     /usr/lib/x86_64-linux-gnu/libXtst.so.6.1.0
7f4b5baba000-7f4b5babb000 r--p 00004000 08:06 270135                     /usr/lib/x86_64-linux-gnu/libXtst.so.6.1.0
7f4b5babb000-7f4b5babc000 rw-p 00005000 08:06 270135                     /usr/lib/x86_64-linux-gnu/libXtst.so.6.1.0
7f4b5babc000-7f4b5bac5000 r-xp 00000000 08:06 270129                     /usr/lib/x86_64-linux-gnu/libXrender.so.1.3.0
7f4b5bac5000-7f4b5bcc4000 ---p 00009000 08:06 270129                     /usr/lib/x86_64-linux-gnu/libXrender.so.1.3.0
7f4b5bcc4000-7f4b5bcc5000 r--p 00008000 08:06 270129                     /usr/lib/x86_64-linux-gnu/libXrender.so.1.3.0
7f4b5bcc5000-7f4b5bcc6000 rw-p 00009000 08:06 270129                     /usr/lib/x86_64-linux-gnu/libXrender.so.1.3.0
7f4b5bcc6000-7f4b5bdfb000 r-xp 00000000 08:06 270092                     /usr/lib/x86_64-linux-gnu/libX11.so.6.3.0
7f4b5bdfb000-7f4b5bffb000 ---p 00135000 08:06 270092                     /usr/lib/x86_64-linux-gnu/libX11.so.6.3.0
7f4b5bffb000-7f4b5bffc000 r--p 00135000 08:06 270092                     /usr/lib/x86_64-linux-gnu/libX11.so.6.3.0
7f4b5bffc000-7f4b5c000000 rw-p 00136000 08:06 270092                     /usr/lib/x86_64-linux-gnu/libX11.so.6.3.0
7f4b5c000000-7f4b5c021000 rw-p 00000000 00:00 0 
7f4b5c021000-7f4b60000000 ---p 00000000 00:00 0 
7f4b60000000-7f4b60021000 rw-p 00000000 00:00 0 
7f4b60021000-7f4b64000000 ---p 00000000 00:00 0 
7f4b64000000-7f4b64021000 rw-p 00000000 00:00 0 
7f4b64021000-7f4b68000000 ---p 00000000 00:00 0 
7f4b68000000-7f4b68021000 rw-p 00000000 00:00 0 
7f4b68021000-7f4b6c000000 ---p 00000000 00:00 0 
7f4b6c000000-7f4b6d28d000 rw-p 00000000 00:00 0 
7f4b6d28d000-7f4b70000000 ---p 00000000 00:00 0 
7f4b70000000-7f4b705c3000 rw-p 00000000 00:00 0 
7f4b705c3000-7f4b74000000 ---p 00000000 00:00 0 
7f4b74000000-7f4b74021000 rw-p 00000000 00:00 0 
7f4b74021000-7f4b78000000 ---p 00000000 00:00 0 
7f4b78000000-7f4b782b7000 rw-p 00000000 00:00 0 
7f4b782b7000-7f4b7c000000 ---p 00000000 00:00 0 
7f4b7c000000-7f4b7c021000 rw-p 00000000 00:00 0 
7f4b7c021000-7f4b80000000 ---p 00000000 00:00 0 
7f4b80000000-7f4b80021000 rw-p 00000000 00:00 0 
7f4b80021000-7f4b84000000 ---p 00000000 00:00 0 
7f4b84000000-7f4b84021000 rw-p 00000000 00:00 0 
7f4b84021000-7f4b88000000 ---p 00000000 00:00 0 
7f4b88000000-7f4b88021000 rw-p 00000000 00:00 0 
7f4b88021000-7f4b8c000000 ---p 00000000 00:00 0 
7f4b8c034000-7f4b8c045000 r-xp 00000000 08:06 270109                     /usr/lib/x86_64-linux-gnu/libXext.so.6.4.0
7f4b8c045000-7f4b8c244000 ---p 00011000 08:06 270109                     /usr/lib/x86_64-linux-gnu/libXext.so.6.4.0
7f4b8c244000-7f4b8c245000 r--p 00010000 08:06 270109                     /usr/lib/x86_64-linux-gnu/libXext.so.6.4.0
7f4b8c245000-7f4b8c246000 rw-p 00011000 08:06 270109                     /usr/lib/x86_64-linux-gnu/libXext.so.6.4.0
7f4b8c246000-7f4b8c2a4000 r-xp 00000000 08:06 271930                     /usr/local/bin/jdk-9.0.1/lib/libawt_xawt.so
7f4b8c2a4000-7f4b8c4a3000 ---p 0005e000 08:06 271930                     /usr/local/bin/jdk-9.0.1/lib/libawt_xawt.so
7f4b8c4a3000-7f4b8c4a6000 rw-p 0005d000 08:06 271930                     /usr/local/bin/jdk-9.0.1/lib/libawt_xawt.so
7f4b8c4a6000-7f4b8c4a8000 rw-p 00000000 00:00 0 
7f4b8c4a8000-7f4b8c546000 r-xp 00000000 08:06 271983                     /usr/local/bin/jdk-9.0.1/lib/libawt.so
7f4b8c546000-7f4b8c746000 ---p 0009e000 08:06 271983                     /usr/local/bin/jdk-9.0.1/lib/libawt.so
7f4b8c746000-7f4b8c752000 rw-p 0009e000 08:06 271983                     /usr/local/bin/jdk-9.0.1/lib/libawt.so
7f4b8c752000-7f4b8c976000 rw-p 00000000 00:00 0 
7f4b8c976000-7f4b8c977000 ---p 00000000 00:00 0 
7f4b8c977000-7f4b8ca77000 rw-p 00000000 00:00 0 
7f4b8ca77000-7f4b8ca7b000 ---p 00000000 00:00 0 
7f4b8ca7b000-7f4b8cb78000 rw-p 00000000 00:00 0 
7f4b8cb78000-7f4b8cb7c000 ---p 00000000 00:00 0 
7f4b8cb7c000-7f4b8cc79000 rw-p 00000000 00:00 0 
7f4b8cc79000-7f4b8cc8f000 r-xp 00000000 08:06 271949                     /usr/local/bin/jdk-9.0.1/lib/libnet.so
7f4b8cc8f000-7f4b8ce8f000 ---p 00016000 08:06 271949                     /usr/local/bin/jdk-9.0.1/lib/libnet.so
7f4b8ce8f000-7f4b8ce90000 rw-p 00016000 08:06 271949                     /usr/local/bin/jdk-9.0.1/lib/libnet.so
7f4b8ce90000-7f4b8cea0000 r-xp 00000000 08:06 271946                     /usr/local/bin/jdk-9.0.1/lib/libnio.so
7f4b8cea0000-7f4b8d0a0000 ---p 00010000 08:06 271946                     /usr/local/bin/jdk-9.0.1/lib/libnio.so
7f4b8d0a0000-7f4b8d0a1000 rw-p 00010000 08:06 271946                     /usr/local/bin/jdk-9.0.1/lib/libnio.so
7f4b8d0a1000-7f4b8d0a5000 ---p 00000000 00:00 0 
7f4b8d0a5000-7f4b8d1a2000 rw-p 00000000 00:00 0 
7f4b8d1a2000-7f4b8d1a6000 ---p 00000000 00:00 0 
7f4b8d1a6000-7f4b8d2a3000 rw-p 00000000 00:00 0 
7f4b8d2a3000-7f4b8d2a7000 ---p 00000000 00:00 0 
7f4b8d2a7000-7f4b8d3a4000 rw-p 00000000 00:00 0 
7f4b8d3a4000-7f4b8d800000 r--p 00000000 08:06 274350                     /usr/lib/locale/locale-archive
7f4b8d800000-7f4b8e000000 rw-p 00000000 00:00 0 
7f4b8e000000-7f4b90000000 rwxp 00000000 00:00 0 
7f4b90000000-7f4b90021000 rw-p 00000000 00:00 0 
7f4b90021000-7f4b94000000 ---p 00000000 00:00 0 
7f4b9406d000-7f4b94071000 ---p 00000000 00:00 0 
7f4b94071000-7f4b9416e000 rw-p 00000000 00:00 0 
7f4b9416e000-7f4b94172000 ---p 00000000 00:00 0 
7f4b94172000-7f4b9426f000 rw-p 00000000 00:00 0 
7f4b9426f000-7f4b94273000 ---p 00000000 00:00 0 
7f4b94273000-7f4b94758000 rw-p 00000000 00:00 0 
7f4b94758000-7f4b981b8000 ---p 00000000 00:00 0 
7f4b981b8000-7f4b985a0000 rw-p 00000000 00:00 0 
7f4b985a0000-7f4b9c000000 ---p 00000000 00:00 0 
7f4b9c000000-7f4b9c021000 rw-p 00000000 00:00 0 
7f4b9c021000-7f4ba0000000 ---p 00000000 00:00 0 
7f4ba0000000-7f4ba0021000 rw-p 00000000 00:00 0 
7f4ba0021000-7f4ba4000000 ---p 00000000 00:00 0 
7f4ba4000000-7f4ba4021000 rw-p 00000000 00:00 0 
7f4ba4021000-7f4ba8000000 ---p 00000000 00:00 0 
7f4ba8000000-7f4ba8021000 rw-p 00000000 00:00 0 
7f4ba8021000-7f4bac000000 ---p 00000000 00:00 0 
7f4bac000000-7f4bac021000 rw-p 00000000 00:00 0 
7f4bac021000-7f4bb0000000 ---p 00000000 00:00 0 
7f4bb0000000-7f4bb0021000 rw-p 00000000 00:00 0 
7f4bb0021000-7f4bb4000000 ---p 00000000 00:00 0 
7f4bb4000000-7f4bb4021000 rw-p 00000000 00:00 0 
7f4bb4021000-7f4bb8000000 ---p 00000000 00:00 0 
7f4bb8000000-7f4bb8035000 rw-p 00000000 00:00 0 
7f4bb8035000-7f4bbc000000 ---p 00000000 00:00 0 
7f4bbc000000-7f4bbc021000 rw-p 00000000 00:00 0 
7f4bbc021000-7f4bc0000000 ---p 00000000 00:00 0 
7f4bc000e000-7f4bc0012000 ---p 00000000 00:00 0 
7f4bc0012000-7f4bc010f000 rw-p 00000000 00:00 0 
7f4bc010f000-7f4bc0110000 ---p 00000000 00:00 0 
7f4bc0110000-7f4bc045f000 rw-p 00000000 00:00 0 
7f4bc045f000-7f4bc0bab000 ---p 00000000 00:00 0 
7f4bc0bab000-7f4bc0c28000 rw-p 00000000 00:00 0 
7f4bc0c28000-7f4bc1b3d000 ---p 00000000 00:00 0 
7f4bc1b3d000-7f4bc1dad000 rwxp 00000000 00:00 0 
7f4bc1dad000-7f4bc20cd000 ---p 00000000 00:00 0 
7f4bc20cd000-7f4bc235d000 rwxp 00000000 00:00 0 
7f4bc235d000-7f4bc9605000 ---p 00000000 00:00 0 
7f4bc9605000-7f4bc9875000 rwxp 00000000 00:00 0 
7f4bc9875000-7f4bd0b3d000 ---p 00000000 00:00 0 
7f4bd0b3d000-7f4bdc000000 r--s 00000000 08:06 271906                     /usr/local/bin/jdk-9.0.1/lib/modules
7f4bdc000000-7f4bddc8d000 rw-p 00000000 00:00 0 
7f4bddc8d000-7f4be0000000 ---p 00000000 00:00 0 
7f4be000b000-7f4be033f000 rw-p 00000000 00:00 0 
7f4be033f000-7f4be0340000 ---p 00000000 00:00 0 
7f4be0340000-7f4be0440000 rw-p 00000000 00:00 0 
7f4be0440000-7f4be0441000 ---p 00000000 00:00 0 
7f4be0441000-7f4be06b8000 rw-p 00000000 00:00 0 
7f4be06b8000-7f4be0e04000 ---p 00000000 00:00 0 
7f4be0e04000-7f4be0e05000 ---p 00000000 00:00 0 
7f4be0e05000-7f4be0f05000 rw-p 00000000 00:00 0 
7f4be0f05000-7f4be0f06000 ---p 00000000 00:00 0 
7f4be0f06000-7f4be1006000 rw-p 00000000 00:00 0 
7f4be1006000-7f4be1007000 ---p 00000000 00:00 0 
7f4be1007000-7f4be1107000 rw-p 00000000 00:00 0 
7f4be1107000-7f4be1108000 ---p 00000000 00:00 0 
7f4be1108000-7f4be1208000 rw-p 00000000 00:00 0 
7f4be1208000-7f4be1209000 ---p 00000000 00:00 0 
7f4be1209000-7f4be170d000 rw-p 00000000 00:00 0 
7f4be170d000-7f4be170e000 ---p 00000000 00:00 0 
7f4be170e000-7f4be180e000 rw-p 00000000 00:00 0 
7f4be180e000-7f4be180f000 ---p 00000000 00:00 0 
7f4be180f000-7f4be190f000 rw-p 00000000 00:00 0 
7f4be190f000-7f4be1910000 ---p 00000000 00:00 0 
7f4be1910000-7f4be1a10000 rw-p 00000000 00:00 0 
7f4be1a10000-7f4be1a11000 ---p 00000000 00:00 0 
7f4be1a11000-7f4be1b16000 rw-p 00000000 00:00 0 
7f4be1b16000-7f4be1bfc000 ---p 00000000 00:00 0 
7f4be1bfc000-7f4be1c02000 rw-p 00000000 00:00 0 
7f4be1c02000-7f4be1ce7000 ---p 00000000 00:00 0 
7f4be1ce7000-7f4be1d01000 r-xp 00000000 08:06 271951                     /usr/local/bin/jdk-9.0.1/lib/libjimage.so
7f4be1d01000-7f4be1f00000 ---p 0001a000 08:06 271951                     /usr/local/bin/jdk-9.0.1/lib/libjimage.so
7f4be1f00000-7f4be1f02000 rw-p 00019000 08:06 271951                     /usr/local/bin/jdk-9.0.1/lib/libjimage.so
7f4be1f02000-7f4be1f14000 rw-p 00000000 00:00 0 
7f4be1f14000-7f4be1f1b000 r-xp 00000000 08:06 271995                     /usr/local/bin/jdk-9.0.1/lib/libzip.so
7f4be1f1b000-7f4be211a000 ---p 00007000 08:06 271995                     /usr/local/bin/jdk-9.0.1/lib/libzip.so
7f4be211a000-7f4be211b000 rw-p 00006000 08:06 271995                     /usr/local/bin/jdk-9.0.1/lib/libzip.so
7f4be211b000-7f4be2126000 r-xp 00000000 08:06 19660973                   /lib/x86_64-linux-gnu/libnss_files-2.23.so
7f4be2126000-7f4be2325000 ---p 0000b000 08:06 19660973                   /lib/x86_64-linux-gnu/libnss_files-2.23.so
7f4be2325000-7f4be2326000 r--p 0000a000 08:06 19660973                   /lib/x86_64-linux-gnu/libnss_files-2.23.so
7f4be2326000-7f4be2327000 rw-p 0000b000 08:06 19660973                   /lib/x86_64-linux-gnu/libnss_files-2.23.so
7f4be2327000-7f4be232d000 rw-p 00000000 00:00 0 
7f4be232d000-7f4be2338000 r-xp 00000000 08:06 19660976                   /lib/x86_64-linux-gnu/libnss_nis-2.23.so
7f4be2338000-7f4be2537000 ---p 0000b000 08:06 19660976                   /lib/x86_64-linux-gnu/libnss_nis-2.23.so
7f4be2537000-7f4be2538000 r--p 0000a000 08:06 19660976                   /lib/x86_64-linux-gnu/libnss_nis-2.23.so
7f4be2538000-7f4be2539000 rw-p 0000b000 08:06 19660976                   /lib/x86_64-linux-gnu/libnss_nis-2.23.so
7f4be2539000-7f4be254f000 r-xp 00000000 08:06 19660900                   /lib/x86_64-linux-gnu/libnsl-2.23.so
7f4be254f000-7f4be274e000 ---p 00016000 08:06 19660900                   /lib/x86_64-linux-gnu/libnsl-2.23.so
7f4be274e000-7f4be274f000 r--p 00015000 08:06 19660900                   /lib/x86_64-linux-gnu/libnsl-2.23.so
7f4be274f000-7f4be2750000 rw-p 00016000 08:06 19660900                   /lib/x86_64-linux-gnu/libnsl-2.23.so
7f4be2750000-7f4be2752000 rw-p 00000000 00:00 0 
7f4be2752000-7f4be275a000 r-xp 00000000 08:06 19660982                   /lib/x86_64-linux-gnu/libnss_compat-2.23.so
7f4be275a000-7f4be2959000 ---p 00008000 08:06 19660982                   /lib/x86_64-linux-gnu/libnss_compat-2.23.so
7f4be2959000-7f4be295a000 r--p 00007000 08:06 19660982                   /lib/x86_64-linux-gnu/libnss_compat-2.23.so
7f4be295a000-7f4be295b000 rw-p 00008000 08:06 19660982                   /lib/x86_64-linux-gnu/libnss_compat-2.23.so
7f4be295b000-7f4be2986000 r-xp 00000000 08:06 271917                     /usr/local/bin/jdk-9.0.1/lib/libjava.so
7f4be2986000-7f4be2b85000 ---p 0002b000 08:06 271917                     /usr/local/bin/jdk-9.0.1/lib/libjava.so
7f4be2b85000-7f4be2b87000 rw-p 0002a000 08:06 271917                     /usr/local/bin/jdk-9.0.1/lib/libjava.so
7f4be2b87000-7f4be2b94000 r-xp 00000000 08:06 271914                     /usr/local/bin/jdk-9.0.1/lib/libverify.so
7f4be2b94000-7f4be2d93000 ---p 0000d000 08:06 271914                     /usr/local/bin/jdk-9.0.1/lib/libverify.so
7f4be2d93000-7f4be2d95000 rw-p 0000c000 08:06 271914                     /usr/local/bin/jdk-9.0.1/lib/libverify.so
7f4be2d95000-7f4be2d9c000 r-xp 00000000 08:06 19660978                   /lib/x86_64-linux-gnu/librt-2.23.so
7f4be2d9c000-7f4be2f9b000 ---p 00007000 08:06 19660978                   /lib/x86_64-linux-gnu/librt-2.23.so
7f4be2f9b000-7f4be2f9c000 r--p 00006000 08:06 19660978                   /lib/x86_64-linux-gnu/librt-2.23.so
7f4be2f9c000-7f4be2f9d000 rw-p 00007000 08:06 19660978                   /lib/x86_64-linux-gnu/librt-2.23.so
7f4be2f9d000-7f4be30a5000 r-xp 00000000 08:06 19660987                   /lib/x86_64-linux-gnu/libm-2.23.so
7f4be30a5000-7f4be32a4000 ---p 00108000 08:06 19660987                   /lib/x86_64-linux-gnu/libm-2.23.so
7f4be32a4000-7f4be32a5000 r--p 00107000 08:06 19660987                   /lib/x86_64-linux-gnu/libm-2.23.so
7f4be32a5000-7f4be32a6000 rw-p 00108000 08:06 19660987                   /lib/x86_64-linux-gnu/libm-2.23.so
7f4be32a6000-7f4be42ba000 r-xp 00000000 08:06 3284492                    /usr/local/bin/jdk-9.0.1/lib/server/libjvm.so
7f4be42ba000-7f4be44ba000 ---p 01014000 08:06 3284492                    /usr/local/bin/jdk-9.0.1/lib/server/libjvm.so
7f4be44ba000-7f4be458b000 r--p 01014000 08:06 3284492                    /usr/local/bin/jdk-9.0.1/lib/server/libjvm.so
7f4be458b000-7f4be45c2000 rw-p 010e5000 08:06 3284492                    /usr/local/bin/jdk-9.0.1/lib/server/libjvm.so
7f4be45c2000-7f4be462b000 rw-p 00000000 00:00 0 
7f4be462b000-7f4be47eb000 r-xp 00000000 08:06 19660992                   /lib/x86_64-linux-gnu/libc-2.23.so
7f4be47eb000-7f4be49eb000 ---p 001c0000 08:06 19660992                   /lib/x86_64-linux-gnu/libc-2.23.so
7f4be49eb000-7f4be49ef000 r--p 001c0000 08:06 19660992                   /lib/x86_64-linux-gnu/libc-2.23.so
7f4be49ef000-7f4be49f1000 rw-p 001c4000 08:06 19660992                   /lib/x86_64-linux-gnu/libc-2.23.so
7f4be49f1000-7f4be49f5000 rw-p 00000000 00:00 0 
7f4be49f5000-7f4be49f8000 r-xp 00000000 08:06 19660981                   /lib/x86_64-linux-gnu/libdl-2.23.so
7f4be49f8000-7f4be4bf7000 ---p 00003000 08:06 19660981                   /lib/x86_64-linux-gnu/libdl-2.23.so
7f4be4bf7000-7f4be4bf8000 r--p 00002000 08:06 19660981                   /lib/x86_64-linux-gnu/libdl-2.23.so
7f4be4bf8000-7f4be4bf9000 rw-p 00003000 08:06 19660981                   /lib/x86_64-linux-gnu/libdl-2.23.so
7f4be4bf9000-7f4be4c07000 r-xp 00000000 08:06 659804                     /usr/local/bin/jdk-9.0.1/lib/jli/libjli.so
7f4be4c07000-7f4be4e07000 ---p 0000e000 08:06 659804                     /usr/local/bin/jdk-9.0.1/lib/jli/libjli.so
7f4be4e07000-7f4be4e08000 rw-p 0000e000 08:06 659804                     /usr/local/bin/jdk-9.0.1/lib/jli/libjli.so
7f4be4e08000-7f4be4e20000 r-xp 00000000 08:06 19660975                   /lib/x86_64-linux-gnu/libpthread-2.23.so
7f4be4e20000-7f4be501f000 ---p 00018000 08:06 19660975                   /lib/x86_64-linux-gnu/libpthread-2.23.so
7f4be501f000-7f4be5020000 r--p 00017000 08:06 19660975                   /lib/x86_64-linux-gnu/libpthread-2.23.so
7f4be5020000-7f4be5021000 rw-p 00018000 08:06 19660975                   /lib/x86_64-linux-gnu/libpthread-2.23.so
7f4be5021000-7f4be5025000 rw-p 00000000 00:00 0 
7f4be5025000-7f4be503e000 r-xp 00000000 08:06 19660999                   /lib/x86_64-linux-gnu/libz.so.1.2.8
7f4be503e000-7f4be523d000 ---p 00019000 08:06 19660999                   /lib/x86_64-linux-gnu/libz.so.1.2.8
7f4be523d000-7f4be523e000 r--p 00018000 08:06 19660999                   /lib/x86_64-linux-gnu/libz.so.1.2.8
7f4be523e000-7f4be523f000 rw-p 00019000 08:06 19660999                   /lib/x86_64-linux-gnu/libz.so.1.2.8
7f4be523f000-7f4be5265000 r-xp 00000000 08:06 19660970                   /lib/x86_64-linux-gnu/ld-2.23.so
7f4be5268000-7f4be526f000 r--s 00000000 08:06 532898                     /usr/lib/x86_64-linux-gnu/gconv/gconv-modules.cache
7f4be526f000-7f4be5295000 r--p 00000000 08:06 796233                     /usr/share/locale-langpack/de/LC_MESSAGES/libc.mo
7f4be5295000-7f4be5342000 rw-p 00000000 00:00 0 
7f4be5342000-7f4be5347000 ---p 00000000 00:00 0 
7f4be5347000-7f4be5447000 rw-p 00000000 00:00 0 
7f4be544b000-7f4be5451000 rw-p 00000000 00:00 0 
7f4be5451000-7f4be5458000 ---p 00000000 00:00 0 
7f4be5458000-7f4be5460000 rw-s 00000000 08:06 3019537                    /tmp/hsperfdata_yaw/31714
7f4be5460000-7f4be5461000 rw-p 00000000 00:00 0 
7f4be5461000-7f4be5462000 r--p 00000000 00:00 0 
7f4be5462000-7f4be5464000 rw-p 00000000 00:00 0 
7f4be5464000-7f4be5465000 r--p 00025000 08:06 19660970                   /lib/x86_64-linux-gnu/ld-2.23.so
7f4be5465000-7f4be5466000 rw-p 00026000 08:06 19660970                   /lib/x86_64-linux-gnu/ld-2.23.so
7f4be5466000-7f4be5467000 rw-p 00000000 00:00 0 
7ffc039bc000-7ffc039dd000 rw-p 00000000 00:00 0                          [stack]
7ffc039f2000-7ffc039f4000 r--p 00000000 00:00 0                          [vvar]
7ffc039f4000-7ffc039f6000 r-xp 00000000 00:00 0                          [vdso]
ffffffffff600000-ffffffffff601000 r-xp 00000000 00:00 0                  [vsyscall]

VM Arguments:
jvm_args: -Dfile.encoding=UTF-8 
java_command: ch.ingrid.playground.TesseractExample
java_class_path (initial): /home/yaw/Projects/ingrid/backend/bin:/home/yaw/Projects/ingrid/lib/Tess4J/dist/tess4j-3.4.1.jar:/home/yaw/Projects/ingrid/lib/Tess4J/lib/commons-io-2.5.jar:/home/yaw/Projects/ingrid/lib/Tess4J/lib/jai-imageio-core-1.3.1.jar:/home/yaw/Projects/ingrid/lib/Tess4J/lib/jna-4.1.0.jar:/home/yaw/Projects/ingrid/lib/Tess4J/lib/lept4j-1.6.1.jar:/home/yaw/Projects/ingrid/lib/Tess4J/lib/slf4j-api-1.7.25.jar:/home/yaw/Projects/ingrid/lib/Tess4J/lib/commons-beanutils-1.9.2.jar:/home/yaw/Projects/ingrid/lib/Tess4J/lib/commons-logging-1.2.jar:/home/yaw/Projects/ingrid/lib/Tess4J/lib/ghost4j-1.0.1.jar:/home/yaw/Projects/ingrid/lib/Tess4J/lib/hamcrest-core-1.3.jar:/home/yaw/Projects/ingrid/lib/Tess4J/lib/itext-2.1.7.jar:/home/yaw/Projects/ingrid/lib/Tess4J/lib/jboss-vfs-3.2.12.Final.jar:/home/yaw/Projects/ingrid/lib/Tess4J/lib/jcl-over-slf4j-1.7.25.jar:/home/yaw/Projects/ingrid/lib/Tess4J/lib/jul-to-slf4j-1.7.25.jar:/home/yaw/Projects/ingrid/lib/Tess4J/lib/junit-4.12.jar:/home/yaw/Projects/ingrid/lib/Tess4J/lib/log4j-1.2.17.jar:/home/yaw/Projects/ingrid/lib/Tess4J/lib/log4j-over-slf4j-1.7.25.jar:/home/yaw/Projects/ingrid/lib/Tess4J/lib/logback-classic-1.2.3.jar:/home/yaw/Projects/ingrid/lib/Tess4J/lib/logback-core-1.2.3.jar:/home/yaw/Projects/ingrid/lib/Tess4J/lib/xmlgraphics-commons-1.5.jar
Launcher Type: SUN_STANDARD

Logging:
Log output configuration:
#0: stdout all=warning uptime,level,tags
#1: stderr all=off uptime,level,tags

Environment Variables:
PATH=/home/yaw/bin:/home/yaw/.local/bin:/usr/local/sbin:/usr/local/bin:/usr/sbin:/usr/bin:/sbin:/bin:/usr/games:/usr/local/games:/snap/bin
SHELL=/bin/bash
DISPLAY=:0

Signal Handlers:
SIGSEGV: [libjvm.so+0xd4ce90], sa_mask[0]=11111111011111111101111111111110, sa_flags=SA_RESTART|SA_SIGINFO
SIGBUS: [libjvm.so+0xd4ce90], sa_mask[0]=11111111011111111101111111111110, sa_flags=SA_RESTART|SA_SIGINFO
SIGFPE: [libjvm.so+0xd4ce90], sa_mask[0]=11111111011111111101111111111110, sa_flags=SA_RESTART|SA_SIGINFO
SIGPIPE: [libjvm.so+0xb64460], sa_mask[0]=11111111011111111101111111111110, sa_flags=SA_RESTART|SA_SIGINFO
SIGXFSZ: [libjvm.so+0xb64460], sa_mask[0]=11111111011111111101111111111110, sa_flags=SA_RESTART|SA_SIGINFO
SIGILL: [libjvm.so+0xd4ce90], sa_mask[0]=11111111011111111101111111111110, sa_flags=SA_RESTART|SA_SIGINFO
SIGUSR2: [libjvm.so+0xb64320], sa_mask[0]=00100000000000000000000000000000, sa_flags=SA_RESTART|SA_SIGINFO
SIGHUP: [libjvm.so+0xb64530], sa_mask[0]=11111111011111111101111111111110, sa_flags=SA_RESTART|SA_SIGINFO
SIGINT: [libjvm.so+0xb64530], sa_mask[0]=11111111011111111101111111111110, sa_flags=SA_RESTART|SA_SIGINFO
SIGTERM: [libjvm.so+0xb64530], sa_mask[0]=11111111011111111101111111111110, sa_flags=SA_RESTART|SA_SIGINFO
SIGQUIT: [libjvm.so+0xb64530], sa_mask[0]=11111111011111111101111111111110, sa_flags=SA_RESTART|SA_SIGINFO


---------------  S Y S T E M  ---------------

OS:DISTRIB_ID=Ubuntu
DISTRIB_RELEASE=16.04
DISTRIB_CODENAME=xenial
DISTRIB_DESCRIPTION="Ubuntu 16.04.3 LTS"
uname:Linux 4.4.0-93-generic #116-Ubuntu SMP Fri Aug 11 21:17:51 UTC 2017 x86_64
libc:glibc 2.23 NPTL 2.23 
rlimit: STACK 8192k, CORE 0k, NPROC 63233, NOFILE 1048576, AS infinity
load average:1,25 1,49 1,67

/proc/meminfo:
MemTotal:       16320048 kB
MemFree:          249776 kB
MemAvailable:    1635100 kB
Buffers:           45568 kB
Cached:          4594776 kB
SwapCached:       107528 kB
Active:          9294276 kB
Inactive:        3447892 kB
Active(anon):    8514428 kB
Inactive(anon):  2671396 kB
Active(file):     779848 kB
Inactive(file):   776496 kB
Unevictable:          48 kB
Mlocked:              48 kB
SwapTotal:      16663036 kB
SwapFree:       15733944 kB
Dirty:               596 kB
Writeback:             0 kB
AnonPages:       7994744 kB
Mapped:          2365048 kB
Shmem:           3084012 kB
Slab:            3085260 kB
SReclaimable:     171316 kB
SUnreclaim:      2913944 kB
KernelStack:       14832 kB
PageTables:       102708 kB
NFS_Unstable:          0 kB
Bounce:                0 kB
WritebackTmp:          0 kB
CommitLimit:    24823060 kB
Committed_AS:   16949732 kB
VmallocTotal:   34359738367 kB
VmallocUsed:           0 kB
VmallocChunk:          0 kB
HardwareCorrupted:     0 kB
AnonHugePages:   4057088 kB
CmaTotal:              0 kB
CmaFree:               0 kB
HugePages_Total:       0
HugePages_Free:        0
HugePages_Rsvd:        0
HugePages_Surp:        0
Hugepagesize:       2048 kB
DirectMap4k:     1046640 kB
DirectMap2M:    15618048 kB
DirectMap1G:           0 kB


CPU:total 4 (initial active 4) (2 cores per cpu, 2 threads per core) family 6 model 78 stepping 3, cmov, cx8, fxsr, mmx, sse, sse2, sse3, ssse3, sse4.1, sse4.2, popcnt, avx, avx2, aes, clmul, erms, 3dnowpref, lzcnt, ht, tsc, tscinvbit, bmi1, bmi2, adx, fma
CPU Model and flags from /proc/cpuinfo:
model name	: Intel(R) Core(TM) i5-6260U CPU @ 1.80GHz
flags		: fpu vme de pse tsc msr pae mce cx8 apic sep mtrr pge mca cmov pat pse36 clflush dts acpi mmx fxsr sse sse2 ss ht tm pbe syscall nx pdpe1gb rdtscp lm constant_tsc art arch_perfmon pebs bts rep_good nopl xtopology nonstop_tsc aperfmperf eagerfpu pni pclmulqdq dtes64 monitor ds_cpl vmx est tm2 ssse3 sdbg fma cx16 xtpr pdcm pcid sse4_1 sse4_2 x2apic movbe popcnt tsc_deadline_timer aes xsave avx f16c rdrand lahf_lm abm 3dnowprefetch epb intel_pt tpr_shadow vnmi flexpriority ept vpid fsgsbase tsc_adjust bmi1 avx2 smep bmi2 erms invpcid mpx rdseed adx smap clflushopt xsaveopt xsavec xgetbv1 dtherm ida arat pln pts hwp hwp_notify hwp_act_window hwp_epp

Memory: 4k page, physical 16320048k(249776k free), swap 16663036k(15733944k free)

vm_info: Java HotSpot(TM) 64-Bit Server VM (9.0.1+11) for linux-amd64 JRE (9.0.1+11), built on Sep 27 2017 20:48:27 by "mach5one" with gcc 4.9.2

END.
