#
# A fatal error has been detected by the Java Runtime Environment:
#
#  SIGSEGV (0xb) at pc=0x00007f5cc9598ac7, pid=31817, tid=31822
#
# JRE version: Java(TM) SE Runtime Environment (9.0+11) (build 9.0.1+11)
# Java VM: Java HotSpot(TM) 64-Bit Server VM (9.0.1+11, mixed mode, tiered, compressed oops, g1 gc, linux-amd64)
# Problematic frame:
# C  [libtesseract.so.3.0.4+0x9dac7]  tesseract::Tesseract::recog_all_words(PAGE_RES*, ETEXT_DESC*, TBOX const*, char const*, int)+0x5e7
#
# Core dump will be written. Default location: Core dumps may be processed with "/usr/share/apport/apport %p %s %c %P" (or dumping to /home/yaw/Projects/ingrid/backend/core.31817)
#
# If you would like to submit a bug report, please visit:
#   http://bugreport.java.com/bugreport/crash.jsp
# The crash happened outside the Java Virtual Machine in native code.
# See problematic frame for where to report the bug.
#

---------------  S U M M A R Y ------------

Command Line: -Dfile.encoding=UTF-8 ch.ingrid.playground.TesseractExample

Host: Intel(R) Core(TM) i5-6260U CPU @ 1.80GHz, 4 cores, 15G, Ubuntu 16.04.3 LTS
Time: Thu Oct 19 23:18:33 2017 CEST elapsed time: 2 seconds (0d 0h 0m 2s)

---------------  T H R E A D  ---------------

Current thread (0x00007f5d44012800):  JavaThread "main" [_thread_in_native, id=31822, stack(0x00007f5d4c7f0000,0x00007f5d4c8f0000)]

Stack: [0x00007f5d4c7f0000,0x00007f5d4c8f0000],  sp=0x00007f5d4c8ed780,  free space=1013k
Native frames: (J=compiled Java code, A=aot compiled Java code, j=interpreted, Vv=VM code, C=native code)
C  [libtesseract.so.3.0.4+0x9dac7]  tesseract::Tesseract::recog_all_words(PAGE_RES*, ETEXT_DESC*, TBOX const*, char const*, int)+0x5e7

Java frames: (J=compiled Java code, j=interpreted, Vv=VM code)
j  com.sun.jna.Native.invokePointer(JI[Ljava/lang/Object;)J+0
j  com.sun.jna.Function.invokePointer(I[Ljava/lang/Object;)Lcom/sun/jna/Pointer;+6
j  com.sun.jna.Function.invoke([Ljava/lang/Object;Ljava/lang/Class;Z)Ljava/lang/Object;+426
j  com.sun.jna.Function.invoke(Ljava/lang/Class;[Ljava/lang/Object;Ljava/util/Map;)Ljava/lang/Object;+262
j  com.sun.jna.Library$Handler.invoke(Ljava/lang/Object;Ljava/lang/reflect/Method;[Ljava/lang/Object;)Ljava/lang/Object;+316
j  com.sun.proxy.$Proxy0.TessBaseAPIGetUTF8Text(Lnet/sourceforge/tess4j/ITessAPI$TessBaseAPI;)Lcom/sun/jna/Pointer;+16
j  net.sourceforge.tess4j.Tesseract.getOCRText(Ljava/lang/String;I)Ljava/lang/String;+62
j  net.sourceforge.tess4j.Tesseract.doOCR(Ljava/util/List;Ljava/lang/String;Ljava/awt/Rectangle;)Ljava/lang/String;+69
j  net.sourceforge.tess4j.Tesseract.doOCR(Ljava/io/File;Ljava/awt/Rectangle;)Ljava/lang/String;+10
j  net.sourceforge.tess4j.Tesseract.doOCR(Ljava/io/File;)Ljava/lang/String;+3
j  ch.ingrid.playground.TesseractExample.main([Ljava/lang/String;)V+20
v  ~StubRoutines::call_stub

siginfo: si_signo: 11 (SIGSEGV), si_code: 1 (SEGV_MAPERR), si_addr: 0x000000000000000c

Register to memory mapping:

RAX=0x0000000000000000 is an unknown value
RBX=0x00007f5d4c8ed7d0 is pointing into the stack for thread: 0x00007f5d44012800
RCX=0x0000000000000000 is an unknown value
RDX=0x0000000000000000 is an unknown value
RSP=0x00007f5d4c8ed780 is pointing into the stack for thread: 0x00007f5d44012800
RBP=0x00007f5d447faa50 is an unknown value
RSI=0x0000000000000000 is an unknown value
RDI=0x00007f5d4c8ed890 is pointing into the stack for thread: 0x00007f5d44012800
R8 =0x0000000000000000 is an unknown value
R9 =0x0000000000000000 is an unknown value
R10=0x00000000ffff8001 is an unknown value
R11=0x00000000ffff8001 is an unknown value
R12=0x00007f5d45afc200 is an unknown value
R13=0x0000000000000000 is an unknown value
R14=0x0000000000000000 is an unknown value
R15=0x00007f5d45afc200 is an unknown value


Registers:
RAX=0x0000000000000000, RBX=0x00007f5d4c8ed7d0, RCX=0x0000000000000000, RDX=0x0000000000000000
RSP=0x00007f5d4c8ed780, RBP=0x00007f5d447faa50, RSI=0x0000000000000000, RDI=0x00007f5d4c8ed890
R8 =0x0000000000000000, R9 =0x0000000000000000, R10=0x00000000ffff8001, R11=0x00000000ffff8001
R12=0x00007f5d45afc200, R13=0x0000000000000000, R14=0x0000000000000000, R15=0x00007f5d45afc200
RIP=0x00007f5cc9598ac7, EFLAGS=0x0000000000010246, CSGSFS=0x0000000000000033, ERR=0x0000000000000004
  TRAPNO=0x000000000000000e

Top of Stack: (sp=0x00007f5d4c8ed780)
0x00007f5d4c8ed780:   0000000000000000 0000000000000000
0x00007f5d4c8ed790:   00007f5d45ac0f60 00007f5d45ac1570
0x00007f5d4c8ed7a0:   00007f5d45c54160 00007f5d444f75d0
0x00007f5d4c8ed7b0:   0000000000000000 00007f5d4c8ed7e0 

Instructions: (pc=0x00007f5cc9598ac7)
0x00007f5cc9598aa7:   13 00 00 41 83 fe 01 0f 84 ec fb ff ff e9 b9 fa
0x00007f5cc9598ab7:   ff ff 0f 1f 80 00 00 00 00 48 8b 85 10 0b 00 00
0x00007f5cc9598ac7:   80 78 0c 00 0f 84 9f fd ff ff 48 89 ef e8 17 82
0x00007f5cc9598ad7:   0f 00 e9 92 fd ff ff 4c 89 e6 48 89 ef e8 e7 8b 


---------------  P R O C E S S  ---------------

Java Threads: ( => current thread )
  0x00007f5d444b9000 JavaThread "Java2D Disposer" daemon [_thread_blocked, id=31845, stack(0x00007f5cca1fe000,0x00007f5cca2ff000)]
  0x00007f5d442c4800 JavaThread "Service Thread" daemon [_thread_blocked, id=31843, stack(0x00007f5ccbeff000,0x00007f5ccc000000)]
  0x00007f5d44214000 JavaThread "Common-Cleaner" daemon [_thread_blocked, id=31842, stack(0x00007f5cf8018000,0x00007f5cf8119000)]
  0x00007f5d44200000 JavaThread "Sweeper thread" daemon [_thread_blocked, id=31841, stack(0x00007f5cf8541000,0x00007f5cf8642000)]
  0x00007f5d441fe000 JavaThread "C1 CompilerThread2" daemon [_thread_blocked, id=31840, stack(0x00007f5cf8642000,0x00007f5cf8743000)]
  0x00007f5d441fc000 JavaThread "C2 CompilerThread1" daemon [_thread_blocked, id=31839, stack(0x00007f5cf8743000,0x00007f5cf8844000)]
  0x00007f5d441fa000 JavaThread "C2 CompilerThread0" daemon [_thread_blocked, id=31838, stack(0x00007f5cf8844000,0x00007f5cf8945000)]
  0x00007f5d441f8000 JavaThread "Signal Dispatcher" daemon [_thread_blocked, id=31837, stack(0x00007f5cf8945000,0x00007f5cf8a46000)]
  0x00007f5d441dd000 JavaThread "Finalizer" daemon [_thread_blocked, id=31836, stack(0x00007f5cf8ea2000,0x00007f5cf8fa3000)]
  0x00007f5d441d4800 JavaThread "Reference Handler" daemon [_thread_blocked, id=31835, stack(0x00007f5cf8fa3000,0x00007f5cf90a4000)]
=>0x00007f5d44012800 JavaThread "main" [_thread_in_native, id=31822, stack(0x00007f5d4c7f0000,0x00007f5d4c8f0000)]

Other Threads:
  0x00007f5d441cb000 VMThread "VM Thread" [stack: 0x00007f5cf90a5000,0x00007f5cf91a5000] [id=31834]
  0x00007f5d442c7000 WatcherThread [stack: 0x00007f5ccbdff000,0x00007f5ccbeff000] [id=31844]
  0x00007f5d4402a000 GCTaskThread "GC Thread#0" [stack: 0x00007f5d48ebe000,0x00007f5d48fbe000] [id=31823]
  0x00007f5d4402b000 GCTaskThread "GC Thread#1" [stack: 0x00007f5d48dbd000,0x00007f5d48ebd000] [id=31824]
  0x00007f5d4402d000 GCTaskThread "GC Thread#2" [stack: 0x00007f5d48cbc000,0x00007f5d48dbc000] [id=31825]
  0x00007f5d4402e800 GCTaskThread "GC Thread#3" [stack: 0x00007f5d48bbb000,0x00007f5d48cbb000] [id=31826]
  0x00007f5d4407e000 ConcurrentGCThread "G1 Main Marker" [stack: 0x00007f5d480b7000,0x00007f5d481b7000] [id=31832]
  0x00007f5d44080000 ConcurrentGCThread "G1 Marker#0" [stack: 0x00007f5d282e2000,0x00007f5d283e2000] [id=31833]
  0x00007f5d44036000 ConcurrentGCThread "G1 Refine#0" [stack: 0x00007f5d483b3000,0x00007f5d484b3000] [id=31830]
  0x00007f5d44034800 ConcurrentGCThread "G1 Refine#1" [stack: 0x00007f5d484b4000,0x00007f5d485b4000] [id=31829]
  0x00007f5d44032800 ConcurrentGCThread "G1 Refine#2" [stack: 0x00007f5d485b5000,0x00007f5d486b5000] [id=31828]
  0x00007f5d44030800 ConcurrentGCThread "G1 Refine#3" [stack: 0x00007f5d486b6000,0x00007f5d487b6000] [id=31827]
  0x00007f5d44038000 ConcurrentGCThread "G1 Young RemSet Sampling" [stack: 0x00007f5d482b2000,0x00007f5d483b2000] [id=31831]

Threads with active compile tasks:

VM state:not at safepoint (normal execution)

VM Mutex/Monitor currently owned by a thread: None

Heap address: 0x00000006c6e00000, size: 3986 MB, Compressed Oops mode: Zero based, Oop shift amount: 3
Narrow klass base: 0x0000000000000000, Narrow klass shift: 3
Compressed class space size: 1073741824 Address: 0x00000007c0000000

Heap:
 garbage-first heap   total 256000K, used 104508K [0x00000006c6e00000, 0x00000006c6f007d0, 0x00000007c0000000)
  region size 1024K, 2 young (2048K), 1 survivors (1024K)
 Metaspace       used 13869K, capacity 14442K, committed 14592K, reserved 1062912K
  class space    used 1421K, capacity 1529K, committed 1536K, reserved 1048576K
Heap Regions: E=young(eden), S=young(survivor), O=old, HS=humongous(starts), HC=humongous(continues), CS=collection set, F=free, A=archive, TS=gc time stamp, AC=allocation context, TAMS=top-at-mark-start (previous, next)
|   0|0x00000006c6e00000, 0x00000006c6f00000, 0x00000006c6f00000|100%|HS|  |TS  0|AC  0|TAMS 0x00000006c6f00000, 0x00000006c6f00000|
|   1|0x00000006c6f00000, 0x00000006c7000000, 0x00000006c7000000|100%|HC|  |TS  0|AC  0|TAMS 0x00000006c7000000, 0x00000006c7000000|
|   2|0x00000006c7000000, 0x00000006c7100000, 0x00000006c7100000|100%|HC|  |TS  0|AC  0|TAMS 0x00000006c7100000, 0x00000006c7100000|
|   3|0x00000006c7100000, 0x00000006c7200000, 0x00000006c7200000|100%|HC|  |TS  0|AC  0|TAMS 0x00000006c7200000, 0x00000006c7200000|
|   4|0x00000006c7200000, 0x00000006c7300000, 0x00000006c7300000|100%|HC|  |TS  0|AC  0|TAMS 0x00000006c7300000, 0x00000006c7300000|
|   5|0x00000006c7300000, 0x00000006c7400000, 0x00000006c7400000|100%|HC|  |TS  0|AC  0|TAMS 0x00000006c7400000, 0x00000006c7400000|
|   6|0x00000006c7400000, 0x00000006c7500000, 0x00000006c7500000|100%|HC|  |TS  0|AC  0|TAMS 0x00000006c7500000, 0x00000006c7500000|
|   7|0x00000006c7500000, 0x00000006c7600000, 0x00000006c7600000|100%|HC|  |TS  0|AC  0|TAMS 0x00000006c7600000, 0x00000006c7600000|
|   8|0x00000006c7600000, 0x00000006c7700000, 0x00000006c7700000|100%|HC|  |TS  0|AC  0|TAMS 0x00000006c7700000, 0x00000006c7700000|
|   9|0x00000006c7700000, 0x00000006c7800000, 0x00000006c7800000|100%|HC|  |TS  0|AC  0|TAMS 0x00000006c7800000, 0x00000006c7800000|
|  10|0x00000006c7800000, 0x00000006c7900000, 0x00000006c7900000|100%|HC|  |TS  0|AC  0|TAMS 0x00000006c7900000, 0x00000006c7900000|
|  11|0x00000006c7900000, 0x00000006c7a00000, 0x00000006c7a00000|100%|HC|  |TS  0|AC  0|TAMS 0x00000006c7a00000, 0x00000006c7a00000|
|  12|0x00000006c7a00000, 0x00000006c7b00000, 0x00000006c7b00000|100%|HC|  |TS  0|AC  0|TAMS 0x00000006c7b00000, 0x00000006c7b00000|
|  13|0x00000006c7b00000, 0x00000006c7c00000, 0x00000006c7c00000|100%|HC|  |TS  0|AC  0|TAMS 0x00000006c7c00000, 0x00000006c7c00000|
|  14|0x00000006c7c00000, 0x00000006c7d00000, 0x00000006c7d00000|100%|HC|  |TS  0|AC  0|TAMS 0x00000006c7d00000, 0x00000006c7d00000|
|  15|0x00000006c7d00000, 0x00000006c7e00000, 0x00000006c7e00000|100%|HC|  |TS  0|AC  0|TAMS 0x00000006c7e00000, 0x00000006c7e00000|
|  16|0x00000006c7e00000, 0x00000006c7f00000, 0x00000006c7f00000|100%|HC|  |TS  0|AC  0|TAMS 0x00000006c7f00000, 0x00000006c7f00000|
|  17|0x00000006c7f00000, 0x00000006c8000000, 0x00000006c8000000|100%|HC|  |TS  0|AC  0|TAMS 0x00000006c8000000, 0x00000006c8000000|
|  18|0x00000006c8000000, 0x00000006c8100000, 0x00000006c8100000|100%|HC|  |TS  0|AC  0|TAMS 0x00000006c8100000, 0x00000006c8100000|
|  19|0x00000006c8100000, 0x00000006c8200000, 0x00000006c8200000|100%|HC|  |TS  0|AC  0|TAMS 0x00000006c8200000, 0x00000006c8200000|
|  20|0x00000006c8200000, 0x00000006c8300000, 0x00000006c8300000|100%|HC|  |TS  0|AC  0|TAMS 0x00000006c8300000, 0x00000006c8300000|
|  21|0x00000006c8300000, 0x00000006c8400000, 0x00000006c8400000|100%|HC|  |TS  0|AC  0|TAMS 0x00000006c8400000, 0x00000006c8400000|
|  22|0x00000006c8400000, 0x00000006c8500000, 0x00000006c8500000|100%|HC|  |TS  0|AC  0|TAMS 0x00000006c8500000, 0x00000006c8500000|
|  23|0x00000006c8500000, 0x00000006c8600000, 0x00000006c8600000|100%|HC|  |TS  0|AC  0|TAMS 0x00000006c8600000, 0x00000006c8600000|
|  24|0x00000006c8600000, 0x00000006c8700000, 0x00000006c8700000|100%| O|  |TS  0|AC  0|TAMS 0x00000006c8700000, 0x00000006c8700000|
|  25|0x00000006c8700000, 0x00000006c8800000, 0x00000006c8800000|100%| O|  |TS  0|AC  0|TAMS 0x00000006c8800000, 0x00000006c8800000|
|  26|0x00000006c8800000, 0x00000006c8900000, 0x00000006c8900000|100%| O|  |TS  0|AC  0|TAMS 0x00000006c8900000, 0x00000006c8900000|
|  27|0x00000006c8900000, 0x00000006c899dc00, 0x00000006c8a00000| 61%| O|  |TS  0|AC  0|TAMS 0x00000006c899dc00, 0x00000006c899dc00|
|  28|0x00000006c8a00000, 0x00000006c8b00000, 0x00000006c8b00000|100%|HS|  |TS  0|AC  0|TAMS 0x00000006c8b00000, 0x00000006c8b00000|
|  29|0x00000006c8b00000, 0x00000006c8c00000, 0x00000006c8c00000|100%|HC|  |TS  0|AC  0|TAMS 0x00000006c8c00000, 0x00000006c8c00000|
|  30|0x00000006c8c00000, 0x00000006c8d00000, 0x00000006c8d00000|100%|HC|  |TS  0|AC  0|TAMS 0x00000006c8d00000, 0x00000006c8d00000|
|  31|0x00000006c8d00000, 0x00000006c8e00000, 0x00000006c8e00000|100%|HC|  |TS  0|AC  0|TAMS 0x00000006c8e00000, 0x00000006c8e00000|
|  32|0x00000006c8e00000, 0x00000006c8f00000, 0x00000006c8f00000|100%|HC|  |TS  0|AC  0|TAMS 0x00000006c8f00000, 0x00000006c8f00000|
|  33|0x00000006c8f00000, 0x00000006c9000000, 0x00000006c9000000|100%|HC|  |TS  0|AC  0|TAMS 0x00000006c9000000, 0x00000006c9000000|
|  34|0x00000006c9000000, 0x00000006c9100000, 0x00000006c9100000|100%|HC|  |TS  0|AC  0|TAMS 0x00000006c9100000, 0x00000006c9100000|
|  35|0x00000006c9100000, 0x00000006c9200000, 0x00000006c9200000|100%|HC|  |TS  0|AC  0|TAMS 0x00000006c9200000, 0x00000006c9200000|
|  36|0x00000006c9200000, 0x00000006c9300000, 0x00000006c9300000|100%|HC|  |TS  0|AC  0|TAMS 0x00000006c9300000, 0x00000006c9300000|
|  37|0x00000006c9300000, 0x00000006c9400000, 0x00000006c9400000|100%|HC|  |TS  0|AC  0|TAMS 0x00000006c9400000, 0x00000006c9400000|
|  38|0x00000006c9400000, 0x00000006c9500000, 0x00000006c9500000|100%|HC|  |TS  0|AC  0|TAMS 0x00000006c9500000, 0x00000006c9500000|
|  39|0x00000006c9500000, 0x00000006c9600000, 0x00000006c9600000|100%|HC|  |TS  0|AC  0|TAMS 0x00000006c9600000, 0x00000006c9600000|
|  40|0x00000006c9600000, 0x00000006c9700000, 0x00000006c9700000|100%|HC|  |TS  0|AC  0|TAMS 0x00000006c9700000, 0x00000006c9700000|
|  41|0x00000006c9700000, 0x00000006c9800000, 0x00000006c9800000|100%|HC|  |TS  0|AC  0|TAMS 0x00000006c9800000, 0x00000006c9800000|
|  42|0x00000006c9800000, 0x00000006c9900000, 0x00000006c9900000|100%|HC|  |TS  0|AC  0|TAMS 0x00000006c9900000, 0x00000006c9900000|
|  43|0x00000006c9900000, 0x00000006c9a00000, 0x00000006c9a00000|100%|HC|  |TS  0|AC  0|TAMS 0x00000006c9a00000, 0x00000006c9a00000|
|  44|0x00000006c9a00000, 0x00000006c9b00000, 0x00000006c9b00000|100%|HC|  |TS  0|AC  0|TAMS 0x00000006c9b00000, 0x00000006c9b00000|
|  45|0x00000006c9b00000, 0x00000006c9c00000, 0x00000006c9c00000|100%|HC|  |TS  0|AC  0|TAMS 0x00000006c9c00000, 0x00000006c9c00000|
|  46|0x00000006c9c00000, 0x00000006c9d00000, 0x00000006c9d00000|100%|HC|  |TS  0|AC  0|TAMS 0x00000006c9d00000, 0x00000006c9d00000|
|  47|0x00000006c9d00000, 0x00000006c9e00000, 0x00000006c9e00000|100%|HC|  |TS  0|AC  0|TAMS 0x00000006c9e00000, 0x00000006c9e00000|
|  48|0x00000006c9e00000, 0x00000006c9f00000, 0x00000006c9f00000|100%|HC|  |TS  0|AC  0|TAMS 0x00000006c9f00000, 0x00000006c9f00000|
|  49|0x00000006c9f00000, 0x00000006ca000000, 0x00000006ca000000|100%|HC|  |TS  0|AC  0|TAMS 0x00000006ca000000, 0x00000006ca000000|
|  50|0x00000006ca000000, 0x00000006ca100000, 0x00000006ca100000|100%|HC|  |TS  0|AC  0|TAMS 0x00000006ca100000, 0x00000006ca100000|
|  51|0x00000006ca100000, 0x00000006ca200000, 0x00000006ca200000|100%|HC|  |TS  0|AC  0|TAMS 0x00000006ca200000, 0x00000006ca200000|
|  52|0x00000006ca200000, 0x00000006ca200000, 0x00000006ca300000|  0%| F|  |TS  0|AC  0|TAMS 0x00000006ca200000, 0x00000006ca200000|
|  53|0x00000006ca300000, 0x00000006ca300000, 0x00000006ca400000|  0%| F|  |TS  0|AC  0|TAMS 0x00000006ca300000, 0x00000006ca300000|
|  54|0x00000006ca400000, 0x00000006ca400000, 0x00000006ca500000|  0%| F|  |TS  0|AC  0|TAMS 0x00000006ca400000, 0x00000006ca400000|
|  55|0x00000006ca500000, 0x00000006ca500000, 0x00000006ca600000|  0%| F|  |TS  0|AC  0|TAMS 0x00000006ca500000, 0x00000006ca500000|
|  56|0x00000006ca600000, 0x00000006ca600000, 0x00000006ca700000|  0%| F|  |TS  0|AC  0|TAMS 0x00000006ca600000, 0x00000006ca600000|
|  57|0x00000006ca700000, 0x00000006ca700000, 0x00000006ca800000|  0%| F|  |TS  0|AC  0|TAMS 0x00000006ca700000, 0x00000006ca700000|
|  58|0x00000006ca800000, 0x00000006ca800000, 0x00000006ca900000|  0%| F|  |TS  0|AC  0|TAMS 0x00000006ca800000, 0x00000006ca800000|
|  59|0x00000006ca900000, 0x00000006ca900000, 0x00000006caa00000|  0%| F|  |TS  0|AC  0|TAMS 0x00000006ca900000, 0x00000006ca900000|
|  60|0x00000006caa00000, 0x00000006caa00000, 0x00000006cab00000|  0%| F|  |TS  0|AC  0|TAMS 0x00000006caa00000, 0x00000006caa00000|
|  61|0x00000006cab00000, 0x00000006cab00000, 0x00000006cac00000|  0%| F|  |TS  0|AC  0|TAMS 0x00000006cab00000, 0x00000006cab00000|
|  62|0x00000006cac00000, 0x00000006cac00000, 0x00000006cad00000|  0%| F|  |TS  0|AC  0|TAMS 0x00000006cac00000, 0x00000006cac00000|
|  63|0x00000006cad00000, 0x00000006cad00000, 0x00000006cae00000|  0%| F|  |TS  0|AC  0|TAMS 0x00000006cad00000, 0x00000006cad00000|
|  64|0x00000006cae00000, 0x00000006cae00000, 0x00000006caf00000|  0%| F|  |TS  0|AC  0|TAMS 0x00000006cae00000, 0x00000006cae00000|
|  65|0x00000006caf00000, 0x00000006caf00000, 0x00000006cb000000|  0%| F|  |TS  0|AC  0|TAMS 0x00000006caf00000, 0x00000006caf00000|
|  66|0x00000006cb000000, 0x00000006cb000000, 0x00000006cb100000|  0%| F|  |TS  0|AC  0|TAMS 0x00000006cb000000, 0x00000006cb000000|
|  67|0x00000006cb100000, 0x00000006cb100000, 0x00000006cb200000|  0%| F|  |TS  0|AC  0|TAMS 0x00000006cb100000, 0x00000006cb100000|
|  68|0x00000006cb200000, 0x00000006cb200000, 0x00000006cb300000|  0%| F|  |TS  0|AC  0|TAMS 0x00000006cb200000, 0x00000006cb200000|
|  69|0x00000006cb300000, 0x00000006cb300000, 0x00000006cb400000|  0%| F|  |TS  0|AC  0|TAMS 0x00000006cb300000, 0x00000006cb300000|
|  70|0x00000006cb400000, 0x00000006cb400000, 0x00000006cb500000|  0%| F|  |TS  0|AC  0|TAMS 0x00000006cb400000, 0x00000006cb400000|
|  71|0x00000006cb500000, 0x00000006cb500000, 0x00000006cb600000|  0%| F|  |TS  0|AC  0|TAMS 0x00000006cb500000, 0x00000006cb500000|
|  72|0x00000006cb600000, 0x00000006cb700000, 0x00000006cb700000|100%|HS|  |TS  0|AC  0|TAMS 0x00000006cb700000, 0x00000006cb700000|
|  73|0x00000006cb700000, 0x00000006cb800000, 0x00000006cb800000|100%|HC|  |TS  0|AC  0|TAMS 0x00000006cb800000, 0x00000006cb800000|
|  74|0x00000006cb800000, 0x00000006cb900000, 0x00000006cb900000|100%|HC|  |TS  0|AC  0|TAMS 0x00000006cb900000, 0x00000006cb900000|
|  75|0x00000006cb900000, 0x00000006cba00000, 0x00000006cba00000|100%|HC|  |TS  0|AC  0|TAMS 0x00000006cba00000, 0x00000006cba00000|
|  76|0x00000006cba00000, 0x00000006cbb00000, 0x00000006cbb00000|100%|HC|  |TS  0|AC  0|TAMS 0x00000006cbb00000, 0x00000006cbb00000|
|  77|0x00000006cbb00000, 0x00000006cbc00000, 0x00000006cbc00000|100%|HC|  |TS  0|AC  0|TAMS 0x00000006cbc00000, 0x00000006cbc00000|
|  78|0x00000006cbc00000, 0x00000006cbd00000, 0x00000006cbd00000|100%|HC|  |TS  0|AC  0|TAMS 0x00000006cbd00000, 0x00000006cbd00000|
|  79|0x00000006cbd00000, 0x00000006cbe00000, 0x00000006cbe00000|100%|HC|  |TS  0|AC  0|TAMS 0x00000006cbe00000, 0x00000006cbe00000|
|  80|0x00000006cbe00000, 0x00000006cbf00000, 0x00000006cbf00000|100%|HC|  |TS  0|AC  0|TAMS 0x00000006cbf00000, 0x00000006cbf00000|
|  81|0x00000006cbf00000, 0x00000006cc000000, 0x00000006cc000000|100%|HC|  |TS  0|AC  0|TAMS 0x00000006cc000000, 0x00000006cc000000|
|  82|0x00000006cc000000, 0x00000006cc100000, 0x00000006cc100000|100%|HC|  |TS  0|AC  0|TAMS 0x00000006cc100000, 0x00000006cc100000|
|  83|0x00000006cc100000, 0x00000006cc200000, 0x00000006cc200000|100%|HC|  |TS  0|AC  0|TAMS 0x00000006cc200000, 0x00000006cc200000|
|  84|0x00000006cc200000, 0x00000006cc300000, 0x00000006cc300000|100%|HC|  |TS  0|AC  0|TAMS 0x00000006cc300000, 0x00000006cc300000|
|  85|0x00000006cc300000, 0x00000006cc400000, 0x00000006cc400000|100%|HC|  |TS  0|AC  0|TAMS 0x00000006cc400000, 0x00000006cc400000|
|  86|0x00000006cc400000, 0x00000006cc500000, 0x00000006cc500000|100%|HC|  |TS  0|AC  0|TAMS 0x00000006cc500000, 0x00000006cc500000|
|  87|0x00000006cc500000, 0x00000006cc600000, 0x00000006cc600000|100%|HC|  |TS  0|AC  0|TAMS 0x00000006cc600000, 0x00000006cc600000|
|  88|0x00000006cc600000, 0x00000006cc700000, 0x00000006cc700000|100%|HC|  |TS  0|AC  0|TAMS 0x00000006cc700000, 0x00000006cc700000|
|  89|0x00000006cc700000, 0x00000006cc800000, 0x00000006cc800000|100%|HS|  |TS  0|AC  0|TAMS 0x00000006cc700000, 0x00000006cc700000|
|  90|0x00000006cc800000, 0x00000006cc900000, 0x00000006cc900000|100%|HC|  |TS  0|AC  0|TAMS 0x00000006cc800000, 0x00000006cc800000|
|  91|0x00000006cc900000, 0x00000006cca00000, 0x00000006cca00000|100%|HC|  |TS  0|AC  0|TAMS 0x00000006cc900000, 0x00000006cc900000|
|  92|0x00000006cca00000, 0x00000006ccb00000, 0x00000006ccb00000|100%|HC|  |TS  0|AC  0|TAMS 0x00000006cca00000, 0x00000006cca00000|
|  93|0x00000006ccb00000, 0x00000006ccc00000, 0x00000006ccc00000|100%|HC|  |TS  0|AC  0|TAMS 0x00000006ccb00000, 0x00000006ccb00000|
|  94|0x00000006ccc00000, 0x00000006ccd00000, 0x00000006ccd00000|100%|HC|  |TS  0|AC  0|TAMS 0x00000006ccc00000, 0x00000006ccc00000|
|  95|0x00000006ccd00000, 0x00000006cce00000, 0x00000006cce00000|100%|HC|  |TS  0|AC  0|TAMS 0x00000006ccd00000, 0x00000006ccd00000|
|  96|0x00000006cce00000, 0x00000006ccf00000, 0x00000006ccf00000|100%|HC|  |TS  0|AC  0|TAMS 0x00000006cce00000, 0x00000006cce00000|
|  97|0x00000006ccf00000, 0x00000006cd000000, 0x00000006cd000000|100%|HC|  |TS  0|AC  0|TAMS 0x00000006ccf00000, 0x00000006ccf00000|
|  98|0x00000006cd000000, 0x00000006cd100000, 0x00000006cd100000|100%|HC|  |TS  0|AC  0|TAMS 0x00000006cd000000, 0x00000006cd000000|
|  99|0x00000006cd100000, 0x00000006cd200000, 0x00000006cd200000|100%|HC|  |TS  0|AC  0|TAMS 0x00000006cd100000, 0x00000006cd100000|
| 100|0x00000006cd200000, 0x00000006cd300000, 0x00000006cd300000|100%|HC|  |TS  0|AC  0|TAMS 0x00000006cd200000, 0x00000006cd200000|
| 101|0x00000006cd300000, 0x00000006cd400000, 0x00000006cd400000|100%|HC|  |TS  0|AC  0|TAMS 0x00000006cd300000, 0x00000006cd300000|
| 102|0x00000006cd400000, 0x00000006cd500000, 0x00000006cd500000|100%|HC|  |TS  0|AC  0|TAMS 0x00000006cd400000, 0x00000006cd400000|
| 103|0x00000006cd500000, 0x00000006cd600000, 0x00000006cd600000|100%|HC|  |TS  0|AC  0|TAMS 0x00000006cd500000, 0x00000006cd500000|
| 104|0x00000006cd600000, 0x00000006cd700000, 0x00000006cd700000|100%|HC|  |TS  0|AC  0|TAMS 0x00000006cd600000, 0x00000006cd600000|
| 105|0x00000006cd700000, 0x00000006cd800000, 0x00000006cd800000|100%|HC|  |TS  0|AC  0|TAMS 0x00000006cd700000, 0x00000006cd700000|
| 106|0x00000006cd800000, 0x00000006cd900000, 0x00000006cd900000|100%|HC|  |TS  0|AC  0|TAMS 0x00000006cd800000, 0x00000006cd800000|
| 107|0x00000006cd900000, 0x00000006cda00000, 0x00000006cda00000|100%|HC|  |TS  0|AC  0|TAMS 0x00000006cd900000, 0x00000006cd900000|
| 108|0x00000006cda00000, 0x00000006cdb00000, 0x00000006cdb00000|100%|HC|  |TS  0|AC  0|TAMS 0x00000006cda00000, 0x00000006cda00000|
| 109|0x00000006cdb00000, 0x00000006cdc00000, 0x00000006cdc00000|100%|HC|  |TS  0|AC  0|TAMS 0x00000006cdb00000, 0x00000006cdb00000|
| 110|0x00000006cdc00000, 0x00000006cdd00000, 0x00000006cdd00000|100%|HC|  |TS  0|AC  0|TAMS 0x00000006cdc00000, 0x00000006cdc00000|
| 111|0x00000006cdd00000, 0x00000006cde00000, 0x00000006cde00000|100%|HC|  |TS  0|AC  0|TAMS 0x00000006cdd00000, 0x00000006cdd00000|
| 112|0x00000006cde00000, 0x00000006cdf00000, 0x00000006cdf00000|100%|HC|  |TS  0|AC  0|TAMS 0x00000006cde00000, 0x00000006cde00000|
| 113|0x00000006cdf00000, 0x00000006ce000000, 0x00000006ce000000|100%|HC|  |TS  0|AC  0|TAMS 0x00000006cdf00000, 0x00000006cdf00000|
| 114|0x00000006ce000000, 0x00000006ce100000, 0x00000006ce100000|100%|HC|  |TS  0|AC  0|TAMS 0x00000006ce000000, 0x00000006ce000000|
| 115|0x00000006ce100000, 0x00000006ce200000, 0x00000006ce200000|100%|HC|  |TS  0|AC  0|TAMS 0x00000006ce100000, 0x00000006ce100000|
| 116|0x00000006ce200000, 0x00000006ce300000, 0x00000006ce300000|100%|HC|  |TS  0|AC  0|TAMS 0x00000006ce200000, 0x00000006ce200000|
| 117|0x00000006ce300000, 0x00000006ce400000, 0x00000006ce400000|100%|HC|  |TS  0|AC  0|TAMS 0x00000006ce300000, 0x00000006ce300000|
| 118|0x00000006ce400000, 0x00000006ce500000, 0x00000006ce500000|100%|HC|  |TS  0|AC  0|TAMS 0x00000006ce400000, 0x00000006ce400000|
| 119|0x00000006ce500000, 0x00000006ce600000, 0x00000006ce600000|100%|HC|  |TS  0|AC  0|TAMS 0x00000006ce500000, 0x00000006ce500000|
| 120|0x00000006ce600000, 0x00000006ce700000, 0x00000006ce700000|100%|HC|  |TS  0|AC  0|TAMS 0x00000006ce600000, 0x00000006ce600000|
| 121|0x00000006ce700000, 0x00000006ce800000, 0x00000006ce800000|100%|HC|  |TS  0|AC  0|TAMS 0x00000006ce700000, 0x00000006ce700000|
| 122|0x00000006ce800000, 0x00000006ce800000, 0x00000006ce900000|  0%| F|  |TS  0|AC  0|TAMS 0x00000006ce800000, 0x00000006ce800000|
| 123|0x00000006ce900000, 0x00000006ce900000, 0x00000006cea00000|  0%| F|  |TS  0|AC  0|TAMS 0x00000006ce900000, 0x00000006ce900000|
| 124|0x00000006cea00000, 0x00000006cea00000, 0x00000006ceb00000|  0%| F|  |TS  0|AC  0|TAMS 0x00000006cea00000, 0x00000006cea00000|
| 125|0x00000006ceb00000, 0x00000006ceb00000, 0x00000006cec00000|  0%| F|  |TS  0|AC  0|TAMS 0x00000006ceb00000, 0x00000006ceb00000|
| 126|0x00000006cec00000, 0x00000006cec00000, 0x00000006ced00000|  0%| F|  |TS  0|AC  0|TAMS 0x00000006cec00000, 0x00000006cec00000|
| 127|0x00000006ced00000, 0x00000006ced00000, 0x00000006cee00000|  0%| F|  |TS  0|AC  0|TAMS 0x00000006ced00000, 0x00000006ced00000|
| 128|0x00000006cee00000, 0x00000006cee00000, 0x00000006cef00000|  0%| F|  |TS  0|AC  0|TAMS 0x00000006cee00000, 0x00000006cee00000|
| 129|0x00000006cef00000, 0x00000006cef00000, 0x00000006cf000000|  0%| F|  |TS  0|AC  0|TAMS 0x00000006cef00000, 0x00000006cef00000|
| 130|0x00000006cf000000, 0x00000006cf000000, 0x00000006cf100000|  0%| F|  |TS  0|AC  0|TAMS 0x00000006cf000000, 0x00000006cf000000|
| 131|0x00000006cf100000, 0x00000006cf100000, 0x00000006cf200000|  0%| F|  |TS  0|AC  0|TAMS 0x00000006cf100000, 0x00000006cf100000|
| 132|0x00000006cf200000, 0x00000006cf200000, 0x00000006cf300000|  0%| F|  |TS  0|AC  0|TAMS 0x00000006cf200000, 0x00000006cf200000|
| 133|0x00000006cf300000, 0x00000006cf300000, 0x00000006cf400000|  0%| F|  |TS  0|AC  0|TAMS 0x00000006cf300000, 0x00000006cf300000|
| 134|0x00000006cf400000, 0x00000006cf400000, 0x00000006cf500000|  0%| F|  |TS  0|AC  0|TAMS 0x00000006cf400000, 0x00000006cf400000|
| 135|0x00000006cf500000, 0x00000006cf500000, 0x00000006cf600000|  0%| F|  |TS  0|AC  0|TAMS 0x00000006cf500000, 0x00000006cf500000|
| 136|0x00000006cf600000, 0x00000006cf600000, 0x00000006cf700000|  0%| F|  |TS  0|AC  0|TAMS 0x00000006cf600000, 0x00000006cf600000|
| 137|0x00000006cf700000, 0x00000006cf700000, 0x00000006cf800000|  0%| F|  |TS  0|AC  0|TAMS 0x00000006cf700000, 0x00000006cf700000|
| 138|0x00000006cf800000, 0x00000006cf800000, 0x00000006cf900000|  0%| F|  |TS  0|AC  0|TAMS 0x00000006cf800000, 0x00000006cf800000|
| 139|0x00000006cf900000, 0x00000006cf900000, 0x00000006cfa00000|  0%| F|  |TS  0|AC  0|TAMS 0x00000006cf900000, 0x00000006cf900000|
| 140|0x00000006cfa00000, 0x00000006cfa00000, 0x00000006cfb00000|  0%| F|  |TS  0|AC  0|TAMS 0x00000006cfa00000, 0x00000006cfa00000|
| 141|0x00000006cfb00000, 0x00000006cfb00000, 0x00000006cfc00000|  0%| F|  |TS  0|AC  0|TAMS 0x00000006cfb00000, 0x00000006cfb00000|
| 142|0x00000006cfc00000, 0x00000006cfc00000, 0x00000006cfd00000|  0%| F|  |TS  0|AC  0|TAMS 0x00000006cfc00000, 0x00000006cfc00000|
| 143|0x00000006cfd00000, 0x00000006cfd00000, 0x00000006cfe00000|  0%| F|  |TS  0|AC  0|TAMS 0x00000006cfd00000, 0x00000006cfd00000|
| 144|0x00000006cfe00000, 0x00000006cfe00000, 0x00000006cff00000|  0%| F|  |TS  0|AC  0|TAMS 0x00000006cfe00000, 0x00000006cfe00000|
| 145|0x00000006cff00000, 0x00000006cff00000, 0x00000006d0000000|  0%| F|  |TS  0|AC  0|TAMS 0x00000006cff00000, 0x00000006cff00000|
| 146|0x00000006d0000000, 0x00000006d0000000, 0x00000006d0100000|  0%| F|  |TS  0|AC  0|TAMS 0x00000006d0000000, 0x00000006d0000000|
| 147|0x00000006d0100000, 0x00000006d0100000, 0x00000006d0200000|  0%| F|  |TS  0|AC  0|TAMS 0x00000006d0100000, 0x00000006d0100000|
| 148|0x00000006d0200000, 0x00000006d0200000, 0x00000006d0300000|  0%| F|  |TS  0|AC  0|TAMS 0x00000006d0200000, 0x00000006d0200000|
| 149|0x00000006d0300000, 0x00000006d0300000, 0x00000006d0400000|  0%| F|  |TS  0|AC  0|TAMS 0x00000006d0300000, 0x00000006d0300000|
| 150|0x00000006d0400000, 0x00000006d0400000, 0x00000006d0500000|  0%| F|  |TS  0|AC  0|TAMS 0x00000006d0400000, 0x00000006d0400000|
| 151|0x00000006d0500000, 0x00000006d0500000, 0x00000006d0600000|  0%| F|  |TS  0|AC  0|TAMS 0x00000006d0500000, 0x00000006d0500000|
| 152|0x00000006d0600000, 0x00000006d0600000, 0x00000006d0700000|  0%| F|  |TS  0|AC  0|TAMS 0x00000006d0600000, 0x00000006d0600000|
| 153|0x00000006d0700000, 0x00000006d0700000, 0x00000006d0800000|  0%| F|  |TS  0|AC  0|TAMS 0x00000006d0700000, 0x00000006d0700000|
| 154|0x00000006d0800000, 0x00000006d0800000, 0x00000006d0900000|  0%| F|  |TS  0|AC  0|TAMS 0x00000006d0800000, 0x00000006d0800000|
| 155|0x00000006d0900000, 0x00000006d0900000, 0x00000006d0a00000|  0%| F|  |TS  0|AC  0|TAMS 0x00000006d0900000, 0x00000006d0900000|
| 156|0x00000006d0a00000, 0x00000006d0a00000, 0x00000006d0b00000|  0%| F|  |TS  0|AC  0|TAMS 0x00000006d0a00000, 0x00000006d0a00000|
| 157|0x00000006d0b00000, 0x00000006d0b00000, 0x00000006d0c00000|  0%| F|  |TS  0|AC  0|TAMS 0x00000006d0b00000, 0x00000006d0b00000|
| 158|0x00000006d0c00000, 0x00000006d0c00000, 0x00000006d0d00000|  0%| F|  |TS  0|AC  0|TAMS 0x00000006d0c00000, 0x00000006d0c00000|
| 159|0x00000006d0d00000, 0x00000006d0d00000, 0x00000006d0e00000|  0%| F|  |TS  0|AC  0|TAMS 0x00000006d0d00000, 0x00000006d0d00000|
| 160|0x00000006d0e00000, 0x00000006d0e00000, 0x00000006d0f00000|  0%| F|  |TS  0|AC  0|TAMS 0x00000006d0e00000, 0x00000006d0e00000|
| 161|0x00000006d0f00000, 0x00000006d0f00000, 0x00000006d1000000|  0%| F|  |TS  0|AC  0|TAMS 0x00000006d0f00000, 0x00000006d0f00000|
| 162|0x00000006d1000000, 0x00000006d1000000, 0x00000006d1100000|  0%| F|  |TS  0|AC  0|TAMS 0x00000006d1000000, 0x00000006d1000000|
| 163|0x00000006d1100000, 0x00000006d1100000, 0x00000006d1200000|  0%| F|  |TS  0|AC  0|TAMS 0x00000006d1100000, 0x00000006d1100000|
| 164|0x00000006d1200000, 0x00000006d1200000, 0x00000006d1300000|  0%| F|  |TS  0|AC  0|TAMS 0x00000006d1200000, 0x00000006d1200000|
| 165|0x00000006d1300000, 0x00000006d1300000, 0x00000006d1400000|  0%| F|  |TS  0|AC  0|TAMS 0x00000006d1300000, 0x00000006d1300000|
| 166|0x00000006d1400000, 0x00000006d1400000, 0x00000006d1500000|  0%| F|  |TS  0|AC  0|TAMS 0x00000006d1400000, 0x00000006d1400000|
| 167|0x00000006d1500000, 0x00000006d1500000, 0x00000006d1600000|  0%| F|  |TS  0|AC  0|TAMS 0x00000006d1500000, 0x00000006d1500000|
| 168|0x00000006d1600000, 0x00000006d1600000, 0x00000006d1700000|  0%| F|  |TS  0|AC  0|TAMS 0x00000006d1600000, 0x00000006d1600000|
| 169|0x00000006d1700000, 0x00000006d1700000, 0x00000006d1800000|  0%| F|  |TS  0|AC  0|TAMS 0x00000006d1700000, 0x00000006d1700000|
| 170|0x00000006d1800000, 0x00000006d1800000, 0x00000006d1900000|  0%| F|  |TS  0|AC  0|TAMS 0x00000006d1800000, 0x00000006d1800000|
| 171|0x00000006d1900000, 0x00000006d1900000, 0x00000006d1a00000|  0%| F|  |TS  0|AC  0|TAMS 0x00000006d1900000, 0x00000006d1900000|
| 172|0x00000006d1a00000, 0x00000006d1a00000, 0x00000006d1b00000|  0%| F|  |TS  0|AC  0|TAMS 0x00000006d1a00000, 0x00000006d1a00000|
| 173|0x00000006d1b00000, 0x00000006d1b00000, 0x00000006d1c00000|  0%| F|  |TS  0|AC  0|TAMS 0x00000006d1b00000, 0x00000006d1b00000|
| 174|0x00000006d1c00000, 0x00000006d1c00000, 0x00000006d1d00000|  0%| F|  |TS  0|AC  0|TAMS 0x00000006d1c00000, 0x00000006d1c00000|
| 175|0x00000006d1d00000, 0x00000006d1d00000, 0x00000006d1e00000|  0%| F|  |TS  0|AC  0|TAMS 0x00000006d1d00000, 0x00000006d1d00000|
| 176|0x00000006d1e00000, 0x00000006d1e00000, 0x00000006d1f00000|  0%| F|  |TS  0|AC  0|TAMS 0x00000006d1e00000, 0x00000006d1e00000|
| 177|0x00000006d1f00000, 0x00000006d1f00000, 0x00000006d2000000|  0%| F|  |TS  0|AC  0|TAMS 0x00000006d1f00000, 0x00000006d1f00000|
| 178|0x00000006d2000000, 0x00000006d2000000, 0x00000006d2100000|  0%| F|  |TS  0|AC  0|TAMS 0x00000006d2000000, 0x00000006d2000000|
| 179|0x00000006d2100000, 0x00000006d2100000, 0x00000006d2200000|  0%| F|  |TS  0|AC  0|TAMS 0x00000006d2100000, 0x00000006d2100000|
| 180|0x00000006d2200000, 0x00000006d2200000, 0x00000006d2300000|  0%| F|  |TS  0|AC  0|TAMS 0x00000006d2200000, 0x00000006d2200000|
| 181|0x00000006d2300000, 0x00000006d2300000, 0x00000006d2400000|  0%| F|  |TS  0|AC  0|TAMS 0x00000006d2300000, 0x00000006d2300000|
| 182|0x00000006d2400000, 0x00000006d2400000, 0x00000006d2500000|  0%| F|  |TS  0|AC  0|TAMS 0x00000006d2400000, 0x00000006d2400000|
| 183|0x00000006d2500000, 0x00000006d2500000, 0x00000006d2600000|  0%| F|  |TS  0|AC  0|TAMS 0x00000006d2500000, 0x00000006d2500000|
| 184|0x00000006d2600000, 0x00000006d2600000, 0x00000006d2700000|  0%| F|  |TS  0|AC  0|TAMS 0x00000006d2600000, 0x00000006d2600000|
| 185|0x00000006d2700000, 0x00000006d2700000, 0x00000006d2800000|  0%| F|  |TS  0|AC  0|TAMS 0x00000006d2700000, 0x00000006d2700000|
| 186|0x00000006d2800000, 0x00000006d2800000, 0x00000006d2900000|  0%| F|  |TS  0|AC  0|TAMS 0x00000006d2800000, 0x00000006d2800000|
| 187|0x00000006d2900000, 0x00000006d2900000, 0x00000006d2a00000|  0%| F|  |TS  0|AC  0|TAMS 0x00000006d2900000, 0x00000006d2900000|
| 188|0x00000006d2a00000, 0x00000006d2a00000, 0x00000006d2b00000|  0%| F|  |TS  0|AC  0|TAMS 0x00000006d2a00000, 0x00000006d2a00000|
| 189|0x00000006d2b00000, 0x00000006d2b00000, 0x00000006d2c00000|  0%| F|  |TS  0|AC  0|TAMS 0x00000006d2b00000, 0x00000006d2b00000|
| 190|0x00000006d2c00000, 0x00000006d2c715b0, 0x00000006d2d00000| 44%| S|CS|TS  0|AC  0|TAMS 0x00000006d2c00000, 0x00000006d2c00000|
| 191|0x00000006d2d00000, 0x00000006d2d00000, 0x00000006d2e00000|  0%| F|  |TS  0|AC  0|TAMS 0x00000006d2d00000, 0x00000006d2d00000|
| 192|0x00000006d2e00000, 0x00000006d2e00000, 0x00000006d2f00000|  0%| F|  |TS  0|AC  0|TAMS 0x00000006d2e00000, 0x00000006d2e00000|
| 193|0x00000006d2f00000, 0x00000006d2f00000, 0x00000006d3000000|  0%| F|  |TS  0|AC  0|TAMS 0x00000006d2f00000, 0x00000006d2f00000|
| 194|0x00000006d3000000, 0x00000006d3000000, 0x00000006d3100000|  0%| F|  |TS  0|AC  0|TAMS 0x00000006d3000000, 0x00000006d3000000|
| 195|0x00000006d3100000, 0x00000006d3100000, 0x00000006d3200000|  0%| F|  |TS  0|AC  0|TAMS 0x00000006d3100000, 0x00000006d3100000|
| 196|0x00000006d3200000, 0x00000006d3200000, 0x00000006d3300000|  0%| F|  |TS  0|AC  0|TAMS 0x00000006d3200000, 0x00000006d3200000|
| 197|0x00000006d3300000, 0x00000006d3300000, 0x00000006d3400000|  0%| F|  |TS  0|AC  0|TAMS 0x00000006d3300000, 0x00000006d3300000|
| 198|0x00000006d3400000, 0x00000006d3400000, 0x00000006d3500000|  0%| F|  |TS  0|AC  0|TAMS 0x00000006d3400000, 0x00000006d3400000|
| 199|0x00000006d3500000, 0x00000006d3500000, 0x00000006d3600000|  0%| F|  |TS  0|AC  0|TAMS 0x00000006d3500000, 0x00000006d3500000|
| 200|0x00000006d3600000, 0x00000006d3600000, 0x00000006d3700000|  0%| F|  |TS  0|AC  0|TAMS 0x00000006d3600000, 0x00000006d3600000|
| 201|0x00000006d3700000, 0x00000006d3700000, 0x00000006d3800000|  0%| F|  |TS  0|AC  0|TAMS 0x00000006d3700000, 0x00000006d3700000|
| 202|0x00000006d3800000, 0x00000006d3800000, 0x00000006d3900000|  0%| F|  |TS  0|AC  0|TAMS 0x00000006d3800000, 0x00000006d3800000|
| 203|0x00000006d3900000, 0x00000006d3900000, 0x00000006d3a00000|  0%| F|  |TS  0|AC  0|TAMS 0x00000006d3900000, 0x00000006d3900000|
| 204|0x00000006d3a00000, 0x00000006d3a00000, 0x00000006d3b00000|  0%| F|  |TS  0|AC  0|TAMS 0x00000006d3a00000, 0x00000006d3a00000|
| 205|0x00000006d3b00000, 0x00000006d3b00000, 0x00000006d3c00000|  0%| F|  |TS  0|AC  0|TAMS 0x00000006d3b00000, 0x00000006d3b00000|
| 206|0x00000006d3c00000, 0x00000006d3c00000, 0x00000006d3d00000|  0%| F|  |TS  0|AC  0|TAMS 0x00000006d3c00000, 0x00000006d3c00000|
| 207|0x00000006d3d00000, 0x00000006d3d00000, 0x00000006d3e00000|  0%| F|  |TS  0|AC  0|TAMS 0x00000006d3d00000, 0x00000006d3d00000|
| 208|0x00000006d3e00000, 0x00000006d3e00000, 0x00000006d3f00000|  0%| F|  |TS  0|AC  0|TAMS 0x00000006d3e00000, 0x00000006d3e00000|
| 209|0x00000006d3f00000, 0x00000006d3f00000, 0x00000006d4000000|  0%| F|  |TS  0|AC  0|TAMS 0x00000006d3f00000, 0x00000006d3f00000|
| 210|0x00000006d4000000, 0x00000006d4000000, 0x00000006d4100000|  0%| F|  |TS  0|AC  0|TAMS 0x00000006d4000000, 0x00000006d4000000|
| 211|0x00000006d4100000, 0x00000006d4100000, 0x00000006d4200000|  0%| F|  |TS  0|AC  0|TAMS 0x00000006d4100000, 0x00000006d4100000|
| 212|0x00000006d4200000, 0x00000006d4200000, 0x00000006d4300000|  0%| F|  |TS  0|AC  0|TAMS 0x00000006d4200000, 0x00000006d4200000|
| 213|0x00000006d4300000, 0x00000006d4300000, 0x00000006d4400000|  0%| F|  |TS  0|AC  0|TAMS 0x00000006d4300000, 0x00000006d4300000|
| 214|0x00000006d4400000, 0x00000006d4400000, 0x00000006d4500000|  0%| F|  |TS  0|AC  0|TAMS 0x00000006d4400000, 0x00000006d4400000|
| 215|0x00000006d4500000, 0x00000006d4500000, 0x00000006d4600000|  0%| F|  |TS  0|AC  0|TAMS 0x00000006d4500000, 0x00000006d4500000|
| 216|0x00000006d4600000, 0x00000006d4600000, 0x00000006d4700000|  0%| F|  |TS  0|AC  0|TAMS 0x00000006d4600000, 0x00000006d4600000|
| 217|0x00000006d4700000, 0x00000006d4700000, 0x00000006d4800000|  0%| F|  |TS  0|AC  0|TAMS 0x00000006d4700000, 0x00000006d4700000|
| 218|0x00000006d4800000, 0x00000006d4800000, 0x00000006d4900000|  0%| F|  |TS  0|AC  0|TAMS 0x00000006d4800000, 0x00000006d4800000|
| 219|0x00000006d4900000, 0x00000006d4900000, 0x00000006d4a00000|  0%| F|  |TS  0|AC  0|TAMS 0x00000006d4900000, 0x00000006d4900000|
| 220|0x00000006d4a00000, 0x00000006d4a00000, 0x00000006d4b00000|  0%| F|  |TS  0|AC  0|TAMS 0x00000006d4a00000, 0x00000006d4a00000|
| 221|0x00000006d4b00000, 0x00000006d4b00000, 0x00000006d4c00000|  0%| F|  |TS  0|AC  0|TAMS 0x00000006d4b00000, 0x00000006d4b00000|
| 222|0x00000006d4c00000, 0x00000006d4c00000, 0x00000006d4d00000|  0%| F|  |TS  0|AC  0|TAMS 0x00000006d4c00000, 0x00000006d4c00000|
| 223|0x00000006d4d00000, 0x00000006d4d00000, 0x00000006d4e00000|  0%| F|  |TS  0|AC  0|TAMS 0x00000006d4d00000, 0x00000006d4d00000|
| 224|0x00000006d4e00000, 0x00000006d4e00000, 0x00000006d4f00000|  0%| F|  |TS  0|AC  0|TAMS 0x00000006d4e00000, 0x00000006d4e00000|
| 225|0x00000006d4f00000, 0x00000006d4f00000, 0x00000006d5000000|  0%| F|  |TS  0|AC  0|TAMS 0x00000006d4f00000, 0x00000006d4f00000|
| 226|0x00000006d5000000, 0x00000006d5000000, 0x00000006d5100000|  0%| F|  |TS  0|AC  0|TAMS 0x00000006d5000000, 0x00000006d5000000|
| 227|0x00000006d5100000, 0x00000006d5100000, 0x00000006d5200000|  0%| F|  |TS  0|AC  0|TAMS 0x00000006d5100000, 0x00000006d5100000|
| 228|0x00000006d5200000, 0x00000006d5200000, 0x00000006d5300000|  0%| F|  |TS  0|AC  0|TAMS 0x00000006d5200000, 0x00000006d5200000|
| 229|0x00000006d5300000, 0x00000006d5300000, 0x00000006d5400000|  0%| F|  |TS  0|AC  0|TAMS 0x00000006d5300000, 0x00000006d5300000|
| 230|0x00000006d5400000, 0x00000006d5400000, 0x00000006d5500000|  0%| F|  |TS  0|AC  0|TAMS 0x00000006d5400000, 0x00000006d5400000|
| 231|0x00000006d5500000, 0x00000006d5500000, 0x00000006d5600000|  0%| F|  |TS  0|AC  0|TAMS 0x00000006d5500000, 0x00000006d5500000|
| 232|0x00000006d5600000, 0x00000006d5600000, 0x00000006d5700000|  0%| F|  |TS  0|AC  0|TAMS 0x00000006d5600000, 0x00000006d5600000|
| 233|0x00000006d5700000, 0x00000006d5700000, 0x00000006d5800000|  0%| F|  |TS  0|AC  0|TAMS 0x00000006d5700000, 0x00000006d5700000|
| 234|0x00000006d5800000, 0x00000006d5800000, 0x00000006d5900000|  0%| F|  |TS  0|AC  0|TAMS 0x00000006d5800000, 0x00000006d5800000|
| 235|0x00000006d5900000, 0x00000006d5900000, 0x00000006d5a00000|  0%| F|  |TS  0|AC  0|TAMS 0x00000006d5900000, 0x00000006d5900000|
| 236|0x00000006d5a00000, 0x00000006d5a00000, 0x00000006d5b00000|  0%| F|  |TS  0|AC  0|TAMS 0x00000006d5a00000, 0x00000006d5a00000|
| 237|0x00000006d5b00000, 0x00000006d5b00000, 0x00000006d5c00000|  0%| F|  |TS  0|AC  0|TAMS 0x00000006d5b00000, 0x00000006d5b00000|
| 238|0x00000006d5c00000, 0x00000006d5c00000, 0x00000006d5d00000|  0%| F|  |TS  0|AC  0|TAMS 0x00000006d5c00000, 0x00000006d5c00000|
| 239|0x00000006d5d00000, 0x00000006d5d00000, 0x00000006d5e00000|  0%| F|  |TS  0|AC  0|TAMS 0x00000006d5d00000, 0x00000006d5d00000|
| 240|0x00000006d5e00000, 0x00000006d5e00000, 0x00000006d5f00000|  0%| F|  |TS  0|AC  0|TAMS 0x00000006d5e00000, 0x00000006d5e00000|
| 241|0x00000006d5f00000, 0x00000006d5f00000, 0x00000006d6000000|  0%| F|  |TS  0|AC  0|TAMS 0x00000006d5f00000, 0x00000006d5f00000|
| 242|0x00000006d6000000, 0x00000006d6000000, 0x00000006d6100000|  0%| F|  |TS  0|AC  0|TAMS 0x00000006d6000000, 0x00000006d6000000|
| 243|0x00000006d6100000, 0x00000006d6100000, 0x00000006d6200000|  0%| F|  |TS  0|AC  0|TAMS 0x00000006d6100000, 0x00000006d6100000|
| 244|0x00000006d6200000, 0x00000006d6200000, 0x00000006d6300000|  0%| F|  |TS  0|AC  0|TAMS 0x00000006d6200000, 0x00000006d6200000|
| 245|0x00000006d6300000, 0x00000006d6300000, 0x00000006d6400000|  0%| F|  |TS  0|AC  0|TAMS 0x00000006d6300000, 0x00000006d6300000|
| 246|0x00000006d6400000, 0x00000006d6400000, 0x00000006d6500000|  0%| F|  |TS  0|AC  0|TAMS 0x00000006d6400000, 0x00000006d6400000|
| 247|0x00000006d6500000, 0x00000006d6500000, 0x00000006d6600000|  0%| F|  |TS  0|AC  0|TAMS 0x00000006d6500000, 0x00000006d6500000|
| 248|0x00000006d6600000, 0x00000006d6600000, 0x00000006d6700000|  0%| F|  |TS  0|AC  0|TAMS 0x00000006d6600000, 0x00000006d6600000|
| 249|0x00000006d6700000, 0x00000006d6800000, 0x00000006d6800000|100%| E|  |TS  0|AC  0|TAMS 0x00000006d6700000, 0x00000006d6700000|

Card table byte_map: [0x00007f5d283e2000,0x00007f5d28bab000] byte_map_base: 0x00007f5d24dab000

Marking Bits (Prev, Next): (CMBitMap*) 0x00007f5d4407d568, (CMBitMap*) 0x00007f5d4407d530
 Prev Bits: [0x00007f5cfbba7000, 0x00007f5cff9ef000)
 Next Bits: [0x00007f5cff9ef000, 0x00007f5d03837000)

Polling page: 0x00007f5d4c90e000

CodeHeap 'non-profiled nmethods': size=120032Kb used=521Kb max_used=521Kb free=119511Kb
 bounds [0x00007f5d31605000, 0x00007f5d31875000, 0x00007f5d38b3d000]
CodeHeap 'profiled nmethods': size=120032Kb used=2538Kb max_used=2538Kb free=117493Kb
 bounds [0x00007f5d2a0cd000, 0x00007f5d2a34d000, 0x00007f5d31605000]
CodeHeap 'non-nmethods': size=5696Kb used=1246Kb max_used=1274Kb free=4449Kb
 bounds [0x00007f5d29b3d000, 0x00007f5d29dad000, 0x00007f5d2a0cd000]
 total_blobs=1968 nmethods=1243 adapters=351
 compilation: enabled

Compilation events (10 events):
Event: 2,063 Thread 0x00007f5d441fc000 nmethod 1241 0x00007f5d3167c510 code [0x00007f5d3167c6c0, 0x00007f5d3167cb68]
Event: 2,063 Thread 0x00007f5d441fc000 1242       4       java.lang.Math::min (12 bytes)
Event: 2,064 Thread 0x00007f5d441fc000 nmethod 1242 0x00007f5d3167cd90 code [0x00007f5d3167cf20, 0x00007f5d3167cf98]
Event: 2,074 Thread 0x00007f5d441fa000 nmethod 1102 0x00007f5d3167d010 code [0x00007f5d3167d6a0, 0x00007f5d31683960]
Event: 2,171 Thread 0x00007f5d441fe000 1243       3       java.io.OutputStream::flush (1 bytes)
Event: 2,172 Thread 0x00007f5d441fe000 nmethod 1243 0x00007f5d2a345a90 code [0x00007f5d2a345c40, 0x00007f5d2a345d90]
Event: 2,254 Thread 0x00007f5d441fe000 1244       3       jdk.internal.reflect.ClassFileAssembler::emitShort (24 bytes)
Event: 2,256 Thread 0x00007f5d441fe000 nmethod 1244 0x00007f5d2a345e10 code [0x00007f5d2a345fe0, 0x00007f5d2a346318]
Event: 2,257 Thread 0x00007f5d441fe000 1245       3       java.lang.PublicMethods$MethodList::filter (104 bytes)
Event: 2,259 Thread 0x00007f5d441fe000 nmethod 1245 0x00007f5d2a346490 code [0x00007f5d2a346700, 0x00007f5d2a347458]

GC Heap History (8 events):
Event: 0,868 GC heap before
{Heap before GC invocations=0 (full 0):
 garbage-first heap   total 256000K, used 38912K [0x00000006c6e00000, 0x00000006c6f007d0, 0x00000007c0000000)
  region size 1024K, 14 young (14336K), 0 survivors (0K)
 Metaspace       used 11210K, capacity 11700K, committed 12032K, reserved 1060864K
  class space    used 1064K, capacity 1158K, committed 1280K, reserved 1048576K
}
Event: 0,880 GC heap after
{Heap after GC invocations=1 (full 0):
 garbage-first heap   total 256000K, used 28198K [0x00000006c6e00000, 0x00000006c6f007d0, 0x00000007c0000000)
  region size 1024K, 2 young (2048K), 2 survivors (2048K)
 Metaspace       used 11210K, capacity 11700K, committed 12032K, reserved 1060864K
  class space    used 1064K, capacity 1158K, committed 1280K, reserved 1048576K
}
Event: 1,057 GC heap before
{Heap before GC invocations=1 (full 0):
 garbage-first heap   total 256000K, used 38438K [0x00000006c6e00000, 0x00000006c6f007d0, 0x00000007c0000000)
  region size 1024K, 12 young (12288K), 2 survivors (2048K)
 Metaspace       used 11215K, capacity 11700K, committed 12032K, reserved 1060864K
  class space    used 1064K, capacity 1158K, committed 1280K, reserved 1048576K
}
Event: 1,066 GC heap after
{Heap after GC invocations=2 (full 0):
 garbage-first heap   total 256000K, used 28507K [0x00000006c6e00000, 0x00000006c6f007d0, 0x00000007c0000000)
  region size 1024K, 1 young (1024K), 1 survivors (1024K)
 Metaspace       used 11215K, capacity 11700K, committed 12032K, reserved 1060864K
  class space    used 1064K, capacity 1158K, committed 1280K, reserved 1048576K
}
Event: 1,668 GC heap before
{Heap before GC invocations=2 (full 0):
 garbage-first heap   total 256000K, used 55131K [0x00000006c6e00000, 0x00000006c6f007d0, 0x00000007c0000000)
  region size 1024K, 27 young (27648K), 1 survivors (1024K)
 Metaspace       used 13198K, capacity 13764K, committed 14080K, reserved 1062912K
  class space    used 1300K, capacity 1432K, committed 1536K, reserved 1048576K
}
Event: 1,671 GC heap after
{Heap after GC invocations=3 (full 0):
 garbage-first heap   total 256000K, used 29198K [0x00000006c6e00000, 0x00000006c6f007d0, 0x00000007c0000000)
  region size 1024K, 1 young (1024K), 1 survivors (1024K)
 Metaspace       used 13198K, capacity 13764K, committed 14080K, reserved 1062912K
  class space    used 1300K, capacity 1432K, committed 1536K, reserved 1048576K
}
Event: 2,110 GC heap before
{Heap before GC invocations=3 (full 0):
 garbage-first heap   total 256000K, used 150030K [0x00000006c6e00000, 0x00000006c6f007d0, 0x00000007c0000000)
  region size 1024K, 59 young (60416K), 1 survivors (1024K)
 Metaspace       used 13849K, capacity 14436K, committed 14592K, reserved 1062912K
  class space    used 1419K, capacity 1528K, committed 1536K, reserved 1048576K
}
Event: 2,115 GC heap after
{Heap after GC invocations=4 (full 0):
 garbage-first heap   total 256000K, used 70716K [0x00000006c6e00000, 0x00000006c6f007d0, 0x00000007c0000000)
  region size 1024K, 1 young (1024K), 1 survivors (1024K)
 Metaspace       used 13849K, capacity 14436K, committed 14592K, reserved 1062912K
  class space    used 1419K, capacity 1528K, committed 1536K, reserved 1048576K
}

Deoptimization events (10 events):
Event: 1,363 Thread 0x00007f5d44012800 Uncommon trap: reason=class_check action=maybe_recompile pc=0x00007f5d3162cd24 method=java.util.HashMap.putVal(ILjava/lang/Object;Ljava/lang/Object;ZZ)Ljava/lang/Object; @ 253 c2
Event: 1,363 Thread 0x00007f5d44012800 Uncommon trap: reason=class_check action=maybe_recompile pc=0x00007f5d3162cd24 method=java.util.HashMap.putVal(ILjava/lang/Object;Ljava/lang/Object;ZZ)Ljava/lang/Object; @ 253 c2
Event: 1,363 Thread 0x00007f5d44012800 Uncommon trap: reason=class_check action=maybe_recompile pc=0x00007f5d3162cd24 method=java.util.HashMap.putVal(ILjava/lang/Object;Ljava/lang/Object;ZZ)Ljava/lang/Object; @ 253 c2
Event: 1,363 Thread 0x00007f5d44012800 Uncommon trap: reason=class_check action=maybe_recompile pc=0x00007f5d3162cd24 method=java.util.HashMap.putVal(ILjava/lang/Object;Ljava/lang/Object;ZZ)Ljava/lang/Object; @ 253 c2
Event: 1,427 Thread 0x00007f5d44012800 Uncommon trap: reason=unstable_if action=reinterpret pc=0x00007f5d3164da00 method=jdk.internal.org.objectweb.asm.Frame.execute(IILjdk/internal/org/objectweb/asm/ClassWriter;Ljdk/internal/org/objectweb/asm/Item;)V @ 2207 c2
Event: 1,453 Thread 0x00007f5d44012800 Uncommon trap: reason=unstable_if action=reinterpret pc=0x00007f5d31654394 method=java.util.HashMap.getNode(ILjava/lang/Object;)Ljava/util/HashMap$Node; @ 62 c2
Event: 1,453 Thread 0x00007f5d44012800 Uncommon trap: reason=unstable_if action=reinterpret pc=0x00007f5d31646f7c method=java.util.HashMap.getNode(ILjava/lang/Object;)Ljava/util/HashMap$Node; @ 62 c2
Event: 1,462 Thread 0x00007f5d44012800 Uncommon trap: reason=class_check action=maybe_recompile pc=0x00007f5d316663f8 method=java.util.HashMap.putVal(ILjava/lang/Object;Ljava/lang/Object;ZZ)Ljava/lang/Object; @ 91 c2
Event: 1,462 Thread 0x00007f5d44012800 Uncommon trap: reason=class_check action=maybe_recompile pc=0x00007f5d316663f8 method=java.util.HashMap.putVal(ILjava/lang/Object;Ljava/lang/Object;ZZ)Ljava/lang/Object; @ 91 c2
Event: 2,169 Thread 0x00007f5d44012800 Uncommon trap: reason=unstable_if action=reinterpret pc=0x00007f5d3167cf68 method=java.lang.Math.min(JJ)J @ 3 c2

Classes redefined (0 events):
No events

Internal exceptions (10 events):
Event: 0,546 Thread 0x00007f5d44012800 Exception <a 'java/lang/NoSuchMethodError'{0x00000006d60feb90}: method resolution failed> (0x00000006d60feb90) thrown at [/scratch/opt/mach5/mesos/work_dir/slaves/e72b529e-af37-4c00-b29e-141f3b57348c-S1075/frameworks/1735e8a2-a1db-478c-8104-60c8b0af87dd-0
Event: 0,555 Thread 0x00007f5d44012800 Exception <a 'java/lang/NoSuchMethodError'{0x00000006d5f17880}: method resolution failed> (0x00000006d5f17880) thrown at [/scratch/opt/mach5/mesos/work_dir/slaves/e72b529e-af37-4c00-b29e-141f3b57348c-S1075/frameworks/1735e8a2-a1db-478c-8104-60c8b0af87dd-0
Event: 0,556 Thread 0x00007f5d44012800 Exception <a 'java/io/FileNotFoundException'{0x00000006d5f20eb0}> (0x00000006d5f20eb0) thrown at [/scratch/opt/mach5/mesos/work_dir/slaves/e72b529e-af37-4c00-b29e-141f3b57348c-S1075/frameworks/1735e8a2-a1db-478c-8104-60c8b0af87dd-0196/executors/7e8c6d98-4
Event: 0,635 Thread 0x00007f5d44012800 Exception <a 'java/lang/NoSuchMethodError'{0x00000006d5db11a8}: method resolution failed> (0x00000006d5db11a8) thrown at [/scratch/opt/mach5/mesos/work_dir/slaves/e72b529e-af37-4c00-b29e-141f3b57348c-S1075/frameworks/1735e8a2-a1db-478c-8104-60c8b0af87dd-0
Event: 0,635 Thread 0x00007f5d44012800 Exception <a 'java/lang/NoSuchMethodError'{0x00000006d5db4858}: java.lang.invoke.DelegatingMethodHandle$Holder.reinvoke_L(Ljava/lang/Object;Ljava/lang/Object;ILjava/lang/Object;)Ljava/lang/Object;> (0x00000006d5db4858) thrown at [/scratch/opt/mach5/mesos/
Event: 1,387 Thread 0x00007f5d44012800 Exception <a 'java/lang/UnsatisfiedLinkError'{0x00000006d58703c0}: libtesseract.so: Kann die Shared-Object-Datei nicht ffnen: Datei oder Verzeichnis nicht gefunden> (0x00000006d58703c0) thrown at [/scratch/opt/mach5/mesos/work_dir/slaves/e72b529e-af37-4
Event: 1,387 Thread 0x00007f5d44012800 Exception <a 'java/lang/UnsatisfiedLinkError'{0x00000006d58711d8}: libtesseract.so: Kann die Shared-Object-Datei nicht ffnen: Datei oder Verzeichnis nicht gefunden> (0x00000006d58711d8) thrown at [/scratch/opt/mach5/mesos/work_dir/slaves/e72b529e-af37-4
Event: 1,416 Thread 0x00007f5d44012800 Exception <a 'java/lang/NoSuchMethodError'{0x00000006d5749fe8}: java.lang.invoke.DirectMethodHandle$Holder.invokeInterface(Ljava/lang/Object;Ljava/lang/Object;Ljava/lang/Object;)I> (0x00000006d5749fe8) thrown at [/scratch/opt/mach5/mesos/work_dir/slaves/e
Event: 1,424 Thread 0x00007f5d44012800 Exception <a 'java/lang/NoSuchMethodError'{0x00000006d5777f38}: java.lang.invoke.DirectMethodHandle$Holder.invokeStatic(Ljava/lang/Object;Ljava/lang/Object;)I> (0x00000006d5777f38) thrown at [/scratch/opt/mach5/mesos/work_dir/slaves/e72b529e-af37-4c00-b29
Event: 1,426 Thread 0x00007f5d44012800 Exception <a 'java/lang/NoSuchMethodError'{0x00000006d5784db0}: java.lang.Object.of([Ljava/lang/Object;)Ljava/util/stream/Stream;> (0x00000006d5784db0) thrown at [/scratch/opt/mach5/mesos/work_dir/slaves/e72b529e-af37-4c00-b29e-141f3b57348c-S1075/framewor

Events (10 events):
Event: 2,158 Executing VM operation: CGC_Operation done
Event: 2,169 Thread 0x00007f5d44012800 Uncommon trap: trap_request=0xffffff5d fr.pc=0x00007f5d3167cf68 relative=0x0000000000000048
Event: 2,169 Thread 0x00007f5d44012800 DEOPT PACKING pc=0x00007f5d3167cf68 sp=0x00007f5d4c8ee580
Event: 2,169 Thread 0x00007f5d44012800 DEOPT UNPACKING pc=0x00007f5d29b8ac9f sp=0x00007f5d4c8ee540 mode 2
Event: 2,199 loading class java/nio/DirectByteBuffer$Deallocator
Event: 2,199 loading class java/nio/DirectByteBuffer$Deallocator done
Event: 2,203 loading class java/lang/StrictMath
Event: 2,204 loading class java/lang/StrictMath done
Event: 2,204 loading class com/sun/jna/Native$Buffers
Event: 2,204 loading class com/sun/jna/Native$Buffers done


Dynamic libraries:
00400000-00401000 r-xp 00000000 08:06 271746                             /usr/local/bin/jdk-9.0.1/bin/java
00600000-00601000 rw-p 00000000 08:06 271746                             /usr/local/bin/jdk-9.0.1/bin/java
02191000-021b2000 rw-p 00000000 00:00 0                                  [heap]
6c6e00000-6d6800000 rw-p 00000000 00:00 0 
6d6800000-7c0000000 ---p 00000000 00:00 0 
7c0000000-7c0180000 rw-p 00000000 00:00 0 
7c0180000-800000000 ---p 00000000 00:00 0 
7f5cb8038000-7f5cbb859000 rw-p 00000000 00:00 0 
7f5cbb859000-7f5cbb999000 ---p 00000000 00:00 0 
7f5cbb999000-7f5cbb9a4000 r-xp 00000000 08:06 270826                     /usr/lib/x86_64-linux-gnu/libjbig.so.0
7f5cbb9a4000-7f5cbbba3000 ---p 0000b000 08:06 270826                     /usr/lib/x86_64-linux-gnu/libjbig.so.0
7f5cbbba3000-7f5cbbba4000 r--p 0000a000 08:06 270826                     /usr/lib/x86_64-linux-gnu/libjbig.so.0
7f5cbbba4000-7f5cbbba7000 rw-p 0000b000 08:06 270826                     /usr/lib/x86_64-linux-gnu/libjbig.so.0
7f5cbbba7000-7f5cbbbc8000 r-xp 00000000 08:06 19665337                   /lib/x86_64-linux-gnu/liblzma.so.5.0.0
7f5cbbbc8000-7f5cbbdc7000 ---p 00021000 08:06 19665337                   /lib/x86_64-linux-gnu/liblzma.so.5.0.0
7f5cbbdc7000-7f5cbbdc8000 r--p 00020000 08:06 19665337                   /lib/x86_64-linux-gnu/liblzma.so.5.0.0
7f5cbbdc8000-7f5cbbdc9000 rw-p 00021000 08:06 19665337                   /lib/x86_64-linux-gnu/liblzma.so.5.0.0
7f5cbbdc9000-7f5cbbdff000 r-xp 00000000 08:06 263737                     /usr/lib/x86_64-linux-gnu/libopenjp2.so.2.1.0
7f5cbbdff000-7f5cbbffe000 ---p 00036000 08:06 263737                     /usr/lib/x86_64-linux-gnu/libopenjp2.so.2.1.0
7f5cbbffe000-7f5cbbfff000 r--p 00035000 08:06 263737                     /usr/lib/x86_64-linux-gnu/libopenjp2.so.2.1.0
7f5cbbfff000-7f5cbc000000 rw-p 00036000 08:06 263737                     /usr/lib/x86_64-linux-gnu/libopenjp2.so.2.1.0
7f5cbc000000-7f5cbc021000 rw-p 00000000 00:00 0 
7f5cbc021000-7f5cc0000000 ---p 00000000 00:00 0 
7f5cc0000000-7f5cc0021000 rw-p 00000000 00:00 0 
7f5cc0021000-7f5cc4000000 ---p 00000000 00:00 0 
7f5cc4000000-7f5cc4021000 rw-p 00000000 00:00 0 
7f5cc4021000-7f5cc8000000 ---p 00000000 00:00 0 
7f5cc81d2000-7f5cc822b000 r-xp 00000000 08:06 271378                     /usr/lib/x86_64-linux-gnu/libwebp.so.5.0.4
7f5cc822b000-7f5cc842b000 ---p 00059000 08:06 271378                     /usr/lib/x86_64-linux-gnu/libwebp.so.5.0.4
7f5cc842b000-7f5cc842c000 r--p 00059000 08:06 271378                     /usr/lib/x86_64-linux-gnu/libwebp.so.5.0.4
7f5cc842c000-7f5cc842e000 rw-p 0005a000 08:06 271378                     /usr/lib/x86_64-linux-gnu/libwebp.so.5.0.4
7f5cc842e000-7f5cc849e000 r-xp 00000000 08:06 263801                     /usr/lib/x86_64-linux-gnu/libtiff.so.5.2.4
7f5cc849e000-7f5cc869e000 ---p 00070000 08:06 263801                     /usr/lib/x86_64-linux-gnu/libtiff.so.5.2.4
7f5cc869e000-7f5cc869f000 r--p 00070000 08:06 263801                     /usr/lib/x86_64-linux-gnu/libtiff.so.5.2.4
7f5cc869f000-7f5cc86a2000 rw-p 00071000 08:06 263801                     /usr/lib/x86_64-linux-gnu/libtiff.so.5.2.4
7f5cc86a2000-7f5cc86f9000 r-xp 00000000 08:06 270830                     /usr/lib/x86_64-linux-gnu/libjpeg.so.8.0.2
7f5cc86f9000-7f5cc88f9000 ---p 00057000 08:06 270830                     /usr/lib/x86_64-linux-gnu/libjpeg.so.8.0.2
7f5cc88f9000-7f5cc88fa000 r--p 00057000 08:06 270830                     /usr/lib/x86_64-linux-gnu/libjpeg.so.8.0.2
7f5cc88fa000-7f5cc88fb000 rw-p 00058000 08:06 270830                     /usr/lib/x86_64-linux-gnu/libjpeg.so.8.0.2
7f5cc88fb000-7f5cc891f000 r-xp 00000000 08:06 19665411                   /lib/x86_64-linux-gnu/libpng12.so.0.54.0
7f5cc891f000-7f5cc8b1e000 ---p 00024000 08:06 19665411                   /lib/x86_64-linux-gnu/libpng12.so.0.54.0
7f5cc8b1e000-7f5cc8b1f000 r--p 00023000 08:06 19665411                   /lib/x86_64-linux-gnu/libpng12.so.0.54.0
7f5cc8b1f000-7f5cc8b20000 rw-p 00024000 08:06 19665411                   /lib/x86_64-linux-gnu/libpng12.so.0.54.0
7f5cc8b20000-7f5cc8b36000 r-xp 00000000 08:06 19665308                   /lib/x86_64-linux-gnu/libgcc_s.so.1
7f5cc8b36000-7f5cc8d35000 ---p 00016000 08:06 19665308                   /lib/x86_64-linux-gnu/libgcc_s.so.1
7f5cc8d35000-7f5cc8d36000 rw-p 00015000 08:06 19665308                   /lib/x86_64-linux-gnu/libgcc_s.so.1
7f5cc8d36000-7f5cc8ea8000 r-xp 00000000 08:06 264322                     /usr/lib/x86_64-linux-gnu/libstdc++.so.6.0.21
7f5cc8ea8000-7f5cc90a8000 ---p 00172000 08:06 264322                     /usr/lib/x86_64-linux-gnu/libstdc++.so.6.0.21
7f5cc90a8000-7f5cc90b2000 r--p 00172000 08:06 264322                     /usr/lib/x86_64-linux-gnu/libstdc++.so.6.0.21
7f5cc90b2000-7f5cc90b4000 rw-p 0017c000 08:06 264322                     /usr/lib/x86_64-linux-gnu/libstdc++.so.6.0.21
7f5cc90b4000-7f5cc90b8000 rw-p 00000000 00:00 0 
7f5cc90b8000-7f5cc92f5000 r-xp 00000000 08:06 265316                     /usr/lib/liblept.so.5.0.0
7f5cc92f5000-7f5cc94f4000 ---p 0023d000 08:06 265316                     /usr/lib/liblept.so.5.0.0
7f5cc94f4000-7f5cc94f5000 r--p 0023c000 08:06 265316                     /usr/lib/liblept.so.5.0.0
7f5cc94f5000-7f5cc94fb000 rw-p 0023d000 08:06 265316                     /usr/lib/liblept.so.5.0.0
7f5cc94fb000-7f5cc97e4000 r-xp 00000000 08:06 266417                     /usr/lib/libtesseract.so.3.0.4
7f5cc97e4000-7f5cc99e4000 ---p 002e9000 08:06 266417                     /usr/lib/libtesseract.so.3.0.4
7f5cc99e4000-7f5cc99e8000 r--p 002e9000 08:06 266417                     /usr/lib/libtesseract.so.3.0.4
7f5cc99e8000-7f5cc99e9000 rw-p 002ed000 08:06 266417                     /usr/lib/libtesseract.so.3.0.4
7f5cc99e9000-7f5cc9c7d000 rw-p 00000000 00:00 0 
7f5cc9c7d000-7f5cc9c94000 r-xp 00000000 08:06 3019539                    /tmp/jna-119407/jna4078153632814340025.tmp (deleted)
7f5cc9c94000-7f5cc9d93000 ---p 00017000 08:06 3019539                    /tmp/jna-119407/jna4078153632814340025.tmp (deleted)
7f5cc9d93000-7f5cc9d95000 rw-p 00016000 08:06 3019539                    /tmp/jna-119407/jna4078153632814340025.tmp (deleted)
7f5cc9d95000-7f5cc9f95000 rw-p 00000000 00:00 0 
7f5cc9f95000-7f5cc9ff9000 r-xp 00000000 08:06 271898                     /usr/local/bin/jdk-9.0.1/lib/liblcms.so
7f5cc9ff9000-7f5cca1f9000 ---p 00064000 08:06 271898                     /usr/local/bin/jdk-9.0.1/lib/liblcms.so
7f5cca1f9000-7f5cca1fe000 rw-p 00064000 08:06 271898                     /usr/local/bin/jdk-9.0.1/lib/liblcms.so
7f5cca1fe000-7f5cca202000 ---p 00000000 00:00 0 
7f5cca202000-7f5cca2ff000 rw-p 00000000 00:00 0 
7f5cca2ff000-7f5cca335000 r-xp 00000000 08:06 271913                     /usr/local/bin/jdk-9.0.1/lib/libjavajpeg.so
7f5cca335000-7f5cca535000 ---p 00036000 08:06 271913                     /usr/local/bin/jdk-9.0.1/lib/libjavajpeg.so
7f5cca535000-7f5cca536000 rw-p 00036000 08:06 271913                     /usr/local/bin/jdk-9.0.1/lib/libjavajpeg.so
7f5cca536000-7f5cca53b000 r-xp 00000000 08:06 270107                     /usr/lib/x86_64-linux-gnu/libXdmcp.so.6.0.0
7f5cca53b000-7f5cca73a000 ---p 00005000 08:06 270107                     /usr/lib/x86_64-linux-gnu/libXdmcp.so.6.0.0
7f5cca73a000-7f5cca73b000 r--p 00004000 08:06 270107                     /usr/lib/x86_64-linux-gnu/libXdmcp.so.6.0.0
7f5cca73b000-7f5cca73c000 rw-p 00005000 08:06 270107                     /usr/lib/x86_64-linux-gnu/libXdmcp.so.6.0.0
7f5cca73c000-7f5cca73e000 r-xp 00000000 08:06 270096                     /usr/lib/x86_64-linux-gnu/libXau.so.6.0.0
7f5cca73e000-7f5cca93e000 ---p 00002000 08:06 270096                     /usr/lib/x86_64-linux-gnu/libXau.so.6.0.0
7f5cca93e000-7f5cca93f000 r--p 00002000 08:06 270096                     /usr/lib/x86_64-linux-gnu/libXau.so.6.0.0
7f5cca93f000-7f5cca940000 rw-p 00003000 08:06 270096                     /usr/lib/x86_64-linux-gnu/libXau.so.6.0.0
7f5cca940000-7f5cca961000 r-xp 00000000 08:06 271474                     /usr/lib/x86_64-linux-gnu/libxcb.so.1.1.0
7f5cca961000-7f5ccab60000 ---p 00021000 08:06 271474                     /usr/lib/x86_64-linux-gnu/libxcb.so.1.1.0
7f5ccab60000-7f5ccab61000 r--p 00020000 08:06 271474                     /usr/lib/x86_64-linux-gnu/libxcb.so.1.1.0
7f5ccab61000-7f5ccab62000 rw-p 00021000 08:06 271474                     /usr/lib/x86_64-linux-gnu/libxcb.so.1.1.0
7f5ccab62000-7f5ccab71000 r-xp 00000000 08:06 270117                     /usr/lib/x86_64-linux-gnu/libXi.so.6.1.0
7f5ccab71000-7f5ccad70000 ---p 0000f000 08:06 270117                     /usr/lib/x86_64-linux-gnu/libXi.so.6.1.0
7f5ccad70000-7f5ccad71000 r--p 0000e000 08:06 270117                     /usr/lib/x86_64-linux-gnu/libXi.so.6.1.0
7f5ccad71000-7f5ccad72000 rw-p 0000f000 08:06 270117                     /usr/lib/x86_64-linux-gnu/libXi.so.6.1.0
7f5ccad72000-7f5ccad77000 r-xp 00000000 08:06 270135                     /usr/lib/x86_64-linux-gnu/libXtst.so.6.1.0
7f5ccad77000-7f5ccaf76000 ---p 00005000 08:06 270135                     /usr/lib/x86_64-linux-gnu/libXtst.so.6.1.0
7f5ccaf76000-7f5ccaf77000 r--p 00004000 08:06 270135                     /usr/lib/x86_64-linux-gnu/libXtst.so.6.1.0
7f5ccaf77000-7f5ccaf78000 rw-p 00005000 08:06 270135                     /usr/lib/x86_64-linux-gnu/libXtst.so.6.1.0
7f5ccaf78000-7f5ccaf81000 r-xp 00000000 08:06 270129                     /usr/lib/x86_64-linux-gnu/libXrender.so.1.3.0
7f5ccaf81000-7f5ccb180000 ---p 00009000 08:06 270129                     /usr/lib/x86_64-linux-gnu/libXrender.so.1.3.0
7f5ccb180000-7f5ccb181000 r--p 00008000 08:06 270129                     /usr/lib/x86_64-linux-gnu/libXrender.so.1.3.0
7f5ccb181000-7f5ccb182000 rw-p 00009000 08:06 270129                     /usr/lib/x86_64-linux-gnu/libXrender.so.1.3.0
7f5ccb182000-7f5ccb2b7000 r-xp 00000000 08:06 270092                     /usr/lib/x86_64-linux-gnu/libX11.so.6.3.0
7f5ccb2b7000-7f5ccb4b7000 ---p 00135000 08:06 270092                     /usr/lib/x86_64-linux-gnu/libX11.so.6.3.0
7f5ccb4b7000-7f5ccb4b8000 r--p 00135000 08:06 270092                     /usr/lib/x86_64-linux-gnu/libX11.so.6.3.0
7f5ccb4b8000-7f5ccb4bc000 rw-p 00136000 08:06 270092                     /usr/lib/x86_64-linux-gnu/libX11.so.6.3.0
7f5ccb4bc000-7f5ccb4cd000 r-xp 00000000 08:06 270109                     /usr/lib/x86_64-linux-gnu/libXext.so.6.4.0
7f5ccb4cd000-7f5ccb6cc000 ---p 00011000 08:06 270109                     /usr/lib/x86_64-linux-gnu/libXext.so.6.4.0
7f5ccb6cc000-7f5ccb6cd000 r--p 00010000 08:06 270109                     /usr/lib/x86_64-linux-gnu/libXext.so.6.4.0
7f5ccb6cd000-7f5ccb6ce000 rw-p 00011000 08:06 270109                     /usr/lib/x86_64-linux-gnu/libXext.so.6.4.0
7f5ccb6ce000-7f5ccb72c000 r-xp 00000000 08:06 271930                     /usr/local/bin/jdk-9.0.1/lib/libawt_xawt.so
7f5ccb72c000-7f5ccb92b000 ---p 0005e000 08:06 271930                     /usr/local/bin/jdk-9.0.1/lib/libawt_xawt.so
7f5ccb92b000-7f5ccb92e000 rw-p 0005d000 08:06 271930                     /usr/local/bin/jdk-9.0.1/lib/libawt_xawt.so
7f5ccb92e000-7f5ccb930000 rw-p 00000000 00:00 0 
7f5ccb930000-7f5ccb9ce000 r-xp 00000000 08:06 271983                     /usr/local/bin/jdk-9.0.1/lib/libawt.so
7f5ccb9ce000-7f5ccbbce000 ---p 0009e000 08:06 271983                     /usr/local/bin/jdk-9.0.1/lib/libawt.so
7f5ccbbce000-7f5ccbbda000 rw-p 0009e000 08:06 271983                     /usr/local/bin/jdk-9.0.1/lib/libawt.so
7f5ccbbda000-7f5ccbdfe000 rw-p 00000000 00:00 0 
7f5ccbdfe000-7f5ccbdff000 ---p 00000000 00:00 0 
7f5ccbdff000-7f5ccbeff000 rw-p 00000000 00:00 0 
7f5ccbeff000-7f5ccbf03000 ---p 00000000 00:00 0 
7f5ccbf03000-7f5ccc000000 rw-p 00000000 00:00 0 
7f5ccc000000-7f5ccc021000 rw-p 00000000 00:00 0 
7f5ccc021000-7f5cd0000000 ---p 00000000 00:00 0 
7f5cd0000000-7f5cd0021000 rw-p 00000000 00:00 0 
7f5cd0021000-7f5cd4000000 ---p 00000000 00:00 0 
7f5cd4000000-7f5cd4a40000 rw-p 00000000 00:00 0 
7f5cd4a40000-7f5cd8000000 ---p 00000000 00:00 0 
7f5cd8000000-7f5cd858b000 rw-p 00000000 00:00 0 
7f5cd858b000-7f5cdc000000 ---p 00000000 00:00 0 
7f5cdc000000-7f5cdc021000 rw-p 00000000 00:00 0 
7f5cdc021000-7f5ce0000000 ---p 00000000 00:00 0 
7f5ce0000000-7f5ce0d80000 rw-p 00000000 00:00 0 
7f5ce0d80000-7f5ce4000000 ---p 00000000 00:00 0 
7f5ce4000000-7f5ce4021000 rw-p 00000000 00:00 0 
7f5ce4021000-7f5ce8000000 ---p 00000000 00:00 0 
7f5ce8000000-7f5ce8021000 rw-p 00000000 00:00 0 
7f5ce8021000-7f5cec000000 ---p 00000000 00:00 0 
7f5cec000000-7f5cec021000 rw-p 00000000 00:00 0 
7f5cec021000-7f5cf0000000 ---p 00000000 00:00 0 
7f5cf0000000-7f5cf0021000 rw-p 00000000 00:00 0 
7f5cf0021000-7f5cf4000000 ---p 00000000 00:00 0 
7f5cf4000000-7f5cf4021000 rw-p 00000000 00:00 0 
7f5cf4021000-7f5cf8000000 ---p 00000000 00:00 0 
7f5cf8018000-7f5cf801c000 ---p 00000000 00:00 0 
7f5cf801c000-7f5cf8119000 rw-p 00000000 00:00 0 
7f5cf8119000-7f5cf812f000 r-xp 00000000 08:06 271949                     /usr/local/bin/jdk-9.0.1/lib/libnet.so
7f5cf812f000-7f5cf832f000 ---p 00016000 08:06 271949                     /usr/local/bin/jdk-9.0.1/lib/libnet.so
7f5cf832f000-7f5cf8330000 rw-p 00016000 08:06 271949                     /usr/local/bin/jdk-9.0.1/lib/libnet.so
7f5cf8330000-7f5cf8340000 r-xp 00000000 08:06 271946                     /usr/local/bin/jdk-9.0.1/lib/libnio.so
7f5cf8340000-7f5cf8540000 ---p 00010000 08:06 271946                     /usr/local/bin/jdk-9.0.1/lib/libnio.so
7f5cf8540000-7f5cf8541000 rw-p 00010000 08:06 271946                     /usr/local/bin/jdk-9.0.1/lib/libnio.so
7f5cf8541000-7f5cf8545000 ---p 00000000 00:00 0 
7f5cf8545000-7f5cf8642000 rw-p 00000000 00:00 0 
7f5cf8642000-7f5cf8646000 ---p 00000000 00:00 0 
7f5cf8646000-7f5cf8743000 rw-p 00000000 00:00 0 
7f5cf8743000-7f5cf8747000 ---p 00000000 00:00 0 
7f5cf8747000-7f5cf8844000 rw-p 00000000 00:00 0 
7f5cf8844000-7f5cf8848000 ---p 00000000 00:00 0 
7f5cf8848000-7f5cf8945000 rw-p 00000000 00:00 0 
7f5cf8945000-7f5cf8949000 ---p 00000000 00:00 0 
7f5cf8949000-7f5cf8a46000 rw-p 00000000 00:00 0 
7f5cf8a46000-7f5cf8ea2000 r--p 00000000 08:06 274350                     /usr/lib/locale/locale-archive
7f5cf8ea2000-7f5cf8ea6000 ---p 00000000 00:00 0 
7f5cf8ea6000-7f5cf8fa3000 rw-p 00000000 00:00 0 
7f5cf8fa3000-7f5cf8fa7000 ---p 00000000 00:00 0 
7f5cf8fa7000-7f5cf90a4000 rw-p 00000000 00:00 0 
7f5cf90a4000-7f5cf90a5000 ---p 00000000 00:00 0 
7f5cf90a5000-7f5cf99a5000 rw-p 00000000 00:00 0 
7f5cf99a5000-7f5cf9ba7000 rw-p 00000000 00:00 0 
7f5cf9ba7000-7f5cfbba7000 rwxp 00000000 00:00 0 
7f5cfbba7000-7f5cfbf8f000 rw-p 00000000 00:00 0 
7f5cfbf8f000-7f5cff9ef000 ---p 00000000 00:00 0 
7f5cff9ef000-7f5cffdd7000 rw-p 00000000 00:00 0 
7f5cffdd7000-7f5d03837000 ---p 00000000 00:00 0 
7f5d03837000-7f5d038b4000 rw-p 00000000 00:00 0 
7f5d038b4000-7f5d04000000 ---p 00000000 00:00 0 
7f5d04000000-7f5d04021000 rw-p 00000000 00:00 0 
7f5d04021000-7f5d08000000 ---p 00000000 00:00 0 
7f5d08000000-7f5d08021000 rw-p 00000000 00:00 0 
7f5d08021000-7f5d0c000000 ---p 00000000 00:00 0 
7f5d0c000000-7f5d0c021000 rw-p 00000000 00:00 0 
7f5d0c021000-7f5d10000000 ---p 00000000 00:00 0 
7f5d10000000-7f5d10021000 rw-p 00000000 00:00 0 
7f5d10021000-7f5d14000000 ---p 00000000 00:00 0 
7f5d14000000-7f5d14021000 rw-p 00000000 00:00 0 
7f5d14021000-7f5d18000000 ---p 00000000 00:00 0 
7f5d18000000-7f5d18021000 rw-p 00000000 00:00 0 
7f5d18021000-7f5d1c000000 ---p 00000000 00:00 0 
7f5d1c000000-7f5d1c021000 rw-p 00000000 00:00 0 
7f5d1c021000-7f5d20000000 ---p 00000000 00:00 0 
7f5d20000000-7f5d20021000 rw-p 00000000 00:00 0 
7f5d20021000-7f5d24000000 ---p 00000000 00:00 0 
7f5d24000000-7f5d24021000 rw-p 00000000 00:00 0 
7f5d24021000-7f5d28000000 ---p 00000000 00:00 0 
7f5d28069000-7f5d282e1000 rw-p 00000000 00:00 0 
7f5d282e1000-7f5d282e2000 ---p 00000000 00:00 0 
7f5d282e2000-7f5d2845f000 rw-p 00000000 00:00 0 
7f5d2845f000-7f5d29374000 ---p 00000000 00:00 0 
7f5d29374000-7f5d293f1000 rw-p 00000000 00:00 0 
7f5d293f1000-7f5d29b3d000 ---p 00000000 00:00 0 
7f5d29b3d000-7f5d29dad000 rwxp 00000000 00:00 0 
7f5d29dad000-7f5d2a0cd000 ---p 00000000 00:00 0 
7f5d2a0cd000-7f5d2a34d000 rwxp 00000000 00:00 0 
7f5d2a34d000-7f5d31605000 ---p 00000000 00:00 0 
7f5d31605000-7f5d31875000 rwxp 00000000 00:00 0 
7f5d31875000-7f5d38b3d000 ---p 00000000 00:00 0 
7f5d38b3d000-7f5d44000000 r--s 00000000 08:06 271906                     /usr/local/bin/jdk-9.0.1/lib/modules
7f5d44000000-7f5d45d1d000 rw-p 00000000 00:00 0 
7f5d45d1d000-7f5d48000000 ---p 00000000 00:00 0 
7f5d4802a000-7f5d480b6000 rw-p 00000000 00:00 0 
7f5d480b6000-7f5d480b7000 ---p 00000000 00:00 0 
7f5d480b7000-7f5d482b1000 rw-p 00000000 00:00 0 
7f5d482b1000-7f5d482b2000 ---p 00000000 00:00 0 
7f5d482b2000-7f5d483b2000 rw-p 00000000 00:00 0 
7f5d483b2000-7f5d483b3000 ---p 00000000 00:00 0 
7f5d483b3000-7f5d484b3000 rw-p 00000000 00:00 0 
7f5d484b3000-7f5d484b4000 ---p 00000000 00:00 0 
7f5d484b4000-7f5d485b4000 rw-p 00000000 00:00 0 
7f5d485b4000-7f5d485b5000 ---p 00000000 00:00 0 
7f5d485b5000-7f5d486b5000 rw-p 00000000 00:00 0 
7f5d486b5000-7f5d486b6000 ---p 00000000 00:00 0 
7f5d486b6000-7f5d48bba000 rw-p 00000000 00:00 0 
7f5d48bba000-7f5d48bbb000 ---p 00000000 00:00 0 
7f5d48bbb000-7f5d48cbb000 rw-p 00000000 00:00 0 
7f5d48cbb000-7f5d48cbc000 ---p 00000000 00:00 0 
7f5d48cbc000-7f5d48dbc000 rw-p 00000000 00:00 0 
7f5d48dbc000-7f5d48dbd000 ---p 00000000 00:00 0 
7f5d48dbd000-7f5d48ebd000 rw-p 00000000 00:00 0 
7f5d48ebd000-7f5d48ebe000 ---p 00000000 00:00 0 
7f5d48ebe000-7f5d48fc3000 rw-p 00000000 00:00 0 
7f5d48fc3000-7f5d490a9000 ---p 00000000 00:00 0 
7f5d490a9000-7f5d490ae000 rw-p 00000000 00:00 0 
7f5d490ae000-7f5d49194000 ---p 00000000 00:00 0 
7f5d49194000-7f5d491ae000 r-xp 00000000 08:06 271951                     /usr/local/bin/jdk-9.0.1/lib/libjimage.so
7f5d491ae000-7f5d493ad000 ---p 0001a000 08:06 271951                     /usr/local/bin/jdk-9.0.1/lib/libjimage.so
7f5d493ad000-7f5d493af000 rw-p 00019000 08:06 271951                     /usr/local/bin/jdk-9.0.1/lib/libjimage.so
7f5d493af000-7f5d493c1000 rw-p 00000000 00:00 0 
7f5d493c1000-7f5d493c8000 r-xp 00000000 08:06 271995                     /usr/local/bin/jdk-9.0.1/lib/libzip.so
7f5d493c8000-7f5d495c7000 ---p 00007000 08:06 271995                     /usr/local/bin/jdk-9.0.1/lib/libzip.so
7f5d495c7000-7f5d495c8000 rw-p 00006000 08:06 271995                     /usr/local/bin/jdk-9.0.1/lib/libzip.so
7f5d495c8000-7f5d495d3000 r-xp 00000000 08:06 19660973                   /lib/x86_64-linux-gnu/libnss_files-2.23.so
7f5d495d3000-7f5d497d2000 ---p 0000b000 08:06 19660973                   /lib/x86_64-linux-gnu/libnss_files-2.23.so
7f5d497d2000-7f5d497d3000 r--p 0000a000 08:06 19660973                   /lib/x86_64-linux-gnu/libnss_files-2.23.so
7f5d497d3000-7f5d497d4000 rw-p 0000b000 08:06 19660973                   /lib/x86_64-linux-gnu/libnss_files-2.23.so
7f5d497d4000-7f5d497da000 rw-p 00000000 00:00 0 
7f5d497da000-7f5d497e5000 r-xp 00000000 08:06 19660976                   /lib/x86_64-linux-gnu/libnss_nis-2.23.so
7f5d497e5000-7f5d499e4000 ---p 0000b000 08:06 19660976                   /lib/x86_64-linux-gnu/libnss_nis-2.23.so
7f5d499e4000-7f5d499e5000 r--p 0000a000 08:06 19660976                   /lib/x86_64-linux-gnu/libnss_nis-2.23.so
7f5d499e5000-7f5d499e6000 rw-p 0000b000 08:06 19660976                   /lib/x86_64-linux-gnu/libnss_nis-2.23.so
7f5d499e6000-7f5d499fc000 r-xp 00000000 08:06 19660900                   /lib/x86_64-linux-gnu/libnsl-2.23.so
7f5d499fc000-7f5d49bfb000 ---p 00016000 08:06 19660900                   /lib/x86_64-linux-gnu/libnsl-2.23.so
7f5d49bfb000-7f5d49bfc000 r--p 00015000 08:06 19660900                   /lib/x86_64-linux-gnu/libnsl-2.23.so
7f5d49bfc000-7f5d49bfd000 rw-p 00016000 08:06 19660900                   /lib/x86_64-linux-gnu/libnsl-2.23.so
7f5d49bfd000-7f5d49bff000 rw-p 00000000 00:00 0 
7f5d49bff000-7f5d49c07000 r-xp 00000000 08:06 19660982                   /lib/x86_64-linux-gnu/libnss_compat-2.23.so
7f5d49c07000-7f5d49e06000 ---p 00008000 08:06 19660982                   /lib/x86_64-linux-gnu/libnss_compat-2.23.so
7f5d49e06000-7f5d49e07000 r--p 00007000 08:06 19660982                   /lib/x86_64-linux-gnu/libnss_compat-2.23.so
7f5d49e07000-7f5d49e08000 rw-p 00008000 08:06 19660982                   /lib/x86_64-linux-gnu/libnss_compat-2.23.so
7f5d49e08000-7f5d49e33000 r-xp 00000000 08:06 271917                     /usr/local/bin/jdk-9.0.1/lib/libjava.so
7f5d49e33000-7f5d4a032000 ---p 0002b000 08:06 271917                     /usr/local/bin/jdk-9.0.1/lib/libjava.so
7f5d4a032000-7f5d4a034000 rw-p 0002a000 08:06 271917                     /usr/local/bin/jdk-9.0.1/lib/libjava.so
7f5d4a034000-7f5d4a041000 r-xp 00000000 08:06 271914                     /usr/local/bin/jdk-9.0.1/lib/libverify.so
7f5d4a041000-7f5d4a240000 ---p 0000d000 08:06 271914                     /usr/local/bin/jdk-9.0.1/lib/libverify.so
7f5d4a240000-7f5d4a242000 rw-p 0000c000 08:06 271914                     /usr/local/bin/jdk-9.0.1/lib/libverify.so
7f5d4a242000-7f5d4a249000 r-xp 00000000 08:06 19660978                   /lib/x86_64-linux-gnu/librt-2.23.so
7f5d4a249000-7f5d4a448000 ---p 00007000 08:06 19660978                   /lib/x86_64-linux-gnu/librt-2.23.so
7f5d4a448000-7f5d4a449000 r--p 00006000 08:06 19660978                   /lib/x86_64-linux-gnu/librt-2.23.so
7f5d4a449000-7f5d4a44a000 rw-p 00007000 08:06 19660978                   /lib/x86_64-linux-gnu/librt-2.23.so
7f5d4a44a000-7f5d4a552000 r-xp 00000000 08:06 19660987                   /lib/x86_64-linux-gnu/libm-2.23.so
7f5d4a552000-7f5d4a751000 ---p 00108000 08:06 19660987                   /lib/x86_64-linux-gnu/libm-2.23.so
7f5d4a751000-7f5d4a752000 r--p 00107000 08:06 19660987                   /lib/x86_64-linux-gnu/libm-2.23.so
7f5d4a752000-7f5d4a753000 rw-p 00108000 08:06 19660987                   /lib/x86_64-linux-gnu/libm-2.23.so
7f5d4a753000-7f5d4b767000 r-xp 00000000 08:06 3284492                    /usr/local/bin/jdk-9.0.1/lib/server/libjvm.so
7f5d4b767000-7f5d4b967000 ---p 01014000 08:06 3284492                    /usr/local/bin/jdk-9.0.1/lib/server/libjvm.so
7f5d4b967000-7f5d4ba38000 r--p 01014000 08:06 3284492                    /usr/local/bin/jdk-9.0.1/lib/server/libjvm.so
7f5d4ba38000-7f5d4ba6f000 rw-p 010e5000 08:06 3284492                    /usr/local/bin/jdk-9.0.1/lib/server/libjvm.so
7f5d4ba6f000-7f5d4bad8000 rw-p 00000000 00:00 0 
7f5d4bad8000-7f5d4bc98000 r-xp 00000000 08:06 19660992                   /lib/x86_64-linux-gnu/libc-2.23.so
7f5d4bc98000-7f5d4be98000 ---p 001c0000 08:06 19660992                   /lib/x86_64-linux-gnu/libc-2.23.so
7f5d4be98000-7f5d4be9c000 r--p 001c0000 08:06 19660992                   /lib/x86_64-linux-gnu/libc-2.23.so
7f5d4be9c000-7f5d4be9e000 rw-p 001c4000 08:06 19660992                   /lib/x86_64-linux-gnu/libc-2.23.so
7f5d4be9e000-7f5d4bea2000 rw-p 00000000 00:00 0 
7f5d4bea2000-7f5d4bea5000 r-xp 00000000 08:06 19660981                   /lib/x86_64-linux-gnu/libdl-2.23.so
7f5d4bea5000-7f5d4c0a4000 ---p 00003000 08:06 19660981                   /lib/x86_64-linux-gnu/libdl-2.23.so
7f5d4c0a4000-7f5d4c0a5000 r--p 00002000 08:06 19660981                   /lib/x86_64-linux-gnu/libdl-2.23.so
7f5d4c0a5000-7f5d4c0a6000 rw-p 00003000 08:06 19660981                   /lib/x86_64-linux-gnu/libdl-2.23.so
7f5d4c0a6000-7f5d4c0b4000 r-xp 00000000 08:06 659804                     /usr/local/bin/jdk-9.0.1/lib/jli/libjli.so
7f5d4c0b4000-7f5d4c2b4000 ---p 0000e000 08:06 659804                     /usr/local/bin/jdk-9.0.1/lib/jli/libjli.so
7f5d4c2b4000-7f5d4c2b5000 rw-p 0000e000 08:06 659804                     /usr/local/bin/jdk-9.0.1/lib/jli/libjli.so
7f5d4c2b5000-7f5d4c2cd000 r-xp 00000000 08:06 19660975                   /lib/x86_64-linux-gnu/libpthread-2.23.so
7f5d4c2cd000-7f5d4c4cc000 ---p 00018000 08:06 19660975                   /lib/x86_64-linux-gnu/libpthread-2.23.so
7f5d4c4cc000-7f5d4c4cd000 r--p 00017000 08:06 19660975                   /lib/x86_64-linux-gnu/libpthread-2.23.so
7f5d4c4cd000-7f5d4c4ce000 rw-p 00018000 08:06 19660975                   /lib/x86_64-linux-gnu/libpthread-2.23.so
7f5d4c4ce000-7f5d4c4d2000 rw-p 00000000 00:00 0 
7f5d4c4d2000-7f5d4c4eb000 r-xp 00000000 08:06 19660999                   /lib/x86_64-linux-gnu/libz.so.1.2.8
7f5d4c4eb000-7f5d4c6ea000 ---p 00019000 08:06 19660999                   /lib/x86_64-linux-gnu/libz.so.1.2.8
7f5d4c6ea000-7f5d4c6eb000 r--p 00018000 08:06 19660999                   /lib/x86_64-linux-gnu/libz.so.1.2.8
7f5d4c6eb000-7f5d4c6ec000 rw-p 00019000 08:06 19660999                   /lib/x86_64-linux-gnu/libz.so.1.2.8
7f5d4c6ec000-7f5d4c712000 r-xp 00000000 08:06 19660970                   /lib/x86_64-linux-gnu/ld-2.23.so
7f5d4c715000-7f5d4c71c000 r--s 00000000 08:06 532898                     /usr/lib/x86_64-linux-gnu/gconv/gconv-modules.cache
7f5d4c71c000-7f5d4c742000 r--p 00000000 08:06 796233                     /usr/share/locale-langpack/de/LC_MESSAGES/libc.mo
7f5d4c742000-7f5d4c7ef000 rw-p 00000000 00:00 0 
7f5d4c7ef000-7f5d4c7f4000 ---p 00000000 00:00 0 
7f5d4c7f4000-7f5d4c8f4000 rw-p 00000000 00:00 0 
7f5d4c8f8000-7f5d4c8fe000 rw-p 00000000 00:00 0 
7f5d4c8fe000-7f5d4c905000 ---p 00000000 00:00 0 
7f5d4c905000-7f5d4c90d000 rw-s 00000000 08:06 3019537                    /tmp/hsperfdata_yaw/31817
7f5d4c90d000-7f5d4c90e000 rw-p 00000000 00:00 0 
7f5d4c90e000-7f5d4c90f000 r--p 00000000 00:00 0 
7f5d4c90f000-7f5d4c911000 rw-p 00000000 00:00 0 
7f5d4c911000-7f5d4c912000 r--p 00025000 08:06 19660970                   /lib/x86_64-linux-gnu/ld-2.23.so
7f5d4c912000-7f5d4c913000 rw-p 00026000 08:06 19660970                   /lib/x86_64-linux-gnu/ld-2.23.so
7f5d4c913000-7f5d4c914000 rw-p 00000000 00:00 0 
7ffc24b5a000-7ffc24b7b000 rw-p 00000000 00:00 0                          [stack]
7ffc24bf1000-7ffc24bf3000 r--p 00000000 00:00 0                          [vvar]
7ffc24bf3000-7ffc24bf5000 r-xp 00000000 00:00 0                          [vdso]
ffffffffff600000-ffffffffff601000 r-xp 00000000 00:00 0                  [vsyscall]

VM Arguments:
jvm_args: -Dfile.encoding=UTF-8 
java_command: ch.ingrid.playground.TesseractExample
java_class_path (initial): /home/yaw/Projects/ingrid/backend/bin:/home/yaw/Projects/ingrid/lib/Tess4J/dist/tess4j-3.4.1.jar:/home/yaw/Projects/ingrid/lib/Tess4J/lib/commons-io-2.5.jar:/home/yaw/Projects/ingrid/lib/Tess4J/lib/jai-imageio-core-1.3.1.jar:/home/yaw/Projects/ingrid/lib/Tess4J/lib/jna-4.1.0.jar:/home/yaw/Projects/ingrid/lib/Tess4J/lib/lept4j-1.6.1.jar:/home/yaw/Projects/ingrid/lib/Tess4J/lib/slf4j-api-1.7.25.jar:/home/yaw/Projects/ingrid/lib/Tess4J/lib/commons-beanutils-1.9.2.jar:/home/yaw/Projects/ingrid/lib/Tess4J/lib/commons-logging-1.2.jar:/home/yaw/Projects/ingrid/lib/Tess4J/lib/ghost4j-1.0.1.jar:/home/yaw/Projects/ingrid/lib/Tess4J/lib/hamcrest-core-1.3.jar:/home/yaw/Projects/ingrid/lib/Tess4J/lib/itext-2.1.7.jar:/home/yaw/Projects/ingrid/lib/Tess4J/lib/jboss-vfs-3.2.12.Final.jar:/home/yaw/Projects/ingrid/lib/Tess4J/lib/jcl-over-slf4j-1.7.25.jar:/home/yaw/Projects/ingrid/lib/Tess4J/lib/jul-to-slf4j-1.7.25.jar:/home/yaw/Projects/ingrid/lib/Tess4J/lib/junit-4.12.jar:/home/yaw/Projects/ingrid/lib/Tess4J/lib/log4j-1.2.17.jar:/home/yaw/Projects/ingrid/lib/Tess4J/lib/log4j-over-slf4j-1.7.25.jar:/home/yaw/Projects/ingrid/lib/Tess4J/lib/logback-classic-1.2.3.jar:/home/yaw/Projects/ingrid/lib/Tess4J/lib/logback-core-1.2.3.jar:/home/yaw/Projects/ingrid/lib/Tess4J/lib/xmlgraphics-commons-1.5.jar
Launcher Type: SUN_STANDARD

Logging:
Log output configuration:
#0: stdout all=warning uptime,level,tags
#1: stderr all=off uptime,level,tags

Environment Variables:
PATH=/home/yaw/bin:/home/yaw/.local/bin:/usr/local/sbin:/usr/local/bin:/usr/sbin:/usr/bin:/sbin:/bin:/usr/games:/usr/local/games:/snap/bin
SHELL=/bin/bash
DISPLAY=:0

Signal Handlers:
SIGSEGV: [libjvm.so+0xd4ce90], sa_mask[0]=11111111011111111101111111111110, sa_flags=SA_RESTART|SA_SIGINFO
SIGBUS: [libjvm.so+0xd4ce90], sa_mask[0]=11111111011111111101111111111110, sa_flags=SA_RESTART|SA_SIGINFO
SIGFPE: [libjvm.so+0xd4ce90], sa_mask[0]=11111111011111111101111111111110, sa_flags=SA_RESTART|SA_SIGINFO
SIGPIPE: [libjvm.so+0xb64460], sa_mask[0]=11111111011111111101111111111110, sa_flags=SA_RESTART|SA_SIGINFO
SIGXFSZ: [libjvm.so+0xb64460], sa_mask[0]=11111111011111111101111111111110, sa_flags=SA_RESTART|SA_SIGINFO
SIGILL: [libjvm.so+0xd4ce90], sa_mask[0]=11111111011111111101111111111110, sa_flags=SA_RESTART|SA_SIGINFO
SIGUSR2: [libjvm.so+0xb64320], sa_mask[0]=00100000000000000000000000000000, sa_flags=SA_RESTART|SA_SIGINFO
SIGHUP: [libjvm.so+0xb64530], sa_mask[0]=11111111011111111101111111111110, sa_flags=SA_RESTART|SA_SIGINFO
SIGINT: [libjvm.so+0xb64530], sa_mask[0]=11111111011111111101111111111110, sa_flags=SA_RESTART|SA_SIGINFO
SIGTERM: [libjvm.so+0xb64530], sa_mask[0]=11111111011111111101111111111110, sa_flags=SA_RESTART|SA_SIGINFO
SIGQUIT: [libjvm.so+0xb64530], sa_mask[0]=11111111011111111101111111111110, sa_flags=SA_RESTART|SA_SIGINFO


---------------  S Y S T E M  ---------------

OS:DISTRIB_ID=Ubuntu
DISTRIB_RELEASE=16.04
DISTRIB_CODENAME=xenial
DISTRIB_DESCRIPTION="Ubuntu 16.04.3 LTS"
uname:Linux 4.4.0-93-generic #116-Ubuntu SMP Fri Aug 11 21:17:51 UTC 2017 x86_64
libc:glibc 2.23 NPTL 2.23 
rlimit: STACK 8192k, CORE 0k, NPROC 63233, NOFILE 1048576, AS infinity
load average:1,54 1,53 1,66

/proc/meminfo:
MemTotal:       16320048 kB
MemFree:          247724 kB
MemAvailable:    1610520 kB
Buffers:           45376 kB
Cached:          4574488 kB
SwapCached:       107616 kB
Active:          9305880 kB
Inactive:        3441160 kB
Active(anon):    8539836 kB
Inactive(anon):  2671948 kB
Active(file):     766044 kB
Inactive(file):   769212 kB
Unevictable:          48 kB
Mlocked:              48 kB
SwapTotal:      16663036 kB
SwapFree:       15731420 kB
Dirty:               820 kB
Writeback:             0 kB
AnonPages:       8019796 kB
Mapped:          2362536 kB
Shmem:           3084612 kB
Slab:            3083908 kB
SReclaimable:     169876 kB
SUnreclaim:      2914032 kB
KernelStack:       14896 kB
PageTables:       102700 kB
NFS_Unstable:          0 kB
Bounce:                0 kB
WritebackTmp:          0 kB
CommitLimit:    24823060 kB
Committed_AS:   16969080 kB
VmallocTotal:   34359738367 kB
VmallocUsed:           0 kB
VmallocChunk:          0 kB
HardwareCorrupted:     0 kB
AnonHugePages:   4102144 kB
CmaTotal:              0 kB
CmaFree:               0 kB
HugePages_Total:       0
HugePages_Free:        0
HugePages_Rsvd:        0
HugePages_Surp:        0
Hugepagesize:       2048 kB
DirectMap4k:     1046640 kB
DirectMap2M:    15618048 kB
DirectMap1G:           0 kB


CPU:total 4 (initial active 4) (2 cores per cpu, 2 threads per core) family 6 model 78 stepping 3, cmov, cx8, fxsr, mmx, sse, sse2, sse3, ssse3, sse4.1, sse4.2, popcnt, avx, avx2, aes, clmul, erms, 3dnowpref, lzcnt, ht, tsc, tscinvbit, bmi1, bmi2, adx, fma
CPU Model and flags from /proc/cpuinfo:
model name	: Intel(R) Core(TM) i5-6260U CPU @ 1.80GHz
flags		: fpu vme de pse tsc msr pae mce cx8 apic sep mtrr pge mca cmov pat pse36 clflush dts acpi mmx fxsr sse sse2 ss ht tm pbe syscall nx pdpe1gb rdtscp lm constant_tsc art arch_perfmon pebs bts rep_good nopl xtopology nonstop_tsc aperfmperf eagerfpu pni pclmulqdq dtes64 monitor ds_cpl vmx est tm2 ssse3 sdbg fma cx16 xtpr pdcm pcid sse4_1 sse4_2 x2apic movbe popcnt tsc_deadline_timer aes xsave avx f16c rdrand lahf_lm abm 3dnowprefetch epb intel_pt tpr_shadow vnmi flexpriority ept vpid fsgsbase tsc_adjust bmi1 avx2 smep bmi2 erms invpcid mpx rdseed adx smap clflushopt xsaveopt xsavec xgetbv1 dtherm ida arat pln pts hwp hwp_notify hwp_act_window hwp_epp

Memory: 4k page, physical 16320048k(247724k free), swap 16663036k(15731420k free)

vm_info: Java HotSpot(TM) 64-Bit Server VM (9.0.1+11) for linux-amd64 JRE (9.0.1+11), built on Sep 27 2017 20:48:27 by "mach5one" with gcc 4.9.2

END.
