#
# A fatal error has been detected by the Java Runtime Environment:
#
#  SIGSEGV (0xb) at pc=0x00007f103821fac7, pid=31542, tid=31547
#
# JRE version: Java(TM) SE Runtime Environment (9.0+11) (build 9.0.1+11)
# Java VM: Java HotSpot(TM) 64-Bit Server VM (9.0.1+11, mixed mode, tiered, compressed oops, g1 gc, linux-amd64)
# Problematic frame:
# C  [libtesseract.so.3.0.4+0x9dac7]  tesseract::Tesseract::recog_all_words(PAGE_RES*, ETEXT_DESC*, TBOX const*, char const*, int)+0x5e7
#
# Core dump will be written. Default location: Core dumps may be processed with "/usr/share/apport/apport %p %s %c %P" (or dumping to /home/yaw/Projects/ingrid/backend/core.31542)
#
# If you would like to submit a bug report, please visit:
#   http://bugreport.java.com/bugreport/crash.jsp
# The crash happened outside the Java Virtual Machine in native code.
# See problematic frame for where to report the bug.
#

---------------  S U M M A R Y ------------

Command Line: -Dfile.encoding=UTF-8 ch.ingrid.playground.TesseractExample

Host: Intel(R) Core(TM) i5-6260U CPU @ 1.80GHz, 4 cores, 15G, Ubuntu 16.04.3 LTS
Time: Thu Oct 19 23:08:59 2017 CEST elapsed time: 3 seconds (0d 0h 0m 3s)

---------------  T H R E A D  ---------------

Current thread (0x00007f108c012800):  JavaThread "main" [_thread_in_native, id=31547, stack(0x00007f10935f9000,0x00007f10936f9000)]

Stack: [0x00007f10935f9000,0x00007f10936f9000],  sp=0x00007f10936f6780,  free space=1013k
Native frames: (J=compiled Java code, A=aot compiled Java code, j=interpreted, Vv=VM code, C=native code)
C  [libtesseract.so.3.0.4+0x9dac7]  tesseract::Tesseract::recog_all_words(PAGE_RES*, ETEXT_DESC*, TBOX const*, char const*, int)+0x5e7

Java frames: (J=compiled Java code, j=interpreted, Vv=VM code)
j  com.sun.jna.Native.invokePointer(JI[Ljava/lang/Object;)J+0
j  com.sun.jna.Function.invokePointer(I[Ljava/lang/Object;)Lcom/sun/jna/Pointer;+6
j  com.sun.jna.Function.invoke([Ljava/lang/Object;Ljava/lang/Class;Z)Ljava/lang/Object;+426
j  com.sun.jna.Function.invoke(Ljava/lang/Class;[Ljava/lang/Object;Ljava/util/Map;)Ljava/lang/Object;+262
j  com.sun.jna.Library$Handler.invoke(Ljava/lang/Object;Ljava/lang/reflect/Method;[Ljava/lang/Object;)Ljava/lang/Object;+316
j  com.sun.proxy.$Proxy0.TessBaseAPIGetUTF8Text(Lnet/sourceforge/tess4j/ITessAPI$TessBaseAPI;)Lcom/sun/jna/Pointer;+16
j  net.sourceforge.tess4j.Tesseract.getOCRText(Ljava/lang/String;I)Ljava/lang/String;+62
j  net.sourceforge.tess4j.Tesseract.doOCR(Ljava/util/List;Ljava/lang/String;Ljava/awt/Rectangle;)Ljava/lang/String;+69
j  net.sourceforge.tess4j.Tesseract.doOCR(Ljava/io/File;Ljava/awt/Rectangle;)Ljava/lang/String;+10
j  net.sourceforge.tess4j.Tesseract.doOCR(Ljava/io/File;)Ljava/lang/String;+3
j  ch.ingrid.playground.TesseractExample.main([Ljava/lang/String;)V+20
v  ~StubRoutines::call_stub

siginfo: si_signo: 11 (SIGSEGV), si_code: 1 (SEGV_MAPERR), si_addr: 0x000000000000000c

Register to memory mapping:

RAX=0x0000000000000000 is an unknown value
RBX=0x00007f10936f67d0 is pointing into the stack for thread: 0x00007f108c012800
RCX=0x0000000000000000 is an unknown value
RDX=0x0000000000000000 is an unknown value
RSP=0x00007f10936f6780 is pointing into the stack for thread: 0x00007f108c012800
RBP=0x00007f108c8e95b0 is an unknown value
RSI=0x0000000000000000 is an unknown value
RDI=0x00007f10936f6890 is pointing into the stack for thread: 0x00007f108c012800
R8 =0x0000000000000000 is an unknown value
R9 =0x0000000000000000 is an unknown value
R10=0x00000000ffff8001 is an unknown value
R11=0x00000000ffff8001 is an unknown value
R12=0x00007f108c9a6730 is an unknown value
R13=0x0000000000000000 is an unknown value
R14=0x0000000000000000 is an unknown value
R15=0x00007f108c9a6730 is an unknown value


Registers:
RAX=0x0000000000000000, RBX=0x00007f10936f67d0, RCX=0x0000000000000000, RDX=0x0000000000000000
RSP=0x00007f10936f6780, RBP=0x00007f108c8e95b0, RSI=0x0000000000000000, RDI=0x00007f10936f6890
R8 =0x0000000000000000, R9 =0x0000000000000000, R10=0x00000000ffff8001, R11=0x00000000ffff8001
R12=0x00007f108c9a6730, R13=0x0000000000000000, R14=0x0000000000000000, R15=0x00007f108c9a6730
RIP=0x00007f103821fac7, EFLAGS=0x0000000000010246, CSGSFS=0x0000000000000033, ERR=0x0000000000000004
  TRAPNO=0x000000000000000e

Top of Stack: (sp=0x00007f10936f6780)
0x00007f10936f6780:   0000000000000000 0000000000000000
0x00007f10936f6790:   00007f108c64cf40 00007f108c64d550
0x00007f10936f67a0:   00007f108dbdb6d0 00007f108c95cdc0
0x00007f10936f67b0:   0000000000000000 00007f10936f67e0 

Instructions: (pc=0x00007f103821fac7)
0x00007f103821faa7:   13 00 00 41 83 fe 01 0f 84 ec fb ff ff e9 b9 fa
0x00007f103821fab7:   ff ff 0f 1f 80 00 00 00 00 48 8b 85 10 0b 00 00
0x00007f103821fac7:   80 78 0c 00 0f 84 9f fd ff ff 48 89 ef e8 17 82
0x00007f103821fad7:   0f 00 e9 92 fd ff ff 4c 89 e6 48 89 ef e8 e7 8b 


---------------  P R O C E S S  ---------------

Java Threads: ( => current thread )
  0x00007f108c534800 JavaThread "Java2D Disposer" daemon [_thread_blocked, id=31570, stack(0x00007f1039071000,0x00007f1039172000)]
  0x00007f108c29c000 JavaThread "Service Thread" daemon [_thread_blocked, id=31568, stack(0x00007f103ad72000,0x00007f103ae73000)]
  0x00007f108c20c000 JavaThread "Common-Cleaner" daemon [_thread_blocked, id=31567, stack(0x00007f103ae73000,0x00007f103af74000)]
  0x00007f108c200000 JavaThread "Sweeper thread" daemon [_thread_blocked, id=31566, stack(0x00007f103b39c000,0x00007f103b49d000)]
  0x00007f108c1fe000 JavaThread "C1 CompilerThread2" daemon [_thread_blocked, id=31565, stack(0x00007f103b49d000,0x00007f103b59e000)]
  0x00007f108c1fc000 JavaThread "C2 CompilerThread1" daemon [_thread_blocked, id=31564, stack(0x00007f103b59e000,0x00007f103b69f000)]
  0x00007f108c1fa000 JavaThread "C2 CompilerThread0" daemon [_thread_blocked, id=31563, stack(0x00007f103b69f000,0x00007f103b7a0000)]
  0x00007f108c1f8000 JavaThread "Signal Dispatcher" daemon [_thread_blocked, id=31562, stack(0x00007f103b7a0000,0x00007f103b8a1000)]
  0x00007f108c1dd000 JavaThread "Finalizer" daemon [_thread_blocked, id=31561, stack(0x00007f103bcfd000,0x00007f103bdfe000)]
  0x00007f108c1d4800 JavaThread "Reference Handler" daemon [_thread_blocked, id=31560, stack(0x00007f103bdfe000,0x00007f103beff000)]
=>0x00007f108c012800 JavaThread "main" [_thread_in_native, id=31547, stack(0x00007f10935f9000,0x00007f10936f9000)]

Other Threads:
  0x00007f108c1cb000 VMThread "VM Thread" [stack: 0x00007f103bf00000,0x00007f103c000000] [id=31559]
  0x00007f108c29e800 WatcherThread [stack: 0x00007f103ac72000,0x00007f103ad72000] [id=31569]
  0x00007f108c02a000 GCTaskThread "GC Thread#0" [stack: 0x00007f1071725000,0x00007f1071825000] [id=31548]
  0x00007f108c02b000 GCTaskThread "GC Thread#1" [stack: 0x00007f1071624000,0x00007f1071724000] [id=31549]
  0x00007f108c02d000 GCTaskThread "GC Thread#2" [stack: 0x00007f1071523000,0x00007f1071623000] [id=31550]
  0x00007f108c02e800 GCTaskThread "GC Thread#3" [stack: 0x00007f1071422000,0x00007f1071522000] [id=31551]
  0x00007f108c07e000 ConcurrentGCThread "G1 Main Marker" [stack: 0x00007f1070155000,0x00007f1070255000] [id=31557]
  0x00007f108c080000 ConcurrentGCThread "G1 Marker#0" [stack: 0x00007f1070054000,0x00007f1070154000] [id=31558]
  0x00007f108c036000 ConcurrentGCThread "G1 Refine#0" [stack: 0x00007f1070c1a000,0x00007f1070d1a000] [id=31555]
  0x00007f108c034800 ConcurrentGCThread "G1 Refine#1" [stack: 0x00007f1070d1b000,0x00007f1070e1b000] [id=31554]
  0x00007f108c032800 ConcurrentGCThread "G1 Refine#2" [stack: 0x00007f1070e1c000,0x00007f1070f1c000] [id=31553]
  0x00007f108c030800 ConcurrentGCThread "G1 Refine#3" [stack: 0x00007f1070f1d000,0x00007f107101d000] [id=31552]
  0x00007f108c038000 ConcurrentGCThread "G1 Young RemSet Sampling" [stack: 0x00007f1070b19000,0x00007f1070c19000] [id=31556]

Threads with active compile tasks:

VM state:not at safepoint (normal execution)

VM Mutex/Monitor currently owned by a thread: None

Heap address: 0x00000006c6e00000, size: 3986 MB, Compressed Oops mode: Zero based, Oop shift amount: 3
Narrow klass base: 0x0000000000000000, Narrow klass shift: 3
Compressed class space size: 1073741824 Address: 0x00000007c0000000

Heap:
 garbage-first heap   total 256000K, used 104522K [0x00000006c6e00000, 0x00000006c6f007d0, 0x00000007c0000000)
  region size 1024K, 2 young (2048K), 1 survivors (1024K)
 Metaspace       used 13902K, capacity 14490K, committed 14592K, reserved 1062912K
  class space    used 1421K, capacity 1529K, committed 1536K, reserved 1048576K
Heap Regions: E=young(eden), S=young(survivor), O=old, HS=humongous(starts), HC=humongous(continues), CS=collection set, F=free, A=archive, TS=gc time stamp, AC=allocation context, TAMS=top-at-mark-start (previous, next)
|   0|0x00000006c6e00000, 0x00000006c6f00000, 0x00000006c6f00000|100%|HS|  |TS  0|AC  0|TAMS 0x00000006c6f00000, 0x00000006c6f00000|
|   1|0x00000006c6f00000, 0x00000006c7000000, 0x00000006c7000000|100%|HC|  |TS  0|AC  0|TAMS 0x00000006c7000000, 0x00000006c7000000|
|   2|0x00000006c7000000, 0x00000006c7100000, 0x00000006c7100000|100%|HC|  |TS  0|AC  0|TAMS 0x00000006c7100000, 0x00000006c7100000|
|   3|0x00000006c7100000, 0x00000006c7200000, 0x00000006c7200000|100%|HC|  |TS  0|AC  0|TAMS 0x00000006c7200000, 0x00000006c7200000|
|   4|0x00000006c7200000, 0x00000006c7300000, 0x00000006c7300000|100%|HC|  |TS  0|AC  0|TAMS 0x00000006c7300000, 0x00000006c7300000|
|   5|0x00000006c7300000, 0x00000006c7400000, 0x00000006c7400000|100%|HC|  |TS  0|AC  0|TAMS 0x00000006c7400000, 0x00000006c7400000|
|   6|0x00000006c7400000, 0x00000006c7500000, 0x00000006c7500000|100%|HC|  |TS  0|AC  0|TAMS 0x00000006c7500000, 0x00000006c7500000|
|   7|0x00000006c7500000, 0x00000006c7600000, 0x00000006c7600000|100%|HC|  |TS  0|AC  0|TAMS 0x00000006c7600000, 0x00000006c7600000|
|   8|0x00000006c7600000, 0x00000006c7700000, 0x00000006c7700000|100%|HC|  |TS  0|AC  0|TAMS 0x00000006c7700000, 0x00000006c7700000|
|   9|0x00000006c7700000, 0x00000006c7800000, 0x00000006c7800000|100%|HC|  |TS  0|AC  0|TAMS 0x00000006c7800000, 0x00000006c7800000|
|  10|0x00000006c7800000, 0x00000006c7900000, 0x00000006c7900000|100%|HC|  |TS  0|AC  0|TAMS 0x00000006c7900000, 0x00000006c7900000|
|  11|0x00000006c7900000, 0x00000006c7a00000, 0x00000006c7a00000|100%|HC|  |TS  0|AC  0|TAMS 0x00000006c7a00000, 0x00000006c7a00000|
|  12|0x00000006c7a00000, 0x00000006c7b00000, 0x00000006c7b00000|100%|HC|  |TS  0|AC  0|TAMS 0x00000006c7b00000, 0x00000006c7b00000|
|  13|0x00000006c7b00000, 0x00000006c7c00000, 0x00000006c7c00000|100%|HC|  |TS  0|AC  0|TAMS 0x00000006c7c00000, 0x00000006c7c00000|
|  14|0x00000006c7c00000, 0x00000006c7d00000, 0x00000006c7d00000|100%|HC|  |TS  0|AC  0|TAMS 0x00000006c7d00000, 0x00000006c7d00000|
|  15|0x00000006c7d00000, 0x00000006c7e00000, 0x00000006c7e00000|100%|HC|  |TS  0|AC  0|TAMS 0x00000006c7e00000, 0x00000006c7e00000|
|  16|0x00000006c7e00000, 0x00000006c7f00000, 0x00000006c7f00000|100%|HC|  |TS  0|AC  0|TAMS 0x00000006c7f00000, 0x00000006c7f00000|
|  17|0x00000006c7f00000, 0x00000006c8000000, 0x00000006c8000000|100%|HC|  |TS  0|AC  0|TAMS 0x00000006c8000000, 0x00000006c8000000|
|  18|0x00000006c8000000, 0x00000006c8100000, 0x00000006c8100000|100%|HC|  |TS  0|AC  0|TAMS 0x00000006c8100000, 0x00000006c8100000|
|  19|0x00000006c8100000, 0x00000006c8200000, 0x00000006c8200000|100%|HC|  |TS  0|AC  0|TAMS 0x00000006c8200000, 0x00000006c8200000|
|  20|0x00000006c8200000, 0x00000006c8300000, 0x00000006c8300000|100%|HC|  |TS  0|AC  0|TAMS 0x00000006c8300000, 0x00000006c8300000|
|  21|0x00000006c8300000, 0x00000006c8400000, 0x00000006c8400000|100%|HC|  |TS  0|AC  0|TAMS 0x00000006c8400000, 0x00000006c8400000|
|  22|0x00000006c8400000, 0x00000006c8500000, 0x00000006c8500000|100%|HC|  |TS  0|AC  0|TAMS 0x00000006c8500000, 0x00000006c8500000|
|  23|0x00000006c8500000, 0x00000006c8600000, 0x00000006c8600000|100%|HC|  |TS  0|AC  0|TAMS 0x00000006c8600000, 0x00000006c8600000|
|  24|0x00000006c8600000, 0x00000006c8700000, 0x00000006c8700000|100%| O|  |TS  0|AC  0|TAMS 0x00000006c8700000, 0x00000006c8700000|
|  25|0x00000006c8700000, 0x00000006c8800000, 0x00000006c8800000|100%| O|  |TS  0|AC  0|TAMS 0x00000006c8800000, 0x00000006c8800000|
|  26|0x00000006c8800000, 0x00000006c8900000, 0x00000006c8900000|100%| O|  |TS  0|AC  0|TAMS 0x00000006c8900000, 0x00000006c8900000|
|  27|0x00000006c8900000, 0x00000006c8993000, 0x00000006c8a00000| 57%| O|  |TS  0|AC  0|TAMS 0x00000006c8993000, 0x00000006c8993000|
|  28|0x00000006c8a00000, 0x00000006c8b00000, 0x00000006c8b00000|100%|HS|  |TS  0|AC  0|TAMS 0x00000006c8b00000, 0x00000006c8b00000|
|  29|0x00000006c8b00000, 0x00000006c8c00000, 0x00000006c8c00000|100%|HC|  |TS  0|AC  0|TAMS 0x00000006c8c00000, 0x00000006c8c00000|
|  30|0x00000006c8c00000, 0x00000006c8d00000, 0x00000006c8d00000|100%|HC|  |TS  0|AC  0|TAMS 0x00000006c8d00000, 0x00000006c8d00000|
|  31|0x00000006c8d00000, 0x00000006c8e00000, 0x00000006c8e00000|100%|HC|  |TS  0|AC  0|TAMS 0x00000006c8e00000, 0x00000006c8e00000|
|  32|0x00000006c8e00000, 0x00000006c8f00000, 0x00000006c8f00000|100%|HC|  |TS  0|AC  0|TAMS 0x00000006c8f00000, 0x00000006c8f00000|
|  33|0x00000006c8f00000, 0x00000006c9000000, 0x00000006c9000000|100%|HC|  |TS  0|AC  0|TAMS 0x00000006c9000000, 0x00000006c9000000|
|  34|0x00000006c9000000, 0x00000006c9100000, 0x00000006c9100000|100%|HC|  |TS  0|AC  0|TAMS 0x00000006c9100000, 0x00000006c9100000|
|  35|0x00000006c9100000, 0x00000006c9200000, 0x00000006c9200000|100%|HC|  |TS  0|AC  0|TAMS 0x00000006c9200000, 0x00000006c9200000|
|  36|0x00000006c9200000, 0x00000006c9300000, 0x00000006c9300000|100%|HC|  |TS  0|AC  0|TAMS 0x00000006c9300000, 0x00000006c9300000|
|  37|0x00000006c9300000, 0x00000006c9400000, 0x00000006c9400000|100%|HC|  |TS  0|AC  0|TAMS 0x00000006c9400000, 0x00000006c9400000|
|  38|0x00000006c9400000, 0x00000006c9500000, 0x00000006c9500000|100%|HC|  |TS  0|AC  0|TAMS 0x00000006c9500000, 0x00000006c9500000|
|  39|0x00000006c9500000, 0x00000006c9600000, 0x00000006c9600000|100%|HC|  |TS  0|AC  0|TAMS 0x00000006c9600000, 0x00000006c9600000|
|  40|0x00000006c9600000, 0x00000006c9700000, 0x00000006c9700000|100%|HC|  |TS  0|AC  0|TAMS 0x00000006c9700000, 0x00000006c9700000|
|  41|0x00000006c9700000, 0x00000006c9800000, 0x00000006c9800000|100%|HC|  |TS  0|AC  0|TAMS 0x00000006c9800000, 0x00000006c9800000|
|  42|0x00000006c9800000, 0x00000006c9900000, 0x00000006c9900000|100%|HC|  |TS  0|AC  0|TAMS 0x00000006c9900000, 0x00000006c9900000|
|  43|0x00000006c9900000, 0x00000006c9a00000, 0x00000006c9a00000|100%|HC|  |TS  0|AC  0|TAMS 0x00000006c9a00000, 0x00000006c9a00000|
|  44|0x00000006c9a00000, 0x00000006c9b00000, 0x00000006c9b00000|100%|HC|  |TS  0|AC  0|TAMS 0x00000006c9b00000, 0x00000006c9b00000|
|  45|0x00000006c9b00000, 0x00000006c9c00000, 0x00000006c9c00000|100%|HC|  |TS  0|AC  0|TAMS 0x00000006c9c00000, 0x00000006c9c00000|
|  46|0x00000006c9c00000, 0x00000006c9d00000, 0x00000006c9d00000|100%|HC|  |TS  0|AC  0|TAMS 0x00000006c9d00000, 0x00000006c9d00000|
|  47|0x00000006c9d00000, 0x00000006c9e00000, 0x00000006c9e00000|100%|HC|  |TS  0|AC  0|TAMS 0x00000006c9e00000, 0x00000006c9e00000|
|  48|0x00000006c9e00000, 0x00000006c9f00000, 0x00000006c9f00000|100%|HC|  |TS  0|AC  0|TAMS 0x00000006c9f00000, 0x00000006c9f00000|
|  49|0x00000006c9f00000, 0x00000006ca000000, 0x00000006ca000000|100%|HC|  |TS  0|AC  0|TAMS 0x00000006ca000000, 0x00000006ca000000|
|  50|0x00000006ca000000, 0x00000006ca100000, 0x00000006ca100000|100%|HC|  |TS  0|AC  0|TAMS 0x00000006ca100000, 0x00000006ca100000|
|  51|0x00000006ca100000, 0x00000006ca200000, 0x00000006ca200000|100%|HC|  |TS  0|AC  0|TAMS 0x00000006ca200000, 0x00000006ca200000|
|  52|0x00000006ca200000, 0x00000006ca200000, 0x00000006ca300000|  0%| F|  |TS  0|AC  0|TAMS 0x00000006ca200000, 0x00000006ca200000|
|  53|0x00000006ca300000, 0x00000006ca300000, 0x00000006ca400000|  0%| F|  |TS  0|AC  0|TAMS 0x00000006ca300000, 0x00000006ca300000|
|  54|0x00000006ca400000, 0x00000006ca400000, 0x00000006ca500000|  0%| F|  |TS  0|AC  0|TAMS 0x00000006ca400000, 0x00000006ca400000|
|  55|0x00000006ca500000, 0x00000006ca500000, 0x00000006ca600000|  0%| F|  |TS  0|AC  0|TAMS 0x00000006ca500000, 0x00000006ca500000|
|  56|0x00000006ca600000, 0x00000006ca600000, 0x00000006ca700000|  0%| F|  |TS  0|AC  0|TAMS 0x00000006ca600000, 0x00000006ca600000|
|  57|0x00000006ca700000, 0x00000006ca700000, 0x00000006ca800000|  0%| F|  |TS  0|AC  0|TAMS 0x00000006ca700000, 0x00000006ca700000|
|  58|0x00000006ca800000, 0x00000006ca800000, 0x00000006ca900000|  0%| F|  |TS  0|AC  0|TAMS 0x00000006ca800000, 0x00000006ca800000|
|  59|0x00000006ca900000, 0x00000006ca900000, 0x00000006caa00000|  0%| F|  |TS  0|AC  0|TAMS 0x00000006ca900000, 0x00000006ca900000|
|  60|0x00000006caa00000, 0x00000006caa00000, 0x00000006cab00000|  0%| F|  |TS  0|AC  0|TAMS 0x00000006caa00000, 0x00000006caa00000|
|  61|0x00000006cab00000, 0x00000006cab00000, 0x00000006cac00000|  0%| F|  |TS  0|AC  0|TAMS 0x00000006cab00000, 0x00000006cab00000|
|  62|0x00000006cac00000, 0x00000006cac00000, 0x00000006cad00000|  0%| F|  |TS  0|AC  0|TAMS 0x00000006cac00000, 0x00000006cac00000|
|  63|0x00000006cad00000, 0x00000006cad00000, 0x00000006cae00000|  0%| F|  |TS  0|AC  0|TAMS 0x00000006cad00000, 0x00000006cad00000|
|  64|0x00000006cae00000, 0x00000006cae00000, 0x00000006caf00000|  0%| F|  |TS  0|AC  0|TAMS 0x00000006cae00000, 0x00000006cae00000|
|  65|0x00000006caf00000, 0x00000006caf00000, 0x00000006cb000000|  0%| F|  |TS  0|AC  0|TAMS 0x00000006caf00000, 0x00000006caf00000|
|  66|0x00000006cb000000, 0x00000006cb000000, 0x00000006cb100000|  0%| F|  |TS  0|AC  0|TAMS 0x00000006cb000000, 0x00000006cb000000|
|  67|0x00000006cb100000, 0x00000006cb100000, 0x00000006cb200000|  0%| F|  |TS  0|AC  0|TAMS 0x00000006cb100000, 0x00000006cb100000|
|  68|0x00000006cb200000, 0x00000006cb200000, 0x00000006cb300000|  0%| F|  |TS  0|AC  0|TAMS 0x00000006cb200000, 0x00000006cb200000|
|  69|0x00000006cb300000, 0x00000006cb300000, 0x00000006cb400000|  0%| F|  |TS  0|AC  0|TAMS 0x00000006cb300000, 0x00000006cb300000|
|  70|0x00000006cb400000, 0x00000006cb400000, 0x00000006cb500000|  0%| F|  |TS  0|AC  0|TAMS 0x00000006cb400000, 0x00000006cb400000|
|  71|0x00000006cb500000, 0x00000006cb500000, 0x00000006cb600000|  0%| F|  |TS  0|AC  0|TAMS 0x00000006cb500000, 0x00000006cb500000|
|  72|0x00000006cb600000, 0x00000006cb700000, 0x00000006cb700000|100%|HS|  |TS  0|AC  0|TAMS 0x00000006cb700000, 0x00000006cb700000|
|  73|0x00000006cb700000, 0x00000006cb800000, 0x00000006cb800000|100%|HC|  |TS  0|AC  0|TAMS 0x00000006cb800000, 0x00000006cb800000|
|  74|0x00000006cb800000, 0x00000006cb900000, 0x00000006cb900000|100%|HC|  |TS  0|AC  0|TAMS 0x00000006cb900000, 0x00000006cb900000|
|  75|0x00000006cb900000, 0x00000006cba00000, 0x00000006cba00000|100%|HC|  |TS  0|AC  0|TAMS 0x00000006cba00000, 0x00000006cba00000|
|  76|0x00000006cba00000, 0x00000006cbb00000, 0x00000006cbb00000|100%|HC|  |TS  0|AC  0|TAMS 0x00000006cbb00000, 0x00000006cbb00000|
|  77|0x00000006cbb00000, 0x00000006cbc00000, 0x00000006cbc00000|100%|HC|  |TS  0|AC  0|TAMS 0x00000006cbc00000, 0x00000006cbc00000|
|  78|0x00000006cbc00000, 0x00000006cbd00000, 0x00000006cbd00000|100%|HC|  |TS  0|AC  0|TAMS 0x00000006cbd00000, 0x00000006cbd00000|
|  79|0x00000006cbd00000, 0x00000006cbe00000, 0x00000006cbe00000|100%|HC|  |TS  0|AC  0|TAMS 0x00000006cbe00000, 0x00000006cbe00000|
|  80|0x00000006cbe00000, 0x00000006cbf00000, 0x00000006cbf00000|100%|HC|  |TS  0|AC  0|TAMS 0x00000006cbf00000, 0x00000006cbf00000|
|  81|0x00000006cbf00000, 0x00000006cc000000, 0x00000006cc000000|100%|HC|  |TS  0|AC  0|TAMS 0x00000006cc000000, 0x00000006cc000000|
|  82|0x00000006cc000000, 0x00000006cc100000, 0x00000006cc100000|100%|HC|  |TS  0|AC  0|TAMS 0x00000006cc100000, 0x00000006cc100000|
|  83|0x00000006cc100000, 0x00000006cc200000, 0x00000006cc200000|100%|HC|  |TS  0|AC  0|TAMS 0x00000006cc200000, 0x00000006cc200000|
|  84|0x00000006cc200000, 0x00000006cc300000, 0x00000006cc300000|100%|HC|  |TS  0|AC  0|TAMS 0x00000006cc300000, 0x00000006cc300000|
|  85|0x00000006cc300000, 0x00000006cc400000, 0x00000006cc400000|100%|HC|  |TS  0|AC  0|TAMS 0x00000006cc400000, 0x00000006cc400000|
|  86|0x00000006cc400000, 0x00000006cc500000, 0x00000006cc500000|100%|HC|  |TS  0|AC  0|TAMS 0x00000006cc500000, 0x00000006cc500000|
|  87|0x00000006cc500000, 0x00000006cc600000, 0x00000006cc600000|100%|HC|  |TS  0|AC  0|TAMS 0x00000006cc600000, 0x00000006cc600000|
|  88|0x00000006cc600000, 0x00000006cc700000, 0x00000006cc700000|100%|HC|  |TS  0|AC  0|TAMS 0x00000006cc700000, 0x00000006cc700000|
|  89|0x00000006cc700000, 0x00000006cc800000, 0x00000006cc800000|100%|HS|  |TS  0|AC  0|TAMS 0x00000006cc700000, 0x00000006cc700000|
|  90|0x00000006cc800000, 0x00000006cc900000, 0x00000006cc900000|100%|HC|  |TS  0|AC  0|TAMS 0x00000006cc800000, 0x00000006cc800000|
|  91|0x00000006cc900000, 0x00000006cca00000, 0x00000006cca00000|100%|HC|  |TS  0|AC  0|TAMS 0x00000006cc900000, 0x00000006cc900000|
|  92|0x00000006cca00000, 0x00000006ccb00000, 0x00000006ccb00000|100%|HC|  |TS  0|AC  0|TAMS 0x00000006cca00000, 0x00000006cca00000|
|  93|0x00000006ccb00000, 0x00000006ccc00000, 0x00000006ccc00000|100%|HC|  |TS  0|AC  0|TAMS 0x00000006ccb00000, 0x00000006ccb00000|
|  94|0x00000006ccc00000, 0x00000006ccd00000, 0x00000006ccd00000|100%|HC|  |TS  0|AC  0|TAMS 0x00000006ccc00000, 0x00000006ccc00000|
|  95|0x00000006ccd00000, 0x00000006cce00000, 0x00000006cce00000|100%|HC|  |TS  0|AC  0|TAMS 0x00000006ccd00000, 0x00000006ccd00000|
|  96|0x00000006cce00000, 0x00000006ccf00000, 0x00000006ccf00000|100%|HC|  |TS  0|AC  0|TAMS 0x00000006cce00000, 0x00000006cce00000|
|  97|0x00000006ccf00000, 0x00000006cd000000, 0x00000006cd000000|100%|HC|  |TS  0|AC  0|TAMS 0x00000006ccf00000, 0x00000006ccf00000|
|  98|0x00000006cd000000, 0x00000006cd100000, 0x00000006cd100000|100%|HC|  |TS  0|AC  0|TAMS 0x00000006cd000000, 0x00000006cd000000|
|  99|0x00000006cd100000, 0x00000006cd200000, 0x00000006cd200000|100%|HC|  |TS  0|AC  0|TAMS 0x00000006cd100000, 0x00000006cd100000|
| 100|0x00000006cd200000, 0x00000006cd300000, 0x00000006cd300000|100%|HC|  |TS  0|AC  0|TAMS 0x00000006cd200000, 0x00000006cd200000|
| 101|0x00000006cd300000, 0x00000006cd400000, 0x00000006cd400000|100%|HC|  |TS  0|AC  0|TAMS 0x00000006cd300000, 0x00000006cd300000|
| 102|0x00000006cd400000, 0x00000006cd500000, 0x00000006cd500000|100%|HC|  |TS  0|AC  0|TAMS 0x00000006cd400000, 0x00000006cd400000|
| 103|0x00000006cd500000, 0x00000006cd600000, 0x00000006cd600000|100%|HC|  |TS  0|AC  0|TAMS 0x00000006cd500000, 0x00000006cd500000|
| 104|0x00000006cd600000, 0x00000006cd700000, 0x00000006cd700000|100%|HC|  |TS  0|AC  0|TAMS 0x00000006cd600000, 0x00000006cd600000|
| 105|0x00000006cd700000, 0x00000006cd800000, 0x00000006cd800000|100%|HC|  |TS  0|AC  0|TAMS 0x00000006cd700000, 0x00000006cd700000|
| 106|0x00000006cd800000, 0x00000006cd900000, 0x00000006cd900000|100%|HC|  |TS  0|AC  0|TAMS 0x00000006cd800000, 0x00000006cd800000|
| 107|0x00000006cd900000, 0x00000006cda00000, 0x00000006cda00000|100%|HC|  |TS  0|AC  0|TAMS 0x00000006cd900000, 0x00000006cd900000|
| 108|0x00000006cda00000, 0x00000006cdb00000, 0x00000006cdb00000|100%|HC|  |TS  0|AC  0|TAMS 0x00000006cda00000, 0x00000006cda00000|
| 109|0x00000006cdb00000, 0x00000006cdc00000, 0x00000006cdc00000|100%|HC|  |TS  0|AC  0|TAMS 0x00000006cdb00000, 0x00000006cdb00000|
| 110|0x00000006cdc00000, 0x00000006cdd00000, 0x00000006cdd00000|100%|HC|  |TS  0|AC  0|TAMS 0x00000006cdc00000, 0x00000006cdc00000|
| 111|0x00000006cdd00000, 0x00000006cde00000, 0x00000006cde00000|100%|HC|  |TS  0|AC  0|TAMS 0x00000006cdd00000, 0x00000006cdd00000|
| 112|0x00000006cde00000, 0x00000006cdf00000, 0x00000006cdf00000|100%|HC|  |TS  0|AC  0|TAMS 0x00000006cde00000, 0x00000006cde00000|
| 113|0x00000006cdf00000, 0x00000006ce000000, 0x00000006ce000000|100%|HC|  |TS  0|AC  0|TAMS 0x00000006cdf00000, 0x00000006cdf00000|
| 114|0x00000006ce000000, 0x00000006ce100000, 0x00000006ce100000|100%|HC|  |TS  0|AC  0|TAMS 0x00000006ce000000, 0x00000006ce000000|
| 115|0x00000006ce100000, 0x00000006ce200000, 0x00000006ce200000|100%|HC|  |TS  0|AC  0|TAMS 0x00000006ce100000, 0x00000006ce100000|
| 116|0x00000006ce200000, 0x00000006ce300000, 0x00000006ce300000|100%|HC|  |TS  0|AC  0|TAMS 0x00000006ce200000, 0x00000006ce200000|
| 117|0x00000006ce300000, 0x00000006ce400000, 0x00000006ce400000|100%|HC|  |TS  0|AC  0|TAMS 0x00000006ce300000, 0x00000006ce300000|
| 118|0x00000006ce400000, 0x00000006ce500000, 0x00000006ce500000|100%|HC|  |TS  0|AC  0|TAMS 0x00000006ce400000, 0x00000006ce400000|
| 119|0x00000006ce500000, 0x00000006ce600000, 0x00000006ce600000|100%|HC|  |TS  0|AC  0|TAMS 0x00000006ce500000, 0x00000006ce500000|
| 120|0x00000006ce600000, 0x00000006ce700000, 0x00000006ce700000|100%|HC|  |TS  0|AC  0|TAMS 0x00000006ce600000, 0x00000006ce600000|
| 121|0x00000006ce700000, 0x00000006ce800000, 0x00000006ce800000|100%|HC|  |TS  0|AC  0|TAMS 0x00000006ce700000, 0x00000006ce700000|
| 122|0x00000006ce800000, 0x00000006ce800000, 0x00000006ce900000|  0%| F|  |TS  0|AC  0|TAMS 0x00000006ce800000, 0x00000006ce800000|
| 123|0x00000006ce900000, 0x00000006ce900000, 0x00000006cea00000|  0%| F|  |TS  0|AC  0|TAMS 0x00000006ce900000, 0x00000006ce900000|
| 124|0x00000006cea00000, 0x00000006cea00000, 0x00000006ceb00000|  0%| F|  |TS  0|AC  0|TAMS 0x00000006cea00000, 0x00000006cea00000|
| 125|0x00000006ceb00000, 0x00000006ceb00000, 0x00000006cec00000|  0%| F|  |TS  0|AC  0|TAMS 0x00000006ceb00000, 0x00000006ceb00000|
| 126|0x00000006cec00000, 0x00000006cec00000, 0x00000006ced00000|  0%| F|  |TS  0|AC  0|TAMS 0x00000006cec00000, 0x00000006cec00000|
| 127|0x00000006ced00000, 0x00000006ced00000, 0x00000006cee00000|  0%| F|  |TS  0|AC  0|TAMS 0x00000006ced00000, 0x00000006ced00000|
| 128|0x00000006cee00000, 0x00000006cee00000, 0x00000006cef00000|  0%| F|  |TS  0|AC  0|TAMS 0x00000006cee00000, 0x00000006cee00000|
| 129|0x00000006cef00000, 0x00000006cef00000, 0x00000006cf000000|  0%| F|  |TS  0|AC  0|TAMS 0x00000006cef00000, 0x00000006cef00000|
| 130|0x00000006cf000000, 0x00000006cf000000, 0x00000006cf100000|  0%| F|  |TS  0|AC  0|TAMS 0x00000006cf000000, 0x00000006cf000000|
| 131|0x00000006cf100000, 0x00000006cf100000, 0x00000006cf200000|  0%| F|  |TS  0|AC  0|TAMS 0x00000006cf100000, 0x00000006cf100000|
| 132|0x00000006cf200000, 0x00000006cf200000, 0x00000006cf300000|  0%| F|  |TS  0|AC  0|TAMS 0x00000006cf200000, 0x00000006cf200000|
| 133|0x00000006cf300000, 0x00000006cf300000, 0x00000006cf400000|  0%| F|  |TS  0|AC  0|TAMS 0x00000006cf300000, 0x00000006cf300000|
| 134|0x00000006cf400000, 0x00000006cf400000, 0x00000006cf500000|  0%| F|  |TS  0|AC  0|TAMS 0x00000006cf400000, 0x00000006cf400000|
| 135|0x00000006cf500000, 0x00000006cf500000, 0x00000006cf600000|  0%| F|  |TS  0|AC  0|TAMS 0x00000006cf500000, 0x00000006cf500000|
| 136|0x00000006cf600000, 0x00000006cf600000, 0x00000006cf700000|  0%| F|  |TS  0|AC  0|TAMS 0x00000006cf600000, 0x00000006cf600000|
| 137|0x00000006cf700000, 0x00000006cf700000, 0x00000006cf800000|  0%| F|  |TS  0|AC  0|TAMS 0x00000006cf700000, 0x00000006cf700000|
| 138|0x00000006cf800000, 0x00000006cf800000, 0x00000006cf900000|  0%| F|  |TS  0|AC  0|TAMS 0x00000006cf800000, 0x00000006cf800000|
| 139|0x00000006cf900000, 0x00000006cf900000, 0x00000006cfa00000|  0%| F|  |TS  0|AC  0|TAMS 0x00000006cf900000, 0x00000006cf900000|
| 140|0x00000006cfa00000, 0x00000006cfa00000, 0x00000006cfb00000|  0%| F|  |TS  0|AC  0|TAMS 0x00000006cfa00000, 0x00000006cfa00000|
| 141|0x00000006cfb00000, 0x00000006cfb00000, 0x00000006cfc00000|  0%| F|  |TS  0|AC  0|TAMS 0x00000006cfb00000, 0x00000006cfb00000|
| 142|0x00000006cfc00000, 0x00000006cfc00000, 0x00000006cfd00000|  0%| F|  |TS  0|AC  0|TAMS 0x00000006cfc00000, 0x00000006cfc00000|
| 143|0x00000006cfd00000, 0x00000006cfd00000, 0x00000006cfe00000|  0%| F|  |TS  0|AC  0|TAMS 0x00000006cfd00000, 0x00000006cfd00000|
| 144|0x00000006cfe00000, 0x00000006cfe00000, 0x00000006cff00000|  0%| F|  |TS  0|AC  0|TAMS 0x00000006cfe00000, 0x00000006cfe00000|
| 145|0x00000006cff00000, 0x00000006cff00000, 0x00000006d0000000|  0%| F|  |TS  0|AC  0|TAMS 0x00000006cff00000, 0x00000006cff00000|
| 146|0x00000006d0000000, 0x00000006d0000000, 0x00000006d0100000|  0%| F|  |TS  0|AC  0|TAMS 0x00000006d0000000, 0x00000006d0000000|
| 147|0x00000006d0100000, 0x00000006d0100000, 0x00000006d0200000|  0%| F|  |TS  0|AC  0|TAMS 0x00000006d0100000, 0x00000006d0100000|
| 148|0x00000006d0200000, 0x00000006d0200000, 0x00000006d0300000|  0%| F|  |TS  0|AC  0|TAMS 0x00000006d0200000, 0x00000006d0200000|
| 149|0x00000006d0300000, 0x00000006d0300000, 0x00000006d0400000|  0%| F|  |TS  0|AC  0|TAMS 0x00000006d0300000, 0x00000006d0300000|
| 150|0x00000006d0400000, 0x00000006d0400000, 0x00000006d0500000|  0%| F|  |TS  0|AC  0|TAMS 0x00000006d0400000, 0x00000006d0400000|
| 151|0x00000006d0500000, 0x00000006d0500000, 0x00000006d0600000|  0%| F|  |TS  0|AC  0|TAMS 0x00000006d0500000, 0x00000006d0500000|
| 152|0x00000006d0600000, 0x00000006d0600000, 0x00000006d0700000|  0%| F|  |TS  0|AC  0|TAMS 0x00000006d0600000, 0x00000006d0600000|
| 153|0x00000006d0700000, 0x00000006d0700000, 0x00000006d0800000|  0%| F|  |TS  0|AC  0|TAMS 0x00000006d0700000, 0x00000006d0700000|
| 154|0x00000006d0800000, 0x00000006d0800000, 0x00000006d0900000|  0%| F|  |TS  0|AC  0|TAMS 0x00000006d0800000, 0x00000006d0800000|
| 155|0x00000006d0900000, 0x00000006d0900000, 0x00000006d0a00000|  0%| F|  |TS  0|AC  0|TAMS 0x00000006d0900000, 0x00000006d0900000|
| 156|0x00000006d0a00000, 0x00000006d0a00000, 0x00000006d0b00000|  0%| F|  |TS  0|AC  0|TAMS 0x00000006d0a00000, 0x00000006d0a00000|
| 157|0x00000006d0b00000, 0x00000006d0b00000, 0x00000006d0c00000|  0%| F|  |TS  0|AC  0|TAMS 0x00000006d0b00000, 0x00000006d0b00000|
| 158|0x00000006d0c00000, 0x00000006d0c00000, 0x00000006d0d00000|  0%| F|  |TS  0|AC  0|TAMS 0x00000006d0c00000, 0x00000006d0c00000|
| 159|0x00000006d0d00000, 0x00000006d0d00000, 0x00000006d0e00000|  0%| F|  |TS  0|AC  0|TAMS 0x00000006d0d00000, 0x00000006d0d00000|
| 160|0x00000006d0e00000, 0x00000006d0e00000, 0x00000006d0f00000|  0%| F|  |TS  0|AC  0|TAMS 0x00000006d0e00000, 0x00000006d0e00000|
| 161|0x00000006d0f00000, 0x00000006d0f00000, 0x00000006d1000000|  0%| F|  |TS  0|AC  0|TAMS 0x00000006d0f00000, 0x00000006d0f00000|
| 162|0x00000006d1000000, 0x00000006d1000000, 0x00000006d1100000|  0%| F|  |TS  0|AC  0|TAMS 0x00000006d1000000, 0x00000006d1000000|
| 163|0x00000006d1100000, 0x00000006d1100000, 0x00000006d1200000|  0%| F|  |TS  0|AC  0|TAMS 0x00000006d1100000, 0x00000006d1100000|
| 164|0x00000006d1200000, 0x00000006d1200000, 0x00000006d1300000|  0%| F|  |TS  0|AC  0|TAMS 0x00000006d1200000, 0x00000006d1200000|
| 165|0x00000006d1300000, 0x00000006d1300000, 0x00000006d1400000|  0%| F|  |TS  0|AC  0|TAMS 0x00000006d1300000, 0x00000006d1300000|
| 166|0x00000006d1400000, 0x00000006d1400000, 0x00000006d1500000|  0%| F|  |TS  0|AC  0|TAMS 0x00000006d1400000, 0x00000006d1400000|
| 167|0x00000006d1500000, 0x00000006d1500000, 0x00000006d1600000|  0%| F|  |TS  0|AC  0|TAMS 0x00000006d1500000, 0x00000006d1500000|
| 168|0x00000006d1600000, 0x00000006d1600000, 0x00000006d1700000|  0%| F|  |TS  0|AC  0|TAMS 0x00000006d1600000, 0x00000006d1600000|
| 169|0x00000006d1700000, 0x00000006d1700000, 0x00000006d1800000|  0%| F|  |TS  0|AC  0|TAMS 0x00000006d1700000, 0x00000006d1700000|
| 170|0x00000006d1800000, 0x00000006d1800000, 0x00000006d1900000|  0%| F|  |TS  0|AC  0|TAMS 0x00000006d1800000, 0x00000006d1800000|
| 171|0x00000006d1900000, 0x00000006d1900000, 0x00000006d1a00000|  0%| F|  |TS  0|AC  0|TAMS 0x00000006d1900000, 0x00000006d1900000|
| 172|0x00000006d1a00000, 0x00000006d1a00000, 0x00000006d1b00000|  0%| F|  |TS  0|AC  0|TAMS 0x00000006d1a00000, 0x00000006d1a00000|
| 173|0x00000006d1b00000, 0x00000006d1b00000, 0x00000006d1c00000|  0%| F|  |TS  0|AC  0|TAMS 0x00000006d1b00000, 0x00000006d1b00000|
| 174|0x00000006d1c00000, 0x00000006d1c00000, 0x00000006d1d00000|  0%| F|  |TS  0|AC  0|TAMS 0x00000006d1c00000, 0x00000006d1c00000|
| 175|0x00000006d1d00000, 0x00000006d1d00000, 0x00000006d1e00000|  0%| F|  |TS  0|AC  0|TAMS 0x00000006d1d00000, 0x00000006d1d00000|
| 176|0x00000006d1e00000, 0x00000006d1e00000, 0x00000006d1f00000|  0%| F|  |TS  0|AC  0|TAMS 0x00000006d1e00000, 0x00000006d1e00000|
| 177|0x00000006d1f00000, 0x00000006d1f00000, 0x00000006d2000000|  0%| F|  |TS  0|AC  0|TAMS 0x00000006d1f00000, 0x00000006d1f00000|
| 178|0x00000006d2000000, 0x00000006d2000000, 0x00000006d2100000|  0%| F|  |TS  0|AC  0|TAMS 0x00000006d2000000, 0x00000006d2000000|
| 179|0x00000006d2100000, 0x00000006d2100000, 0x00000006d2200000|  0%| F|  |TS  0|AC  0|TAMS 0x00000006d2100000, 0x00000006d2100000|
| 180|0x00000006d2200000, 0x00000006d2200000, 0x00000006d2300000|  0%| F|  |TS  0|AC  0|TAMS 0x00000006d2200000, 0x00000006d2200000|
| 181|0x00000006d2300000, 0x00000006d2300000, 0x00000006d2400000|  0%| F|  |TS  0|AC  0|TAMS 0x00000006d2300000, 0x00000006d2300000|
| 182|0x00000006d2400000, 0x00000006d2400000, 0x00000006d2500000|  0%| F|  |TS  0|AC  0|TAMS 0x00000006d2400000, 0x00000006d2400000|
| 183|0x00000006d2500000, 0x00000006d2500000, 0x00000006d2600000|  0%| F|  |TS  0|AC  0|TAMS 0x00000006d2500000, 0x00000006d2500000|
| 184|0x00000006d2600000, 0x00000006d2600000, 0x00000006d2700000|  0%| F|  |TS  0|AC  0|TAMS 0x00000006d2600000, 0x00000006d2600000|
| 185|0x00000006d2700000, 0x00000006d2700000, 0x00000006d2800000|  0%| F|  |TS  0|AC  0|TAMS 0x00000006d2700000, 0x00000006d2700000|
| 186|0x00000006d2800000, 0x00000006d2800000, 0x00000006d2900000|  0%| F|  |TS  0|AC  0|TAMS 0x00000006d2800000, 0x00000006d2800000|
| 187|0x00000006d2900000, 0x00000006d2900000, 0x00000006d2a00000|  0%| F|  |TS  0|AC  0|TAMS 0x00000006d2900000, 0x00000006d2900000|
| 188|0x00000006d2a00000, 0x00000006d2a00000, 0x00000006d2b00000|  0%| F|  |TS  0|AC  0|TAMS 0x00000006d2a00000, 0x00000006d2a00000|
| 189|0x00000006d2b00000, 0x00000006d2b00000, 0x00000006d2c00000|  0%| F|  |TS  0|AC  0|TAMS 0x00000006d2b00000, 0x00000006d2b00000|
| 190|0x00000006d2c00000, 0x00000006d2c00000, 0x00000006d2d00000|  0%| F|  |TS  0|AC  0|TAMS 0x00000006d2c00000, 0x00000006d2c00000|
| 191|0x00000006d2d00000, 0x00000006d2d00000, 0x00000006d2e00000|  0%| F|  |TS  0|AC  0|TAMS 0x00000006d2d00000, 0x00000006d2d00000|
| 192|0x00000006d2e00000, 0x00000006d2e00000, 0x00000006d2f00000|  0%| F|  |TS  0|AC  0|TAMS 0x00000006d2e00000, 0x00000006d2e00000|
| 193|0x00000006d2f00000, 0x00000006d2f00000, 0x00000006d3000000|  0%| F|  |TS  0|AC  0|TAMS 0x00000006d2f00000, 0x00000006d2f00000|
| 194|0x00000006d3000000, 0x00000006d3000000, 0x00000006d3100000|  0%| F|  |TS  0|AC  0|TAMS 0x00000006d3000000, 0x00000006d3000000|
| 195|0x00000006d3100000, 0x00000006d3100000, 0x00000006d3200000|  0%| F|  |TS  0|AC  0|TAMS 0x00000006d3100000, 0x00000006d3100000|
| 196|0x00000006d3200000, 0x00000006d3200000, 0x00000006d3300000|  0%| F|  |TS  0|AC  0|TAMS 0x00000006d3200000, 0x00000006d3200000|
| 197|0x00000006d3300000, 0x00000006d337f998, 0x00000006d3400000| 49%| S|CS|TS  0|AC  0|TAMS 0x00000006d3300000, 0x00000006d3300000|
| 198|0x00000006d3400000, 0x00000006d3400000, 0x00000006d3500000|  0%| F|  |TS  0|AC  0|TAMS 0x00000006d3400000, 0x00000006d3400000|
| 199|0x00000006d3500000, 0x00000006d3500000, 0x00000006d3600000|  0%| F|  |TS  0|AC  0|TAMS 0x00000006d3500000, 0x00000006d3500000|
| 200|0x00000006d3600000, 0x00000006d3600000, 0x00000006d3700000|  0%| F|  |TS  0|AC  0|TAMS 0x00000006d3600000, 0x00000006d3600000|
| 201|0x00000006d3700000, 0x00000006d3700000, 0x00000006d3800000|  0%| F|  |TS  0|AC  0|TAMS 0x00000006d3700000, 0x00000006d3700000|
| 202|0x00000006d3800000, 0x00000006d3800000, 0x00000006d3900000|  0%| F|  |TS  0|AC  0|TAMS 0x00000006d3800000, 0x00000006d3800000|
| 203|0x00000006d3900000, 0x00000006d3900000, 0x00000006d3a00000|  0%| F|  |TS  0|AC  0|TAMS 0x00000006d3900000, 0x00000006d3900000|
| 204|0x00000006d3a00000, 0x00000006d3a00000, 0x00000006d3b00000|  0%| F|  |TS  0|AC  0|TAMS 0x00000006d3a00000, 0x00000006d3a00000|
| 205|0x00000006d3b00000, 0x00000006d3b00000, 0x00000006d3c00000|  0%| F|  |TS  0|AC  0|TAMS 0x00000006d3b00000, 0x00000006d3b00000|
| 206|0x00000006d3c00000, 0x00000006d3c00000, 0x00000006d3d00000|  0%| F|  |TS  0|AC  0|TAMS 0x00000006d3c00000, 0x00000006d3c00000|
| 207|0x00000006d3d00000, 0x00000006d3d00000, 0x00000006d3e00000|  0%| F|  |TS  0|AC  0|TAMS 0x00000006d3d00000, 0x00000006d3d00000|
| 208|0x00000006d3e00000, 0x00000006d3e00000, 0x00000006d3f00000|  0%| F|  |TS  0|AC  0|TAMS 0x00000006d3e00000, 0x00000006d3e00000|
| 209|0x00000006d3f00000, 0x00000006d3f00000, 0x00000006d4000000|  0%| F|  |TS  0|AC  0|TAMS 0x00000006d3f00000, 0x00000006d3f00000|
| 210|0x00000006d4000000, 0x00000006d4000000, 0x00000006d4100000|  0%| F|  |TS  0|AC  0|TAMS 0x00000006d4000000, 0x00000006d4000000|
| 211|0x00000006d4100000, 0x00000006d4100000, 0x00000006d4200000|  0%| F|  |TS  0|AC  0|TAMS 0x00000006d4100000, 0x00000006d4100000|
| 212|0x00000006d4200000, 0x00000006d4200000, 0x00000006d4300000|  0%| F|  |TS  0|AC  0|TAMS 0x00000006d4200000, 0x00000006d4200000|
| 213|0x00000006d4300000, 0x00000006d4300000, 0x00000006d4400000|  0%| F|  |TS  0|AC  0|TAMS 0x00000006d4300000, 0x00000006d4300000|
| 214|0x00000006d4400000, 0x00000006d4400000, 0x00000006d4500000|  0%| F|  |TS  0|AC  0|TAMS 0x00000006d4400000, 0x00000006d4400000|
| 215|0x00000006d4500000, 0x00000006d4500000, 0x00000006d4600000|  0%| F|  |TS  0|AC  0|TAMS 0x00000006d4500000, 0x00000006d4500000|
| 216|0x00000006d4600000, 0x00000006d4600000, 0x00000006d4700000|  0%| F|  |TS  0|AC  0|TAMS 0x00000006d4600000, 0x00000006d4600000|
| 217|0x00000006d4700000, 0x00000006d4700000, 0x00000006d4800000|  0%| F|  |TS  0|AC  0|TAMS 0x00000006d4700000, 0x00000006d4700000|
| 218|0x00000006d4800000, 0x00000006d4800000, 0x00000006d4900000|  0%| F|  |TS  0|AC  0|TAMS 0x00000006d4800000, 0x00000006d4800000|
| 219|0x00000006d4900000, 0x00000006d4900000, 0x00000006d4a00000|  0%| F|  |TS  0|AC  0|TAMS 0x00000006d4900000, 0x00000006d4900000|
| 220|0x00000006d4a00000, 0x00000006d4a00000, 0x00000006d4b00000|  0%| F|  |TS  0|AC  0|TAMS 0x00000006d4a00000, 0x00000006d4a00000|
| 221|0x00000006d4b00000, 0x00000006d4b00000, 0x00000006d4c00000|  0%| F|  |TS  0|AC  0|TAMS 0x00000006d4b00000, 0x00000006d4b00000|
| 222|0x00000006d4c00000, 0x00000006d4c00000, 0x00000006d4d00000|  0%| F|  |TS  0|AC  0|TAMS 0x00000006d4c00000, 0x00000006d4c00000|
| 223|0x00000006d4d00000, 0x00000006d4d00000, 0x00000006d4e00000|  0%| F|  |TS  0|AC  0|TAMS 0x00000006d4d00000, 0x00000006d4d00000|
| 224|0x00000006d4e00000, 0x00000006d4e00000, 0x00000006d4f00000|  0%| F|  |TS  0|AC  0|TAMS 0x00000006d4e00000, 0x00000006d4e00000|
| 225|0x00000006d4f00000, 0x00000006d4f00000, 0x00000006d5000000|  0%| F|  |TS  0|AC  0|TAMS 0x00000006d4f00000, 0x00000006d4f00000|
| 226|0x00000006d5000000, 0x00000006d5000000, 0x00000006d5100000|  0%| F|  |TS  0|AC  0|TAMS 0x00000006d5000000, 0x00000006d5000000|
| 227|0x00000006d5100000, 0x00000006d5100000, 0x00000006d5200000|  0%| F|  |TS  0|AC  0|TAMS 0x00000006d5100000, 0x00000006d5100000|
| 228|0x00000006d5200000, 0x00000006d5200000, 0x00000006d5300000|  0%| F|  |TS  0|AC  0|TAMS 0x00000006d5200000, 0x00000006d5200000|
| 229|0x00000006d5300000, 0x00000006d5300000, 0x00000006d5400000|  0%| F|  |TS  0|AC  0|TAMS 0x00000006d5300000, 0x00000006d5300000|
| 230|0x00000006d5400000, 0x00000006d5400000, 0x00000006d5500000|  0%| F|  |TS  0|AC  0|TAMS 0x00000006d5400000, 0x00000006d5400000|
| 231|0x00000006d5500000, 0x00000006d5500000, 0x00000006d5600000|  0%| F|  |TS  0|AC  0|TAMS 0x00000006d5500000, 0x00000006d5500000|
| 232|0x00000006d5600000, 0x00000006d5600000, 0x00000006d5700000|  0%| F|  |TS  0|AC  0|TAMS 0x00000006d5600000, 0x00000006d5600000|
| 233|0x00000006d5700000, 0x00000006d5700000, 0x00000006d5800000|  0%| F|  |TS  0|AC  0|TAMS 0x00000006d5700000, 0x00000006d5700000|
| 234|0x00000006d5800000, 0x00000006d5800000, 0x00000006d5900000|  0%| F|  |TS  0|AC  0|TAMS 0x00000006d5800000, 0x00000006d5800000|
| 235|0x00000006d5900000, 0x00000006d5900000, 0x00000006d5a00000|  0%| F|  |TS  0|AC  0|TAMS 0x00000006d5900000, 0x00000006d5900000|
| 236|0x00000006d5a00000, 0x00000006d5a00000, 0x00000006d5b00000|  0%| F|  |TS  0|AC  0|TAMS 0x00000006d5a00000, 0x00000006d5a00000|
| 237|0x00000006d5b00000, 0x00000006d5b00000, 0x00000006d5c00000|  0%| F|  |TS  0|AC  0|TAMS 0x00000006d5b00000, 0x00000006d5b00000|
| 238|0x00000006d5c00000, 0x00000006d5c00000, 0x00000006d5d00000|  0%| F|  |TS  0|AC  0|TAMS 0x00000006d5c00000, 0x00000006d5c00000|
| 239|0x00000006d5d00000, 0x00000006d5d00000, 0x00000006d5e00000|  0%| F|  |TS  0|AC  0|TAMS 0x00000006d5d00000, 0x00000006d5d00000|
| 240|0x00000006d5e00000, 0x00000006d5e00000, 0x00000006d5f00000|  0%| F|  |TS  0|AC  0|TAMS 0x00000006d5e00000, 0x00000006d5e00000|
| 241|0x00000006d5f00000, 0x00000006d5f00000, 0x00000006d6000000|  0%| F|  |TS  0|AC  0|TAMS 0x00000006d5f00000, 0x00000006d5f00000|
| 242|0x00000006d6000000, 0x00000006d6000000, 0x00000006d6100000|  0%| F|  |TS  0|AC  0|TAMS 0x00000006d6000000, 0x00000006d6000000|
| 243|0x00000006d6100000, 0x00000006d6100000, 0x00000006d6200000|  0%| F|  |TS  0|AC  0|TAMS 0x00000006d6100000, 0x00000006d6100000|
| 244|0x00000006d6200000, 0x00000006d6200000, 0x00000006d6300000|  0%| F|  |TS  0|AC  0|TAMS 0x00000006d6200000, 0x00000006d6200000|
| 245|0x00000006d6300000, 0x00000006d6300000, 0x00000006d6400000|  0%| F|  |TS  0|AC  0|TAMS 0x00000006d6300000, 0x00000006d6300000|
| 246|0x00000006d6400000, 0x00000006d6400000, 0x00000006d6500000|  0%| F|  |TS  0|AC  0|TAMS 0x00000006d6400000, 0x00000006d6400000|
| 247|0x00000006d6500000, 0x00000006d6500000, 0x00000006d6600000|  0%| F|  |TS  0|AC  0|TAMS 0x00000006d6500000, 0x00000006d6500000|
| 248|0x00000006d6600000, 0x00000006d6600000, 0x00000006d6700000|  0%| F|  |TS  0|AC  0|TAMS 0x00000006d6600000, 0x00000006d6600000|
| 249|0x00000006d6700000, 0x00000006d6800000, 0x00000006d6800000|100%| E|  |TS  0|AC  0|TAMS 0x00000006d6700000, 0x00000006d6700000|

Card table byte_map: [0x00007f104b06e000,0x00007f104b837000] byte_map_base: 0x00007f1047a37000

Marking Bits (Prev, Next): (CMBitMap*) 0x00007f108c07d568, (CMBitMap*) 0x00007f108c07d530
 Prev Bits: [0x00007f1042c15000, 0x00007f1046a5d000)
 Next Bits: [0x00007f1046a5d000, 0x00007f104a8a5000)

Polling page: 0x00007f1093717000

CodeHeap 'non-profiled nmethods': size=120032Kb used=534Kb max_used=534Kb free=119497Kb
 bounds [0x00007f10793d8000, 0x00007f1079648000, 0x00007f1080910000]
CodeHeap 'profiled nmethods': size=120032Kb used=2607Kb max_used=2607Kb free=117425Kb
 bounds [0x00007f1071ea0000, 0x00007f1072130000, 0x00007f10793d8000]
CodeHeap 'non-nmethods': size=5696Kb used=1245Kb max_used=1273Kb free=4450Kb
 bounds [0x00007f1071910000, 0x00007f1071b80000, 0x00007f1071ea0000]
 total_blobs=2031 nmethods=1298 adapters=351
 compilation: enabled

Compilation events (10 events):
Event: 2,039 Thread 0x00007f108c1fa000 nmethod 1298 0x00007f1079452990 code [0x00007f1079452b20, 0x00007f1079452b98]
Event: 2,039 Thread 0x00007f108c1fa000 1299  s    4       java.io.ByteArrayOutputStream::write (66 bytes)
Event: 2,044 Thread 0x00007f108c1fa000 nmethod 1299 0x00007f1079452c10 code [0x00007f1079452dc0, 0x00007f1079453268]
Event: 2,120 Thread 0x00007f108c1fc000 nmethod 1153 0x00007f1079453490 code [0x00007f1079453b20, 0x00007f1079459de0]
Event: 2,188 Thread 0x00007f108c1fe000 1300       3       java.io.OutputStream::flush (1 bytes)
Event: 2,189 Thread 0x00007f108c1fe000 nmethod 1300 0x00007f1072129c90 code [0x00007f1072129e40, 0x00007f1072129f90]
Event: 2,307 Thread 0x00007f108c1fe000 1301       3       jdk.internal.reflect.ClassFileAssembler::emitShort (24 bytes)
Event: 2,307 Thread 0x00007f108c1fe000 nmethod 1301 0x00007f107212a010 code [0x00007f107212a200, 0x00007f107212a558]
Event: 2,308 Thread 0x00007f108c1fe000 1302       3       java.lang.PublicMethods$MethodList::filter (104 bytes)
Event: 2,309 Thread 0x00007f108c1fe000 nmethod 1302 0x00007f107212a710 code [0x00007f107212a980, 0x00007f107212b6d8]

GC Heap History (8 events):
Event: 1,024 GC heap before
{Heap before GC invocations=0 (full 0):
 garbage-first heap   total 256000K, used 38912K [0x00000006c6e00000, 0x00000006c6f007d0, 0x00000007c0000000)
  region size 1024K, 14 young (14336K), 0 survivors (0K)
 Metaspace       used 11243K, capacity 11748K, committed 12032K, reserved 1060864K
  class space    used 1064K, capacity 1158K, committed 1280K, reserved 1048576K
}
Event: 1,040 GC heap after
{Heap after GC invocations=1 (full 0):
 garbage-first heap   total 256000K, used 28196K [0x00000006c6e00000, 0x00000006c6f007d0, 0x00000007c0000000)
  region size 1024K, 2 young (2048K), 2 survivors (2048K)
 Metaspace       used 11243K, capacity 11748K, committed 12032K, reserved 1060864K
  class space    used 1064K, capacity 1158K, committed 1280K, reserved 1048576K
}
Event: 1,269 GC heap before
{Heap before GC invocations=1 (full 0):
 garbage-first heap   total 256000K, used 41508K [0x00000006c6e00000, 0x00000006c6f007d0, 0x00000007c0000000)
  region size 1024K, 15 young (15360K), 2 survivors (2048K)
 Metaspace       used 11247K, capacity 11748K, committed 12032K, reserved 1060864K
  class space    used 1064K, capacity 1158K, committed 1280K, reserved 1048576K
}
Event: 1,280 GC heap after
{Heap after GC invocations=2 (full 0):
 garbage-first heap   total 256000K, used 28313K [0x00000006c6e00000, 0x00000006c6f007d0, 0x00000007c0000000)
  region size 1024K, 1 young (1024K), 1 survivors (1024K)
 Metaspace       used 11247K, capacity 11748K, committed 12032K, reserved 1060864K
  class space    used 1064K, capacity 1158K, committed 1280K, reserved 1048576K
}
Event: 1,769 GC heap before
{Heap before GC invocations=2 (full 0):
 garbage-first heap   total 256000K, used 59033K [0x00000006c6e00000, 0x00000006c6f007d0, 0x00000007c0000000)
  region size 1024K, 31 young (31744K), 1 survivors (1024K)
 Metaspace       used 13237K, capacity 13812K, committed 14080K, reserved 1062912K
  class space    used 1300K, capacity 1432K, committed 1536K, reserved 1048576K
}
Event: 1,773 GC heap after
{Heap after GC invocations=3 (full 0):
 garbage-first heap   total 256000K, used 29120K [0x00000006c6e00000, 0x00000006c6f007d0, 0x00000007c0000000)
  region size 1024K, 1 young (1024K), 1 survivors (1024K)
 Metaspace       used 13237K, capacity 13812K, committed 14080K, reserved 1062912K
  class space    used 1300K, capacity 1432K, committed 1536K, reserved 1048576K
}
Event: 2,100 GC heap before
{Heap before GC invocations=3 (full 0):
 garbage-first heap   total 256000K, used 142784K [0x00000006c6e00000, 0x00000006c6f007d0, 0x00000007c0000000)
  region size 1024K, 52 young (53248K), 1 survivors (1024K)
 Metaspace       used 13883K, capacity 14484K, committed 14592K, reserved 1062912K
  class space    used 1419K, capacity 1528K, committed 1536K, reserved 1048576K
}
Event: 2,113 GC heap after
{Heap after GC invocations=4 (full 0):
 garbage-first heap   total 256000K, used 70730K [0x00000006c6e00000, 0x00000006c6f007d0, 0x00000007c0000000)
  region size 1024K, 1 young (1024K), 1 survivors (1024K)
 Metaspace       used 13883K, capacity 14484K, committed 14592K, reserved 1062912K
  class space    used 1419K, capacity 1528K, committed 1536K, reserved 1048576K
}

Deoptimization events (10 events):
Event: 1,531 Thread 0x00007f108c012800 Uncommon trap: reason=class_check action=maybe_recompile pc=0x00007f10794001a4 method=java.util.HashMap.putVal(ILjava/lang/Object;Ljava/lang/Object;ZZ)Ljava/lang/Object; @ 253 c2
Event: 1,531 Thread 0x00007f108c012800 Uncommon trap: reason=class_check action=maybe_recompile pc=0x00007f10794001a4 method=java.util.HashMap.putVal(ILjava/lang/Object;Ljava/lang/Object;ZZ)Ljava/lang/Object; @ 253 c2
Event: 1,531 Thread 0x00007f108c012800 Uncommon trap: reason=class_check action=maybe_recompile pc=0x00007f10794001a4 method=java.util.HashMap.putVal(ILjava/lang/Object;Ljava/lang/Object;ZZ)Ljava/lang/Object; @ 253 c2
Event: 1,531 Thread 0x00007f108c012800 Uncommon trap: reason=class_check action=maybe_recompile pc=0x00007f10794001a4 method=java.util.HashMap.putVal(ILjava/lang/Object;Ljava/lang/Object;ZZ)Ljava/lang/Object; @ 253 c2
Event: 1,588 Thread 0x00007f108c012800 Uncommon trap: reason=unstable_if action=reinterpret pc=0x00007f1079420a28 method=jdk.internal.org.objectweb.asm.Frame.execute(IILjdk/internal/org/objectweb/asm/ClassWriter;Ljdk/internal/org/objectweb/asm/Item;)V @ 2207 c2
Event: 1,595 Thread 0x00007f108c012800 Uncommon trap: reason=unstable_if action=reinterpret pc=0x00007f1079428bd8 method=java.util.HashMap.getNode(ILjava/lang/Object;)Ljava/util/HashMap$Node; @ 62 c2
Event: 1,595 Thread 0x00007f108c012800 Uncommon trap: reason=class_check action=maybe_recompile pc=0x00007f1079435efc method=java.util.HashMap.putVal(ILjava/lang/Object;Ljava/lang/Object;ZZ)Ljava/lang/Object; @ 91 c2
Event: 1,595 Thread 0x00007f108c012800 Uncommon trap: reason=unstable_if action=reinterpret pc=0x00007f1079425b48 method=java.util.HashMap.getNode(ILjava/lang/Object;)Ljava/util/HashMap$Node; @ 62 c2
Event: 1,595 Thread 0x00007f108c012800 Uncommon trap: reason=class_check action=maybe_recompile pc=0x00007f1079435efc method=java.util.HashMap.putVal(ILjava/lang/Object;Ljava/lang/Object;ZZ)Ljava/lang/Object; @ 91 c2
Event: 2,188 Thread 0x00007f108c012800 Uncommon trap: reason=unstable_if action=reinterpret pc=0x00007f1079452b68 method=java.lang.Math.min(JJ)J @ 3 c2

Classes redefined (0 events):
No events

Internal exceptions (10 events):
Event: 0,526 Thread 0x00007f108c012800 Exception <a 'java/lang/NoSuchMethodError'{0x00000006d5f1cc88}: method resolution failed> (0x00000006d5f1cc88) thrown at [/scratch/opt/mach5/mesos/work_dir/slaves/e72b529e-af37-4c00-b29e-141f3b57348c-S1075/frameworks/1735e8a2-a1db-478c-8104-60c8b0af87dd-0
Event: 0,544 Thread 0x00007f108c012800 Exception <a 'java/lang/NoSuchMethodError'{0x00000006d5f35460}: method resolution failed> (0x00000006d5f35460) thrown at [/scratch/opt/mach5/mesos/work_dir/slaves/e72b529e-af37-4c00-b29e-141f3b57348c-S1075/frameworks/1735e8a2-a1db-478c-8104-60c8b0af87dd-0
Event: 0,545 Thread 0x00007f108c012800 Exception <a 'java/io/FileNotFoundException'{0x00000006d5f3ea90}> (0x00000006d5f3ea90) thrown at [/scratch/opt/mach5/mesos/work_dir/slaves/e72b529e-af37-4c00-b29e-141f3b57348c-S1075/frameworks/1735e8a2-a1db-478c-8104-60c8b0af87dd-0196/executors/7e8c6d98-4
Event: 0,654 Thread 0x00007f108c012800 Exception <a 'java/lang/NoSuchMethodError'{0x00000006d5dce178}: method resolution failed> (0x00000006d5dce178) thrown at [/scratch/opt/mach5/mesos/work_dir/slaves/e72b529e-af37-4c00-b29e-141f3b57348c-S1075/frameworks/1735e8a2-a1db-478c-8104-60c8b0af87dd-0
Event: 0,654 Thread 0x00007f108c012800 Exception <a 'java/lang/NoSuchMethodError'{0x00000006d5dd1828}: java.lang.invoke.DelegatingMethodHandle$Holder.reinvoke_L(Ljava/lang/Object;Ljava/lang/Object;ILjava/lang/Object;)Ljava/lang/Object;> (0x00000006d5dd1828) thrown at [/scratch/opt/mach5/mesos/
Event: 1,558 Thread 0x00007f108c012800 Exception <a 'java/lang/UnsatisfiedLinkError'{0x00000006d5c7ead8}: libtesseract.so: Kann die Shared-Object-Datei nicht ffnen: Datei oder Verzeichnis nicht gefunden> (0x00000006d5c7ead8) thrown at [/scratch/opt/mach5/mesos/work_dir/slaves/e72b529e-af37-4
Event: 1,558 Thread 0x00007f108c012800 Exception <a 'java/lang/UnsatisfiedLinkError'{0x00000006d5c7f8f0}: libtesseract.so: Kann die Shared-Object-Datei nicht ffnen: Datei oder Verzeichnis nicht gefunden> (0x00000006d5c7f8f0) thrown at [/scratch/opt/mach5/mesos/work_dir/slaves/e72b529e-af37-4
Event: 1,581 Thread 0x00007f108c012800 Exception <a 'java/lang/NoSuchMethodError'{0x00000006d5b586e8}: java.lang.invoke.DirectMethodHandle$Holder.invokeInterface(Ljava/lang/Object;Ljava/lang/Object;Ljava/lang/Object;)I> (0x00000006d5b586e8) thrown at [/scratch/opt/mach5/mesos/work_dir/slaves/e
Event: 1,585 Thread 0x00007f108c012800 Exception <a 'java/lang/NoSuchMethodError'{0x00000006d5b86888}: java.lang.invoke.DirectMethodHandle$Holder.invokeStatic(Ljava/lang/Object;Ljava/lang/Object;)I> (0x00000006d5b86888) thrown at [/scratch/opt/mach5/mesos/work_dir/slaves/e72b529e-af37-4c00-b29
Event: 1,588 Thread 0x00007f108c012800 Exception <a 'java/lang/NoSuchMethodError'{0x00000006d5b937f8}: java.lang.Object.of([Ljava/lang/Object;)Ljava/util/stream/Stream;> (0x00000006d5b937f8) thrown at [/scratch/opt/mach5/mesos/work_dir/slaves/e72b529e-af37-4c00-b29e-141f3b57348c-S1075/framewor

Events (10 events):
Event: 2,173 Executing VM operation: CGC_Operation done
Event: 2,188 Thread 0x00007f108c012800 Uncommon trap: trap_request=0xffffff5d fr.pc=0x00007f1079452b68 relative=0x0000000000000048
Event: 2,188 Thread 0x00007f108c012800 DEOPT PACKING pc=0x00007f1079452b68 sp=0x00007f10936f7580
Event: 2,188 Thread 0x00007f108c012800 DEOPT UNPACKING pc=0x00007f107195dc9f sp=0x00007f10936f7540 mode 2
Event: 2,224 loading class java/nio/DirectByteBuffer$Deallocator
Event: 2,224 loading class java/nio/DirectByteBuffer$Deallocator done
Event: 2,228 loading class java/lang/StrictMath
Event: 2,229 loading class java/lang/StrictMath done
Event: 2,229 loading class com/sun/jna/Native$Buffers
Event: 2,229 loading class com/sun/jna/Native$Buffers done


Dynamic libraries:
00400000-00401000 r-xp 00000000 08:06 271746                             /usr/local/bin/jdk-9.0.1/bin/java
00600000-00601000 rw-p 00000000 08:06 271746                             /usr/local/bin/jdk-9.0.1/bin/java
009ba000-009db000 rw-p 00000000 00:00 0                                  [heap]
6c6e00000-6d6800000 rw-p 00000000 00:00 0 
6d6800000-7c0000000 ---p 00000000 00:00 0 
7c0000000-7c0180000 rw-p 00000000 00:00 0 
7c0180000-800000000 ---p 00000000 00:00 0 
7f0ffe05b000-7f1000000000 rw-p 00000000 00:00 0 
7f1000000000-7f1000021000 rw-p 00000000 00:00 0 
7f1000021000-7f1004000000 ---p 00000000 00:00 0 
7f1004cb4000-7f1006530000 rw-p 00000000 00:00 0 
7f1006530000-7f1006670000 ---p 00000000 00:00 0 
7f1006670000-7f100667b000 r-xp 00000000 08:06 270826                     /usr/lib/x86_64-linux-gnu/libjbig.so.0
7f100667b000-7f100687a000 ---p 0000b000 08:06 270826                     /usr/lib/x86_64-linux-gnu/libjbig.so.0
7f100687a000-7f100687b000 r--p 0000a000 08:06 270826                     /usr/lib/x86_64-linux-gnu/libjbig.so.0
7f100687b000-7f100687e000 rw-p 0000b000 08:06 270826                     /usr/lib/x86_64-linux-gnu/libjbig.so.0
7f100687e000-7f100689f000 r-xp 00000000 08:06 19665337                   /lib/x86_64-linux-gnu/liblzma.so.5.0.0
7f100689f000-7f1006a9e000 ---p 00021000 08:06 19665337                   /lib/x86_64-linux-gnu/liblzma.so.5.0.0
7f1006a9e000-7f1006a9f000 r--p 00020000 08:06 19665337                   /lib/x86_64-linux-gnu/liblzma.so.5.0.0
7f1006a9f000-7f1006aa0000 rw-p 00021000 08:06 19665337                   /lib/x86_64-linux-gnu/liblzma.so.5.0.0
7f1006aa0000-7f1006ad6000 r-xp 00000000 08:06 263737                     /usr/lib/x86_64-linux-gnu/libopenjp2.so.2.1.0
7f1006ad6000-7f1006cd5000 ---p 00036000 08:06 263737                     /usr/lib/x86_64-linux-gnu/libopenjp2.so.2.1.0
7f1006cd5000-7f1006cd6000 r--p 00035000 08:06 263737                     /usr/lib/x86_64-linux-gnu/libopenjp2.so.2.1.0
7f1006cd6000-7f1006cd7000 rw-p 00036000 08:06 263737                     /usr/lib/x86_64-linux-gnu/libopenjp2.so.2.1.0
7f1006cd7000-7f1006d30000 r-xp 00000000 08:06 271378                     /usr/lib/x86_64-linux-gnu/libwebp.so.5.0.4
7f1006d30000-7f1006f30000 ---p 00059000 08:06 271378                     /usr/lib/x86_64-linux-gnu/libwebp.so.5.0.4
7f1006f30000-7f1006f31000 r--p 00059000 08:06 271378                     /usr/lib/x86_64-linux-gnu/libwebp.so.5.0.4
7f1006f31000-7f1006f33000 rw-p 0005a000 08:06 271378                     /usr/lib/x86_64-linux-gnu/libwebp.so.5.0.4
7f1006f33000-7f1006fa3000 r-xp 00000000 08:06 263801                     /usr/lib/x86_64-linux-gnu/libtiff.so.5.2.4
7f1006fa3000-7f10071a3000 ---p 00070000 08:06 263801                     /usr/lib/x86_64-linux-gnu/libtiff.so.5.2.4
7f10071a3000-7f10071a4000 r--p 00070000 08:06 263801                     /usr/lib/x86_64-linux-gnu/libtiff.so.5.2.4
7f10071a4000-7f10071a7000 rw-p 00071000 08:06 263801                     /usr/lib/x86_64-linux-gnu/libtiff.so.5.2.4
7f10071a7000-7f10071fe000 r-xp 00000000 08:06 270830                     /usr/lib/x86_64-linux-gnu/libjpeg.so.8.0.2
7f10071fe000-7f10073fe000 ---p 00057000 08:06 270830                     /usr/lib/x86_64-linux-gnu/libjpeg.so.8.0.2
7f10073fe000-7f10073ff000 r--p 00057000 08:06 270830                     /usr/lib/x86_64-linux-gnu/libjpeg.so.8.0.2
7f10073ff000-7f1007400000 rw-p 00058000 08:06 270830                     /usr/lib/x86_64-linux-gnu/libjpeg.so.8.0.2
7f1007400000-7f1007424000 r-xp 00000000 08:06 19665411                   /lib/x86_64-linux-gnu/libpng12.so.0.54.0
7f1007424000-7f1007623000 ---p 00024000 08:06 19665411                   /lib/x86_64-linux-gnu/libpng12.so.0.54.0
7f1007623000-7f1007624000 r--p 00023000 08:06 19665411                   /lib/x86_64-linux-gnu/libpng12.so.0.54.0
7f1007624000-7f1007625000 rw-p 00024000 08:06 19665411                   /lib/x86_64-linux-gnu/libpng12.so.0.54.0
7f1007625000-7f100763b000 r-xp 00000000 08:06 19665308                   /lib/x86_64-linux-gnu/libgcc_s.so.1
7f100763b000-7f100783a000 ---p 00016000 08:06 19665308                   /lib/x86_64-linux-gnu/libgcc_s.so.1
7f100783a000-7f100783b000 rw-p 00015000 08:06 19665308                   /lib/x86_64-linux-gnu/libgcc_s.so.1
7f100783b000-7f10079ad000 r-xp 00000000 08:06 264322                     /usr/lib/x86_64-linux-gnu/libstdc++.so.6.0.21
7f10079ad000-7f1007bad000 ---p 00172000 08:06 264322                     /usr/lib/x86_64-linux-gnu/libstdc++.so.6.0.21
7f1007bad000-7f1007bb7000 r--p 00172000 08:06 264322                     /usr/lib/x86_64-linux-gnu/libstdc++.so.6.0.21
7f1007bb7000-7f1007bb9000 rw-p 0017c000 08:06 264322                     /usr/lib/x86_64-linux-gnu/libstdc++.so.6.0.21
7f1007bb9000-7f1007bbd000 rw-p 00000000 00:00 0 
7f1007bbd000-7f1007dfa000 r-xp 00000000 08:06 265316                     /usr/lib/liblept.so.5.0.0
7f1007dfa000-7f1007ff9000 ---p 0023d000 08:06 265316                     /usr/lib/liblept.so.5.0.0
7f1007ff9000-7f1007ffa000 r--p 0023c000 08:06 265316                     /usr/lib/liblept.so.5.0.0
7f1007ffa000-7f1008000000 rw-p 0023d000 08:06 265316                     /usr/lib/liblept.so.5.0.0
7f1008000000-7f1008021000 rw-p 00000000 00:00 0 
7f1008021000-7f100c000000 ---p 00000000 00:00 0 
7f100c000000-7f100c021000 rw-p 00000000 00:00 0 
7f100c021000-7f1010000000 ---p 00000000 00:00 0 
7f1010000000-7f1010021000 rw-p 00000000 00:00 0 
7f1010021000-7f1014000000 ---p 00000000 00:00 0 
7f1014000000-7f1014021000 rw-p 00000000 00:00 0 
7f1014021000-7f1018000000 ---p 00000000 00:00 0 
7f1018000000-7f10190bd000 rw-p 00000000 00:00 0 
7f10190bd000-7f101c000000 ---p 00000000 00:00 0 
7f101c000000-7f101c515000 rw-p 00000000 00:00 0 
7f101c515000-7f1020000000 ---p 00000000 00:00 0 
7f1020000000-7f1020021000 rw-p 00000000 00:00 0 
7f1020021000-7f1024000000 ---p 00000000 00:00 0 
7f1024000000-7f102469c000 rw-p 00000000 00:00 0 
7f102469c000-7f1028000000 ---p 00000000 00:00 0 
7f1028000000-7f1028021000 rw-p 00000000 00:00 0 
7f1028021000-7f102c000000 ---p 00000000 00:00 0 
7f102c000000-7f102c021000 rw-p 00000000 00:00 0 
7f102c021000-7f1030000000 ---p 00000000 00:00 0 
7f1030000000-7f1030021000 rw-p 00000000 00:00 0 
7f1030021000-7f1034000000 ---p 00000000 00:00 0 
7f1034000000-7f1034021000 rw-p 00000000 00:00 0 
7f1034021000-7f1038000000 ---p 00000000 00:00 0 
7f1038182000-7f103846b000 r-xp 00000000 08:06 266417                     /usr/lib/libtesseract.so.3.0.4
7f103846b000-7f103866b000 ---p 002e9000 08:06 266417                     /usr/lib/libtesseract.so.3.0.4
7f103866b000-7f103866f000 r--p 002e9000 08:06 266417                     /usr/lib/libtesseract.so.3.0.4
7f103866f000-7f1038670000 rw-p 002ed000 08:06 266417                     /usr/lib/libtesseract.so.3.0.4
7f1038670000-7f1038b04000 rw-p 00000000 00:00 0 
7f1038cf0000-7f1038d07000 r-xp 00000000 08:06 3019539                    /tmp/jna-119407/jna1407922477120125181.tmp (deleted)
7f1038d07000-7f1038e06000 ---p 00017000 08:06 3019539                    /tmp/jna-119407/jna1407922477120125181.tmp (deleted)
7f1038e06000-7f1038e08000 rw-p 00016000 08:06 3019539                    /tmp/jna-119407/jna1407922477120125181.tmp (deleted)
7f1038e08000-7f1038e6c000 r-xp 00000000 08:06 271898                     /usr/local/bin/jdk-9.0.1/lib/liblcms.so
7f1038e6c000-7f103906c000 ---p 00064000 08:06 271898                     /usr/local/bin/jdk-9.0.1/lib/liblcms.so
7f103906c000-7f1039071000 rw-p 00064000 08:06 271898                     /usr/local/bin/jdk-9.0.1/lib/liblcms.so
7f1039071000-7f1039075000 ---p 00000000 00:00 0 
7f1039075000-7f1039172000 rw-p 00000000 00:00 0 
7f1039172000-7f10391a8000 r-xp 00000000 08:06 271913                     /usr/local/bin/jdk-9.0.1/lib/libjavajpeg.so
7f10391a8000-7f10393a8000 ---p 00036000 08:06 271913                     /usr/local/bin/jdk-9.0.1/lib/libjavajpeg.so
7f10393a8000-7f10393a9000 rw-p 00036000 08:06 271913                     /usr/local/bin/jdk-9.0.1/lib/libjavajpeg.so
7f10393a9000-7f10393ae000 r-xp 00000000 08:06 270107                     /usr/lib/x86_64-linux-gnu/libXdmcp.so.6.0.0
7f10393ae000-7f10395ad000 ---p 00005000 08:06 270107                     /usr/lib/x86_64-linux-gnu/libXdmcp.so.6.0.0
7f10395ad000-7f10395ae000 r--p 00004000 08:06 270107                     /usr/lib/x86_64-linux-gnu/libXdmcp.so.6.0.0
7f10395ae000-7f10395af000 rw-p 00005000 08:06 270107                     /usr/lib/x86_64-linux-gnu/libXdmcp.so.6.0.0
7f10395af000-7f10395b1000 r-xp 00000000 08:06 270096                     /usr/lib/x86_64-linux-gnu/libXau.so.6.0.0
7f10395b1000-7f10397b1000 ---p 00002000 08:06 270096                     /usr/lib/x86_64-linux-gnu/libXau.so.6.0.0
7f10397b1000-7f10397b2000 r--p 00002000 08:06 270096                     /usr/lib/x86_64-linux-gnu/libXau.so.6.0.0
7f10397b2000-7f10397b3000 rw-p 00003000 08:06 270096                     /usr/lib/x86_64-linux-gnu/libXau.so.6.0.0
7f10397b3000-7f10397d4000 r-xp 00000000 08:06 271474                     /usr/lib/x86_64-linux-gnu/libxcb.so.1.1.0
7f10397d4000-7f10399d3000 ---p 00021000 08:06 271474                     /usr/lib/x86_64-linux-gnu/libxcb.so.1.1.0
7f10399d3000-7f10399d4000 r--p 00020000 08:06 271474                     /usr/lib/x86_64-linux-gnu/libxcb.so.1.1.0
7f10399d4000-7f10399d5000 rw-p 00021000 08:06 271474                     /usr/lib/x86_64-linux-gnu/libxcb.so.1.1.0
7f10399d5000-7f10399e4000 r-xp 00000000 08:06 270117                     /usr/lib/x86_64-linux-gnu/libXi.so.6.1.0
7f10399e4000-7f1039be3000 ---p 0000f000 08:06 270117                     /usr/lib/x86_64-linux-gnu/libXi.so.6.1.0
7f1039be3000-7f1039be4000 r--p 0000e000 08:06 270117                     /usr/lib/x86_64-linux-gnu/libXi.so.6.1.0
7f1039be4000-7f1039be5000 rw-p 0000f000 08:06 270117                     /usr/lib/x86_64-linux-gnu/libXi.so.6.1.0
7f1039be5000-7f1039bea000 r-xp 00000000 08:06 270135                     /usr/lib/x86_64-linux-gnu/libXtst.so.6.1.0
7f1039bea000-7f1039de9000 ---p 00005000 08:06 270135                     /usr/lib/x86_64-linux-gnu/libXtst.so.6.1.0
7f1039de9000-7f1039dea000 r--p 00004000 08:06 270135                     /usr/lib/x86_64-linux-gnu/libXtst.so.6.1.0
7f1039dea000-7f1039deb000 rw-p 00005000 08:06 270135                     /usr/lib/x86_64-linux-gnu/libXtst.so.6.1.0
7f1039deb000-7f1039df4000 r-xp 00000000 08:06 270129                     /usr/lib/x86_64-linux-gnu/libXrender.so.1.3.0
7f1039df4000-7f1039ff3000 ---p 00009000 08:06 270129                     /usr/lib/x86_64-linux-gnu/libXrender.so.1.3.0
7f1039ff3000-7f1039ff4000 r--p 00008000 08:06 270129                     /usr/lib/x86_64-linux-gnu/libXrender.so.1.3.0
7f1039ff4000-7f1039ff5000 rw-p 00009000 08:06 270129                     /usr/lib/x86_64-linux-gnu/libXrender.so.1.3.0
7f1039ff5000-7f103a12a000 r-xp 00000000 08:06 270092                     /usr/lib/x86_64-linux-gnu/libX11.so.6.3.0
7f103a12a000-7f103a32a000 ---p 00135000 08:06 270092                     /usr/lib/x86_64-linux-gnu/libX11.so.6.3.0
7f103a32a000-7f103a32b000 r--p 00135000 08:06 270092                     /usr/lib/x86_64-linux-gnu/libX11.so.6.3.0
7f103a32b000-7f103a32f000 rw-p 00136000 08:06 270092                     /usr/lib/x86_64-linux-gnu/libX11.so.6.3.0
7f103a32f000-7f103a340000 r-xp 00000000 08:06 270109                     /usr/lib/x86_64-linux-gnu/libXext.so.6.4.0
7f103a340000-7f103a53f000 ---p 00011000 08:06 270109                     /usr/lib/x86_64-linux-gnu/libXext.so.6.4.0
7f103a53f000-7f103a540000 r--p 00010000 08:06 270109                     /usr/lib/x86_64-linux-gnu/libXext.so.6.4.0
7f103a540000-7f103a541000 rw-p 00011000 08:06 270109                     /usr/lib/x86_64-linux-gnu/libXext.so.6.4.0
7f103a541000-7f103a59f000 r-xp 00000000 08:06 271930                     /usr/local/bin/jdk-9.0.1/lib/libawt_xawt.so
7f103a59f000-7f103a79e000 ---p 0005e000 08:06 271930                     /usr/local/bin/jdk-9.0.1/lib/libawt_xawt.so
7f103a79e000-7f103a7a1000 rw-p 0005d000 08:06 271930                     /usr/local/bin/jdk-9.0.1/lib/libawt_xawt.so
7f103a7a1000-7f103a7a3000 rw-p 00000000 00:00 0 
7f103a7a3000-7f103a841000 r-xp 00000000 08:06 271983                     /usr/local/bin/jdk-9.0.1/lib/libawt.so
7f103a841000-7f103aa41000 ---p 0009e000 08:06 271983                     /usr/local/bin/jdk-9.0.1/lib/libawt.so
7f103aa41000-7f103aa4d000 rw-p 0009e000 08:06 271983                     /usr/local/bin/jdk-9.0.1/lib/libawt.so
7f103aa4d000-7f103ac71000 rw-p 00000000 00:00 0 
7f103ac71000-7f103ac72000 ---p 00000000 00:00 0 
7f103ac72000-7f103ad72000 rw-p 00000000 00:00 0 
7f103ad72000-7f103ad76000 ---p 00000000 00:00 0 
7f103ad76000-7f103ae73000 rw-p 00000000 00:00 0 
7f103ae73000-7f103ae77000 ---p 00000000 00:00 0 
7f103ae77000-7f103af74000 rw-p 00000000 00:00 0 
7f103af74000-7f103af8a000 r-xp 00000000 08:06 271949                     /usr/local/bin/jdk-9.0.1/lib/libnet.so
7f103af8a000-7f103b18a000 ---p 00016000 08:06 271949                     /usr/local/bin/jdk-9.0.1/lib/libnet.so
7f103b18a000-7f103b18b000 rw-p 00016000 08:06 271949                     /usr/local/bin/jdk-9.0.1/lib/libnet.so
7f103b18b000-7f103b19b000 r-xp 00000000 08:06 271946                     /usr/local/bin/jdk-9.0.1/lib/libnio.so
7f103b19b000-7f103b39b000 ---p 00010000 08:06 271946                     /usr/local/bin/jdk-9.0.1/lib/libnio.so
7f103b39b000-7f103b39c000 rw-p 00010000 08:06 271946                     /usr/local/bin/jdk-9.0.1/lib/libnio.so
7f103b39c000-7f103b3a0000 ---p 00000000 00:00 0 
7f103b3a0000-7f103b49d000 rw-p 00000000 00:00 0 
7f103b49d000-7f103b4a1000 ---p 00000000 00:00 0 
7f103b4a1000-7f103b59e000 rw-p 00000000 00:00 0 
7f103b59e000-7f103b5a2000 ---p 00000000 00:00 0 
7f103b5a2000-7f103b69f000 rw-p 00000000 00:00 0 
7f103b69f000-7f103b6a3000 ---p 00000000 00:00 0 
7f103b6a3000-7f103b7a0000 rw-p 00000000 00:00 0 
7f103b7a0000-7f103b7a4000 ---p 00000000 00:00 0 
7f103b7a4000-7f103b8a1000 rw-p 00000000 00:00 0 
7f103b8a1000-7f103bcfd000 r--p 00000000 08:06 274350                     /usr/lib/locale/locale-archive
7f103bcfd000-7f103bd01000 ---p 00000000 00:00 0 
7f103bd01000-7f103bdfe000 rw-p 00000000 00:00 0 
7f103bdfe000-7f103be02000 ---p 00000000 00:00 0 
7f103be02000-7f103beff000 rw-p 00000000 00:00 0 
7f103beff000-7f103bf00000 ---p 00000000 00:00 0 
7f103bf00000-7f103c000000 rw-p 00000000 00:00 0 
7f103c000000-7f103c021000 rw-p 00000000 00:00 0 
7f103c021000-7f1040000000 ---p 00000000 00:00 0 
7f1040011000-7f1040811000 rw-p 00000000 00:00 0 
7f1040811000-7f1040c15000 rw-p 00000000 00:00 0 
7f1040c15000-7f1042c15000 rwxp 00000000 00:00 0 
7f1042c15000-7f1042ffd000 rw-p 00000000 00:00 0 
7f1042ffd000-7f1046a5d000 ---p 00000000 00:00 0 
7f1046a5d000-7f1046e45000 rw-p 00000000 00:00 0 
7f1046e45000-7f104a8a5000 ---p 00000000 00:00 0 
7f104a8a5000-7f104a922000 rw-p 00000000 00:00 0 
7f104a922000-7f104b06e000 ---p 00000000 00:00 0 
7f104b06e000-7f104b0eb000 rw-p 00000000 00:00 0 
7f104b0eb000-7f104c000000 ---p 00000000 00:00 0 
7f104c000000-7f104c021000 rw-p 00000000 00:00 0 
7f104c021000-7f1050000000 ---p 00000000 00:00 0 
7f1050000000-7f1050021000 rw-p 00000000 00:00 0 
7f1050021000-7f1054000000 ---p 00000000 00:00 0 
7f1054000000-7f1054021000 rw-p 00000000 00:00 0 
7f1054021000-7f1058000000 ---p 00000000 00:00 0 
7f1058000000-7f1058021000 rw-p 00000000 00:00 0 
7f1058021000-7f105c000000 ---p 00000000 00:00 0 
7f105c000000-7f105c021000 rw-p 00000000 00:00 0 
7f105c021000-7f1060000000 ---p 00000000 00:00 0 
7f1060000000-7f1060021000 rw-p 00000000 00:00 0 
7f1060021000-7f1064000000 ---p 00000000 00:00 0 
7f1064000000-7f1064021000 rw-p 00000000 00:00 0 
7f1064021000-7f1068000000 ---p 00000000 00:00 0 
7f1068000000-7f1068021000 rw-p 00000000 00:00 0 
7f1068021000-7f106c000000 ---p 00000000 00:00 0 
7f106c000000-7f106c021000 rw-p 00000000 00:00 0 
7f106c021000-7f1070000000 ---p 00000000 00:00 0 
7f1070022000-7f1070053000 rw-p 00000000 00:00 0 
7f1070053000-7f1070054000 ---p 00000000 00:00 0 
7f1070054000-7f1070154000 rw-p 00000000 00:00 0 
7f1070154000-7f1070155000 ---p 00000000 00:00 0 
7f1070155000-7f10703cc000 rw-p 00000000 00:00 0 
7f10703cc000-7f1070b18000 ---p 00000000 00:00 0 
7f1070b18000-7f1070b19000 ---p 00000000 00:00 0 
7f1070b19000-7f1070c19000 rw-p 00000000 00:00 0 
7f1070c19000-7f1070c1a000 ---p 00000000 00:00 0 
7f1070c1a000-7f1070d1a000 rw-p 00000000 00:00 0 
7f1070d1a000-7f1070d1b000 ---p 00000000 00:00 0 
7f1070d1b000-7f1070e1b000 rw-p 00000000 00:00 0 
7f1070e1b000-7f1070e1c000 ---p 00000000 00:00 0 
7f1070e1c000-7f1070f1c000 rw-p 00000000 00:00 0 
7f1070f1c000-7f1070f1d000 ---p 00000000 00:00 0 
7f1070f1d000-7f1071421000 rw-p 00000000 00:00 0 
7f1071421000-7f1071422000 ---p 00000000 00:00 0 
7f1071422000-7f1071522000 rw-p 00000000 00:00 0 
7f1071522000-7f1071523000 ---p 00000000 00:00 0 
7f1071523000-7f1071623000 rw-p 00000000 00:00 0 
7f1071623000-7f1071624000 ---p 00000000 00:00 0 
7f1071624000-7f1071724000 rw-p 00000000 00:00 0 
7f1071724000-7f1071725000 ---p 00000000 00:00 0 
7f1071725000-7f107182a000 rw-p 00000000 00:00 0 
7f107182a000-7f1071910000 ---p 00000000 00:00 0 
7f1071910000-7f1071b80000 rwxp 00000000 00:00 0 
7f1071b80000-7f1071ea0000 ---p 00000000 00:00 0 
7f1071ea0000-7f1072130000 rwxp 00000000 00:00 0 
7f1072130000-7f10793d8000 ---p 00000000 00:00 0 
7f10793d8000-7f1079648000 rwxp 00000000 00:00 0 
7f1079648000-7f1080910000 ---p 00000000 00:00 0 
7f1080910000-7f108bdd3000 r--s 00000000 08:06 271906                     /usr/local/bin/jdk-9.0.1/lib/modules
7f108bdd3000-7f108bded000 r-xp 00000000 08:06 271951                     /usr/local/bin/jdk-9.0.1/lib/libjimage.so
7f108bded000-7f108bfec000 ---p 0001a000 08:06 271951                     /usr/local/bin/jdk-9.0.1/lib/libjimage.so
7f108bfec000-7f108bfee000 rw-p 00019000 08:06 271951                     /usr/local/bin/jdk-9.0.1/lib/libjimage.so
7f108bfee000-7f108c000000 rw-p 00000000 00:00 0 
7f108c000000-7f108dca5000 rw-p 00000000 00:00 0 
7f108dca5000-7f1090000000 ---p 00000000 00:00 0 
7f109000e000-7f10900e5000 rw-p 00000000 00:00 0 
7f10900e5000-7f10901ca000 ---p 00000000 00:00 0 
7f10901ca000-7f10901d1000 r-xp 00000000 08:06 271995                     /usr/local/bin/jdk-9.0.1/lib/libzip.so
7f10901d1000-7f10903d0000 ---p 00007000 08:06 271995                     /usr/local/bin/jdk-9.0.1/lib/libzip.so
7f10903d0000-7f10903d1000 rw-p 00006000 08:06 271995                     /usr/local/bin/jdk-9.0.1/lib/libzip.so
7f10903d1000-7f10903dc000 r-xp 00000000 08:06 19660973                   /lib/x86_64-linux-gnu/libnss_files-2.23.so
7f10903dc000-7f10905db000 ---p 0000b000 08:06 19660973                   /lib/x86_64-linux-gnu/libnss_files-2.23.so
7f10905db000-7f10905dc000 r--p 0000a000 08:06 19660973                   /lib/x86_64-linux-gnu/libnss_files-2.23.so
7f10905dc000-7f10905dd000 rw-p 0000b000 08:06 19660973                   /lib/x86_64-linux-gnu/libnss_files-2.23.so
7f10905dd000-7f10905e3000 rw-p 00000000 00:00 0 
7f10905e3000-7f10905ee000 r-xp 00000000 08:06 19660976                   /lib/x86_64-linux-gnu/libnss_nis-2.23.so
7f10905ee000-7f10907ed000 ---p 0000b000 08:06 19660976                   /lib/x86_64-linux-gnu/libnss_nis-2.23.so
7f10907ed000-7f10907ee000 r--p 0000a000 08:06 19660976                   /lib/x86_64-linux-gnu/libnss_nis-2.23.so
7f10907ee000-7f10907ef000 rw-p 0000b000 08:06 19660976                   /lib/x86_64-linux-gnu/libnss_nis-2.23.so
7f10907ef000-7f1090805000 r-xp 00000000 08:06 19660900                   /lib/x86_64-linux-gnu/libnsl-2.23.so
7f1090805000-7f1090a04000 ---p 00016000 08:06 19660900                   /lib/x86_64-linux-gnu/libnsl-2.23.so
7f1090a04000-7f1090a05000 r--p 00015000 08:06 19660900                   /lib/x86_64-linux-gnu/libnsl-2.23.so
7f1090a05000-7f1090a06000 rw-p 00016000 08:06 19660900                   /lib/x86_64-linux-gnu/libnsl-2.23.so
7f1090a06000-7f1090a08000 rw-p 00000000 00:00 0 
7f1090a08000-7f1090a10000 r-xp 00000000 08:06 19660982                   /lib/x86_64-linux-gnu/libnss_compat-2.23.so
7f1090a10000-7f1090c0f000 ---p 00008000 08:06 19660982                   /lib/x86_64-linux-gnu/libnss_compat-2.23.so
7f1090c0f000-7f1090c10000 r--p 00007000 08:06 19660982                   /lib/x86_64-linux-gnu/libnss_compat-2.23.so
7f1090c10000-7f1090c11000 rw-p 00008000 08:06 19660982                   /lib/x86_64-linux-gnu/libnss_compat-2.23.so
7f1090c11000-7f1090c3c000 r-xp 00000000 08:06 271917                     /usr/local/bin/jdk-9.0.1/lib/libjava.so
7f1090c3c000-7f1090e3b000 ---p 0002b000 08:06 271917                     /usr/local/bin/jdk-9.0.1/lib/libjava.so
7f1090e3b000-7f1090e3d000 rw-p 0002a000 08:06 271917                     /usr/local/bin/jdk-9.0.1/lib/libjava.so
7f1090e3d000-7f1090e4a000 r-xp 00000000 08:06 271914                     /usr/local/bin/jdk-9.0.1/lib/libverify.so
7f1090e4a000-7f1091049000 ---p 0000d000 08:06 271914                     /usr/local/bin/jdk-9.0.1/lib/libverify.so
7f1091049000-7f109104b000 rw-p 0000c000 08:06 271914                     /usr/local/bin/jdk-9.0.1/lib/libverify.so
7f109104b000-7f1091052000 r-xp 00000000 08:06 19660978                   /lib/x86_64-linux-gnu/librt-2.23.so
7f1091052000-7f1091251000 ---p 00007000 08:06 19660978                   /lib/x86_64-linux-gnu/librt-2.23.so
7f1091251000-7f1091252000 r--p 00006000 08:06 19660978                   /lib/x86_64-linux-gnu/librt-2.23.so
7f1091252000-7f1091253000 rw-p 00007000 08:06 19660978                   /lib/x86_64-linux-gnu/librt-2.23.so
7f1091253000-7f109135b000 r-xp 00000000 08:06 19660987                   /lib/x86_64-linux-gnu/libm-2.23.so
7f109135b000-7f109155a000 ---p 00108000 08:06 19660987                   /lib/x86_64-linux-gnu/libm-2.23.so
7f109155a000-7f109155b000 r--p 00107000 08:06 19660987                   /lib/x86_64-linux-gnu/libm-2.23.so
7f109155b000-7f109155c000 rw-p 00108000 08:06 19660987                   /lib/x86_64-linux-gnu/libm-2.23.so
7f109155c000-7f1092570000 r-xp 00000000 08:06 3284492                    /usr/local/bin/jdk-9.0.1/lib/server/libjvm.so
7f1092570000-7f1092770000 ---p 01014000 08:06 3284492                    /usr/local/bin/jdk-9.0.1/lib/server/libjvm.so
7f1092770000-7f1092841000 r--p 01014000 08:06 3284492                    /usr/local/bin/jdk-9.0.1/lib/server/libjvm.so
7f1092841000-7f1092878000 rw-p 010e5000 08:06 3284492                    /usr/local/bin/jdk-9.0.1/lib/server/libjvm.so
7f1092878000-7f10928e1000 rw-p 00000000 00:00 0 
7f10928e1000-7f1092aa1000 r-xp 00000000 08:06 19660992                   /lib/x86_64-linux-gnu/libc-2.23.so
7f1092aa1000-7f1092ca1000 ---p 001c0000 08:06 19660992                   /lib/x86_64-linux-gnu/libc-2.23.so
7f1092ca1000-7f1092ca5000 r--p 001c0000 08:06 19660992                   /lib/x86_64-linux-gnu/libc-2.23.so
7f1092ca5000-7f1092ca7000 rw-p 001c4000 08:06 19660992                   /lib/x86_64-linux-gnu/libc-2.23.so
7f1092ca7000-7f1092cab000 rw-p 00000000 00:00 0 
7f1092cab000-7f1092cae000 r-xp 00000000 08:06 19660981                   /lib/x86_64-linux-gnu/libdl-2.23.so
7f1092cae000-7f1092ead000 ---p 00003000 08:06 19660981                   /lib/x86_64-linux-gnu/libdl-2.23.so
7f1092ead000-7f1092eae000 r--p 00002000 08:06 19660981                   /lib/x86_64-linux-gnu/libdl-2.23.so
7f1092eae000-7f1092eaf000 rw-p 00003000 08:06 19660981                   /lib/x86_64-linux-gnu/libdl-2.23.so
7f1092eaf000-7f1092ebd000 r-xp 00000000 08:06 659804                     /usr/local/bin/jdk-9.0.1/lib/jli/libjli.so
7f1092ebd000-7f10930bd000 ---p 0000e000 08:06 659804                     /usr/local/bin/jdk-9.0.1/lib/jli/libjli.so
7f10930bd000-7f10930be000 rw-p 0000e000 08:06 659804                     /usr/local/bin/jdk-9.0.1/lib/jli/libjli.so
7f10930be000-7f10930d6000 r-xp 00000000 08:06 19660975                   /lib/x86_64-linux-gnu/libpthread-2.23.so
7f10930d6000-7f10932d5000 ---p 00018000 08:06 19660975                   /lib/x86_64-linux-gnu/libpthread-2.23.so
7f10932d5000-7f10932d6000 r--p 00017000 08:06 19660975                   /lib/x86_64-linux-gnu/libpthread-2.23.so
7f10932d6000-7f10932d7000 rw-p 00018000 08:06 19660975                   /lib/x86_64-linux-gnu/libpthread-2.23.so
7f10932d7000-7f10932db000 rw-p 00000000 00:00 0 
7f10932db000-7f10932f4000 r-xp 00000000 08:06 19660999                   /lib/x86_64-linux-gnu/libz.so.1.2.8
7f10932f4000-7f10934f3000 ---p 00019000 08:06 19660999                   /lib/x86_64-linux-gnu/libz.so.1.2.8
7f10934f3000-7f10934f4000 r--p 00018000 08:06 19660999                   /lib/x86_64-linux-gnu/libz.so.1.2.8
7f10934f4000-7f10934f5000 rw-p 00019000 08:06 19660999                   /lib/x86_64-linux-gnu/libz.so.1.2.8
7f10934f5000-7f109351b000 r-xp 00000000 08:06 19660970                   /lib/x86_64-linux-gnu/ld-2.23.so
7f109351e000-7f1093525000 r--s 00000000 08:06 532898                     /usr/lib/x86_64-linux-gnu/gconv/gconv-modules.cache
7f1093525000-7f109354b000 r--p 00000000 08:06 796233                     /usr/share/locale-langpack/de/LC_MESSAGES/libc.mo
7f109354b000-7f10935f8000 rw-p 00000000 00:00 0 
7f10935f8000-7f10935fd000 ---p 00000000 00:00 0 
7f10935fd000-7f10936fd000 rw-p 00000000 00:00 0 
7f1093701000-7f1093707000 rw-p 00000000 00:00 0 
7f1093707000-7f109370e000 ---p 00000000 00:00 0 
7f109370e000-7f1093716000 rw-s 00000000 08:06 3019537                    /tmp/hsperfdata_yaw/31542
7f1093716000-7f1093717000 rw-p 00000000 00:00 0 
7f1093717000-7f1093718000 r--p 00000000 00:00 0 
7f1093718000-7f109371a000 rw-p 00000000 00:00 0 
7f109371a000-7f109371b000 r--p 00025000 08:06 19660970                   /lib/x86_64-linux-gnu/ld-2.23.so
7f109371b000-7f109371c000 rw-p 00026000 08:06 19660970                   /lib/x86_64-linux-gnu/ld-2.23.so
7f109371c000-7f109371d000 rw-p 00000000 00:00 0 
7ffed6dbc000-7ffed6ddd000 rw-p 00000000 00:00 0                          [stack]
7ffed6ddf000-7ffed6de1000 r--p 00000000 00:00 0                          [vvar]
7ffed6de1000-7ffed6de3000 r-xp 00000000 00:00 0                          [vdso]
ffffffffff600000-ffffffffff601000 r-xp 00000000 00:00 0                  [vsyscall]

VM Arguments:
jvm_args: -Dfile.encoding=UTF-8 
java_command: ch.ingrid.playground.TesseractExample
java_class_path (initial): /home/yaw/Projects/ingrid/backend/bin:/home/yaw/Projects/ingrid/lib/Tess4J/dist/tess4j-3.4.1.jar:/home/yaw/Projects/ingrid/lib/Tess4J/lib/commons-io-2.5.jar:/home/yaw/Projects/ingrid/lib/Tess4J/lib/jai-imageio-core-1.3.1.jar:/home/yaw/Projects/ingrid/lib/Tess4J/lib/jna-4.1.0.jar:/home/yaw/Projects/ingrid/lib/Tess4J/lib/lept4j-1.6.1.jar:/home/yaw/Projects/ingrid/lib/Tess4J/lib/slf4j-api-1.7.25.jar:/home/yaw/Projects/ingrid/lib/Tess4J/lib/commons-beanutils-1.9.2.jar:/home/yaw/Projects/ingrid/lib/Tess4J/lib/commons-logging-1.2.jar:/home/yaw/Projects/ingrid/lib/Tess4J/lib/ghost4j-1.0.1.jar:/home/yaw/Projects/ingrid/lib/Tess4J/lib/hamcrest-core-1.3.jar:/home/yaw/Projects/ingrid/lib/Tess4J/lib/itext-2.1.7.jar:/home/yaw/Projects/ingrid/lib/Tess4J/lib/jboss-vfs-3.2.12.Final.jar:/home/yaw/Projects/ingrid/lib/Tess4J/lib/jcl-over-slf4j-1.7.25.jar:/home/yaw/Projects/ingrid/lib/Tess4J/lib/jul-to-slf4j-1.7.25.jar:/home/yaw/Projects/ingrid/lib/Tess4J/lib/junit-4.12.jar:/home/yaw/Projects/ingrid/lib/Tess4J/lib/log4j-1.2.17.jar:/home/yaw/Projects/ingrid/lib/Tess4J/lib/log4j-over-slf4j-1.7.25.jar:/home/yaw/Projects/ingrid/lib/Tess4J/lib/logback-classic-1.2.3.jar:/home/yaw/Projects/ingrid/lib/Tess4J/lib/logback-core-1.2.3.jar:/home/yaw/Projects/ingrid/lib/Tess4J/lib/xmlgraphics-commons-1.5.jar
Launcher Type: SUN_STANDARD

Logging:
Log output configuration:
#0: stdout all=warning uptime,level,tags
#1: stderr all=off uptime,level,tags

Environment Variables:
PATH=/home/yaw/bin:/home/yaw/.local/bin:/usr/local/sbin:/usr/local/bin:/usr/sbin:/usr/bin:/sbin:/bin:/usr/games:/usr/local/games:/snap/bin
SHELL=/bin/bash
DISPLAY=:0

Signal Handlers:
SIGSEGV: [libjvm.so+0xd4ce90], sa_mask[0]=11111111011111111101111111111110, sa_flags=SA_RESTART|SA_SIGINFO
SIGBUS: [libjvm.so+0xd4ce90], sa_mask[0]=11111111011111111101111111111110, sa_flags=SA_RESTART|SA_SIGINFO
SIGFPE: [libjvm.so+0xd4ce90], sa_mask[0]=11111111011111111101111111111110, sa_flags=SA_RESTART|SA_SIGINFO
SIGPIPE: [libjvm.so+0xb64460], sa_mask[0]=11111111011111111101111111111110, sa_flags=SA_RESTART|SA_SIGINFO
SIGXFSZ: [libjvm.so+0xb64460], sa_mask[0]=11111111011111111101111111111110, sa_flags=SA_RESTART|SA_SIGINFO
SIGILL: [libjvm.so+0xd4ce90], sa_mask[0]=11111111011111111101111111111110, sa_flags=SA_RESTART|SA_SIGINFO
SIGUSR2: [libjvm.so+0xb64320], sa_mask[0]=00100000000000000000000000000000, sa_flags=SA_RESTART|SA_SIGINFO
SIGHUP: [libjvm.so+0xb64530], sa_mask[0]=11111111011111111101111111111110, sa_flags=SA_RESTART|SA_SIGINFO
SIGINT: [libjvm.so+0xb64530], sa_mask[0]=11111111011111111101111111111110, sa_flags=SA_RESTART|SA_SIGINFO
SIGTERM: [libjvm.so+0xb64530], sa_mask[0]=11111111011111111101111111111110, sa_flags=SA_RESTART|SA_SIGINFO
SIGQUIT: [libjvm.so+0xb64530], sa_mask[0]=11111111011111111101111111111110, sa_flags=SA_RESTART|SA_SIGINFO


---------------  S Y S T E M  ---------------

OS:DISTRIB_ID=Ubuntu
DISTRIB_RELEASE=16.04
DISTRIB_CODENAME=xenial
DISTRIB_DESCRIPTION="Ubuntu 16.04.3 LTS"
uname:Linux 4.4.0-93-generic #116-Ubuntu SMP Fri Aug 11 21:17:51 UTC 2017 x86_64
libc:glibc 2.23 NPTL 2.23 
rlimit: STACK 8192k, CORE 0k, NPROC 63233, NOFILE 1048576, AS infinity
load average:2,17 1,91 1,87

/proc/meminfo:
MemTotal:       16320048 kB
MemFree:          222108 kB
MemAvailable:    1696444 kB
Buffers:           45292 kB
Cached:          4708692 kB
SwapCached:       107496 kB
Active:          9231976 kB
Inactive:        3539520 kB
Active(anon):    8420012 kB
Inactive(anon):  2707600 kB
Active(file):     811964 kB
Inactive(file):   831920 kB
Unevictable:          48 kB
Mlocked:              48 kB
SwapTotal:      16663036 kB
SwapFree:       15754544 kB
Dirty:             25256 kB
Writeback:             0 kB
AnonPages:       7910488 kB
Mapped:          2358408 kB
Shmem:           3110100 kB
Slab:            3086540 kB
SReclaimable:     172788 kB
SUnreclaim:      2913752 kB
KernelStack:       14704 kB
PageTables:       100828 kB
NFS_Unstable:          0 kB
Bounce:                0 kB
WritebackTmp:          0 kB
CommitLimit:    24823060 kB
Committed_AS:   16755740 kB
VmallocTotal:   34359738367 kB
VmallocUsed:           0 kB
VmallocChunk:          0 kB
HardwareCorrupted:     0 kB
AnonHugePages:   4057088 kB
CmaTotal:              0 kB
CmaFree:               0 kB
HugePages_Total:       0
HugePages_Free:        0
HugePages_Rsvd:        0
HugePages_Surp:        0
Hugepagesize:       2048 kB
DirectMap4k:     1046640 kB
DirectMap2M:    15618048 kB
DirectMap1G:           0 kB


CPU:total 4 (initial active 4) (2 cores per cpu, 2 threads per core) family 6 model 78 stepping 3, cmov, cx8, fxsr, mmx, sse, sse2, sse3, ssse3, sse4.1, sse4.2, popcnt, avx, avx2, aes, clmul, erms, 3dnowpref, lzcnt, ht, tsc, tscinvbit, bmi1, bmi2, adx, fma
CPU Model and flags from /proc/cpuinfo:
model name	: Intel(R) Core(TM) i5-6260U CPU @ 1.80GHz
flags		: fpu vme de pse tsc msr pae mce cx8 apic sep mtrr pge mca cmov pat pse36 clflush dts acpi mmx fxsr sse sse2 ss ht tm pbe syscall nx pdpe1gb rdtscp lm constant_tsc art arch_perfmon pebs bts rep_good nopl xtopology nonstop_tsc aperfmperf eagerfpu pni pclmulqdq dtes64 monitor ds_cpl vmx est tm2 ssse3 sdbg fma cx16 xtpr pdcm pcid sse4_1 sse4_2 x2apic movbe popcnt tsc_deadline_timer aes xsave avx f16c rdrand lahf_lm abm 3dnowprefetch epb intel_pt tpr_shadow vnmi flexpriority ept vpid fsgsbase tsc_adjust bmi1 avx2 smep bmi2 erms invpcid mpx rdseed adx smap clflushopt xsaveopt xsavec xgetbv1 dtherm ida arat pln pts hwp hwp_notify hwp_act_window hwp_epp

Memory: 4k page, physical 16320048k(222108k free), swap 16663036k(15754544k free)

vm_info: Java HotSpot(TM) 64-Bit Server VM (9.0.1+11) for linux-amd64 JRE (9.0.1+11), built on Sep 27 2017 20:48:27 by "mach5one" with gcc 4.9.2

END.
