#
# A fatal error has been detected by the Java Runtime Environment:
#
#  SIGSEGV (0xb) at pc=0x00007f84ef91bac7, pid=31434, tid=31440
#
# JRE version: Java(TM) SE Runtime Environment (9.0+11) (build 9.0.1+11)
# Java VM: Java HotSpot(TM) 64-Bit Server VM (9.0.1+11, mixed mode, tiered, compressed oops, g1 gc, linux-amd64)
# Problematic frame:
# C  [libtesseract.so.3.0.4+0x9dac7]  tesseract::Tesseract::recog_all_words(PAGE_RES*, ETEXT_DESC*, TBOX const*, char const*, int)+0x5e7
#
# Core dump will be written. Default location: Core dumps may be processed with "/usr/share/apport/apport %p %s %c %P" (or dumping to /home/yaw/Projects/ingrid/backend/core.31434)
#
# If you would like to submit a bug report, please visit:
#   http://bugreport.java.com/bugreport/crash.jsp
# The crash happened outside the Java Virtual Machine in native code.
# See problematic frame for where to report the bug.
#

---------------  S U M M A R Y ------------

Command Line: -Dfile.encoding=UTF-8 ch.ingrid.playground.TesseractExample

Host: Intel(R) Core(TM) i5-6260U CPU @ 1.80GHz, 4 cores, 15G, Ubuntu 16.04.3 LTS
Time: Thu Oct 19 23:07:06 2017 CEST elapsed time: 2 seconds (0d 0h 0m 2s)

---------------  T H R E A D  ---------------

Current thread (0x00007f8574012800):  JavaThread "main" [_thread_in_native, id=31440, stack(0x00007f857b2f7000,0x00007f857b3f7000)]

Stack: [0x00007f857b2f7000,0x00007f857b3f7000],  sp=0x00007f857b3f4780,  free space=1013k
Native frames: (J=compiled Java code, A=aot compiled Java code, j=interpreted, Vv=VM code, C=native code)
C  [libtesseract.so.3.0.4+0x9dac7]  tesseract::Tesseract::recog_all_words(PAGE_RES*, ETEXT_DESC*, TBOX const*, char const*, int)+0x5e7

Java frames: (J=compiled Java code, j=interpreted, Vv=VM code)
j  com.sun.jna.Native.invokePointer(JI[Ljava/lang/Object;)J+0
j  com.sun.jna.Function.invokePointer(I[Ljava/lang/Object;)Lcom/sun/jna/Pointer;+6
j  com.sun.jna.Function.invoke([Ljava/lang/Object;Ljava/lang/Class;Z)Ljava/lang/Object;+426
j  com.sun.jna.Function.invoke(Ljava/lang/Class;[Ljava/lang/Object;Ljava/util/Map;)Ljava/lang/Object;+262
j  com.sun.jna.Library$Handler.invoke(Ljava/lang/Object;Ljava/lang/reflect/Method;[Ljava/lang/Object;)Ljava/lang/Object;+316
j  com.sun.proxy.$Proxy0.TessBaseAPIGetUTF8Text(Lnet/sourceforge/tess4j/ITessAPI$TessBaseAPI;)Lcom/sun/jna/Pointer;+16
j  net.sourceforge.tess4j.Tesseract.getOCRText(Ljava/lang/String;I)Ljava/lang/String;+62
j  net.sourceforge.tess4j.Tesseract.doOCR(Ljava/util/List;Ljava/lang/String;Ljava/awt/Rectangle;)Ljava/lang/String;+69
j  net.sourceforge.tess4j.Tesseract.doOCR(Ljava/io/File;Ljava/awt/Rectangle;)Ljava/lang/String;+10
j  net.sourceforge.tess4j.Tesseract.doOCR(Ljava/io/File;)Ljava/lang/String;+3
j  ch.ingrid.playground.TesseractExample.main([Ljava/lang/String;)V+20
v  ~StubRoutines::call_stub

siginfo: si_signo: 11 (SIGSEGV), si_code: 1 (SEGV_MAPERR), si_addr: 0x000000000000000c

Register to memory mapping:

RAX=0x0000000000000000 is an unknown value
RBX=0x00007f857b3f47d0 is pointing into the stack for thread: 0x00007f8574012800
RCX=0x0000000000000000 is an unknown value
RDX=0x0000000000000000 is an unknown value
RSP=0x00007f857b3f4780 is pointing into the stack for thread: 0x00007f8574012800
RBP=0x00007f8574891a00 is an unknown value
RSI=0x0000000000000000 is an unknown value
RDI=0x00007f857b3f4890 is pointing into the stack for thread: 0x00007f8574012800
R8 =0x0000000000000000 is an unknown value
R9 =0x0000000000000000 is an unknown value
R10=0x00000000ffff8001 is an unknown value
R11=0x00000000ffff8001 is an unknown value
R12=0x00007f857494cbb0 is an unknown value
R13=0x0000000000000000 is an unknown value
R14=0x0000000000000000 is an unknown value
R15=0x00007f857494cbb0 is an unknown value


Registers:
RAX=0x0000000000000000, RBX=0x00007f857b3f47d0, RCX=0x0000000000000000, RDX=0x0000000000000000
RSP=0x00007f857b3f4780, RBP=0x00007f8574891a00, RSI=0x0000000000000000, RDI=0x00007f857b3f4890
R8 =0x0000000000000000, R9 =0x0000000000000000, R10=0x00000000ffff8001, R11=0x00000000ffff8001
R12=0x00007f857494cbb0, R13=0x0000000000000000, R14=0x0000000000000000, R15=0x00007f857494cbb0
RIP=0x00007f84ef91bac7, EFLAGS=0x0000000000010246, CSGSFS=0x0000000000000033, ERR=0x0000000000000004
  TRAPNO=0x000000000000000e

Top of Stack: (sp=0x00007f857b3f4780)
0x00007f857b3f4780:   0000000000000000 0000000000000000
0x00007f857b3f4790:   00007f8574911990 00007f8574911fa0
0x00007f857b3f47a0:   00007f8575b81b80 00007f857460cf10
0x00007f857b3f47b0:   0000000000000000 00007f857b3f47e0 

Instructions: (pc=0x00007f84ef91bac7)
0x00007f84ef91baa7:   13 00 00 41 83 fe 01 0f 84 ec fb ff ff e9 b9 fa
0x00007f84ef91bab7:   ff ff 0f 1f 80 00 00 00 00 48 8b 85 10 0b 00 00
0x00007f84ef91bac7:   80 78 0c 00 0f 84 9f fd ff ff 48 89 ef e8 17 82
0x00007f84ef91bad7:   0f 00 e9 92 fd ff ff 4c 89 e6 48 89 ef e8 e7 8b 


---------------  P R O C E S S  ---------------

Java Threads: ( => current thread )
  0x00007f85745ad000 JavaThread "Java2D Disposer" daemon [_thread_blocked, id=31463, stack(0x00007f8520c75000,0x00007f8520d76000)]
  0x00007f857429c000 JavaThread "Service Thread" daemon [_thread_blocked, id=31461, stack(0x00007f8522976000,0x00007f8522a77000)]
  0x00007f8574214800 JavaThread "Common-Cleaner" daemon [_thread_blocked, id=31460, stack(0x00007f8522a77000,0x00007f8522b78000)]
  0x00007f8574200000 JavaThread "Sweeper thread" daemon [_thread_blocked, id=31459, stack(0x00007f8522fa0000,0x00007f85230a1000)]
  0x00007f85741fe000 JavaThread "C1 CompilerThread2" daemon [_thread_blocked, id=31458, stack(0x00007f85230a1000,0x00007f85231a2000)]
  0x00007f85741fc000 JavaThread "C2 CompilerThread1" daemon [_thread_blocked, id=31457, stack(0x00007f85231a2000,0x00007f85232a3000)]
  0x00007f85741fa000 JavaThread "C2 CompilerThread0" daemon [_thread_blocked, id=31456, stack(0x00007f85232a3000,0x00007f85233a4000)]
  0x00007f85741f8000 JavaThread "Signal Dispatcher" daemon [_thread_blocked, id=31455, stack(0x00007f852809b000,0x00007f852819c000)]
  0x00007f85741dd000 JavaThread "Finalizer" daemon [_thread_blocked, id=31454, stack(0x00007f852819c000,0x00007f852829d000)]
  0x00007f85741d4800 JavaThread "Reference Handler" daemon [_thread_blocked, id=31453, stack(0x00007f852829d000,0x00007f852839e000)]
=>0x00007f8574012800 JavaThread "main" [_thread_in_native, id=31440, stack(0x00007f857b2f7000,0x00007f857b3f7000)]

Other Threads:
  0x00007f85741cb000 VMThread "VM Thread" [stack: 0x00007f852839f000,0x00007f852849f000] [id=31452]
  0x00007f857429e800 WatcherThread [stack: 0x00007f8522876000,0x00007f8522976000] [id=31462]
  0x00007f857402a000 GCTaskThread "GC Thread#0" [stack: 0x00007f8559433000,0x00007f8559533000] [id=31441]
  0x00007f857402b000 GCTaskThread "GC Thread#1" [stack: 0x00007f8559332000,0x00007f8559432000] [id=31442]
  0x00007f857402d000 GCTaskThread "GC Thread#2" [stack: 0x00007f8559231000,0x00007f8559331000] [id=31443]
  0x00007f857402e800 GCTaskThread "GC Thread#3" [stack: 0x00007f8559130000,0x00007f8559230000] [id=31444]
  0x00007f857407e000 ConcurrentGCThread "G1 Main Marker" [stack: 0x00007f852aa1b000,0x00007f852ab1b000] [id=31450]
  0x00007f8574080000 ConcurrentGCThread "G1 Marker#0" [stack: 0x00007f852a91a000,0x00007f852aa1a000] [id=31451]
  0x00007f8574036000 ConcurrentGCThread "G1 Refine#0" [stack: 0x00007f8558928000,0x00007f8558a28000] [id=31448]
  0x00007f8574034800 ConcurrentGCThread "G1 Refine#1" [stack: 0x00007f8558a29000,0x00007f8558b29000] [id=31447]
  0x00007f8574032800 ConcurrentGCThread "G1 Refine#2" [stack: 0x00007f8558b2a000,0x00007f8558c2a000] [id=31446]
  0x00007f8574030800 ConcurrentGCThread "G1 Refine#3" [stack: 0x00007f8558c2b000,0x00007f8558d2b000] [id=31445]
  0x00007f8574038000 ConcurrentGCThread "G1 Young RemSet Sampling" [stack: 0x00007f8558827000,0x00007f8558927000] [id=31449]

Threads with active compile tasks:

VM state:not at safepoint (normal execution)

VM Mutex/Monitor currently owned by a thread: None

Heap address: 0x00000006c6e00000, size: 3986 MB, Compressed Oops mode: Zero based, Oop shift amount: 3
Narrow klass base: 0x0000000000000000, Narrow klass shift: 3
Compressed class space size: 1073741824 Address: 0x00000007c0000000

Heap:
 garbage-first heap   total 256000K, used 104547K [0x00000006c6e00000, 0x00000006c6f007d0, 0x00000007c0000000)
  region size 1024K, 2 young (2048K), 1 survivors (1024K)
 Metaspace       used 13869K, capacity 14442K, committed 14592K, reserved 1062912K
  class space    used 1421K, capacity 1529K, committed 1536K, reserved 1048576K
Heap Regions: E=young(eden), S=young(survivor), O=old, HS=humongous(starts), HC=humongous(continues), CS=collection set, F=free, A=archive, TS=gc time stamp, AC=allocation context, TAMS=top-at-mark-start (previous, next)
|   0|0x00000006c6e00000, 0x00000006c6f00000, 0x00000006c6f00000|100%|HS|  |TS  0|AC  0|TAMS 0x00000006c6f00000, 0x00000006c6f00000|
|   1|0x00000006c6f00000, 0x00000006c7000000, 0x00000006c7000000|100%|HC|  |TS  0|AC  0|TAMS 0x00000006c7000000, 0x00000006c7000000|
|   2|0x00000006c7000000, 0x00000006c7100000, 0x00000006c7100000|100%|HC|  |TS  0|AC  0|TAMS 0x00000006c7100000, 0x00000006c7100000|
|   3|0x00000006c7100000, 0x00000006c7200000, 0x00000006c7200000|100%|HC|  |TS  0|AC  0|TAMS 0x00000006c7200000, 0x00000006c7200000|
|   4|0x00000006c7200000, 0x00000006c7300000, 0x00000006c7300000|100%|HC|  |TS  0|AC  0|TAMS 0x00000006c7300000, 0x00000006c7300000|
|   5|0x00000006c7300000, 0x00000006c7400000, 0x00000006c7400000|100%|HC|  |TS  0|AC  0|TAMS 0x00000006c7400000, 0x00000006c7400000|
|   6|0x00000006c7400000, 0x00000006c7500000, 0x00000006c7500000|100%|HC|  |TS  0|AC  0|TAMS 0x00000006c7500000, 0x00000006c7500000|
|   7|0x00000006c7500000, 0x00000006c7600000, 0x00000006c7600000|100%|HC|  |TS  0|AC  0|TAMS 0x00000006c7600000, 0x00000006c7600000|
|   8|0x00000006c7600000, 0x00000006c7700000, 0x00000006c7700000|100%|HC|  |TS  0|AC  0|TAMS 0x00000006c7700000, 0x00000006c7700000|
|   9|0x00000006c7700000, 0x00000006c7800000, 0x00000006c7800000|100%|HC|  |TS  0|AC  0|TAMS 0x00000006c7800000, 0x00000006c7800000|
|  10|0x00000006c7800000, 0x00000006c7900000, 0x00000006c7900000|100%|HC|  |TS  0|AC  0|TAMS 0x00000006c7900000, 0x00000006c7900000|
|  11|0x00000006c7900000, 0x00000006c7a00000, 0x00000006c7a00000|100%|HC|  |TS  0|AC  0|TAMS 0x00000006c7a00000, 0x00000006c7a00000|
|  12|0x00000006c7a00000, 0x00000006c7b00000, 0x00000006c7b00000|100%|HC|  |TS  0|AC  0|TAMS 0x00000006c7b00000, 0x00000006c7b00000|
|  13|0x00000006c7b00000, 0x00000006c7c00000, 0x00000006c7c00000|100%|HC|  |TS  0|AC  0|TAMS 0x00000006c7c00000, 0x00000006c7c00000|
|  14|0x00000006c7c00000, 0x00000006c7d00000, 0x00000006c7d00000|100%|HC|  |TS  0|AC  0|TAMS 0x00000006c7d00000, 0x00000006c7d00000|
|  15|0x00000006c7d00000, 0x00000006c7e00000, 0x00000006c7e00000|100%|HC|  |TS  0|AC  0|TAMS 0x00000006c7e00000, 0x00000006c7e00000|
|  16|0x00000006c7e00000, 0x00000006c7f00000, 0x00000006c7f00000|100%|HC|  |TS  0|AC  0|TAMS 0x00000006c7f00000, 0x00000006c7f00000|
|  17|0x00000006c7f00000, 0x00000006c8000000, 0x00000006c8000000|100%|HC|  |TS  0|AC  0|TAMS 0x00000006c8000000, 0x00000006c8000000|
|  18|0x00000006c8000000, 0x00000006c8100000, 0x00000006c8100000|100%|HC|  |TS  0|AC  0|TAMS 0x00000006c8100000, 0x00000006c8100000|
|  19|0x00000006c8100000, 0x00000006c8200000, 0x00000006c8200000|100%|HC|  |TS  0|AC  0|TAMS 0x00000006c8200000, 0x00000006c8200000|
|  20|0x00000006c8200000, 0x00000006c8300000, 0x00000006c8300000|100%|HC|  |TS  0|AC  0|TAMS 0x00000006c8300000, 0x00000006c8300000|
|  21|0x00000006c8300000, 0x00000006c8400000, 0x00000006c8400000|100%|HC|  |TS  0|AC  0|TAMS 0x00000006c8400000, 0x00000006c8400000|
|  22|0x00000006c8400000, 0x00000006c8500000, 0x00000006c8500000|100%|HC|  |TS  0|AC  0|TAMS 0x00000006c8500000, 0x00000006c8500000|
|  23|0x00000006c8500000, 0x00000006c8600000, 0x00000006c8600000|100%|HC|  |TS  0|AC  0|TAMS 0x00000006c8600000, 0x00000006c8600000|
|  24|0x00000006c8600000, 0x00000006c8700000, 0x00000006c8700000|100%| O|  |TS  0|AC  0|TAMS 0x00000006c8700000, 0x00000006c8700000|
|  25|0x00000006c8700000, 0x00000006c8800000, 0x00000006c8800000|100%| O|  |TS  0|AC  0|TAMS 0x00000006c8800000, 0x00000006c8800000|
|  26|0x00000006c8800000, 0x00000006c8900000, 0x00000006c8900000|100%| O|  |TS  0|AC  0|TAMS 0x00000006c8900000, 0x00000006c8900000|
|  27|0x00000006c8900000, 0x00000006c89a0200, 0x00000006c8a00000| 62%| O|  |TS  0|AC  0|TAMS 0x00000006c89a0200, 0x00000006c89a0200|
|  28|0x00000006c8a00000, 0x00000006c8b00000, 0x00000006c8b00000|100%|HS|  |TS  0|AC  0|TAMS 0x00000006c8b00000, 0x00000006c8b00000|
|  29|0x00000006c8b00000, 0x00000006c8c00000, 0x00000006c8c00000|100%|HC|  |TS  0|AC  0|TAMS 0x00000006c8c00000, 0x00000006c8c00000|
|  30|0x00000006c8c00000, 0x00000006c8d00000, 0x00000006c8d00000|100%|HC|  |TS  0|AC  0|TAMS 0x00000006c8d00000, 0x00000006c8d00000|
|  31|0x00000006c8d00000, 0x00000006c8e00000, 0x00000006c8e00000|100%|HC|  |TS  0|AC  0|TAMS 0x00000006c8e00000, 0x00000006c8e00000|
|  32|0x00000006c8e00000, 0x00000006c8f00000, 0x00000006c8f00000|100%|HC|  |TS  0|AC  0|TAMS 0x00000006c8f00000, 0x00000006c8f00000|
|  33|0x00000006c8f00000, 0x00000006c9000000, 0x00000006c9000000|100%|HC|  |TS  0|AC  0|TAMS 0x00000006c9000000, 0x00000006c9000000|
|  34|0x00000006c9000000, 0x00000006c9100000, 0x00000006c9100000|100%|HC|  |TS  0|AC  0|TAMS 0x00000006c9100000, 0x00000006c9100000|
|  35|0x00000006c9100000, 0x00000006c9200000, 0x00000006c9200000|100%|HC|  |TS  0|AC  0|TAMS 0x00000006c9200000, 0x00000006c9200000|
|  36|0x00000006c9200000, 0x00000006c9300000, 0x00000006c9300000|100%|HC|  |TS  0|AC  0|TAMS 0x00000006c9300000, 0x00000006c9300000|
|  37|0x00000006c9300000, 0x00000006c9400000, 0x00000006c9400000|100%|HC|  |TS  0|AC  0|TAMS 0x00000006c9400000, 0x00000006c9400000|
|  38|0x00000006c9400000, 0x00000006c9500000, 0x00000006c9500000|100%|HC|  |TS  0|AC  0|TAMS 0x00000006c9500000, 0x00000006c9500000|
|  39|0x00000006c9500000, 0x00000006c9600000, 0x00000006c9600000|100%|HC|  |TS  0|AC  0|TAMS 0x00000006c9600000, 0x00000006c9600000|
|  40|0x00000006c9600000, 0x00000006c9700000, 0x00000006c9700000|100%|HC|  |TS  0|AC  0|TAMS 0x00000006c9700000, 0x00000006c9700000|
|  41|0x00000006c9700000, 0x00000006c9800000, 0x00000006c9800000|100%|HC|  |TS  0|AC  0|TAMS 0x00000006c9800000, 0x00000006c9800000|
|  42|0x00000006c9800000, 0x00000006c9900000, 0x00000006c9900000|100%|HC|  |TS  0|AC  0|TAMS 0x00000006c9900000, 0x00000006c9900000|
|  43|0x00000006c9900000, 0x00000006c9a00000, 0x00000006c9a00000|100%|HC|  |TS  0|AC  0|TAMS 0x00000006c9a00000, 0x00000006c9a00000|
|  44|0x00000006c9a00000, 0x00000006c9b00000, 0x00000006c9b00000|100%|HC|  |TS  0|AC  0|TAMS 0x00000006c9b00000, 0x00000006c9b00000|
|  45|0x00000006c9b00000, 0x00000006c9c00000, 0x00000006c9c00000|100%|HC|  |TS  0|AC  0|TAMS 0x00000006c9c00000, 0x00000006c9c00000|
|  46|0x00000006c9c00000, 0x00000006c9d00000, 0x00000006c9d00000|100%|HC|  |TS  0|AC  0|TAMS 0x00000006c9d00000, 0x00000006c9d00000|
|  47|0x00000006c9d00000, 0x00000006c9e00000, 0x00000006c9e00000|100%|HC|  |TS  0|AC  0|TAMS 0x00000006c9e00000, 0x00000006c9e00000|
|  48|0x00000006c9e00000, 0x00000006c9f00000, 0x00000006c9f00000|100%|HC|  |TS  0|AC  0|TAMS 0x00000006c9f00000, 0x00000006c9f00000|
|  49|0x00000006c9f00000, 0x00000006ca000000, 0x00000006ca000000|100%|HC|  |TS  0|AC  0|TAMS 0x00000006ca000000, 0x00000006ca000000|
|  50|0x00000006ca000000, 0x00000006ca100000, 0x00000006ca100000|100%|HC|  |TS  0|AC  0|TAMS 0x00000006ca100000, 0x00000006ca100000|
|  51|0x00000006ca100000, 0x00000006ca200000, 0x00000006ca200000|100%|HC|  |TS  0|AC  0|TAMS 0x00000006ca200000, 0x00000006ca200000|
|  52|0x00000006ca200000, 0x00000006ca200000, 0x00000006ca300000|  0%| F|  |TS  0|AC  0|TAMS 0x00000006ca200000, 0x00000006ca200000|
|  53|0x00000006ca300000, 0x00000006ca300000, 0x00000006ca400000|  0%| F|  |TS  0|AC  0|TAMS 0x00000006ca300000, 0x00000006ca300000|
|  54|0x00000006ca400000, 0x00000006ca400000, 0x00000006ca500000|  0%| F|  |TS  0|AC  0|TAMS 0x00000006ca400000, 0x00000006ca400000|
|  55|0x00000006ca500000, 0x00000006ca500000, 0x00000006ca600000|  0%| F|  |TS  0|AC  0|TAMS 0x00000006ca500000, 0x00000006ca500000|
|  56|0x00000006ca600000, 0x00000006ca600000, 0x00000006ca700000|  0%| F|  |TS  0|AC  0|TAMS 0x00000006ca600000, 0x00000006ca600000|
|  57|0x00000006ca700000, 0x00000006ca700000, 0x00000006ca800000|  0%| F|  |TS  0|AC  0|TAMS 0x00000006ca700000, 0x00000006ca700000|
|  58|0x00000006ca800000, 0x00000006ca800000, 0x00000006ca900000|  0%| F|  |TS  0|AC  0|TAMS 0x00000006ca800000, 0x00000006ca800000|
|  59|0x00000006ca900000, 0x00000006ca900000, 0x00000006caa00000|  0%| F|  |TS  0|AC  0|TAMS 0x00000006ca900000, 0x00000006ca900000|
|  60|0x00000006caa00000, 0x00000006caa00000, 0x00000006cab00000|  0%| F|  |TS  0|AC  0|TAMS 0x00000006caa00000, 0x00000006caa00000|
|  61|0x00000006cab00000, 0x00000006cab00000, 0x00000006cac00000|  0%| F|  |TS  0|AC  0|TAMS 0x00000006cab00000, 0x00000006cab00000|
|  62|0x00000006cac00000, 0x00000006cac00000, 0x00000006cad00000|  0%| F|  |TS  0|AC  0|TAMS 0x00000006cac00000, 0x00000006cac00000|
|  63|0x00000006cad00000, 0x00000006cad00000, 0x00000006cae00000|  0%| F|  |TS  0|AC  0|TAMS 0x00000006cad00000, 0x00000006cad00000|
|  64|0x00000006cae00000, 0x00000006cae00000, 0x00000006caf00000|  0%| F|  |TS  0|AC  0|TAMS 0x00000006cae00000, 0x00000006cae00000|
|  65|0x00000006caf00000, 0x00000006caf00000, 0x00000006cb000000|  0%| F|  |TS  0|AC  0|TAMS 0x00000006caf00000, 0x00000006caf00000|
|  66|0x00000006cb000000, 0x00000006cb000000, 0x00000006cb100000|  0%| F|  |TS  0|AC  0|TAMS 0x00000006cb000000, 0x00000006cb000000|
|  67|0x00000006cb100000, 0x00000006cb100000, 0x00000006cb200000|  0%| F|  |TS  0|AC  0|TAMS 0x00000006cb100000, 0x00000006cb100000|
|  68|0x00000006cb200000, 0x00000006cb200000, 0x00000006cb300000|  0%| F|  |TS  0|AC  0|TAMS 0x00000006cb200000, 0x00000006cb200000|
|  69|0x00000006cb300000, 0x00000006cb300000, 0x00000006cb400000|  0%| F|  |TS  0|AC  0|TAMS 0x00000006cb300000, 0x00000006cb300000|
|  70|0x00000006cb400000, 0x00000006cb400000, 0x00000006cb500000|  0%| F|  |TS  0|AC  0|TAMS 0x00000006cb400000, 0x00000006cb400000|
|  71|0x00000006cb500000, 0x00000006cb500000, 0x00000006cb600000|  0%| F|  |TS  0|AC  0|TAMS 0x00000006cb500000, 0x00000006cb500000|
|  72|0x00000006cb600000, 0x00000006cb700000, 0x00000006cb700000|100%|HS|  |TS  0|AC  0|TAMS 0x00000006cb700000, 0x00000006cb700000|
|  73|0x00000006cb700000, 0x00000006cb800000, 0x00000006cb800000|100%|HC|  |TS  0|AC  0|TAMS 0x00000006cb800000, 0x00000006cb800000|
|  74|0x00000006cb800000, 0x00000006cb900000, 0x00000006cb900000|100%|HC|  |TS  0|AC  0|TAMS 0x00000006cb900000, 0x00000006cb900000|
|  75|0x00000006cb900000, 0x00000006cba00000, 0x00000006cba00000|100%|HC|  |TS  0|AC  0|TAMS 0x00000006cba00000, 0x00000006cba00000|
|  76|0x00000006cba00000, 0x00000006cbb00000, 0x00000006cbb00000|100%|HC|  |TS  0|AC  0|TAMS 0x00000006cbb00000, 0x00000006cbb00000|
|  77|0x00000006cbb00000, 0x00000006cbc00000, 0x00000006cbc00000|100%|HC|  |TS  0|AC  0|TAMS 0x00000006cbc00000, 0x00000006cbc00000|
|  78|0x00000006cbc00000, 0x00000006cbd00000, 0x00000006cbd00000|100%|HC|  |TS  0|AC  0|TAMS 0x00000006cbd00000, 0x00000006cbd00000|
|  79|0x00000006cbd00000, 0x00000006cbe00000, 0x00000006cbe00000|100%|HC|  |TS  0|AC  0|TAMS 0x00000006cbe00000, 0x00000006cbe00000|
|  80|0x00000006cbe00000, 0x00000006cbf00000, 0x00000006cbf00000|100%|HC|  |TS  0|AC  0|TAMS 0x00000006cbf00000, 0x00000006cbf00000|
|  81|0x00000006cbf00000, 0x00000006cc000000, 0x00000006cc000000|100%|HC|  |TS  0|AC  0|TAMS 0x00000006cc000000, 0x00000006cc000000|
|  82|0x00000006cc000000, 0x00000006cc100000, 0x00000006cc100000|100%|HC|  |TS  0|AC  0|TAMS 0x00000006cc100000, 0x00000006cc100000|
|  83|0x00000006cc100000, 0x00000006cc200000, 0x00000006cc200000|100%|HC|  |TS  0|AC  0|TAMS 0x00000006cc200000, 0x00000006cc200000|
|  84|0x00000006cc200000, 0x00000006cc300000, 0x00000006cc300000|100%|HC|  |TS  0|AC  0|TAMS 0x00000006cc300000, 0x00000006cc300000|
|  85|0x00000006cc300000, 0x00000006cc400000, 0x00000006cc400000|100%|HC|  |TS  0|AC  0|TAMS 0x00000006cc400000, 0x00000006cc400000|
|  86|0x00000006cc400000, 0x00000006cc500000, 0x00000006cc500000|100%|HC|  |TS  0|AC  0|TAMS 0x00000006cc500000, 0x00000006cc500000|
|  87|0x00000006cc500000, 0x00000006cc600000, 0x00000006cc600000|100%|HC|  |TS  0|AC  0|TAMS 0x00000006cc600000, 0x00000006cc600000|
|  88|0x00000006cc600000, 0x00000006cc700000, 0x00000006cc700000|100%|HC|  |TS  0|AC  0|TAMS 0x00000006cc700000, 0x00000006cc700000|
|  89|0x00000006cc700000, 0x00000006cc800000, 0x00000006cc800000|100%|HS|  |TS  0|AC  0|TAMS 0x00000006cc700000, 0x00000006cc700000|
|  90|0x00000006cc800000, 0x00000006cc900000, 0x00000006cc900000|100%|HC|  |TS  0|AC  0|TAMS 0x00000006cc800000, 0x00000006cc800000|
|  91|0x00000006cc900000, 0x00000006cca00000, 0x00000006cca00000|100%|HC|  |TS  0|AC  0|TAMS 0x00000006cc900000, 0x00000006cc900000|
|  92|0x00000006cca00000, 0x00000006ccb00000, 0x00000006ccb00000|100%|HC|  |TS  0|AC  0|TAMS 0x00000006cca00000, 0x00000006cca00000|
|  93|0x00000006ccb00000, 0x00000006ccc00000, 0x00000006ccc00000|100%|HC|  |TS  0|AC  0|TAMS 0x00000006ccb00000, 0x00000006ccb00000|
|  94|0x00000006ccc00000, 0x00000006ccd00000, 0x00000006ccd00000|100%|HC|  |TS  0|AC  0|TAMS 0x00000006ccc00000, 0x00000006ccc00000|
|  95|0x00000006ccd00000, 0x00000006cce00000, 0x00000006cce00000|100%|HC|  |TS  0|AC  0|TAMS 0x00000006ccd00000, 0x00000006ccd00000|
|  96|0x00000006cce00000, 0x00000006ccf00000, 0x00000006ccf00000|100%|HC|  |TS  0|AC  0|TAMS 0x00000006cce00000, 0x00000006cce00000|
|  97|0x00000006ccf00000, 0x00000006cd000000, 0x00000006cd000000|100%|HC|  |TS  0|AC  0|TAMS 0x00000006ccf00000, 0x00000006ccf00000|
|  98|0x00000006cd000000, 0x00000006cd100000, 0x00000006cd100000|100%|HC|  |TS  0|AC  0|TAMS 0x00000006cd000000, 0x00000006cd000000|
|  99|0x00000006cd100000, 0x00000006cd200000, 0x00000006cd200000|100%|HC|  |TS  0|AC  0|TAMS 0x00000006cd100000, 0x00000006cd100000|
| 100|0x00000006cd200000, 0x00000006cd300000, 0x00000006cd300000|100%|HC|  |TS  0|AC  0|TAMS 0x00000006cd200000, 0x00000006cd200000|
| 101|0x00000006cd300000, 0x00000006cd400000, 0x00000006cd400000|100%|HC|  |TS  0|AC  0|TAMS 0x00000006cd300000, 0x00000006cd300000|
| 102|0x00000006cd400000, 0x00000006cd500000, 0x00000006cd500000|100%|HC|  |TS  0|AC  0|TAMS 0x00000006cd400000, 0x00000006cd400000|
| 103|0x00000006cd500000, 0x00000006cd600000, 0x00000006cd600000|100%|HC|  |TS  0|AC  0|TAMS 0x00000006cd500000, 0x00000006cd500000|
| 104|0x00000006cd600000, 0x00000006cd700000, 0x00000006cd700000|100%|HC|  |TS  0|AC  0|TAMS 0x00000006cd600000, 0x00000006cd600000|
| 105|0x00000006cd700000, 0x00000006cd800000, 0x00000006cd800000|100%|HC|  |TS  0|AC  0|TAMS 0x00000006cd700000, 0x00000006cd700000|
| 106|0x00000006cd800000, 0x00000006cd900000, 0x00000006cd900000|100%|HC|  |TS  0|AC  0|TAMS 0x00000006cd800000, 0x00000006cd800000|
| 107|0x00000006cd900000, 0x00000006cda00000, 0x00000006cda00000|100%|HC|  |TS  0|AC  0|TAMS 0x00000006cd900000, 0x00000006cd900000|
| 108|0x00000006cda00000, 0x00000006cdb00000, 0x00000006cdb00000|100%|HC|  |TS  0|AC  0|TAMS 0x00000006cda00000, 0x00000006cda00000|
| 109|0x00000006cdb00000, 0x00000006cdc00000, 0x00000006cdc00000|100%|HC|  |TS  0|AC  0|TAMS 0x00000006cdb00000, 0x00000006cdb00000|
| 110|0x00000006cdc00000, 0x00000006cdd00000, 0x00000006cdd00000|100%|HC|  |TS  0|AC  0|TAMS 0x00000006cdc00000, 0x00000006cdc00000|
| 111|0x00000006cdd00000, 0x00000006cde00000, 0x00000006cde00000|100%|HC|  |TS  0|AC  0|TAMS 0x00000006cdd00000, 0x00000006cdd00000|
| 112|0x00000006cde00000, 0x00000006cdf00000, 0x00000006cdf00000|100%|HC|  |TS  0|AC  0|TAMS 0x00000006cde00000, 0x00000006cde00000|
| 113|0x00000006cdf00000, 0x00000006ce000000, 0x00000006ce000000|100%|HC|  |TS  0|AC  0|TAMS 0x00000006cdf00000, 0x00000006cdf00000|
| 114|0x00000006ce000000, 0x00000006ce100000, 0x00000006ce100000|100%|HC|  |TS  0|AC  0|TAMS 0x00000006ce000000, 0x00000006ce000000|
| 115|0x00000006ce100000, 0x00000006ce200000, 0x00000006ce200000|100%|HC|  |TS  0|AC  0|TAMS 0x00000006ce100000, 0x00000006ce100000|
| 116|0x00000006ce200000, 0x00000006ce300000, 0x00000006ce300000|100%|HC|  |TS  0|AC  0|TAMS 0x00000006ce200000, 0x00000006ce200000|
| 117|0x00000006ce300000, 0x00000006ce400000, 0x00000006ce400000|100%|HC|  |TS  0|AC  0|TAMS 0x00000006ce300000, 0x00000006ce300000|
| 118|0x00000006ce400000, 0x00000006ce500000, 0x00000006ce500000|100%|HC|  |TS  0|AC  0|TAMS 0x00000006ce400000, 0x00000006ce400000|
| 119|0x00000006ce500000, 0x00000006ce600000, 0x00000006ce600000|100%|HC|  |TS  0|AC  0|TAMS 0x00000006ce500000, 0x00000006ce500000|
| 120|0x00000006ce600000, 0x00000006ce700000, 0x00000006ce700000|100%|HC|  |TS  0|AC  0|TAMS 0x00000006ce600000, 0x00000006ce600000|
| 121|0x00000006ce700000, 0x00000006ce800000, 0x00000006ce800000|100%|HC|  |TS  0|AC  0|TAMS 0x00000006ce700000, 0x00000006ce700000|
| 122|0x00000006ce800000, 0x00000006ce800000, 0x00000006ce900000|  0%| F|  |TS  0|AC  0|TAMS 0x00000006ce800000, 0x00000006ce800000|
| 123|0x00000006ce900000, 0x00000006ce900000, 0x00000006cea00000|  0%| F|  |TS  0|AC  0|TAMS 0x00000006ce900000, 0x00000006ce900000|
| 124|0x00000006cea00000, 0x00000006cea00000, 0x00000006ceb00000|  0%| F|  |TS  0|AC  0|TAMS 0x00000006cea00000, 0x00000006cea00000|
| 125|0x00000006ceb00000, 0x00000006ceb00000, 0x00000006cec00000|  0%| F|  |TS  0|AC  0|TAMS 0x00000006ceb00000, 0x00000006ceb00000|
| 126|0x00000006cec00000, 0x00000006cec00000, 0x00000006ced00000|  0%| F|  |TS  0|AC  0|TAMS 0x00000006cec00000, 0x00000006cec00000|
| 127|0x00000006ced00000, 0x00000006ced00000, 0x00000006cee00000|  0%| F|  |TS  0|AC  0|TAMS 0x00000006ced00000, 0x00000006ced00000|
| 128|0x00000006cee00000, 0x00000006cee00000, 0x00000006cef00000|  0%| F|  |TS  0|AC  0|TAMS 0x00000006cee00000, 0x00000006cee00000|
| 129|0x00000006cef00000, 0x00000006cef00000, 0x00000006cf000000|  0%| F|  |TS  0|AC  0|TAMS 0x00000006cef00000, 0x00000006cef00000|
| 130|0x00000006cf000000, 0x00000006cf000000, 0x00000006cf100000|  0%| F|  |TS  0|AC  0|TAMS 0x00000006cf000000, 0x00000006cf000000|
| 131|0x00000006cf100000, 0x00000006cf100000, 0x00000006cf200000|  0%| F|  |TS  0|AC  0|TAMS 0x00000006cf100000, 0x00000006cf100000|
| 132|0x00000006cf200000, 0x00000006cf200000, 0x00000006cf300000|  0%| F|  |TS  0|AC  0|TAMS 0x00000006cf200000, 0x00000006cf200000|
| 133|0x00000006cf300000, 0x00000006cf300000, 0x00000006cf400000|  0%| F|  |TS  0|AC  0|TAMS 0x00000006cf300000, 0x00000006cf300000|
| 134|0x00000006cf400000, 0x00000006cf400000, 0x00000006cf500000|  0%| F|  |TS  0|AC  0|TAMS 0x00000006cf400000, 0x00000006cf400000|
| 135|0x00000006cf500000, 0x00000006cf500000, 0x00000006cf600000|  0%| F|  |TS  0|AC  0|TAMS 0x00000006cf500000, 0x00000006cf500000|
| 136|0x00000006cf600000, 0x00000006cf600000, 0x00000006cf700000|  0%| F|  |TS  0|AC  0|TAMS 0x00000006cf600000, 0x00000006cf600000|
| 137|0x00000006cf700000, 0x00000006cf700000, 0x00000006cf800000|  0%| F|  |TS  0|AC  0|TAMS 0x00000006cf700000, 0x00000006cf700000|
| 138|0x00000006cf800000, 0x00000006cf800000, 0x00000006cf900000|  0%| F|  |TS  0|AC  0|TAMS 0x00000006cf800000, 0x00000006cf800000|
| 139|0x00000006cf900000, 0x00000006cf900000, 0x00000006cfa00000|  0%| F|  |TS  0|AC  0|TAMS 0x00000006cf900000, 0x00000006cf900000|
| 140|0x00000006cfa00000, 0x00000006cfa00000, 0x00000006cfb00000|  0%| F|  |TS  0|AC  0|TAMS 0x00000006cfa00000, 0x00000006cfa00000|
| 141|0x00000006cfb00000, 0x00000006cfb00000, 0x00000006cfc00000|  0%| F|  |TS  0|AC  0|TAMS 0x00000006cfb00000, 0x00000006cfb00000|
| 142|0x00000006cfc00000, 0x00000006cfc00000, 0x00000006cfd00000|  0%| F|  |TS  0|AC  0|TAMS 0x00000006cfc00000, 0x00000006cfc00000|
| 143|0x00000006cfd00000, 0x00000006cfd00000, 0x00000006cfe00000|  0%| F|  |TS  0|AC  0|TAMS 0x00000006cfd00000, 0x00000006cfd00000|
| 144|0x00000006cfe00000, 0x00000006cfe00000, 0x00000006cff00000|  0%| F|  |TS  0|AC  0|TAMS 0x00000006cfe00000, 0x00000006cfe00000|
| 145|0x00000006cff00000, 0x00000006cff00000, 0x00000006d0000000|  0%| F|  |TS  0|AC  0|TAMS 0x00000006cff00000, 0x00000006cff00000|
| 146|0x00000006d0000000, 0x00000006d0000000, 0x00000006d0100000|  0%| F|  |TS  0|AC  0|TAMS 0x00000006d0000000, 0x00000006d0000000|
| 147|0x00000006d0100000, 0x00000006d0100000, 0x00000006d0200000|  0%| F|  |TS  0|AC  0|TAMS 0x00000006d0100000, 0x00000006d0100000|
| 148|0x00000006d0200000, 0x00000006d0200000, 0x00000006d0300000|  0%| F|  |TS  0|AC  0|TAMS 0x00000006d0200000, 0x00000006d0200000|
| 149|0x00000006d0300000, 0x00000006d0300000, 0x00000006d0400000|  0%| F|  |TS  0|AC  0|TAMS 0x00000006d0300000, 0x00000006d0300000|
| 150|0x00000006d0400000, 0x00000006d0400000, 0x00000006d0500000|  0%| F|  |TS  0|AC  0|TAMS 0x00000006d0400000, 0x00000006d0400000|
| 151|0x00000006d0500000, 0x00000006d0500000, 0x00000006d0600000|  0%| F|  |TS  0|AC  0|TAMS 0x00000006d0500000, 0x00000006d0500000|
| 152|0x00000006d0600000, 0x00000006d0600000, 0x00000006d0700000|  0%| F|  |TS  0|AC  0|TAMS 0x00000006d0600000, 0x00000006d0600000|
| 153|0x00000006d0700000, 0x00000006d0700000, 0x00000006d0800000|  0%| F|  |TS  0|AC  0|TAMS 0x00000006d0700000, 0x00000006d0700000|
| 154|0x00000006d0800000, 0x00000006d0800000, 0x00000006d0900000|  0%| F|  |TS  0|AC  0|TAMS 0x00000006d0800000, 0x00000006d0800000|
| 155|0x00000006d0900000, 0x00000006d0900000, 0x00000006d0a00000|  0%| F|  |TS  0|AC  0|TAMS 0x00000006d0900000, 0x00000006d0900000|
| 156|0x00000006d0a00000, 0x00000006d0a00000, 0x00000006d0b00000|  0%| F|  |TS  0|AC  0|TAMS 0x00000006d0a00000, 0x00000006d0a00000|
| 157|0x00000006d0b00000, 0x00000006d0b00000, 0x00000006d0c00000|  0%| F|  |TS  0|AC  0|TAMS 0x00000006d0b00000, 0x00000006d0b00000|
| 158|0x00000006d0c00000, 0x00000006d0c00000, 0x00000006d0d00000|  0%| F|  |TS  0|AC  0|TAMS 0x00000006d0c00000, 0x00000006d0c00000|
| 159|0x00000006d0d00000, 0x00000006d0d00000, 0x00000006d0e00000|  0%| F|  |TS  0|AC  0|TAMS 0x00000006d0d00000, 0x00000006d0d00000|
| 160|0x00000006d0e00000, 0x00000006d0e00000, 0x00000006d0f00000|  0%| F|  |TS  0|AC  0|TAMS 0x00000006d0e00000, 0x00000006d0e00000|
| 161|0x00000006d0f00000, 0x00000006d0f00000, 0x00000006d1000000|  0%| F|  |TS  0|AC  0|TAMS 0x00000006d0f00000, 0x00000006d0f00000|
| 162|0x00000006d1000000, 0x00000006d1000000, 0x00000006d1100000|  0%| F|  |TS  0|AC  0|TAMS 0x00000006d1000000, 0x00000006d1000000|
| 163|0x00000006d1100000, 0x00000006d1100000, 0x00000006d1200000|  0%| F|  |TS  0|AC  0|TAMS 0x00000006d1100000, 0x00000006d1100000|
| 164|0x00000006d1200000, 0x00000006d1200000, 0x00000006d1300000|  0%| F|  |TS  0|AC  0|TAMS 0x00000006d1200000, 0x00000006d1200000|
| 165|0x00000006d1300000, 0x00000006d1300000, 0x00000006d1400000|  0%| F|  |TS  0|AC  0|TAMS 0x00000006d1300000, 0x00000006d1300000|
| 166|0x00000006d1400000, 0x00000006d1400000, 0x00000006d1500000|  0%| F|  |TS  0|AC  0|TAMS 0x00000006d1400000, 0x00000006d1400000|
| 167|0x00000006d1500000, 0x00000006d1500000, 0x00000006d1600000|  0%| F|  |TS  0|AC  0|TAMS 0x00000006d1500000, 0x00000006d1500000|
| 168|0x00000006d1600000, 0x00000006d1600000, 0x00000006d1700000|  0%| F|  |TS  0|AC  0|TAMS 0x00000006d1600000, 0x00000006d1600000|
| 169|0x00000006d1700000, 0x00000006d1700000, 0x00000006d1800000|  0%| F|  |TS  0|AC  0|TAMS 0x00000006d1700000, 0x00000006d1700000|
| 170|0x00000006d1800000, 0x00000006d1800000, 0x00000006d1900000|  0%| F|  |TS  0|AC  0|TAMS 0x00000006d1800000, 0x00000006d1800000|
| 171|0x00000006d1900000, 0x00000006d1900000, 0x00000006d1a00000|  0%| F|  |TS  0|AC  0|TAMS 0x00000006d1900000, 0x00000006d1900000|
| 172|0x00000006d1a00000, 0x00000006d1a00000, 0x00000006d1b00000|  0%| F|  |TS  0|AC  0|TAMS 0x00000006d1a00000, 0x00000006d1a00000|
| 173|0x00000006d1b00000, 0x00000006d1b00000, 0x00000006d1c00000|  0%| F|  |TS  0|AC  0|TAMS 0x00000006d1b00000, 0x00000006d1b00000|
| 174|0x00000006d1c00000, 0x00000006d1c00000, 0x00000006d1d00000|  0%| F|  |TS  0|AC  0|TAMS 0x00000006d1c00000, 0x00000006d1c00000|
| 175|0x00000006d1d00000, 0x00000006d1d00000, 0x00000006d1e00000|  0%| F|  |TS  0|AC  0|TAMS 0x00000006d1d00000, 0x00000006d1d00000|
| 176|0x00000006d1e00000, 0x00000006d1e00000, 0x00000006d1f00000|  0%| F|  |TS  0|AC  0|TAMS 0x00000006d1e00000, 0x00000006d1e00000|
| 177|0x00000006d1f00000, 0x00000006d1f00000, 0x00000006d2000000|  0%| F|  |TS  0|AC  0|TAMS 0x00000006d1f00000, 0x00000006d1f00000|
| 178|0x00000006d2000000, 0x00000006d2000000, 0x00000006d2100000|  0%| F|  |TS  0|AC  0|TAMS 0x00000006d2000000, 0x00000006d2000000|
| 179|0x00000006d2100000, 0x00000006d2100000, 0x00000006d2200000|  0%| F|  |TS  0|AC  0|TAMS 0x00000006d2100000, 0x00000006d2100000|
| 180|0x00000006d2200000, 0x00000006d2200000, 0x00000006d2300000|  0%| F|  |TS  0|AC  0|TAMS 0x00000006d2200000, 0x00000006d2200000|
| 181|0x00000006d2300000, 0x00000006d2300000, 0x00000006d2400000|  0%| F|  |TS  0|AC  0|TAMS 0x00000006d2300000, 0x00000006d2300000|
| 182|0x00000006d2400000, 0x00000006d2400000, 0x00000006d2500000|  0%| F|  |TS  0|AC  0|TAMS 0x00000006d2400000, 0x00000006d2400000|
| 183|0x00000006d2500000, 0x00000006d2500000, 0x00000006d2600000|  0%| F|  |TS  0|AC  0|TAMS 0x00000006d2500000, 0x00000006d2500000|
| 184|0x00000006d2600000, 0x00000006d2600000, 0x00000006d2700000|  0%| F|  |TS  0|AC  0|TAMS 0x00000006d2600000, 0x00000006d2600000|
| 185|0x00000006d2700000, 0x00000006d2700000, 0x00000006d2800000|  0%| F|  |TS  0|AC  0|TAMS 0x00000006d2700000, 0x00000006d2700000|
| 186|0x00000006d2800000, 0x00000006d2800000, 0x00000006d2900000|  0%| F|  |TS  0|AC  0|TAMS 0x00000006d2800000, 0x00000006d2800000|
| 187|0x00000006d2900000, 0x00000006d2900000, 0x00000006d2a00000|  0%| F|  |TS  0|AC  0|TAMS 0x00000006d2900000, 0x00000006d2900000|
| 188|0x00000006d2a00000, 0x00000006d2a00000, 0x00000006d2b00000|  0%| F|  |TS  0|AC  0|TAMS 0x00000006d2a00000, 0x00000006d2a00000|
| 189|0x00000006d2b00000, 0x00000006d2b00000, 0x00000006d2c00000|  0%| F|  |TS  0|AC  0|TAMS 0x00000006d2b00000, 0x00000006d2b00000|
| 190|0x00000006d2c00000, 0x00000006d2c78a68, 0x00000006d2d00000| 47%| S|CS|TS  0|AC  0|TAMS 0x00000006d2c00000, 0x00000006d2c00000|
| 191|0x00000006d2d00000, 0x00000006d2d00000, 0x00000006d2e00000|  0%| F|  |TS  0|AC  0|TAMS 0x00000006d2d00000, 0x00000006d2d00000|
| 192|0x00000006d2e00000, 0x00000006d2e00000, 0x00000006d2f00000|  0%| F|  |TS  0|AC  0|TAMS 0x00000006d2e00000, 0x00000006d2e00000|
| 193|0x00000006d2f00000, 0x00000006d2f00000, 0x00000006d3000000|  0%| F|  |TS  0|AC  0|TAMS 0x00000006d2f00000, 0x00000006d2f00000|
| 194|0x00000006d3000000, 0x00000006d3000000, 0x00000006d3100000|  0%| F|  |TS  0|AC  0|TAMS 0x00000006d3000000, 0x00000006d3000000|
| 195|0x00000006d3100000, 0x00000006d3100000, 0x00000006d3200000|  0%| F|  |TS  0|AC  0|TAMS 0x00000006d3100000, 0x00000006d3100000|
| 196|0x00000006d3200000, 0x00000006d3200000, 0x00000006d3300000|  0%| F|  |TS  0|AC  0|TAMS 0x00000006d3200000, 0x00000006d3200000|
| 197|0x00000006d3300000, 0x00000006d3300000, 0x00000006d3400000|  0%| F|  |TS  0|AC  0|TAMS 0x00000006d3300000, 0x00000006d3300000|
| 198|0x00000006d3400000, 0x00000006d3400000, 0x00000006d3500000|  0%| F|  |TS  0|AC  0|TAMS 0x00000006d3400000, 0x00000006d3400000|
| 199|0x00000006d3500000, 0x00000006d3500000, 0x00000006d3600000|  0%| F|  |TS  0|AC  0|TAMS 0x00000006d3500000, 0x00000006d3500000|
| 200|0x00000006d3600000, 0x00000006d3600000, 0x00000006d3700000|  0%| F|  |TS  0|AC  0|TAMS 0x00000006d3600000, 0x00000006d3600000|
| 201|0x00000006d3700000, 0x00000006d3700000, 0x00000006d3800000|  0%| F|  |TS  0|AC  0|TAMS 0x00000006d3700000, 0x00000006d3700000|
| 202|0x00000006d3800000, 0x00000006d3800000, 0x00000006d3900000|  0%| F|  |TS  0|AC  0|TAMS 0x00000006d3800000, 0x00000006d3800000|
| 203|0x00000006d3900000, 0x00000006d3900000, 0x00000006d3a00000|  0%| F|  |TS  0|AC  0|TAMS 0x00000006d3900000, 0x00000006d3900000|
| 204|0x00000006d3a00000, 0x00000006d3a00000, 0x00000006d3b00000|  0%| F|  |TS  0|AC  0|TAMS 0x00000006d3a00000, 0x00000006d3a00000|
| 205|0x00000006d3b00000, 0x00000006d3b00000, 0x00000006d3c00000|  0%| F|  |TS  0|AC  0|TAMS 0x00000006d3b00000, 0x00000006d3b00000|
| 206|0x00000006d3c00000, 0x00000006d3c00000, 0x00000006d3d00000|  0%| F|  |TS  0|AC  0|TAMS 0x00000006d3c00000, 0x00000006d3c00000|
| 207|0x00000006d3d00000, 0x00000006d3d00000, 0x00000006d3e00000|  0%| F|  |TS  0|AC  0|TAMS 0x00000006d3d00000, 0x00000006d3d00000|
| 208|0x00000006d3e00000, 0x00000006d3e00000, 0x00000006d3f00000|  0%| F|  |TS  0|AC  0|TAMS 0x00000006d3e00000, 0x00000006d3e00000|
| 209|0x00000006d3f00000, 0x00000006d3f00000, 0x00000006d4000000|  0%| F|  |TS  0|AC  0|TAMS 0x00000006d3f00000, 0x00000006d3f00000|
| 210|0x00000006d4000000, 0x00000006d4000000, 0x00000006d4100000|  0%| F|  |TS  0|AC  0|TAMS 0x00000006d4000000, 0x00000006d4000000|
| 211|0x00000006d4100000, 0x00000006d4100000, 0x00000006d4200000|  0%| F|  |TS  0|AC  0|TAMS 0x00000006d4100000, 0x00000006d4100000|
| 212|0x00000006d4200000, 0x00000006d4200000, 0x00000006d4300000|  0%| F|  |TS  0|AC  0|TAMS 0x00000006d4200000, 0x00000006d4200000|
| 213|0x00000006d4300000, 0x00000006d4300000, 0x00000006d4400000|  0%| F|  |TS  0|AC  0|TAMS 0x00000006d4300000, 0x00000006d4300000|
| 214|0x00000006d4400000, 0x00000006d4400000, 0x00000006d4500000|  0%| F|  |TS  0|AC  0|TAMS 0x00000006d4400000, 0x00000006d4400000|
| 215|0x00000006d4500000, 0x00000006d4500000, 0x00000006d4600000|  0%| F|  |TS  0|AC  0|TAMS 0x00000006d4500000, 0x00000006d4500000|
| 216|0x00000006d4600000, 0x00000006d4600000, 0x00000006d4700000|  0%| F|  |TS  0|AC  0|TAMS 0x00000006d4600000, 0x00000006d4600000|
| 217|0x00000006d4700000, 0x00000006d4700000, 0x00000006d4800000|  0%| F|  |TS  0|AC  0|TAMS 0x00000006d4700000, 0x00000006d4700000|
| 218|0x00000006d4800000, 0x00000006d4800000, 0x00000006d4900000|  0%| F|  |TS  0|AC  0|TAMS 0x00000006d4800000, 0x00000006d4800000|
| 219|0x00000006d4900000, 0x00000006d4900000, 0x00000006d4a00000|  0%| F|  |TS  0|AC  0|TAMS 0x00000006d4900000, 0x00000006d4900000|
| 220|0x00000006d4a00000, 0x00000006d4a00000, 0x00000006d4b00000|  0%| F|  |TS  0|AC  0|TAMS 0x00000006d4a00000, 0x00000006d4a00000|
| 221|0x00000006d4b00000, 0x00000006d4b00000, 0x00000006d4c00000|  0%| F|  |TS  0|AC  0|TAMS 0x00000006d4b00000, 0x00000006d4b00000|
| 222|0x00000006d4c00000, 0x00000006d4c00000, 0x00000006d4d00000|  0%| F|  |TS  0|AC  0|TAMS 0x00000006d4c00000, 0x00000006d4c00000|
| 223|0x00000006d4d00000, 0x00000006d4d00000, 0x00000006d4e00000|  0%| F|  |TS  0|AC  0|TAMS 0x00000006d4d00000, 0x00000006d4d00000|
| 224|0x00000006d4e00000, 0x00000006d4e00000, 0x00000006d4f00000|  0%| F|  |TS  0|AC  0|TAMS 0x00000006d4e00000, 0x00000006d4e00000|
| 225|0x00000006d4f00000, 0x00000006d4f00000, 0x00000006d5000000|  0%| F|  |TS  0|AC  0|TAMS 0x00000006d4f00000, 0x00000006d4f00000|
| 226|0x00000006d5000000, 0x00000006d5000000, 0x00000006d5100000|  0%| F|  |TS  0|AC  0|TAMS 0x00000006d5000000, 0x00000006d5000000|
| 227|0x00000006d5100000, 0x00000006d5100000, 0x00000006d5200000|  0%| F|  |TS  0|AC  0|TAMS 0x00000006d5100000, 0x00000006d5100000|
| 228|0x00000006d5200000, 0x00000006d5200000, 0x00000006d5300000|  0%| F|  |TS  0|AC  0|TAMS 0x00000006d5200000, 0x00000006d5200000|
| 229|0x00000006d5300000, 0x00000006d5300000, 0x00000006d5400000|  0%| F|  |TS  0|AC  0|TAMS 0x00000006d5300000, 0x00000006d5300000|
| 230|0x00000006d5400000, 0x00000006d5400000, 0x00000006d5500000|  0%| F|  |TS  0|AC  0|TAMS 0x00000006d5400000, 0x00000006d5400000|
| 231|0x00000006d5500000, 0x00000006d5500000, 0x00000006d5600000|  0%| F|  |TS  0|AC  0|TAMS 0x00000006d5500000, 0x00000006d5500000|
| 232|0x00000006d5600000, 0x00000006d5600000, 0x00000006d5700000|  0%| F|  |TS  0|AC  0|TAMS 0x00000006d5600000, 0x00000006d5600000|
| 233|0x00000006d5700000, 0x00000006d5700000, 0x00000006d5800000|  0%| F|  |TS  0|AC  0|TAMS 0x00000006d5700000, 0x00000006d5700000|
| 234|0x00000006d5800000, 0x00000006d5800000, 0x00000006d5900000|  0%| F|  |TS  0|AC  0|TAMS 0x00000006d5800000, 0x00000006d5800000|
| 235|0x00000006d5900000, 0x00000006d5900000, 0x00000006d5a00000|  0%| F|  |TS  0|AC  0|TAMS 0x00000006d5900000, 0x00000006d5900000|
| 236|0x00000006d5a00000, 0x00000006d5a00000, 0x00000006d5b00000|  0%| F|  |TS  0|AC  0|TAMS 0x00000006d5a00000, 0x00000006d5a00000|
| 237|0x00000006d5b00000, 0x00000006d5b00000, 0x00000006d5c00000|  0%| F|  |TS  0|AC  0|TAMS 0x00000006d5b00000, 0x00000006d5b00000|
| 238|0x00000006d5c00000, 0x00000006d5c00000, 0x00000006d5d00000|  0%| F|  |TS  0|AC  0|TAMS 0x00000006d5c00000, 0x00000006d5c00000|
| 239|0x00000006d5d00000, 0x00000006d5d00000, 0x00000006d5e00000|  0%| F|  |TS  0|AC  0|TAMS 0x00000006d5d00000, 0x00000006d5d00000|
| 240|0x00000006d5e00000, 0x00000006d5e00000, 0x00000006d5f00000|  0%| F|  |TS  0|AC  0|TAMS 0x00000006d5e00000, 0x00000006d5e00000|
| 241|0x00000006d5f00000, 0x00000006d5f00000, 0x00000006d6000000|  0%| F|  |TS  0|AC  0|TAMS 0x00000006d5f00000, 0x00000006d5f00000|
| 242|0x00000006d6000000, 0x00000006d6000000, 0x00000006d6100000|  0%| F|  |TS  0|AC  0|TAMS 0x00000006d6000000, 0x00000006d6000000|
| 243|0x00000006d6100000, 0x00000006d6100000, 0x00000006d6200000|  0%| F|  |TS  0|AC  0|TAMS 0x00000006d6100000, 0x00000006d6100000|
| 244|0x00000006d6200000, 0x00000006d6200000, 0x00000006d6300000|  0%| F|  |TS  0|AC  0|TAMS 0x00000006d6200000, 0x00000006d6200000|
| 245|0x00000006d6300000, 0x00000006d6300000, 0x00000006d6400000|  0%| F|  |TS  0|AC  0|TAMS 0x00000006d6300000, 0x00000006d6300000|
| 246|0x00000006d6400000, 0x00000006d6400000, 0x00000006d6500000|  0%| F|  |TS  0|AC  0|TAMS 0x00000006d6400000, 0x00000006d6400000|
| 247|0x00000006d6500000, 0x00000006d6500000, 0x00000006d6600000|  0%| F|  |TS  0|AC  0|TAMS 0x00000006d6500000, 0x00000006d6500000|
| 248|0x00000006d6600000, 0x00000006d6600000, 0x00000006d6700000|  0%| F|  |TS  0|AC  0|TAMS 0x00000006d6600000, 0x00000006d6600000|
| 249|0x00000006d6700000, 0x00000006d6800000, 0x00000006d6800000|100%| E|  |TS  0|AC  0|TAMS 0x00000006d6700000, 0x00000006d6700000|

Card table byte_map: [0x00007f853306e000,0x00007f8533837000] byte_map_base: 0x00007f852fa37000

Marking Bits (Prev, Next): (CMBitMap*) 0x00007f857407d568, (CMBitMap*) 0x00007f857407d530
 Prev Bits: [0x00007f852ac15000, 0x00007f852ea5d000)
 Next Bits: [0x00007f852ea5d000, 0x00007f85328a5000)

Polling page: 0x00007f857b415000

CodeHeap 'non-profiled nmethods': size=120032Kb used=489Kb max_used=489Kb free=119542Kb
 bounds [0x00007f85611d1000, 0x00007f8561441000, 0x00007f8568709000]
CodeHeap 'profiled nmethods': size=120032Kb used=2624Kb max_used=2624Kb free=117407Kb
 bounds [0x00007f8559c99000, 0x00007f8559f39000, 0x00007f85611d1000]
CodeHeap 'non-nmethods': size=5696Kb used=1247Kb max_used=1261Kb free=4449Kb
 bounds [0x00007f8559709000, 0x00007f8559979000, 0x00007f8559c99000]
 total_blobs=2024 nmethods=1295 adapters=351
 compilation: enabled

Compilation events (10 events):
Event: 1,971 Thread 0x00007f85741fc000 1291       4       java.io.RandomAccessFile::readFully (45 bytes)
Event: 1,972 Thread 0x00007f85741fc000 nmethod 1291 0x00007f856124a710 code [0x00007f856124a8a0, 0x00007f856124a968]
Event: 1,972 Thread 0x00007f85741fc000 1292  s    4       java.io.ByteArrayOutputStream::write (66 bytes)
Event: 1,976 Thread 0x00007f85741fc000 nmethod 1292 0x00007f856124aa90 code [0x00007f856124ac40, 0x00007f856124b0e8]
Event: 1,976 Thread 0x00007f85741fc000 1293       4       java.lang.Math::min (12 bytes)
Event: 1,977 Thread 0x00007f85741fc000 nmethod 1293 0x00007f856124b310 code [0x00007f856124b4a0, 0x00007f856124b518]
Event: 2,132 Thread 0x00007f85741fe000 1294       3       java.io.OutputStream::flush (1 bytes)
Event: 2,132 Thread 0x00007f85741fe000 nmethod 1294 0x00007f8559f28810 code [0x00007f8559f289c0, 0x00007f8559f28b10]
Event: 2,258 Thread 0x00007f85741fe000 1295       3       jdk.internal.reflect.ClassFileAssembler::emitShort (24 bytes)
Event: 2,259 Thread 0x00007f85741fe000 nmethod 1295 0x00007f8559f28b90 code [0x00007f8559f28d80, 0x00007f8559f290d8]

GC Heap History (8 events):
Event: 0,948 GC heap before
{Heap before GC invocations=0 (full 0):
 garbage-first heap   total 256000K, used 38912K [0x00000006c6e00000, 0x00000006c6f007d0, 0x00000007c0000000)
  region size 1024K, 14 young (14336K), 0 survivors (0K)
 Metaspace       used 11228K, capacity 11764K, committed 12032K, reserved 1060864K
  class space    used 1064K, capacity 1158K, committed 1280K, reserved 1048576K
}
Event: 0,970 GC heap after
{Heap after GC invocations=1 (full 0):
 garbage-first heap   total 256000K, used 28195K [0x00000006c6e00000, 0x00000006c6f007d0, 0x00000007c0000000)
  region size 1024K, 2 young (2048K), 2 survivors (2048K)
 Metaspace       used 11228K, capacity 11764K, committed 12032K, reserved 1060864K
  class space    used 1064K, capacity 1158K, committed 1280K, reserved 1048576K
}
Event: 1,085 GC heap before
{Heap before GC invocations=1 (full 0):
 garbage-first heap   total 256000K, used 38435K [0x00000006c6e00000, 0x00000006c6f007d0, 0x00000007c0000000)
  region size 1024K, 12 young (12288K), 2 survivors (2048K)
 Metaspace       used 11235K, capacity 11764K, committed 12032K, reserved 1060864K
  class space    used 1064K, capacity 1158K, committed 1280K, reserved 1048576K
}
Event: 1,097 GC heap after
{Heap after GC invocations=2 (full 0):
 garbage-first heap   total 256000K, used 28604K [0x00000006c6e00000, 0x00000006c6f007d0, 0x00000007c0000000)
  region size 1024K, 1 young (1024K), 1 survivors (1024K)
 Metaspace       used 11235K, capacity 11764K, committed 12032K, reserved 1060864K
  class space    used 1064K, capacity 1158K, committed 1280K, reserved 1048576K
}
Event: 1,605 GC heap before
{Heap before GC invocations=2 (full 0):
 garbage-first heap   total 256000K, used 55228K [0x00000006c6e00000, 0x00000006c6f007d0, 0x00000007c0000000)
  region size 1024K, 27 young (27648K), 1 survivors (1024K)
 Metaspace       used 13209K, capacity 13764K, committed 14080K, reserved 1062912K
  class space    used 1300K, capacity 1432K, committed 1536K, reserved 1048576K
}
Event: 1,607 GC heap after
{Heap after GC invocations=3 (full 0):
 garbage-first heap   total 256000K, used 29220K [0x00000006c6e00000, 0x00000006c6f007d0, 0x00000007c0000000)
  region size 1024K, 1 young (1024K), 1 survivors (1024K)
 Metaspace       used 13209K, capacity 13764K, committed 14080K, reserved 1062912K
  class space    used 1300K, capacity 1432K, committed 1536K, reserved 1048576K
}
Event: 2,021 GC heap before
{Heap before GC invocations=3 (full 0):
 garbage-first heap   total 256000K, used 150052K [0x00000006c6e00000, 0x00000006c6f007d0, 0x00000007c0000000)
  region size 1024K, 59 young (60416K), 1 survivors (1024K)
 Metaspace       used 13851K, capacity 14436K, committed 14592K, reserved 1062912K
  class space    used 1419K, capacity 1528K, committed 1536K, reserved 1048576K
}
Event: 2,031 GC heap after
{Heap after GC invocations=4 (full 0):
 garbage-first heap   total 256000K, used 70755K [0x00000006c6e00000, 0x00000006c6f007d0, 0x00000007c0000000)
  region size 1024K, 1 young (1024K), 1 survivors (1024K)
 Metaspace       used 13851K, capacity 14436K, committed 14592K, reserved 1062912K
  class space    used 1419K, capacity 1528K, committed 1536K, reserved 1048576K
}

Deoptimization events (10 events):
Event: 0,403 Thread 0x00007f8574012800 Uncommon trap: reason=unstable_if action=reinterpret pc=0x00007f85611d3d9c method=java.lang.String.charAt(I)C @ 4 c2
Event: 0,722 Thread 0x00007f8574012800 Uncommon trap: reason=unstable_if action=reinterpret pc=0x00007f856121204c method=javax.imageio.stream.FileImageInputStream.read([BII)I @ 24 c2
Event: 1,289 Thread 0x00007f8574012800 Uncommon trap: reason=unstable_if action=reinterpret pc=0x00007f8561222204 method=java.lang.Integer.equals(Ljava/lang/Object;)Z @ 18 c2
Event: 1,406 Thread 0x00007f8574012800 Uncommon trap: reason=unstable_if action=reinterpret pc=0x00007f8561218108 method=jdk.internal.org.objectweb.asm.Frame.execute(IILjdk/internal/org/objectweb/asm/ClassWriter;Ljdk/internal/org/objectweb/asm/Item;)V @ 2207 c2
Event: 1,407 Thread 0x00007f8574012800 Uncommon trap: reason=unstable_if action=reinterpret pc=0x00007f8561210a7c method=jdk.internal.org.objectweb.asm.Type.getArgumentsAndReturnSizes(Ljava/lang/String;)I @ 88 c2
Event: 1,413 Thread 0x00007f8574012800 Uncommon trap: reason=unstable_if action=reinterpret pc=0x00007f8561220f94 method=java.util.HashMap.getNode(ILjava/lang/Object;)Ljava/util/HashMap$Node; @ 62 c2
Event: 1,414 Thread 0x00007f8574012800 Uncommon trap: reason=unstable_if action=reinterpret pc=0x00007f856121ee84 method=java.util.HashMap.getNode(ILjava/lang/Object;)Ljava/util/HashMap$Node; @ 62 c2
Event: 1,422 Thread 0x00007f8574012800 Uncommon trap: reason=unstable_if action=reinterpret pc=0x00007f8561232568 method=java.util.HashMap.putVal(ILjava/lang/Object;Ljava/lang/Object;ZZ)Ljava/lang/Object; @ 193 c2
Event: 1,425 Thread 0x00007f8574012800 Uncommon trap: reason=unstable_if action=reinterpret pc=0x00007f8561232f38 method=java.util.HashMap.getNode(ILjava/lang/Object;)Ljava/util/HashMap$Node; @ 129 c2
Event: 2,132 Thread 0x00007f8574012800 Uncommon trap: reason=unstable_if action=reinterpret pc=0x00007f856124b4e8 method=java.lang.Math.min(JJ)J @ 3 c2

Classes redefined (0 events):
No events

Internal exceptions (10 events):
Event: 0,499 Thread 0x00007f8574012800 Exception <a 'java/lang/NoSuchMethodError'{0x00000006d60febb0}: method resolution failed> (0x00000006d60febb0) thrown at [/scratch/opt/mach5/mesos/work_dir/slaves/e72b529e-af37-4c00-b29e-141f3b57348c-S1075/frameworks/1735e8a2-a1db-478c-8104-60c8b0af87dd-0
Event: 0,506 Thread 0x00007f8574012800 Exception <a 'java/lang/NoSuchMethodError'{0x00000006d5f17880}: method resolution failed> (0x00000006d5f17880) thrown at [/scratch/opt/mach5/mesos/work_dir/slaves/e72b529e-af37-4c00-b29e-141f3b57348c-S1075/frameworks/1735e8a2-a1db-478c-8104-60c8b0af87dd-0
Event: 0,507 Thread 0x00007f8574012800 Exception <a 'java/io/FileNotFoundException'{0x00000006d5f20eb0}> (0x00000006d5f20eb0) thrown at [/scratch/opt/mach5/mesos/work_dir/slaves/e72b529e-af37-4c00-b29e-141f3b57348c-S1075/frameworks/1735e8a2-a1db-478c-8104-60c8b0af87dd-0196/executors/7e8c6d98-4
Event: 0,629 Thread 0x00007f8574012800 Exception <a 'java/lang/NoSuchMethodError'{0x00000006d5db10a0}: method resolution failed> (0x00000006d5db10a0) thrown at [/scratch/opt/mach5/mesos/work_dir/slaves/e72b529e-af37-4c00-b29e-141f3b57348c-S1075/frameworks/1735e8a2-a1db-478c-8104-60c8b0af87dd-0
Event: 0,629 Thread 0x00007f8574012800 Exception <a 'java/lang/NoSuchMethodError'{0x00000006d5db4750}: java.lang.invoke.DelegatingMethodHandle$Holder.reinvoke_L(Ljava/lang/Object;Ljava/lang/Object;ILjava/lang/Object;)Ljava/lang/Object;> (0x00000006d5db4750) thrown at [/scratch/opt/mach5/mesos/
Event: 1,340 Thread 0x00007f8574012800 Exception <a 'java/lang/UnsatisfiedLinkError'{0x00000006d585f150}: libtesseract.so: Kann die Shared-Object-Datei nicht ffnen: Datei oder Verzeichnis nicht gefunden> (0x00000006d585f150) thrown at [/scratch/opt/mach5/mesos/work_dir/slaves/e72b529e-af37-4
Event: 1,340 Thread 0x00007f8574012800 Exception <a 'java/lang/UnsatisfiedLinkError'{0x00000006d585ff68}: libtesseract.so: Kann die Shared-Object-Datei nicht ffnen: Datei oder Verzeichnis nicht gefunden> (0x00000006d585ff68) thrown at [/scratch/opt/mach5/mesos/work_dir/slaves/e72b529e-af37-4
Event: 1,396 Thread 0x00007f8574012800 Exception <a 'java/lang/NoSuchMethodError'{0x00000006d5738d60}: java.lang.invoke.DirectMethodHandle$Holder.invokeInterface(Ljava/lang/Object;Ljava/lang/Object;Ljava/lang/Object;)I> (0x00000006d5738d60) thrown at [/scratch/opt/mach5/mesos/work_dir/slaves/e
Event: 1,404 Thread 0x00007f8574012800 Exception <a 'java/lang/NoSuchMethodError'{0x00000006d5766cb0}: java.lang.invoke.DirectMethodHandle$Holder.invokeStatic(Ljava/lang/Object;Ljava/lang/Object;)I> (0x00000006d5766cb0) thrown at [/scratch/opt/mach5/mesos/work_dir/slaves/e72b529e-af37-4c00-b29
Event: 1,406 Thread 0x00007f8574012800 Exception <a 'java/lang/NoSuchMethodError'{0x00000006d57738b8}: java.lang.Object.of([Ljava/lang/Object;)Ljava/util/stream/Stream;> (0x00000006d57738b8) thrown at [/scratch/opt/mach5/mesos/work_dir/slaves/e72b529e-af37-4c00-b29e-141f3b57348c-S1075/framewor

Events (10 events):
Event: 2,117 Executing VM operation: CGC_Operation done
Event: 2,132 Thread 0x00007f8574012800 Uncommon trap: trap_request=0xffffff5d fr.pc=0x00007f856124b4e8 relative=0x0000000000000048
Event: 2,132 Thread 0x00007f8574012800 DEOPT PACKING pc=0x00007f856124b4e8 sp=0x00007f857b3f5580
Event: 2,132 Thread 0x00007f8574012800 DEOPT UNPACKING pc=0x00007f8559756c9f sp=0x00007f857b3f5540 mode 2
Event: 2,170 loading class java/nio/DirectByteBuffer$Deallocator
Event: 2,171 loading class java/nio/DirectByteBuffer$Deallocator done
Event: 2,176 loading class java/lang/StrictMath
Event: 2,176 loading class java/lang/StrictMath done
Event: 2,176 loading class com/sun/jna/Native$Buffers
Event: 2,176 loading class com/sun/jna/Native$Buffers done


Dynamic libraries:
00400000-00401000 r-xp 00000000 08:06 271746                             /usr/local/bin/jdk-9.0.1/bin/java
00600000-00601000 rw-p 00000000 08:06 271746                             /usr/local/bin/jdk-9.0.1/bin/java
01ec6000-01ee7000 rw-p 00000000 00:00 0                                  [heap]
6c6e00000-6d6800000 rw-p 00000000 00:00 0 
6d6800000-7c0000000 ---p 00000000 00:00 0 
7c0000000-7c0180000 rw-p 00000000 00:00 0 
7c0180000-800000000 ---p 00000000 00:00 0 
7f84e605b000-7f84e8000000 rw-p 00000000 00:00 0 
7f84e8000000-7f84e8021000 rw-p 00000000 00:00 0 
7f84e8021000-7f84ec000000 ---p 00000000 00:00 0 
7f84ecb8b000-7f84ee407000 rw-p 00000000 00:00 0 
7f84ee407000-7f84ee547000 ---p 00000000 00:00 0 
7f84ee547000-7f84ee552000 r-xp 00000000 08:06 270826                     /usr/lib/x86_64-linux-gnu/libjbig.so.0
7f84ee552000-7f84ee751000 ---p 0000b000 08:06 270826                     /usr/lib/x86_64-linux-gnu/libjbig.so.0
7f84ee751000-7f84ee752000 r--p 0000a000 08:06 270826                     /usr/lib/x86_64-linux-gnu/libjbig.so.0
7f84ee752000-7f84ee755000 rw-p 0000b000 08:06 270826                     /usr/lib/x86_64-linux-gnu/libjbig.so.0
7f84ee755000-7f84ee776000 r-xp 00000000 08:06 19665337                   /lib/x86_64-linux-gnu/liblzma.so.5.0.0
7f84ee776000-7f84ee975000 ---p 00021000 08:06 19665337                   /lib/x86_64-linux-gnu/liblzma.so.5.0.0
7f84ee975000-7f84ee976000 r--p 00020000 08:06 19665337                   /lib/x86_64-linux-gnu/liblzma.so.5.0.0
7f84ee976000-7f84ee977000 rw-p 00021000 08:06 19665337                   /lib/x86_64-linux-gnu/liblzma.so.5.0.0
7f84ee977000-7f84ee9ad000 r-xp 00000000 08:06 263737                     /usr/lib/x86_64-linux-gnu/libopenjp2.so.2.1.0
7f84ee9ad000-7f84eebac000 ---p 00036000 08:06 263737                     /usr/lib/x86_64-linux-gnu/libopenjp2.so.2.1.0
7f84eebac000-7f84eebad000 r--p 00035000 08:06 263737                     /usr/lib/x86_64-linux-gnu/libopenjp2.so.2.1.0
7f84eebad000-7f84eebae000 rw-p 00036000 08:06 263737                     /usr/lib/x86_64-linux-gnu/libopenjp2.so.2.1.0
7f84eebae000-7f84eec07000 r-xp 00000000 08:06 271378                     /usr/lib/x86_64-linux-gnu/libwebp.so.5.0.4
7f84eec07000-7f84eee07000 ---p 00059000 08:06 271378                     /usr/lib/x86_64-linux-gnu/libwebp.so.5.0.4
7f84eee07000-7f84eee08000 r--p 00059000 08:06 271378                     /usr/lib/x86_64-linux-gnu/libwebp.so.5.0.4
7f84eee08000-7f84eee0a000 rw-p 0005a000 08:06 271378                     /usr/lib/x86_64-linux-gnu/libwebp.so.5.0.4
7f84eee0a000-7f84eee7a000 r-xp 00000000 08:06 263801                     /usr/lib/x86_64-linux-gnu/libtiff.so.5.2.4
7f84eee7a000-7f84ef07a000 ---p 00070000 08:06 263801                     /usr/lib/x86_64-linux-gnu/libtiff.so.5.2.4
7f84ef07a000-7f84ef07b000 r--p 00070000 08:06 263801                     /usr/lib/x86_64-linux-gnu/libtiff.so.5.2.4
7f84ef07b000-7f84ef07e000 rw-p 00071000 08:06 263801                     /usr/lib/x86_64-linux-gnu/libtiff.so.5.2.4
7f84ef07e000-7f84ef0d5000 r-xp 00000000 08:06 270830                     /usr/lib/x86_64-linux-gnu/libjpeg.so.8.0.2
7f84ef0d5000-7f84ef2d5000 ---p 00057000 08:06 270830                     /usr/lib/x86_64-linux-gnu/libjpeg.so.8.0.2
7f84ef2d5000-7f84ef2d6000 r--p 00057000 08:06 270830                     /usr/lib/x86_64-linux-gnu/libjpeg.so.8.0.2
7f84ef2d6000-7f84ef2d7000 rw-p 00058000 08:06 270830                     /usr/lib/x86_64-linux-gnu/libjpeg.so.8.0.2
7f84ef2d7000-7f84ef2fb000 r-xp 00000000 08:06 19665411                   /lib/x86_64-linux-gnu/libpng12.so.0.54.0
7f84ef2fb000-7f84ef4fa000 ---p 00024000 08:06 19665411                   /lib/x86_64-linux-gnu/libpng12.so.0.54.0
7f84ef4fa000-7f84ef4fb000 r--p 00023000 08:06 19665411                   /lib/x86_64-linux-gnu/libpng12.so.0.54.0
7f84ef4fb000-7f84ef4fc000 rw-p 00024000 08:06 19665411                   /lib/x86_64-linux-gnu/libpng12.so.0.54.0
7f84ef4fc000-7f84ef66e000 r-xp 00000000 08:06 264322                     /usr/lib/x86_64-linux-gnu/libstdc++.so.6.0.21
7f84ef66e000-7f84ef86e000 ---p 00172000 08:06 264322                     /usr/lib/x86_64-linux-gnu/libstdc++.so.6.0.21
7f84ef86e000-7f84ef878000 r--p 00172000 08:06 264322                     /usr/lib/x86_64-linux-gnu/libstdc++.so.6.0.21
7f84ef878000-7f84ef87a000 rw-p 0017c000 08:06 264322                     /usr/lib/x86_64-linux-gnu/libstdc++.so.6.0.21
7f84ef87a000-7f84ef87e000 rw-p 00000000 00:00 0 
7f84ef87e000-7f84efb67000 r-xp 00000000 08:06 266417                     /usr/lib/libtesseract.so.3.0.4
7f84efb67000-7f84efd67000 ---p 002e9000 08:06 266417                     /usr/lib/libtesseract.so.3.0.4
7f84efd67000-7f84efd6b000 r--p 002e9000 08:06 266417                     /usr/lib/libtesseract.so.3.0.4
7f84efd6b000-7f84efd6c000 rw-p 002ed000 08:06 266417                     /usr/lib/libtesseract.so.3.0.4
7f84efd6c000-7f84f0000000 rw-p 00000000 00:00 0 
7f84f0000000-7f84f0021000 rw-p 00000000 00:00 0 
7f84f0021000-7f84f4000000 ---p 00000000 00:00 0 
7f84f4000000-7f84f4021000 rw-p 00000000 00:00 0 
7f84f4021000-7f84f8000000 ---p 00000000 00:00 0 
7f84f8000000-7f84f8021000 rw-p 00000000 00:00 0 
7f84f8021000-7f84fc000000 ---p 00000000 00:00 0 
7f84fc000000-7f84fc021000 rw-p 00000000 00:00 0 
7f84fc021000-7f8500000000 ---p 00000000 00:00 0 
7f8500000000-7f85001da000 rw-p 00000000 00:00 0 
7f85001da000-7f8504000000 ---p 00000000 00:00 0 
7f8504000000-7f85043ed000 rw-p 00000000 00:00 0 
7f85043ed000-7f8508000000 ---p 00000000 00:00 0 
7f8508000000-7f8508021000 rw-p 00000000 00:00 0 
7f8508021000-7f850c000000 ---p 00000000 00:00 0 
7f850c000000-7f850cb5f000 rw-p 00000000 00:00 0 
7f850cb5f000-7f8510000000 ---p 00000000 00:00 0 
7f8510000000-7f8510021000 rw-p 00000000 00:00 0 
7f8510021000-7f8514000000 ---p 00000000 00:00 0 
7f8514000000-7f8514021000 rw-p 00000000 00:00 0 
7f8514021000-7f8518000000 ---p 00000000 00:00 0 
7f8518000000-7f8518021000 rw-p 00000000 00:00 0 
7f8518021000-7f851c000000 ---p 00000000 00:00 0 
7f851c000000-7f851c021000 rw-p 00000000 00:00 0 
7f851c021000-7f8520000000 ---p 00000000 00:00 0 
7f852009b000-7f85200b1000 r-xp 00000000 08:06 19665308                   /lib/x86_64-linux-gnu/libgcc_s.so.1
7f85200b1000-7f85202b0000 ---p 00016000 08:06 19665308                   /lib/x86_64-linux-gnu/libgcc_s.so.1
7f85202b0000-7f85202b1000 rw-p 00015000 08:06 19665308                   /lib/x86_64-linux-gnu/libgcc_s.so.1
7f85202b1000-7f85204ee000 r-xp 00000000 08:06 265316                     /usr/lib/liblept.so.5.0.0
7f85204ee000-7f85206ed000 ---p 0023d000 08:06 265316                     /usr/lib/liblept.so.5.0.0
7f85206ed000-7f85206ee000 r--p 0023c000 08:06 265316                     /usr/lib/liblept.so.5.0.0
7f85206ee000-7f85206f4000 rw-p 0023d000 08:06 265316                     /usr/lib/liblept.so.5.0.0
7f85206f4000-7f852070b000 r-xp 00000000 08:06 3019539                    /tmp/jna-119407/jna3899484909644974935.tmp (deleted)
7f852070b000-7f852080a000 ---p 00017000 08:06 3019539                    /tmp/jna-119407/jna3899484909644974935.tmp (deleted)
7f852080a000-7f852080c000 rw-p 00016000 08:06 3019539                    /tmp/jna-119407/jna3899484909644974935.tmp (deleted)
7f852080c000-7f8520a0c000 rw-p 00000000 00:00 0 
7f8520a0c000-7f8520a70000 r-xp 00000000 08:06 271898                     /usr/local/bin/jdk-9.0.1/lib/liblcms.so
7f8520a70000-7f8520c70000 ---p 00064000 08:06 271898                     /usr/local/bin/jdk-9.0.1/lib/liblcms.so
7f8520c70000-7f8520c75000 rw-p 00064000 08:06 271898                     /usr/local/bin/jdk-9.0.1/lib/liblcms.so
7f8520c75000-7f8520c79000 ---p 00000000 00:00 0 
7f8520c79000-7f8520d76000 rw-p 00000000 00:00 0 
7f8520d76000-7f8520dac000 r-xp 00000000 08:06 271913                     /usr/local/bin/jdk-9.0.1/lib/libjavajpeg.so
7f8520dac000-7f8520fac000 ---p 00036000 08:06 271913                     /usr/local/bin/jdk-9.0.1/lib/libjavajpeg.so
7f8520fac000-7f8520fad000 rw-p 00036000 08:06 271913                     /usr/local/bin/jdk-9.0.1/lib/libjavajpeg.so
7f8520fad000-7f8520fb2000 r-xp 00000000 08:06 270107                     /usr/lib/x86_64-linux-gnu/libXdmcp.so.6.0.0
7f8520fb2000-7f85211b1000 ---p 00005000 08:06 270107                     /usr/lib/x86_64-linux-gnu/libXdmcp.so.6.0.0
7f85211b1000-7f85211b2000 r--p 00004000 08:06 270107                     /usr/lib/x86_64-linux-gnu/libXdmcp.so.6.0.0
7f85211b2000-7f85211b3000 rw-p 00005000 08:06 270107                     /usr/lib/x86_64-linux-gnu/libXdmcp.so.6.0.0
7f85211b3000-7f85211b5000 r-xp 00000000 08:06 270096                     /usr/lib/x86_64-linux-gnu/libXau.so.6.0.0
7f85211b5000-7f85213b5000 ---p 00002000 08:06 270096                     /usr/lib/x86_64-linux-gnu/libXau.so.6.0.0
7f85213b5000-7f85213b6000 r--p 00002000 08:06 270096                     /usr/lib/x86_64-linux-gnu/libXau.so.6.0.0
7f85213b6000-7f85213b7000 rw-p 00003000 08:06 270096                     /usr/lib/x86_64-linux-gnu/libXau.so.6.0.0
7f85213b7000-7f85213d8000 r-xp 00000000 08:06 271474                     /usr/lib/x86_64-linux-gnu/libxcb.so.1.1.0
7f85213d8000-7f85215d7000 ---p 00021000 08:06 271474                     /usr/lib/x86_64-linux-gnu/libxcb.so.1.1.0
7f85215d7000-7f85215d8000 r--p 00020000 08:06 271474                     /usr/lib/x86_64-linux-gnu/libxcb.so.1.1.0
7f85215d8000-7f85215d9000 rw-p 00021000 08:06 271474                     /usr/lib/x86_64-linux-gnu/libxcb.so.1.1.0
7f85215d9000-7f85215e8000 r-xp 00000000 08:06 270117                     /usr/lib/x86_64-linux-gnu/libXi.so.6.1.0
7f85215e8000-7f85217e7000 ---p 0000f000 08:06 270117                     /usr/lib/x86_64-linux-gnu/libXi.so.6.1.0
7f85217e7000-7f85217e8000 r--p 0000e000 08:06 270117                     /usr/lib/x86_64-linux-gnu/libXi.so.6.1.0
7f85217e8000-7f85217e9000 rw-p 0000f000 08:06 270117                     /usr/lib/x86_64-linux-gnu/libXi.so.6.1.0
7f85217e9000-7f85217ee000 r-xp 00000000 08:06 270135                     /usr/lib/x86_64-linux-gnu/libXtst.so.6.1.0
7f85217ee000-7f85219ed000 ---p 00005000 08:06 270135                     /usr/lib/x86_64-linux-gnu/libXtst.so.6.1.0
7f85219ed000-7f85219ee000 r--p 00004000 08:06 270135                     /usr/lib/x86_64-linux-gnu/libXtst.so.6.1.0
7f85219ee000-7f85219ef000 rw-p 00005000 08:06 270135                     /usr/lib/x86_64-linux-gnu/libXtst.so.6.1.0
7f85219ef000-7f85219f8000 r-xp 00000000 08:06 270129                     /usr/lib/x86_64-linux-gnu/libXrender.so.1.3.0
7f85219f8000-7f8521bf7000 ---p 00009000 08:06 270129                     /usr/lib/x86_64-linux-gnu/libXrender.so.1.3.0
7f8521bf7000-7f8521bf8000 r--p 00008000 08:06 270129                     /usr/lib/x86_64-linux-gnu/libXrender.so.1.3.0
7f8521bf8000-7f8521bf9000 rw-p 00009000 08:06 270129                     /usr/lib/x86_64-linux-gnu/libXrender.so.1.3.0
7f8521bf9000-7f8521d2e000 r-xp 00000000 08:06 270092                     /usr/lib/x86_64-linux-gnu/libX11.so.6.3.0
7f8521d2e000-7f8521f2e000 ---p 00135000 08:06 270092                     /usr/lib/x86_64-linux-gnu/libX11.so.6.3.0
7f8521f2e000-7f8521f2f000 r--p 00135000 08:06 270092                     /usr/lib/x86_64-linux-gnu/libX11.so.6.3.0
7f8521f2f000-7f8521f33000 rw-p 00136000 08:06 270092                     /usr/lib/x86_64-linux-gnu/libX11.so.6.3.0
7f8521f33000-7f8521f44000 r-xp 00000000 08:06 270109                     /usr/lib/x86_64-linux-gnu/libXext.so.6.4.0
7f8521f44000-7f8522143000 ---p 00011000 08:06 270109                     /usr/lib/x86_64-linux-gnu/libXext.so.6.4.0
7f8522143000-7f8522144000 r--p 00010000 08:06 270109                     /usr/lib/x86_64-linux-gnu/libXext.so.6.4.0
7f8522144000-7f8522145000 rw-p 00011000 08:06 270109                     /usr/lib/x86_64-linux-gnu/libXext.so.6.4.0
7f8522145000-7f85221a3000 r-xp 00000000 08:06 271930                     /usr/local/bin/jdk-9.0.1/lib/libawt_xawt.so
7f85221a3000-7f85223a2000 ---p 0005e000 08:06 271930                     /usr/local/bin/jdk-9.0.1/lib/libawt_xawt.so
7f85223a2000-7f85223a5000 rw-p 0005d000 08:06 271930                     /usr/local/bin/jdk-9.0.1/lib/libawt_xawt.so
7f85223a5000-7f85223a7000 rw-p 00000000 00:00 0 
7f85223a7000-7f8522445000 r-xp 00000000 08:06 271983                     /usr/local/bin/jdk-9.0.1/lib/libawt.so
7f8522445000-7f8522645000 ---p 0009e000 08:06 271983                     /usr/local/bin/jdk-9.0.1/lib/libawt.so
7f8522645000-7f8522651000 rw-p 0009e000 08:06 271983                     /usr/local/bin/jdk-9.0.1/lib/libawt.so
7f8522651000-7f8522875000 rw-p 00000000 00:00 0 
7f8522875000-7f8522876000 ---p 00000000 00:00 0 
7f8522876000-7f8522976000 rw-p 00000000 00:00 0 
7f8522976000-7f852297a000 ---p 00000000 00:00 0 
7f852297a000-7f8522a77000 rw-p 00000000 00:00 0 
7f8522a77000-7f8522a7b000 ---p 00000000 00:00 0 
7f8522a7b000-7f8522b78000 rw-p 00000000 00:00 0 
7f8522b78000-7f8522b8e000 r-xp 00000000 08:06 271949                     /usr/local/bin/jdk-9.0.1/lib/libnet.so
7f8522b8e000-7f8522d8e000 ---p 00016000 08:06 271949                     /usr/local/bin/jdk-9.0.1/lib/libnet.so
7f8522d8e000-7f8522d8f000 rw-p 00016000 08:06 271949                     /usr/local/bin/jdk-9.0.1/lib/libnet.so
7f8522d8f000-7f8522d9f000 r-xp 00000000 08:06 271946                     /usr/local/bin/jdk-9.0.1/lib/libnio.so
7f8522d9f000-7f8522f9f000 ---p 00010000 08:06 271946                     /usr/local/bin/jdk-9.0.1/lib/libnio.so
7f8522f9f000-7f8522fa0000 rw-p 00010000 08:06 271946                     /usr/local/bin/jdk-9.0.1/lib/libnio.so
7f8522fa0000-7f8522fa4000 ---p 00000000 00:00 0 
7f8522fa4000-7f85230a1000 rw-p 00000000 00:00 0 
7f85230a1000-7f85230a5000 ---p 00000000 00:00 0 
7f85230a5000-7f85231a2000 rw-p 00000000 00:00 0 
7f85231a2000-7f85231a6000 ---p 00000000 00:00 0 
7f85231a6000-7f85232a3000 rw-p 00000000 00:00 0 
7f85232a3000-7f85232a7000 ---p 00000000 00:00 0 
7f85232a7000-7f85233a4000 rw-p 00000000 00:00 0 
7f85233a4000-7f8523800000 r--p 00000000 08:06 274350                     /usr/lib/locale/locale-archive
7f8523800000-7f8524000000 rw-p 00000000 00:00 0 
7f8524000000-7f8524021000 rw-p 00000000 00:00 0 
7f8524021000-7f8528000000 ---p 00000000 00:00 0 
7f852809b000-7f852809f000 ---p 00000000 00:00 0 
7f852809f000-7f852819c000 rw-p 00000000 00:00 0 
7f852819c000-7f85281a0000 ---p 00000000 00:00 0 
7f85281a0000-7f852829d000 rw-p 00000000 00:00 0 
7f852829d000-7f85282a1000 ---p 00000000 00:00 0 
7f85282a1000-7f852839e000 rw-p 00000000 00:00 0 
7f852839e000-7f852839f000 ---p 00000000 00:00 0 
7f852839f000-7f8528919000 rw-p 00000000 00:00 0 
7f8528919000-7f852a919000 rwxp 00000000 00:00 0 
7f852a919000-7f852a91a000 ---p 00000000 00:00 0 
7f852a91a000-7f852aa1a000 rw-p 00000000 00:00 0 
7f852aa1a000-7f852aa1b000 ---p 00000000 00:00 0 
7f852aa1b000-7f852affd000 rw-p 00000000 00:00 0 
7f852affd000-7f852ea5d000 ---p 00000000 00:00 0 
7f852ea5d000-7f852ee45000 rw-p 00000000 00:00 0 
7f852ee45000-7f85328a5000 ---p 00000000 00:00 0 
7f85328a5000-7f8532922000 rw-p 00000000 00:00 0 
7f8532922000-7f853306e000 ---p 00000000 00:00 0 
7f853306e000-7f85330eb000 rw-p 00000000 00:00 0 
7f85330eb000-7f8534000000 ---p 00000000 00:00 0 
7f8534000000-7f8534021000 rw-p 00000000 00:00 0 
7f8534021000-7f8538000000 ---p 00000000 00:00 0 
7f8538000000-7f8538021000 rw-p 00000000 00:00 0 
7f8538021000-7f853c000000 ---p 00000000 00:00 0 
7f853c000000-7f853c021000 rw-p 00000000 00:00 0 
7f853c021000-7f8540000000 ---p 00000000 00:00 0 
7f8540000000-7f8540021000 rw-p 00000000 00:00 0 
7f8540021000-7f8544000000 ---p 00000000 00:00 0 
7f8544000000-7f8544021000 rw-p 00000000 00:00 0 
7f8544021000-7f8548000000 ---p 00000000 00:00 0 
7f8548000000-7f8548021000 rw-p 00000000 00:00 0 
7f8548021000-7f854c000000 ---p 00000000 00:00 0 
7f854c000000-7f854c021000 rw-p 00000000 00:00 0 
7f854c021000-7f8550000000 ---p 00000000 00:00 0 
7f8550000000-7f8550021000 rw-p 00000000 00:00 0 
7f8550021000-7f8554000000 ---p 00000000 00:00 0 
7f8554000000-7f8554021000 rw-p 00000000 00:00 0 
7f8554021000-7f8558000000 ---p 00000000 00:00 0 
7f855805d000-7f85580da000 rw-p 00000000 00:00 0 
7f85580da000-7f8558826000 ---p 00000000 00:00 0 
7f8558826000-7f8558827000 ---p 00000000 00:00 0 
7f8558827000-7f8558927000 rw-p 00000000 00:00 0 
7f8558927000-7f8558928000 ---p 00000000 00:00 0 
7f8558928000-7f8558a28000 rw-p 00000000 00:00 0 
7f8558a28000-7f8558a29000 ---p 00000000 00:00 0 
7f8558a29000-7f8558b29000 rw-p 00000000 00:00 0 
7f8558b29000-7f8558b2a000 ---p 00000000 00:00 0 
7f8558b2a000-7f8558c2a000 rw-p 00000000 00:00 0 
7f8558c2a000-7f8558c2b000 ---p 00000000 00:00 0 
7f8558c2b000-7f855912f000 rw-p 00000000 00:00 0 
7f855912f000-7f8559130000 ---p 00000000 00:00 0 
7f8559130000-7f8559230000 rw-p 00000000 00:00 0 
7f8559230000-7f8559231000 ---p 00000000 00:00 0 
7f8559231000-7f8559331000 rw-p 00000000 00:00 0 
7f8559331000-7f8559332000 ---p 00000000 00:00 0 
7f8559332000-7f8559432000 rw-p 00000000 00:00 0 
7f8559432000-7f8559433000 ---p 00000000 00:00 0 
7f8559433000-7f8559538000 rw-p 00000000 00:00 0 
7f8559538000-7f855961e000 ---p 00000000 00:00 0 
7f855961e000-7f8559624000 rw-p 00000000 00:00 0 
7f8559624000-7f8559709000 ---p 00000000 00:00 0 
7f8559709000-7f8559979000 rwxp 00000000 00:00 0 
7f8559979000-7f8559c99000 ---p 00000000 00:00 0 
7f8559c99000-7f8559f39000 rwxp 00000000 00:00 0 
7f8559f39000-7f85611d1000 ---p 00000000 00:00 0 
7f85611d1000-7f8561441000 rwxp 00000000 00:00 0 
7f8561441000-7f8568709000 ---p 00000000 00:00 0 
7f8568709000-7f8573bcc000 r--s 00000000 08:06 271906                     /usr/local/bin/jdk-9.0.1/lib/modules
7f8573bcc000-7f8573be6000 r-xp 00000000 08:06 271951                     /usr/local/bin/jdk-9.0.1/lib/libjimage.so
7f8573be6000-7f8573de5000 ---p 0001a000 08:06 271951                     /usr/local/bin/jdk-9.0.1/lib/libjimage.so
7f8573de5000-7f8573de7000 rw-p 00019000 08:06 271951                     /usr/local/bin/jdk-9.0.1/lib/libjimage.so
7f8573de7000-7f8573df9000 rw-p 00000000 00:00 0 
7f8573df9000-7f8573e00000 r-xp 00000000 08:06 271995                     /usr/local/bin/jdk-9.0.1/lib/libzip.so
7f8573e00000-7f8573fff000 ---p 00007000 08:06 271995                     /usr/local/bin/jdk-9.0.1/lib/libzip.so
7f8573fff000-7f8574000000 rw-p 00006000 08:06 271995                     /usr/local/bin/jdk-9.0.1/lib/libzip.so
7f8574000000-7f8575c4b000 rw-p 00000000 00:00 0 
7f8575c4b000-7f8578000000 ---p 00000000 00:00 0 
7f8578043000-7f85780cf000 rw-p 00000000 00:00 0 
7f85780cf000-7f85780da000 r-xp 00000000 08:06 19660973                   /lib/x86_64-linux-gnu/libnss_files-2.23.so
7f85780da000-7f85782d9000 ---p 0000b000 08:06 19660973                   /lib/x86_64-linux-gnu/libnss_files-2.23.so
7f85782d9000-7f85782da000 r--p 0000a000 08:06 19660973                   /lib/x86_64-linux-gnu/libnss_files-2.23.so
7f85782da000-7f85782db000 rw-p 0000b000 08:06 19660973                   /lib/x86_64-linux-gnu/libnss_files-2.23.so
7f85782db000-7f85782e1000 rw-p 00000000 00:00 0 
7f85782e1000-7f85782ec000 r-xp 00000000 08:06 19660976                   /lib/x86_64-linux-gnu/libnss_nis-2.23.so
7f85782ec000-7f85784eb000 ---p 0000b000 08:06 19660976                   /lib/x86_64-linux-gnu/libnss_nis-2.23.so
7f85784eb000-7f85784ec000 r--p 0000a000 08:06 19660976                   /lib/x86_64-linux-gnu/libnss_nis-2.23.so
7f85784ec000-7f85784ed000 rw-p 0000b000 08:06 19660976                   /lib/x86_64-linux-gnu/libnss_nis-2.23.so
7f85784ed000-7f8578503000 r-xp 00000000 08:06 19660900                   /lib/x86_64-linux-gnu/libnsl-2.23.so
7f8578503000-7f8578702000 ---p 00016000 08:06 19660900                   /lib/x86_64-linux-gnu/libnsl-2.23.so
7f8578702000-7f8578703000 r--p 00015000 08:06 19660900                   /lib/x86_64-linux-gnu/libnsl-2.23.so
7f8578703000-7f8578704000 rw-p 00016000 08:06 19660900                   /lib/x86_64-linux-gnu/libnsl-2.23.so
7f8578704000-7f8578706000 rw-p 00000000 00:00 0 
7f8578706000-7f857870e000 r-xp 00000000 08:06 19660982                   /lib/x86_64-linux-gnu/libnss_compat-2.23.so
7f857870e000-7f857890d000 ---p 00008000 08:06 19660982                   /lib/x86_64-linux-gnu/libnss_compat-2.23.so
7f857890d000-7f857890e000 r--p 00007000 08:06 19660982                   /lib/x86_64-linux-gnu/libnss_compat-2.23.so
7f857890e000-7f857890f000 rw-p 00008000 08:06 19660982                   /lib/x86_64-linux-gnu/libnss_compat-2.23.so
7f857890f000-7f857893a000 r-xp 00000000 08:06 271917                     /usr/local/bin/jdk-9.0.1/lib/libjava.so
7f857893a000-7f8578b39000 ---p 0002b000 08:06 271917                     /usr/local/bin/jdk-9.0.1/lib/libjava.so
7f8578b39000-7f8578b3b000 rw-p 0002a000 08:06 271917                     /usr/local/bin/jdk-9.0.1/lib/libjava.so
7f8578b3b000-7f8578b48000 r-xp 00000000 08:06 271914                     /usr/local/bin/jdk-9.0.1/lib/libverify.so
7f8578b48000-7f8578d47000 ---p 0000d000 08:06 271914                     /usr/local/bin/jdk-9.0.1/lib/libverify.so
7f8578d47000-7f8578d49000 rw-p 0000c000 08:06 271914                     /usr/local/bin/jdk-9.0.1/lib/libverify.so
7f8578d49000-7f8578d50000 r-xp 00000000 08:06 19660978                   /lib/x86_64-linux-gnu/librt-2.23.so
7f8578d50000-7f8578f4f000 ---p 00007000 08:06 19660978                   /lib/x86_64-linux-gnu/librt-2.23.so
7f8578f4f000-7f8578f50000 r--p 00006000 08:06 19660978                   /lib/x86_64-linux-gnu/librt-2.23.so
7f8578f50000-7f8578f51000 rw-p 00007000 08:06 19660978                   /lib/x86_64-linux-gnu/librt-2.23.so
7f8578f51000-7f8579059000 r-xp 00000000 08:06 19660987                   /lib/x86_64-linux-gnu/libm-2.23.so
7f8579059000-7f8579258000 ---p 00108000 08:06 19660987                   /lib/x86_64-linux-gnu/libm-2.23.so
7f8579258000-7f8579259000 r--p 00107000 08:06 19660987                   /lib/x86_64-linux-gnu/libm-2.23.so
7f8579259000-7f857925a000 rw-p 00108000 08:06 19660987                   /lib/x86_64-linux-gnu/libm-2.23.so
7f857925a000-7f857a26e000 r-xp 00000000 08:06 3284492                    /usr/local/bin/jdk-9.0.1/lib/server/libjvm.so
7f857a26e000-7f857a46e000 ---p 01014000 08:06 3284492                    /usr/local/bin/jdk-9.0.1/lib/server/libjvm.so
7f857a46e000-7f857a53f000 r--p 01014000 08:06 3284492                    /usr/local/bin/jdk-9.0.1/lib/server/libjvm.so
7f857a53f000-7f857a576000 rw-p 010e5000 08:06 3284492                    /usr/local/bin/jdk-9.0.1/lib/server/libjvm.so
7f857a576000-7f857a5df000 rw-p 00000000 00:00 0 
7f857a5df000-7f857a79f000 r-xp 00000000 08:06 19660992                   /lib/x86_64-linux-gnu/libc-2.23.so
7f857a79f000-7f857a99f000 ---p 001c0000 08:06 19660992                   /lib/x86_64-linux-gnu/libc-2.23.so
7f857a99f000-7f857a9a3000 r--p 001c0000 08:06 19660992                   /lib/x86_64-linux-gnu/libc-2.23.so
7f857a9a3000-7f857a9a5000 rw-p 001c4000 08:06 19660992                   /lib/x86_64-linux-gnu/libc-2.23.so
7f857a9a5000-7f857a9a9000 rw-p 00000000 00:00 0 
7f857a9a9000-7f857a9ac000 r-xp 00000000 08:06 19660981                   /lib/x86_64-linux-gnu/libdl-2.23.so
7f857a9ac000-7f857abab000 ---p 00003000 08:06 19660981                   /lib/x86_64-linux-gnu/libdl-2.23.so
7f857abab000-7f857abac000 r--p 00002000 08:06 19660981                   /lib/x86_64-linux-gnu/libdl-2.23.so
7f857abac000-7f857abad000 rw-p 00003000 08:06 19660981                   /lib/x86_64-linux-gnu/libdl-2.23.so
7f857abad000-7f857abbb000 r-xp 00000000 08:06 659804                     /usr/local/bin/jdk-9.0.1/lib/jli/libjli.so
7f857abbb000-7f857adbb000 ---p 0000e000 08:06 659804                     /usr/local/bin/jdk-9.0.1/lib/jli/libjli.so
7f857adbb000-7f857adbc000 rw-p 0000e000 08:06 659804                     /usr/local/bin/jdk-9.0.1/lib/jli/libjli.so
7f857adbc000-7f857add4000 r-xp 00000000 08:06 19660975                   /lib/x86_64-linux-gnu/libpthread-2.23.so
7f857add4000-7f857afd3000 ---p 00018000 08:06 19660975                   /lib/x86_64-linux-gnu/libpthread-2.23.so
7f857afd3000-7f857afd4000 r--p 00017000 08:06 19660975                   /lib/x86_64-linux-gnu/libpthread-2.23.so
7f857afd4000-7f857afd5000 rw-p 00018000 08:06 19660975                   /lib/x86_64-linux-gnu/libpthread-2.23.so
7f857afd5000-7f857afd9000 rw-p 00000000 00:00 0 
7f857afd9000-7f857aff2000 r-xp 00000000 08:06 19660999                   /lib/x86_64-linux-gnu/libz.so.1.2.8
7f857aff2000-7f857b1f1000 ---p 00019000 08:06 19660999                   /lib/x86_64-linux-gnu/libz.so.1.2.8
7f857b1f1000-7f857b1f2000 r--p 00018000 08:06 19660999                   /lib/x86_64-linux-gnu/libz.so.1.2.8
7f857b1f2000-7f857b1f3000 rw-p 00019000 08:06 19660999                   /lib/x86_64-linux-gnu/libz.so.1.2.8
7f857b1f3000-7f857b219000 r-xp 00000000 08:06 19660970                   /lib/x86_64-linux-gnu/ld-2.23.so
7f857b21c000-7f857b223000 r--s 00000000 08:06 532898                     /usr/lib/x86_64-linux-gnu/gconv/gconv-modules.cache
7f857b223000-7f857b249000 r--p 00000000 08:06 796233                     /usr/share/locale-langpack/de/LC_MESSAGES/libc.mo
7f857b249000-7f857b2f6000 rw-p 00000000 00:00 0 
7f857b2f6000-7f857b2fb000 ---p 00000000 00:00 0 
7f857b2fb000-7f857b3fb000 rw-p 00000000 00:00 0 
7f857b3ff000-7f857b405000 rw-p 00000000 00:00 0 
7f857b405000-7f857b40c000 ---p 00000000 00:00 0 
7f857b40c000-7f857b414000 rw-s 00000000 08:06 3019537                    /tmp/hsperfdata_yaw/31434
7f857b414000-7f857b415000 rw-p 00000000 00:00 0 
7f857b415000-7f857b416000 r--p 00000000 00:00 0 
7f857b416000-7f857b418000 rw-p 00000000 00:00 0 
7f857b418000-7f857b419000 r--p 00025000 08:06 19660970                   /lib/x86_64-linux-gnu/ld-2.23.so
7f857b419000-7f857b41a000 rw-p 00026000 08:06 19660970                   /lib/x86_64-linux-gnu/ld-2.23.so
7f857b41a000-7f857b41b000 rw-p 00000000 00:00 0 
7ffd7ee81000-7ffd7eea2000 rw-p 00000000 00:00 0                          [stack]
7ffd7efa1000-7ffd7efa3000 r--p 00000000 00:00 0                          [vvar]
7ffd7efa3000-7ffd7efa5000 r-xp 00000000 00:00 0                          [vdso]
ffffffffff600000-ffffffffff601000 r-xp 00000000 00:00 0                  [vsyscall]

VM Arguments:
jvm_args: -Dfile.encoding=UTF-8 
java_command: ch.ingrid.playground.TesseractExample
java_class_path (initial): /home/yaw/Projects/ingrid/backend/bin:/home/yaw/Projects/ingrid/lib/Tess4J/dist/tess4j-3.4.1.jar:/home/yaw/Projects/ingrid/lib/Tess4J/lib/commons-io-2.5.jar:/home/yaw/Projects/ingrid/lib/Tess4J/lib/jai-imageio-core-1.3.1.jar:/home/yaw/Projects/ingrid/lib/Tess4J/lib/jna-4.1.0.jar:/home/yaw/Projects/ingrid/lib/Tess4J/lib/lept4j-1.6.1.jar:/home/yaw/Projects/ingrid/lib/Tess4J/lib/slf4j-api-1.7.25.jar:/home/yaw/Projects/ingrid/lib/Tess4J/lib/commons-beanutils-1.9.2.jar:/home/yaw/Projects/ingrid/lib/Tess4J/lib/commons-logging-1.2.jar:/home/yaw/Projects/ingrid/lib/Tess4J/lib/ghost4j-1.0.1.jar:/home/yaw/Projects/ingrid/lib/Tess4J/lib/hamcrest-core-1.3.jar:/home/yaw/Projects/ingrid/lib/Tess4J/lib/itext-2.1.7.jar:/home/yaw/Projects/ingrid/lib/Tess4J/lib/jboss-vfs-3.2.12.Final.jar:/home/yaw/Projects/ingrid/lib/Tess4J/lib/jcl-over-slf4j-1.7.25.jar:/home/yaw/Projects/ingrid/lib/Tess4J/lib/jul-to-slf4j-1.7.25.jar:/home/yaw/Projects/ingrid/lib/Tess4J/lib/junit-4.12.jar:/home/yaw/Projects/ingrid/lib/Tess4J/lib/log4j-1.2.17.jar:/home/yaw/Projects/ingrid/lib/Tess4J/lib/log4j-over-slf4j-1.7.25.jar:/home/yaw/Projects/ingrid/lib/Tess4J/lib/logback-classic-1.2.3.jar:/home/yaw/Projects/ingrid/lib/Tess4J/lib/logback-core-1.2.3.jar:/home/yaw/Projects/ingrid/lib/Tess4J/lib/xmlgraphics-commons-1.5.jar
Launcher Type: SUN_STANDARD

Logging:
Log output configuration:
#0: stdout all=warning uptime,level,tags
#1: stderr all=off uptime,level,tags

Environment Variables:
PATH=/home/yaw/bin:/home/yaw/.local/bin:/usr/local/sbin:/usr/local/bin:/usr/sbin:/usr/bin:/sbin:/bin:/usr/games:/usr/local/games:/snap/bin
SHELL=/bin/bash
DISPLAY=:0

Signal Handlers:
SIGSEGV: [libjvm.so+0xd4ce90], sa_mask[0]=11111111011111111101111111111110, sa_flags=SA_RESTART|SA_SIGINFO
SIGBUS: [libjvm.so+0xd4ce90], sa_mask[0]=11111111011111111101111111111110, sa_flags=SA_RESTART|SA_SIGINFO
SIGFPE: [libjvm.so+0xd4ce90], sa_mask[0]=11111111011111111101111111111110, sa_flags=SA_RESTART|SA_SIGINFO
SIGPIPE: [libjvm.so+0xb64460], sa_mask[0]=11111111011111111101111111111110, sa_flags=SA_RESTART|SA_SIGINFO
SIGXFSZ: [libjvm.so+0xb64460], sa_mask[0]=11111111011111111101111111111110, sa_flags=SA_RESTART|SA_SIGINFO
SIGILL: [libjvm.so+0xd4ce90], sa_mask[0]=11111111011111111101111111111110, sa_flags=SA_RESTART|SA_SIGINFO
SIGUSR2: [libjvm.so+0xb64320], sa_mask[0]=00100000000000000000000000000000, sa_flags=SA_RESTART|SA_SIGINFO
SIGHUP: [libjvm.so+0xb64530], sa_mask[0]=11111111011111111101111111111110, sa_flags=SA_RESTART|SA_SIGINFO
SIGINT: [libjvm.so+0xb64530], sa_mask[0]=11111111011111111101111111111110, sa_flags=SA_RESTART|SA_SIGINFO
SIGTERM: [libjvm.so+0xb64530], sa_mask[0]=11111111011111111101111111111110, sa_flags=SA_RESTART|SA_SIGINFO
SIGQUIT: [libjvm.so+0xb64530], sa_mask[0]=11111111011111111101111111111110, sa_flags=SA_RESTART|SA_SIGINFO


---------------  S Y S T E M  ---------------

OS:DISTRIB_ID=Ubuntu
DISTRIB_RELEASE=16.04
DISTRIB_CODENAME=xenial
DISTRIB_DESCRIPTION="Ubuntu 16.04.3 LTS"
uname:Linux 4.4.0-93-generic #116-Ubuntu SMP Fri Aug 11 21:17:51 UTC 2017 x86_64
libc:glibc 2.23 NPTL 2.23 
rlimit: STACK 8192k, CORE 0k, NPROC 63233, NOFILE 1048576, AS infinity
load average:1,91 1,79 1,83

/proc/meminfo:
MemTotal:       16320048 kB
MemFree:          249052 kB
MemAvailable:    1694600 kB
Buffers:           52308 kB
Cached:          4697108 kB
SwapCached:       105132 kB
Active:          9208068 kB
Inactive:        3534672 kB
Active(anon):    8396560 kB
Inactive(anon):  2733052 kB
Active(file):     811508 kB
Inactive(file):   801620 kB
Unevictable:          48 kB
Mlocked:              48 kB
SwapTotal:      16663036 kB
SwapFree:       15774728 kB
Dirty:              1420 kB
Writeback:            24 kB
AnonPages:       7888204 kB
Mapped:          2386740 kB
Shmem:           3136288 kB
Slab:            3088728 kB
SReclaimable:     174756 kB
SUnreclaim:      2913972 kB
KernelStack:       14784 kB
PageTables:       100528 kB
NFS_Unstable:          0 kB
Bounce:                0 kB
WritebackTmp:          0 kB
CommitLimit:    24823060 kB
Committed_AS:   16776476 kB
VmallocTotal:   34359738367 kB
VmallocUsed:           0 kB
VmallocChunk:          0 kB
HardwareCorrupted:     0 kB
AnonHugePages:   4057088 kB
CmaTotal:              0 kB
CmaFree:               0 kB
HugePages_Total:       0
HugePages_Free:        0
HugePages_Rsvd:        0
HugePages_Surp:        0
Hugepagesize:       2048 kB
DirectMap4k:     1046640 kB
DirectMap2M:    15618048 kB
DirectMap1G:           0 kB


CPU:total 4 (initial active 4) (2 cores per cpu, 2 threads per core) family 6 model 78 stepping 3, cmov, cx8, fxsr, mmx, sse, sse2, sse3, ssse3, sse4.1, sse4.2, popcnt, avx, avx2, aes, clmul, erms, 3dnowpref, lzcnt, ht, tsc, tscinvbit, bmi1, bmi2, adx, fma
CPU Model and flags from /proc/cpuinfo:
model name	: Intel(R) Core(TM) i5-6260U CPU @ 1.80GHz
flags		: fpu vme de pse tsc msr pae mce cx8 apic sep mtrr pge mca cmov pat pse36 clflush dts acpi mmx fxsr sse sse2 ss ht tm pbe syscall nx pdpe1gb rdtscp lm constant_tsc art arch_perfmon pebs bts rep_good nopl xtopology nonstop_tsc aperfmperf eagerfpu pni pclmulqdq dtes64 monitor ds_cpl vmx est tm2 ssse3 sdbg fma cx16 xtpr pdcm pcid sse4_1 sse4_2 x2apic movbe popcnt tsc_deadline_timer aes xsave avx f16c rdrand lahf_lm abm 3dnowprefetch epb intel_pt tpr_shadow vnmi flexpriority ept vpid fsgsbase tsc_adjust bmi1 avx2 smep bmi2 erms invpcid mpx rdseed adx smap clflushopt xsaveopt xsavec xgetbv1 dtherm ida arat pln pts hwp hwp_notify hwp_act_window hwp_epp

Memory: 4k page, physical 16320048k(249052k free), swap 16663036k(15774728k free)

vm_info: Java HotSpot(TM) 64-Bit Server VM (9.0.1+11) for linux-amd64 JRE (9.0.1+11), built on Sep 27 2017 20:48:27 by "mach5one" with gcc 4.9.2

END.
